[ 2017-12-02T01:18:13+08:00 ] 220.181.108.117 /
INFO: [ app_init ] --START--
INFO: Run Behavior\BuildLiteBehavior [ RunTime:0.000018s ]
INFO: [ app_init ] --END-- [ RunTime:0.000127s ]
INFO: [ app_begin ] --START--
INFO: Run Behavior\ReadHtmlCacheBehavior [ RunTime:0.000049s ]
INFO: [ app_begin ] --END-- [ RunTime:0.000103s ]
SQL: SHOW COLUMNS FROM `fuwu` [ RunTime:0.0035s ]
NOTIC: [8] Undefined variable: where /bweb/www.buy297.com/wangxin/Home/Controller/IndexController.class.php 第 9 行.
SQL: SELECT COUNT(*) AS tp_count FROM `fuwu` LIMIT 1   [ RunTime:0.0032s ]
SQL: SHOW COLUMNS FROM `fuwushang` [ RunTime:0.0034s ]
SQL: SELECT COUNT(*) AS tp_count FROM `fuwushang` WHERE `biaoshi` = 1 LIMIT 1   [ RunTime:0.0032s ]
NOTIC: [2] Missing argument 1 for Think\Model::where(), called in /bweb/www.buy297.com/wangxin/Home/Controller/IndexController.class.php on line 16 and defined /bweb/www.buy297.com/ThinkPHP/Library/Think/Model.class.php 第 1797 行.
NOTIC: [8] Undefined variable: where /bweb/www.buy297.com/ThinkPHP/Library/Think/Model.class.php 第 1805 行.
NOTIC: [8] Undefined variable: where /bweb/www.buy297.com/ThinkPHP/Library/Think/Model.class.php 第 1808 行.
NOTIC: [8] Undefined variable: where /bweb/www.buy297.com/ThinkPHP/Library/Think/Model.class.php 第 1816 行.
SQL: SELECT * FROM `fuwu` ORDER BY id asc LIMIT 0,6   [ RunTime:0.0033s ]
SQL: SELECT * FROM `fuwushang` WHERE `biaoshi` = 1 ORDER BY id asc LIMIT 0,3   [ RunTime:0.0032s ]
SQL: SHOW COLUMNS FROM `wzxx` [ RunTime:0.0033s ]
NOTIC: [2] Missing argument 1 for Think\Model::where(), called in /bweb/www.buy297.com/wangxin/Home/Controller/IndexController.class.php on line 25 and defined /bweb/www.buy297.com/ThinkPHP/Library/Think/Model.class.php 第 1797 行.
NOTIC: [8] Undefined variable: where /bweb/www.buy297.com/ThinkPHP/Library/Think/Model.class.php 第 1805 行.
NOTIC: [8] Undefined variable: where /bweb/www.buy297.com/ThinkPHP/Library/Think/Model.class.php 第 1808 行.
NOTIC: [8] Undefined variable: where /bweb/www.buy297.com/ThinkPHP/Library/Think/Model.class.php 第 1816 行.
SQL: SELECT * FROM `wzxx` LIMIT 1   [ RunTime:0.0031s ]
SQL: SHOW COLUMNS FROM `users` [ RunTime:0.0033s ]
SQL: SELECT `id`,`yuan` FROM `users`  [ RunTime:0.0032s ]
SQL: SHOW COLUMNS FROM `huodong` [ RunTime:0.0033s ]
NOTIC: [8] Undefined variable: where /bweb/www.buy297.com/wangxin/Home/Controller/IndexController.class.php 第 29 行.
SQL: SELECT `title`,`id`,`orders` FROM `huodong` ORDER BY orders desc  [ RunTime:0.0031s ]
NOTIC: [8] Undefined variable: page /bweb/www.buy297.com/wangxin/Home/Controller/IndexController.class.php 第 30 行.
NOTIC: [8] Undefined variable: pages /bweb/www.buy297.com/wangxin/Home/Controller/IndexController.class.php 第 31 行.
INFO: [ view_parse ] --START--
INFO: [ template_filter ] --START--
INFO: Run Behavior\ContentReplaceBehavior [ RunTime:0.000083s ]
INFO: [ template_filter ] --END-- [ RunTime:0.000140s ]
INFO: Run Behavior\ParseTemplateBehavior [ RunTime:0.007327s ]
INFO: [ view_parse ] --END-- [ RunTime:0.007383s ]
INFO: [ view_filter ] --START--
INFO: Run Behavior\WriteHtmlCacheBehavior [ RunTime:0.000047s ]
INFO: [ view_filter ] --END-- [ RunTime:0.000089s ]
INFO: [ app_end ] --START--
INFO: Run Behavior\ShowPageTraceBehavior [ RunTime:0.000047s ]
INFO: [ app_end ] --END-- [ RunTime:0.000117s ]

[ 2017-12-02T03:07:39+08:00 ] 203.208.60.131 /index.php/Home/index/gyslb/id/73.html
INFO: [ app_init ] --START--
INFO: Run Behavior\BuildLiteBehavior [ RunTime:0.000015s ]
INFO: [ app_init ] --END-- [ RunTime:0.000107s ]
INFO: [ app_begin ] --START--
INFO: Run Behavior\ReadHtmlCacheBehavior [ RunTime:0.000043s ]
INFO: [ app_begin ] --END-- [ RunTime:0.000096s ]
SQL: SHOW COLUMNS FROM `fuwushang` [ RunTime:0.0038s ]
SQL: SELECT * FROM `fuwushang` WHERE `biaoshi` = 2  [ RunTime:0.0035s ]
INFO: [ view_parse ] --START--
INFO: [ template_filter ] --START--
INFO: Run Behavior\ContentReplaceBehavior [ RunTime:0.000066s ]
INFO: [ template_filter ] --END-- [ RunTime:0.000119s ]
INFO: Run Behavior\ParseTemplateBehavior [ RunTime:0.004420s ]
INFO: [ view_parse ] --END-- [ RunTime:0.004477s ]
INFO: [ view_filter ] --START--
INFO: Run Behavior\WriteHtmlCacheBehavior [ RunTime:0.000044s ]
INFO: [ view_filter ] --END-- [ RunTime:0.000087s ]
INFO: [ app_end ] --START--
INFO: Run Behavior\ShowPageTraceBehavior [ RunTime:0.000045s ]
INFO: [ app_end ] --END-- [ RunTime:0.000093s ]

[ 2017-12-02T05:29:26+08:00 ] 202.108.211.56 /
INFO: [ app_init ] --START--
INFO: Run Behavior\BuildLiteBehavior [ RunTime:0.000019s ]
INFO: [ app_init ] --END-- [ RunTime:0.000139s ]
INFO: [ app_begin ] --START--
INFO: Run Behavior\ReadHtmlCacheBehavior [ RunTime:0.000061s ]
INFO: [ app_begin ] --END-- [ RunTime:0.000120s ]
SQL: SHOW COLUMNS FROM `fuwu` [ RunTime:0.0038s ]
NOTIC: [8] Undefined variable: where /bweb/www.buy297.com/wangxin/Home/Controller/IndexController.class.php 第 9 行.
SQL: SELECT COUNT(*) AS tp_count FROM `fuwu` LIMIT 1   [ RunTime:0.0034s ]
SQL: SHOW COLUMNS FROM `fuwushang` [ RunTime:0.0038s ]
SQL: SELECT COUNT(*) AS tp_count FROM `fuwushang` WHERE `biaoshi` = 1 LIMIT 1   [ RunTime:0.0034s ]
NOTIC: [2] Missing argument 1 for Think\Model::where(), called in /bweb/www.buy297.com/wangxin/Home/Controller/IndexController.class.php on line 16 and defined /bweb/www.buy297.com/ThinkPHP/Library/Think/Model.class.php 第 1797 行.
NOTIC: [8] Undefined variable: where /bweb/www.buy297.com/ThinkPHP/Library/Think/Model.class.php 第 1805 行.
NOTIC: [8] Undefined variable: where /bweb/www.buy297.com/ThinkPHP/Library/Think/Model.class.php 第 1808 行.
NOTIC: [8] Undefined variable: where /bweb/www.buy297.com/ThinkPHP/Library/Think/Model.class.php 第 1816 行.
SQL: SELECT * FROM `fuwu` ORDER BY id asc LIMIT 0,6   [ RunTime:0.0034s ]
SQL: SELECT * FROM `fuwushang` WHERE `biaoshi` = 1 ORDER BY id asc LIMIT 0,3   [ RunTime:0.0051s ]
SQL: SHOW COLUMNS FROM `wzxx` [ RunTime:0.0036s ]
NOTIC: [2] Missing argument 1 for Think\Model::where(), called in /bweb/www.buy297.com/wangxin/Home/Controller/IndexController.class.php on line 25 and defined /bweb/www.buy297.com/ThinkPHP/Library/Think/Model.class.php 第 1797 行.
NOTIC: [8] Undefined variable: where /bweb/www.buy297.com/ThinkPHP/Library/Think/Model.class.php 第 1805 行.
NOTIC: [8] Undefined variable: where /bweb/www.buy297.com/ThinkPHP/Library/Think/Model.class.php 第 1808 行.
NOTIC: [8] Undefined variable: where /bweb/www.buy297.com/ThinkPHP/Library/Think/Model.class.php 第 1816 行.
SQL: SELECT * FROM `wzxx` LIMIT 1   [ RunTime:0.0034s ]
SQL: SHOW COLUMNS FROM `users` [ RunTime:0.0037s ]
SQL: SELECT `id`,`yuan` FROM `users`  [ RunTime:0.0034s ]
SQL: SHOW COLUMNS FROM `huodong` [ RunTime:0.0035s ]
NOTIC: [8] Undefined variable: where /bweb/www.buy297.com/wangxin/Home/Controller/IndexController.class.php 第 29 行.
SQL: SELECT `title`,`id`,`orders` FROM `huodong` ORDER BY orders desc  [ RunTime:0.0034s ]
NOTIC: [8] Undefined variable: page /bweb/www.buy297.com/wangxin/Home/Controller/IndexController.class.php 第 30 行.
NOTIC: [8] Undefined variable: pages /bweb/www.buy297.com/wangxin/Home/Controller/IndexController.class.php 第 31 行.
INFO: [ view_parse ] --START--
INFO: [ template_filter ] --START--
INFO: Run Behavior\ContentReplaceBehavior [ RunTime:0.000086s ]
INFO: [ template_filter ] --END-- [ RunTime:0.000142s ]
INFO: Run Behavior\ParseTemplateBehavior [ RunTime:0.007660s ]
INFO: [ view_parse ] --END-- [ RunTime:0.007721s ]
INFO: [ view_filter ] --START--
INFO: Run Behavior\WriteHtmlCacheBehavior [ RunTime:0.000047s ]
INFO: [ view_filter ] --END-- [ RunTime:0.000091s ]
INFO: [ app_end ] --START--
INFO: Run Behavior\ShowPageTraceBehavior [ RunTime:0.000072s ]
INFO: [ app_end ] --END-- [ RunTime:0.000119s ]

[ 2017-12-02T06:09:35+08:00 ] 203.208.60.129 /index.php/Home/Index/xiadan/fws_id/39/fw_id/71.html
INFO: [ app_init ] --START--
INFO: Run Behavior\BuildLiteBehavior [ RunTime:0.000011s ]
INFO: [ app_init ] --END-- [ RunTime:0.000087s ]
INFO: [ app_begin ] --START--
INFO: Run Behavior\ReadHtmlCacheBehavior [ RunTime:0.000041s ]
INFO: [ app_begin ] --END-- [ RunTime:0.000092s ]

[ 2017-12-02T06:09:36+08:00 ] 203.208.60.129 /index.php/Home/gslb/gslb/alert/3.html
INFO: [ app_init ] --START--
INFO: Run Behavior\BuildLiteBehavior [ RunTime:0.000018s ]
INFO: [ app_init ] --END-- [ RunTime:0.000112s ]
INFO: [ app_begin ] --START--
INFO: Run Behavior\ReadHtmlCacheBehavior [ RunTime:0.000057s ]
INFO: [ app_begin ] --END-- [ RunTime:0.000117s ]

[ 2017-12-02T06:10:46+08:00 ] 203.208.60.129 /index.php/Home/Index/xiadan/fws_id/3/fw_id/38.html
INFO: [ app_init ] --START--
INFO: Run Behavior\BuildLiteBehavior [ RunTime:0.000019s ]
INFO: [ app_init ] --END-- [ RunTime:0.000129s ]
INFO: [ app_begin ] --START--
INFO: Run Behavior\ReadHtmlCacheBehavior [ RunTime:0.000052s ]
INFO: [ app_begin ] --END-- [ RunTime:0.000107s ]

[ 2017-12-02T06:10:46+08:00 ] 203.208.60.129 /index.php/Home/gslb/gslb/alert/3.html
INFO: [ app_init ] --START--
INFO: Run Behavior\BuildLiteBehavior [ RunTime:0.000014s ]
INFO: [ app_init ] --END-- [ RunTime:0.000096s ]
INFO: [ app_begin ] --START--
INFO: Run Behavior\ReadHtmlCacheBehavior [ RunTime:0.000042s ]
INFO: [ app_begin ] --END-- [ RunTime:0.000103s ]

[ 2017-12-02T06:12:22+08:00 ] 203.208.60.133 /index.php/Home/Index/xiadan/fws_id/3/fw_id/37.html
INFO: [ app_init ] --START--
INFO: Run Behavior\BuildLiteBehavior [ RunTime:0.000035s ]
INFO: [ app_init ] --END-- [ RunTime:0.000149s ]
INFO: [ app_begin ] --START--
INFO: Run Behavior\ReadHtmlCacheBehavior [ RunTime:0.000055s ]
INFO: [ app_begin ] --END-- [ RunTime:0.000116s ]

[ 2017-12-02T06:12:23+08:00 ] 203.208.60.133 /index.php/Home/gslb/gslb/alert/3.html
INFO: [ app_init ] --START--
INFO: Run Behavior\BuildLiteBehavior [ RunTime:0.000015s ]
INFO: [ app_init ] --END-- [ RunTime:0.000094s ]
INFO: [ app_begin ] --START--
INFO: Run Behavior\ReadHtmlCacheBehavior [ RunTime:0.000039s ]
INFO: [ app_begin ] --END-- [ RunTime:0.000092s ]

[ 2017-12-02T06:13:36+08:00 ] 203.208.60.130 /index.php/Home/Index/xiadan/fws_id/32/fw_id/78.html
INFO: [ app_init ] --START--
INFO: Run Behavior\BuildLiteBehavior [ RunTime:0.000018s ]
INFO: [ app_init ] --END-- [ RunTime:0.000119s ]
INFO: [ app_begin ] --START--
INFO: Run Behavior\ReadHtmlCacheBehavior [ RunTime:0.000058s ]
INFO: [ app_begin ] --END-- [ RunTime:0.000120s ]

[ 2017-12-02T06:13:36+08:00 ] 203.208.60.130 /index.php/Home/gslb/gslb/alert/3.html
INFO: [ app_init ] --START--
INFO: Run Behavior\BuildLiteBehavior [ RunTime:0.000016s ]
INFO: [ app_init ] --END-- [ RunTime:0.000106s ]
INFO: [ app_begin ] --START--
INFO: Run Behavior\ReadHtmlCacheBehavior [ RunTime:0.000039s ]
INFO: [ app_begin ] --END-- [ RunTime:0.000092s ]

[ 2017-12-02T08:22:26+08:00 ] 203.208.60.133 /index.php/Home/index/gyslb/id/73.html
INFO: [ app_init ] --START--
INFO: Run Behavior\BuildLiteBehavior [ RunTime:0.000016s ]
INFO: [ app_init ] --END-- [ RunTime:0.000118s ]
INFO: [ app_begin ] --START--
INFO: Run Behavior\ReadHtmlCacheBehavior [ RunTime:0.000046s ]
INFO: [ app_begin ] --END-- [ RunTime:0.000103s ]
SQL: SHOW COLUMNS FROM `fuwushang` [ RunTime:0.0039s ]
SQL: SELECT * FROM `fuwushang` WHERE `biaoshi` = 2  [ RunTime:0.0037s ]
INFO: [ view_parse ] --START--
INFO: [ template_filter ] --START--
INFO: Run Behavior\ContentReplaceBehavior [ RunTime:0.000066s ]
INFO: [ template_filter ] --END-- [ RunTime:0.000123s ]
INFO: Run Behavior\ParseTemplateBehavior [ RunTime:0.004950s ]
INFO: [ view_parse ] --END-- [ RunTime:0.005013s ]
INFO: [ view_filter ] --START--
INFO: Run Behavior\WriteHtmlCacheBehavior [ RunTime:0.000048s ]
INFO: [ view_filter ] --END-- [ RunTime:0.000094s ]
INFO: [ app_end ] --START--
INFO: Run Behavior\ShowPageTraceBehavior [ RunTime:0.000048s ]
INFO: [ app_end ] --END-- [ RunTime:0.000099s ]

[ 2017-12-02T09:19:55+08:00 ] 123.125.71.86 /
INFO: [ app_init ] --START--
INFO: Run Behavior\BuildLiteBehavior [ RunTime:0.000016s ]
INFO: [ app_init ] --END-- [ RunTime:0.000110s ]
INFO: [ app_begin ] --START--
INFO: Run Behavior\ReadHtmlCacheBehavior [ RunTime:0.000051s ]
INFO: [ app_begin ] --END-- [ RunTime:0.000104s ]
SQL: SHOW COLUMNS FROM `fuwu` [ RunTime:0.0034s ]
NOTIC: [8] Undefined variable: where /bweb/www.buy297.com/wangxin/Home/Controller/IndexController.class.php 第 9 行.
SQL: SELECT COUNT(*) AS tp_count FROM `fuwu` LIMIT 1   [ RunTime:0.0030s ]
SQL: SHOW COLUMNS FROM `fuwushang` [ RunTime:0.0033s ]
SQL: SELECT COUNT(*) AS tp_count FROM `fuwushang` WHERE `biaoshi` = 1 LIMIT 1   [ RunTime:0.0030s ]
NOTIC: [2] Missing argument 1 for Think\Model::where(), called in /bweb/www.buy297.com/wangxin/Home/Controller/IndexController.class.php on line 16 and defined /bweb/www.buy297.com/ThinkPHP/Library/Think/Model.class.php 第 1797 行.
NOTIC: [8] Undefined variable: where /bweb/www.buy297.com/ThinkPHP/Library/Think/Model.class.php 第 1805 行.
NOTIC: [8] Undefined variable: where /bweb/www.buy297.com/ThinkPHP/Library/Think/Model.class.php 第 1808 行.
NOTIC: [8] Undefined variable: where /bweb/www.buy297.com/ThinkPHP/Library/Think/Model.class.php 第 1816 行.
SQL: SELECT * FROM `fuwu` ORDER BY id asc LIMIT 0,6   [ RunTime:0.0031s ]
SQL: SELECT * FROM `fuwushang` WHERE `biaoshi` = 1 ORDER BY id asc LIMIT 0,3   [ RunTime:0.0030s ]
SQL: SHOW COLUMNS FROM `wzxx` [ RunTime:0.0032s ]
NOTIC: [2] Missing argument 1 for Think\Model::where(), called in /bweb/www.buy297.com/wangxin/Home/Controller/IndexController.class.php on line 25 and defined /bweb/www.buy297.com/ThinkPHP/Library/Think/Model.class.php 第 1797 行.
NOTIC: [8] Undefined variable: where /bweb/www.buy297.com/ThinkPHP/Library/Think/Model.class.php 第 1805 行.
NOTIC: [8] Undefined variable: where /bweb/www.buy297.com/ThinkPHP/Library/Think/Model.class.php 第 1808 行.
NOTIC: [8] Undefined variable: where /bweb/www.buy297.com/ThinkPHP/Library/Think/Model.class.php 第 1816 行.
SQL: SELECT * FROM `wzxx` LIMIT 1   [ RunTime:0.0030s ]
SQL: SHOW COLUMNS FROM `users` [ RunTime:0.0032s ]
SQL: SELECT `id`,`yuan` FROM `users`  [ RunTime:0.0031s ]
SQL: SHOW COLUMNS FROM `huodong` [ RunTime:0.0032s ]
NOTIC: [8] Undefined variable: where /bweb/www.buy297.com/wangxin/Home/Controller/IndexController.class.php 第 29 行.
SQL: SELECT `title`,`id`,`orders` FROM `huodong` ORDER BY orders desc  [ RunTime:0.0030s ]
NOTIC: [8] Undefined variable: page /bweb/www.buy297.com/wangxin/Home/Controller/IndexController.class.php 第 30 行.
NOTIC: [8] Undefined variable: pages /bweb/www.buy297.com/wangxin/Home/Controller/IndexController.class.php 第 31 行.
INFO: [ view_parse ] --START--
INFO: [ template_filter ] --START--
INFO: Run Behavior\ContentReplaceBehavior [ RunTime:0.000089s ]
INFO: [ template_filter ] --END-- [ RunTime:0.000150s ]
INFO: Run Behavior\ParseTemplateBehavior [ RunTime:0.007248s ]
INFO: [ view_parse ] --END-- [ RunTime:0.007306s ]
INFO: [ view_filter ] --START--
INFO: Run Behavior\WriteHtmlCacheBehavior [ RunTime:0.000047s ]
INFO: [ view_filter ] --END-- [ RunTime:0.000093s ]
INFO: [ app_end ] --START--
INFO: Run Behavior\ShowPageTraceBehavior [ RunTime:0.000043s ]
INFO: [ app_end ] --END-- [ RunTime:0.000092s ]

[ 2017-12-02T09:57:59+08:00 ] 106.11.242.10 /
INFO: [ app_init ] --START--
INFO: Run Behavior\BuildLiteBehavior [ RunTime:0.000015s ]
INFO: [ app_init ] --END-- [ RunTime:0.000120s ]
INFO: [ app_begin ] --START--
INFO: Run Behavior\ReadHtmlCacheBehavior [ RunTime:0.000041s ]
INFO: [ app_begin ] --END-- [ RunTime:0.000093s ]
SQL: SHOW COLUMNS FROM `fuwu` [ RunTime:0.0037s ]
NOTIC: [8] Undefined variable: where /bweb/www.buy297.com/wangxin/Home/Controller/IndexController.class.php 第 9 行.
SQL: SELECT COUNT(*) AS tp_count FROM `fuwu` LIMIT 1   [ RunTime:0.0034s ]
SQL: SHOW COLUMNS FROM `fuwushang` [ RunTime:0.0038s ]
SQL: SELECT COUNT(*) AS tp_count FROM `fuwushang` WHERE `biaoshi` = 1 LIMIT 1   [ RunTime:0.0031s ]
NOTIC: [2] Missing argument 1 for Think\Model::where(), called in /bweb/www.buy297.com/wangxin/Home/Controller/IndexController.class.php on line 16 and defined /bweb/www.buy297.com/ThinkPHP/Library/Think/Model.class.php 第 1797 行.
NOTIC: [8] Undefined variable: where /bweb/www.buy297.com/ThinkPHP/Library/Think/Model.class.php 第 1805 行.
NOTIC: [8] Undefined variable: where /bweb/www.buy297.com/ThinkPHP/Library/Think/Model.class.php 第 1808 行.
NOTIC: [8] Undefined variable: where /bweb/www.buy297.com/ThinkPHP/Library/Think/Model.class.php 第 1816 行.
SQL: SELECT * FROM `fuwu` ORDER BY id asc LIMIT 0,6   [ RunTime:0.0031s ]
SQL: SELECT * FROM `fuwushang` WHERE `biaoshi` = 1 ORDER BY id asc LIMIT 0,3   [ RunTime:0.0031s ]
SQL: SHOW COLUMNS FROM `wzxx` [ RunTime:0.0032s ]
NOTIC: [2] Missing argument 1 for Think\Model::where(), called in /bweb/www.buy297.com/wangxin/Home/Controller/IndexController.class.php on line 25 and defined /bweb/www.buy297.com/ThinkPHP/Library/Think/Model.class.php 第 1797 行.
NOTIC: [8] Undefined variable: where /bweb/www.buy297.com/ThinkPHP/Library/Think/Model.class.php 第 1805 行.
NOTIC: [8] Undefined variable: where /bweb/www.buy297.com/ThinkPHP/Library/Think/Model.class.php 第 1808 行.
NOTIC: [8] Undefined variable: where /bweb/www.buy297.com/ThinkPHP/Library/Think/Model.class.php 第 1816 行.
SQL: SELECT * FROM `wzxx` LIMIT 1   [ RunTime:0.0031s ]
SQL: SHOW COLUMNS FROM `users` [ RunTime:0.0032s ]
SQL: SELECT `id`,`yuan` FROM `users`  [ RunTime:0.0030s ]
SQL: SHOW COLUMNS FROM `huodong` [ RunTime:0.0032s ]
NOTIC: [8] Undefined variable: where /bweb/www.buy297.com/wangxin/Home/Controller/IndexController.class.php 第 29 行.
SQL: SELECT `title`,`id`,`orders` FROM `huodong` ORDER BY orders desc  [ RunTime:0.0031s ]
NOTIC: [8] Undefined variable: page /bweb/www.buy297.com/wangxin/Home/Controller/IndexController.class.php 第 30 行.
NOTIC: [8] Undefined variable: pages /bweb/www.buy297.com/wangxin/Home/Controller/IndexController.class.php 第 31 行.
INFO: [ view_parse ] --START--
INFO: [ template_filter ] --START--
INFO: Run Behavior\ContentReplaceBehavior [ RunTime:0.000078s ]
INFO: [ template_filter ] --END-- [ RunTime:0.000135s ]
INFO: Run Behavior\ParseTemplateBehavior [ RunTime:0.007101s ]
INFO: [ view_parse ] --END-- [ RunTime:0.007159s ]
INFO: [ view_filter ] --START--
INFO: Run Behavior\WriteHtmlCacheBehavior [ RunTime:0.000045s ]
INFO: [ view_filter ] --END-- [ RunTime:0.000101s ]
INFO: [ app_end ] --START--
INFO: Run Behavior\ShowPageTraceBehavior [ RunTime:0.000043s ]
INFO: [ app_end ] --END-- [ RunTime:0.000089s ]

[ 2017-12-02T11:11:02+08:00 ] 123.125.67.214 /
INFO: [ app_init ] --START--
INFO: Run Behavior\BuildLiteBehavior [ RunTime:0.000017s ]
INFO: [ app_init ] --END-- [ RunTime:0.000123s ]
INFO: [ app_begin ] --START--
INFO: Run Behavior\ReadHtmlCacheBehavior [ RunTime:0.000048s ]
INFO: [ app_begin ] --END-- [ RunTime:0.000110s ]
SQL: SHOW COLUMNS FROM `fuwu` [ RunTime:0.0044s ]
NOTIC: [8] Undefined variable: where /bweb/www.buy297.com/wangxin/Home/Controller/IndexController.class.php 第 9 行.
SQL: SELECT COUNT(*) AS tp_count FROM `fuwu` LIMIT 1   [ RunTime:0.0035s ]
SQL: SHOW COLUMNS FROM `fuwushang` [ RunTime:0.0038s ]
SQL: SELECT COUNT(*) AS tp_count FROM `fuwushang` WHERE `biaoshi` = 1 LIMIT 1   [ RunTime:0.0035s ]
NOTIC: [2] Missing argument 1 for Think\Model::where(), called in /bweb/www.buy297.com/wangxin/Home/Controller/IndexController.class.php on line 16 and defined /bweb/www.buy297.com/ThinkPHP/Library/Think/Model.class.php 第 1797 行.
NOTIC: [8] Undefined variable: where /bweb/www.buy297.com/ThinkPHP/Library/Think/Model.class.php 第 1805 行.
NOTIC: [8] Undefined variable: where /bweb/www.buy297.com/ThinkPHP/Library/Think/Model.class.php 第 1808 行.
NOTIC: [8] Undefined variable: where /bweb/www.buy297.com/ThinkPHP/Library/Think/Model.class.php 第 1816 行.
SQL: SELECT * FROM `fuwu` ORDER BY id asc LIMIT 0,6   [ RunTime:0.0034s ]
SQL: SELECT * FROM `fuwushang` WHERE `biaoshi` = 1 ORDER BY id asc LIMIT 0,3   [ RunTime:0.0036s ]
SQL: SHOW COLUMNS FROM `wzxx` [ RunTime:0.0036s ]
NOTIC: [2] Missing argument 1 for Think\Model::where(), called in /bweb/www.buy297.com/wangxin/Home/Controller/IndexController.class.php on line 25 and defined /bweb/www.buy297.com/ThinkPHP/Library/Think/Model.class.php 第 1797 行.
NOTIC: [8] Undefined variable: where /bweb/www.buy297.com/ThinkPHP/Library/Think/Model.class.php 第 1805 行.
NOTIC: [8] Undefined variable: where /bweb/www.buy297.com/ThinkPHP/Library/Think/Model.class.php 第 1808 行.
NOTIC: [8] Undefined variable: where /bweb/www.buy297.com/ThinkPHP/Library/Think/Model.class.php 第 1816 行.
SQL: SELECT * FROM `wzxx` LIMIT 1   [ RunTime:0.0034s ]
SQL: SHOW COLUMNS FROM `users` [ RunTime:0.0036s ]
SQL: SELECT `id`,`yuan` FROM `users`  [ RunTime:0.0034s ]
SQL: SHOW COLUMNS FROM `huodong` [ RunTime:0.0036s ]
NOTIC: [8] Undefined variable: where /bweb/www.buy297.com/wangxin/Home/Controller/IndexController.class.php 第 29 行.
SQL: SELECT `title`,`id`,`orders` FROM `huodong` ORDER BY orders desc  [ RunTime:0.0034s ]
NOTIC: [8] Undefined variable: page /bweb/www.buy297.com/wangxin/Home/Controller/IndexController.class.php 第 30 行.
NOTIC: [8] Undefined variable: pages /bweb/www.buy297.com/wangxin/Home/Controller/IndexController.class.php 第 31 行.
INFO: [ view_parse ] --START--
INFO: [ template_filter ] --START--
INFO: Run Behavior\ContentReplaceBehavior [ RunTime:0.000079s ]
INFO: [ template_filter ] --END-- [ RunTime:0.000137s ]
INFO: Run Behavior\ParseTemplateBehavior [ RunTime:0.007194s ]
INFO: [ view_parse ] --END-- [ RunTime:0.007253s ]
INFO: [ view_filter ] --START--
INFO: Run Behavior\WriteHtmlCacheBehavior [ RunTime:0.000045s ]
INFO: [ view_filter ] --END-- [ RunTime:0.000091s ]
INFO: [ app_end ] --START--
INFO: Run Behavior\ShowPageTraceBehavior [ RunTime:0.000041s ]
INFO: [ app_end ] --END-- [ RunTime:0.000088s ]

[ 2017-12-02T11:56:16+08:00 ] 203.208.60.131 /index.php/Home/index/gyslb/id/73.html
INFO: [ app_init ] --START--
INFO: Run Behavior\BuildLiteBehavior [ RunTime:0.000016s ]
INFO: [ app_init ] --END-- [ RunTime:0.000110s ]
INFO: [ app_begin ] --START--
INFO: Run Behavior\ReadHtmlCacheBehavior [ RunTime:0.000053s ]
INFO: [ app_begin ] --END-- [ RunTime:0.000109s ]
SQL: SHOW COLUMNS FROM `fuwushang` [ RunTime:0.0034s ]
SQL: SELECT * FROM `fuwushang` WHERE `biaoshi` = 2  [ RunTime:0.0032s ]
INFO: [ view_parse ] --START--
INFO: [ template_filter ] --START--
INFO: Run Behavior\ContentReplaceBehavior [ RunTime:0.000060s ]
INFO: [ template_filter ] --END-- [ RunTime:0.000115s ]
INFO: Run Behavior\ParseTemplateBehavior [ RunTime:0.004428s ]
INFO: [ view_parse ] --END-- [ RunTime:0.004486s ]
INFO: [ view_filter ] --START--
INFO: Run Behavior\WriteHtmlCacheBehavior [ RunTime:0.000045s ]
INFO: [ view_filter ] --END-- [ RunTime:0.000088s ]
INFO: [ app_end ] --START--
INFO: Run Behavior\ShowPageTraceBehavior [ RunTime:0.000043s ]
INFO: [ app_end ] --END-- [ RunTime:0.000092s ]

[ 2017-12-02T13:02:37+08:00 ] 203.208.60.129 /index.php/Home/index/gyslb/id/73.html
INFO: [ app_init ] --START--
INFO: Run Behavior\BuildLiteBehavior [ RunTime:0.000015s ]
INFO: [ app_init ] --END-- [ RunTime:0.000106s ]
INFO: [ app_begin ] --START--
INFO: Run Behavior\ReadHtmlCacheBehavior [ RunTime:0.000050s ]
INFO: [ app_begin ] --END-- [ RunTime:0.000105s ]
SQL: SHOW COLUMNS FROM `fuwushang` [ RunTime:0.0037s ]
SQL: SELECT * FROM `fuwushang` WHERE `biaoshi` = 2  [ RunTime:0.0034s ]
INFO: [ view_parse ] --START--
INFO: [ template_filter ] --START--
INFO: Run Behavior\ContentReplaceBehavior [ RunTime:0.000065s ]
INFO: [ template_filter ] --END-- [ RunTime:0.000120s ]
INFO: Run Behavior\ParseTemplateBehavior [ RunTime:0.004707s ]
INFO: [ view_parse ] --END-- [ RunTime:0.004764s ]
INFO: [ view_filter ] --START--
INFO: Run Behavior\WriteHtmlCacheBehavior [ RunTime:0.000046s ]
INFO: [ view_filter ] --END-- [ RunTime:0.000089s ]
INFO: [ app_end ] --START--
INFO: Run Behavior\ShowPageTraceBehavior [ RunTime:0.000060s ]
INFO: [ app_end ] --END-- [ RunTime:0.000109s ]

[ 2017-12-02T16:59:39+08:00 ] 52.53.129.101 /
INFO: [ app_init ] --START--
INFO: Run Behavior\BuildLiteBehavior [ RunTime:0.000022s ]
INFO: [ app_init ] --END-- [ RunTime:0.000154s ]
INFO: [ app_begin ] --START--
INFO: Run Behavior\ReadHtmlCacheBehavior [ RunTime:0.000056s ]
INFO: [ app_begin ] --END-- [ RunTime:0.000116s ]
SQL: SHOW COLUMNS FROM `fuwu` [ RunTime:0.0034s ]
NOTIC: [8] Undefined variable: where /bweb/www.buy297.com/wangxin/Home/Controller/IndexController.class.php 第 9 行.
SQL: SELECT COUNT(*) AS tp_count FROM `fuwu` LIMIT 1   [ RunTime:0.0031s ]
SQL: SHOW COLUMNS FROM `fuwushang` [ RunTime:0.0033s ]
SQL: SELECT COUNT(*) AS tp_count FROM `fuwushang` WHERE `biaoshi` = 1 LIMIT 1   [ RunTime:0.0032s ]
NOTIC: [2] Missing argument 1 for Think\Model::where(), called in /bweb/www.buy297.com/wangxin/Home/Controller/IndexController.class.php on line 16 and defined /bweb/www.buy297.com/ThinkPHP/Library/Think/Model.class.php 第 1797 行.
NOTIC: [8] Undefined variable: where /bweb/www.buy297.com/ThinkPHP/Library/Think/Model.class.php 第 1805 行.
NOTIC: [8] Undefined variable: where /bweb/www.buy297.com/ThinkPHP/Library/Think/Model.class.php 第 1808 行.
NOTIC: [8] Undefined variable: where /bweb/www.buy297.com/ThinkPHP/Library/Think/Model.class.php 第 1816 行.
SQL: SELECT * FROM `fuwu` ORDER BY id asc LIMIT 0,6   [ RunTime:0.0032s ]
SQL: SELECT * FROM `fuwushang` WHERE `biaoshi` = 1 ORDER BY id asc LIMIT 0,3   [ RunTime:0.0032s ]
SQL: SHOW COLUMNS FROM `wzxx` [ RunTime:0.0035s ]
NOTIC: [2] Missing argument 1 for Think\Model::where(), called in /bweb/www.buy297.com/wangxin/Home/Controller/IndexController.class.php on line 25 and defined /bweb/www.buy297.com/ThinkPHP/Library/Think/Model.class.php 第 1797 行.
NOTIC: [8] Undefined variable: where /bweb/www.buy297.com/ThinkPHP/Library/Think/Model.class.php 第 1805 行.
NOTIC: [8] Undefined variable: where /bweb/www.buy297.com/ThinkPHP/Library/Think/Model.class.php 第 1808 行.
NOTIC: [8] Undefined variable: where /bweb/www.buy297.com/ThinkPHP/Library/Think/Model.class.php 第 1816 行.
SQL: SELECT * FROM `wzxx` LIMIT 1   [ RunTime:0.0032s ]
SQL: SHOW COLUMNS FROM `users` [ RunTime:0.0032s ]
SQL: SELECT `id`,`yuan` FROM `users`  [ RunTime:0.0031s ]
SQL: SHOW COLUMNS FROM `huodong` [ RunTime:0.0032s ]
NOTIC: [8] Undefined variable: where /bweb/www.buy297.com/wangxin/Home/Controller/IndexController.class.php 第 29 行.
SQL: SELECT `title`,`id`,`orders` FROM `huodong` ORDER BY orders desc  [ RunTime:0.0031s ]
NOTIC: [8] Undefined variable: page /bweb/www.buy297.com/wangxin/Home/Controller/IndexController.class.php 第 30 行.
NOTIC: [8] Undefined variable: pages /bweb/www.buy297.com/wangxin/Home/Controller/IndexController.class.php 第 31 行.
INFO: [ view_parse ] --START--
INFO: [ template_filter ] --START--
INFO: Run Behavior\ContentReplaceBehavior [ RunTime:0.000082s ]
INFO: [ template_filter ] --END-- [ RunTime:0.000139s ]
INFO: Run Behavior\ParseTemplateBehavior [ RunTime:0.007371s ]
INFO: [ view_parse ] --END-- [ RunTime:0.007426s ]
INFO: [ view_filter ] --START--
INFO: Run Behavior\WriteHtmlCacheBehavior [ RunTime:0.000048s ]
INFO: [ view_filter ] --END-- [ RunTime:0.000091s ]
INFO: [ app_end ] --START--
INFO: Run Behavior\ShowPageTraceBehavior [ RunTime:0.000044s ]
INFO: [ app_end ] --END-- [ RunTime:0.000088s ]

[ 2017-12-02T17:06:40+08:00 ] 203.208.60.129 /index.php/Home/index/gyslb/id/73.html
INFO: [ app_init ] --START--
INFO: Run Behavior\BuildLiteBehavior [ RunTime:0.000016s ]
INFO: [ app_init ] --END-- [ RunTime:0.000107s ]
INFO: [ app_begin ] --START--
INFO: Run Behavior\ReadHtmlCacheBehavior [ RunTime:0.000043s ]
INFO: [ app_begin ] --END-- [ RunTime:0.000096s ]
SQL: SHOW COLUMNS FROM `fuwushang` [ RunTime:0.0042s ]
SQL: SELECT * FROM `fuwushang` WHERE `biaoshi` = 2  [ RunTime:0.0036s ]
INFO: [ view_parse ] --START--
INFO: [ template_filter ] --START--
INFO: Run Behavior\ContentReplaceBehavior [ RunTime:0.000061s ]
INFO: [ template_filter ] --END-- [ RunTime:0.000115s ]
INFO: Run Behavior\ParseTemplateBehavior [ RunTime:0.004452s ]
INFO: [ view_parse ] --END-- [ RunTime:0.004509s ]
INFO: [ view_filter ] --START--
INFO: Run Behavior\WriteHtmlCacheBehavior [ RunTime:0.000044s ]
INFO: [ view_filter ] --END-- [ RunTime:0.000087s ]
INFO: [ app_end ] --START--
INFO: Run Behavior\ShowPageTraceBehavior [ RunTime:0.000044s ]
INFO: [ app_end ] --END-- [ RunTime:0.000091s ]

[ 2017-12-02T17:17:31+08:00 ] 220.181.108.176 /
INFO: [ app_init ] --START--
INFO: Run Behavior\BuildLiteBehavior [ RunTime:0.000017s ]
INFO: [ app_init ] --END-- [ RunTime:0.000112s ]
INFO: [ app_begin ] --START--
INFO: Run Behavior\ReadHtmlCacheBehavior [ RunTime:0.000044s ]
INFO: [ app_begin ] --END-- [ RunTime:0.000101s ]
SQL: SHOW COLUMNS FROM `fuwu` [ RunTime:0.0038s ]
NOTIC: [8] Undefined variable: where /bweb/www.buy297.com/wangxin/Home/Controller/IndexController.class.php 第 9 行.
SQL: SELECT COUNT(*) AS tp_count FROM `fuwu` LIMIT 1   [ RunTime:0.0037s ]
SQL: SHOW COLUMNS FROM `fuwushang` [ RunTime:0.0037s ]
SQL: SELECT COUNT(*) AS tp_count FROM `fuwushang` WHERE `biaoshi` = 1 LIMIT 1   [ RunTime:0.0035s ]
NOTIC: [2] Missing argument 1 for Think\Model::where(), called in /bweb/www.buy297.com/wangxin/Home/Controller/IndexController.class.php on line 16 and defined /bweb/www.buy297.com/ThinkPHP/Library/Think/Model.class.php 第 1797 行.
NOTIC: [8] Undefined variable: where /bweb/www.buy297.com/ThinkPHP/Library/Think/Model.class.php 第 1805 行.
NOTIC: [8] Undefined variable: where /bweb/www.buy297.com/ThinkPHP/Library/Think/Model.class.php 第 1808 行.
NOTIC: [8] Undefined variable: where /bweb/www.buy297.com/ThinkPHP/Library/Think/Model.class.php 第 1816 行.
SQL: SELECT * FROM `fuwu` ORDER BY id asc LIMIT 0,6   [ RunTime:0.0036s ]
SQL: SELECT * FROM `fuwushang` WHERE `biaoshi` = 1 ORDER BY id asc LIMIT 0,3   [ RunTime:0.0035s ]
SQL: SHOW COLUMNS FROM `wzxx` [ RunTime:0.0038s ]
NOTIC: [2] Missing argument 1 for Think\Model::where(), called in /bweb/www.buy297.com/wangxin/Home/Controller/IndexController.class.php on line 25 and defined /bweb/www.buy297.com/ThinkPHP/Library/Think/Model.class.php 第 1797 行.
NOTIC: [8] Undefined variable: where /bweb/www.buy297.com/ThinkPHP/Library/Think/Model.class.php 第 1805 行.
NOTIC: [8] Undefined variable: where /bweb/www.buy297.com/ThinkPHP/Library/Think/Model.class.php 第 1808 行.
NOTIC: [8] Undefined variable: where /bweb/www.buy297.com/ThinkPHP/Library/Think/Model.class.php 第 1816 行.
SQL: SELECT * FROM `wzxx` LIMIT 1   [ RunTime:0.0034s ]
SQL: SHOW COLUMNS FROM `users` [ RunTime:0.0036s ]
SQL: SELECT `id`,`yuan` FROM `users`  [ RunTime:0.0035s ]
SQL: SHOW COLUMNS FROM `huodong` [ RunTime:0.0036s ]
NOTIC: [8] Undefined variable: where /bweb/www.buy297.com/wangxin/Home/Controller/IndexController.class.php 第 29 行.
SQL: SELECT `title`,`id`,`orders` FROM `huodong` ORDER BY orders desc  [ RunTime:0.0035s ]
NOTIC: [8] Undefined variable: page /bweb/www.buy297.com/wangxin/Home/Controller/IndexController.class.php 第 30 行.
NOTIC: [8] Undefined variable: pages /bweb/www.buy297.com/wangxin/Home/Controller/IndexController.class.php 第 31 行.
INFO: [ view_parse ] --START--
INFO: [ template_filter ] --START--
INFO: Run Behavior\ContentReplaceBehavior [ RunTime:0.000080s ]
INFO: [ template_filter ] --END-- [ RunTime:0.000149s ]
INFO: Run Behavior\ParseTemplateBehavior [ RunTime:0.007242s ]
INFO: [ view_parse ] --END-- [ RunTime:0.007301s ]
INFO: [ view_filter ] --START--
INFO: Run Behavior\WriteHtmlCacheBehavior [ RunTime:0.000049s ]
INFO: [ view_filter ] --END-- [ RunTime:0.000102s ]
INFO: [ app_end ] --START--
INFO: Run Behavior\ShowPageTraceBehavior [ RunTime:0.000043s ]
INFO: [ app_end ] --END-- [ RunTime:0.000090s ]

[ 2017-12-02T18:07:49+08:00 ] 203.208.60.129 /index.php/Home/index/gyslb/id/73.html
INFO: [ app_init ] --START--
INFO: Run Behavior\BuildLiteBehavior [ RunTime:0.000016s ]
INFO: [ app_init ] --END-- [ RunTime:0.000107s ]
INFO: [ app_begin ] --START--
INFO: Run Behavior\ReadHtmlCacheBehavior [ RunTime:0.000042s ]
INFO: [ app_begin ] --END-- [ RunTime:0.000097s ]
SQL: SHOW COLUMNS FROM `fuwushang` [ RunTime:0.0040s ]
SQL: SELECT * FROM `fuwushang` WHERE `biaoshi` = 2  [ RunTime:0.0039s ]
INFO: [ view_parse ] --START--
INFO: [ template_filter ] --START--
INFO: Run Behavior\ContentReplaceBehavior [ RunTime:0.000061s ]
INFO: [ template_filter ] --END-- [ RunTime:0.000114s ]
INFO: Run Behavior\ParseTemplateBehavior [ RunTime:0.004420s ]
INFO: [ view_parse ] --END-- [ RunTime:0.004477s ]
INFO: [ view_filter ] --START--
INFO: Run Behavior\WriteHtmlCacheBehavior [ RunTime:0.000044s ]
INFO: [ view_filter ] --END-- [ RunTime:0.000087s ]
INFO: [ app_end ] --START--
INFO: Run Behavior\ShowPageTraceBehavior [ RunTime:0.000044s ]
INFO: [ app_end ] --END-- [ RunTime:0.000091s ]

[ 2017-12-02T20:44:50+08:00 ] 203.208.60.131 /index.php/Home/index/gyslb/id/73.html
INFO: [ app_init ] --START--
INFO: Run Behavior\BuildLiteBehavior [ RunTime:0.000015s ]
INFO: [ app_init ] --END-- [ RunTime:0.000094s ]
INFO: [ app_begin ] --START--
INFO: Run Behavior\ReadHtmlCacheBehavior [ RunTime:0.000043s ]
INFO: [ app_begin ] --END-- [ RunTime:0.000097s ]
SQL: SHOW COLUMNS FROM `fuwushang` [ RunTime:0.0036s ]
SQL: SELECT * FROM `fuwushang` WHERE `biaoshi` = 2  [ RunTime:0.0034s ]
INFO: [ view_parse ] --START--
INFO: [ template_filter ] --START--
INFO: Run Behavior\ContentReplaceBehavior [ RunTime:0.000060s ]
INFO: [ template_filter ] --END-- [ RunTime:0.000116s ]
INFO: Run Behavior\ParseTemplateBehavior [ RunTime:0.004468s ]
INFO: [ view_parse ] --END-- [ RunTime:0.004533s ]
INFO: [ view_filter ] --START--
INFO: Run Behavior\WriteHtmlCacheBehavior [ RunTime:0.000044s ]
INFO: [ view_filter ] --END-- [ RunTime:0.000089s ]
INFO: [ app_end ] --START--
INFO: Run Behavior\ShowPageTraceBehavior [ RunTime:0.000045s ]
INFO: [ app_end ] --END-- [ RunTime:0.000108s ]

[ 2017-12-02T22:06:31+08:00 ] 203.208.60.129 /index.php/Home/index/gyslb/id/73.html
INFO: [ app_init ] --START--
INFO: Run Behavior\BuildLiteBehavior [ RunTime:0.000020s ]
INFO: [ app_init ] --END-- [ RunTime:0.000154s ]
INFO: [ app_begin ] --START--
INFO: Run Behavior\ReadHtmlCacheBehavior [ RunTime:0.000053s ]
INFO: [ app_begin ] --END-- [ RunTime:0.000110s ]
SQL: SHOW COLUMNS FROM `fuwushang` [ RunTime:0.0036s ]
SQL: SELECT * FROM `fuwushang` WHERE `biaoshi` = 2  [ RunTime:0.0034s ]
INFO: [ view_parse ] --START--
INFO: [ template_filter ] --START--
INFO: Run Behavior\ContentReplaceBehavior [ RunTime:0.000065s ]
INFO: [ template_filter ] --END-- [ RunTime:0.000126s ]
INFO: Run Behavior\ParseTemplateBehavior [ RunTime:0.005101s ]
INFO: [ view_parse ] --END-- [ RunTime:0.005165s ]
INFO: [ view_filter ] --START--
INFO: Run Behavior\WriteHtmlCacheBehavior [ RunTime:0.000048s ]
INFO: [ view_filter ] --END-- [ RunTime:0.000093s ]
INFO: [ app_end ] --START--
INFO: Run Behavior\ShowPageTraceBehavior [ RunTime:0.000070s ]
INFO: [ app_end ] --END-- [ RunTime:0.000122s ]

[ 2017-12-02T23:18:58+08:00 ] 123.125.71.53 /index.php/Home/Index/gslb.html
INFO: [ app_init ] --START--
INFO: Run Behavior\BuildLiteBehavior [ RunTime:0.000017s ]
INFO: [ app_init ] --END-- [ RunTime:0.000121s ]
INFO: [ app_begin ] --START--
INFO: Run Behavior\ReadHtmlCacheBehavior [ RunTime:0.000047s ]
INFO: [ app_begin ] --END-- [ RunTime:0.000109s ]
SQL: SHOW COLUMNS FROM `fuwushang` [ RunTime:0.0035s ]
SQL: SELECT * FROM `fuwushang` WHERE `biaoshi` = 1  [ RunTime:0.0033s ]
INFO: [ view_parse ] --START--
INFO: [ template_filter ] --START--
INFO: Run Behavior\ContentReplaceBehavior [ RunTime:0.000058s ]
INFO: [ template_filter ] --END-- [ RunTime:0.000115s ]
INFO: Run Behavior\ParseTemplateBehavior [ RunTime:0.003998s ]
INFO: [ view_parse ] --END-- [ RunTime:0.004060s ]
INFO: [ view_filter ] --START--
INFO: Run Behavior\WriteHtmlCacheBehavior [ RunTime:0.000045s ]
INFO: [ view_filter ] --END-- [ RunTime:0.000091s ]
INFO: [ app_end ] --START--
INFO: Run Behavior\ShowPageTraceBehavior [ RunTime:0.000042s ]
INFO: [ app_end ] --END-- [ RunTime:0.000093s ]

