[ 2017-12-07T09:18:44+08:00 ] 60.184.134.87 /admin
INFO: [ app_init ] --START--
INFO: Run Behavior\BuildLiteBehavior [ RunTime:0.000016s ]
INFO: [ app_init ] --END-- [ RunTime:0.000111s ]
INFO: [ app_begin ] --START--
INFO: Run Behavior\ReadHtmlCacheBehavior [ RunTime:0.000051s ]
INFO: [ app_begin ] --END-- [ RunTime:0.000105s ]
SQL: SHOW COLUMNS FROM `dingdan` [ RunTime:0.0035s ]
SQL: SHOW COLUMNS FROM `wx_user` [ RunTime:0.0033s ]
SQL: SHOW COLUMNS FROM `fuwushang` [ RunTime:0.0033s ]

[ 2017-12-07T09:18:44+08:00 ] 60.184.134.87 /index.php/Admin/index/login.html
INFO: [ app_init ] --START--
INFO: Run Behavior\BuildLiteBehavior [ RunTime:0.000014s ]
INFO: [ app_init ] --END-- [ RunTime:0.000089s ]
INFO: [ app_begin ] --START--
INFO: Run Behavior\ReadHtmlCacheBehavior [ RunTime:0.000040s ]
INFO: [ app_begin ] --END-- [ RunTime:0.000098s ]
SQL: SHOW COLUMNS FROM `users` [ RunTime:0.0032s ]
INFO: [ view_parse ] --START--
INFO: [ template_filter ] --START--
INFO: Run Behavior\ContentReplaceBehavior [ RunTime:0.000047s ]
INFO: [ template_filter ] --END-- [ RunTime:0.000105s ]
INFO: Run Behavior\ParseTemplateBehavior [ RunTime:0.001953s ]
INFO: [ view_parse ] --END-- [ RunTime:0.002013s ]
INFO: [ view_filter ] --START--
INFO: Run Behavior\WriteHtmlCacheBehavior [ RunTime:0.000044s ]
INFO: [ view_filter ] --END-- [ RunTime:0.000087s ]
INFO: [ app_end ] --START--
INFO: Run Behavior\ShowPageTraceBehavior [ RunTime:0.000043s ]
INFO: [ app_end ] --END-- [ RunTime:0.000086s ]

[ 2017-12-07T09:18:53+08:00 ] 60.184.134.87 /index.php/Admin/index/login.html
INFO: [ app_init ] --START--
INFO: Run Behavior\BuildLiteBehavior [ RunTime:0.000017s ]
INFO: [ app_init ] --END-- [ RunTime:0.000117s ]
INFO: [ app_begin ] --START--
INFO: Run Behavior\ReadHtmlCacheBehavior [ RunTime:0.000041s ]
INFO: [ app_begin ] --END-- [ RunTime:0.000100s ]
SQL: SHOW COLUMNS FROM `users` [ RunTime:0.0035s ]
SQL: SELECT * FROM `users` WHERE `name` = 'admin' AND `pwds` = 'e10adc3949ba59abbe56e057f20f883e'  [ RunTime:0.0034s ]

[ 2017-12-07T09:18:53+08:00 ] 60.184.134.87 /index.php/Admin/index/index.html
INFO: [ app_init ] --START--
INFO: Run Behavior\BuildLiteBehavior [ RunTime:0.000014s ]
INFO: [ app_init ] --END-- [ RunTime:0.000093s ]
INFO: [ app_begin ] --START--
INFO: Run Behavior\ReadHtmlCacheBehavior [ RunTime:0.000042s ]
INFO: [ app_begin ] --END-- [ RunTime:0.000111s ]
SQL: SHOW COLUMNS FROM `dingdan` [ RunTime:0.0035s ]
SQL: SHOW COLUMNS FROM `wx_user` [ RunTime:0.0033s ]
SQL: SHOW COLUMNS FROM `fuwushang` [ RunTime:0.0033s ]
NOTIC: [8] Undefined variable: where /bweb/www.buy297.com/wangxin/Admin/Controller/IndexController.class.php 第 22 行.
SQL: SELECT COUNT(*) AS tp_count FROM `dingdan` LIMIT 1   [ RunTime:0.0031s ]
NOTIC: [8] Undefined variable: where /bweb/www.buy297.com/wangxin/Admin/Controller/IndexController.class.php 第 23 行.
SQL: SELECT COUNT(*) AS tp_count FROM `wx_user` LIMIT 1   [ RunTime:0.0031s ]
NOTIC: [8] Undefined variable: where /bweb/www.buy297.com/wangxin/Admin/Controller/IndexController.class.php 第 24 行.
SQL: SELECT COUNT(*) AS tp_count FROM `fuwushang` LIMIT 1   [ RunTime:0.0031s ]
NOTIC: [8] Undefined variable: where /bweb/www.buy297.com/wangxin/Admin/Controller/IndexController.class.php 第 25 行.
SQL: SELECT * FROM `dingdan` ORDER BY id desc LIMIT 0,8   [ RunTime:0.0032s ]
INFO: [ view_parse ] --START--
INFO: [ template_filter ] --START--
INFO: Run Behavior\ContentReplaceBehavior [ RunTime:0.000066s ]
INFO: [ template_filter ] --END-- [ RunTime:0.000122s ]
INFO: Run Behavior\ParseTemplateBehavior [ RunTime:0.006387s ]
INFO: [ view_parse ] --END-- [ RunTime:0.006448s ]
INFO: [ view_filter ] --START--
INFO: Run Behavior\WriteHtmlCacheBehavior [ RunTime:0.000044s ]
INFO: [ view_filter ] --END-- [ RunTime:0.000088s ]
INFO: [ app_end ] --START--
INFO: Run Behavior\ShowPageTraceBehavior [ RunTime:0.000042s ]
INFO: [ app_end ] --END-- [ RunTime:0.000090s ]

[ 2017-12-07T09:18:57+08:00 ] 60.184.134.87 /index.php/Admin/index/qylr.html
INFO: [ app_init ] --START--
INFO: Run Behavior\BuildLiteBehavior [ RunTime:0.000017s ]
INFO: [ app_init ] --END-- [ RunTime:0.000108s ]
INFO: [ app_begin ] --START--
INFO: Run Behavior\ReadHtmlCacheBehavior [ RunTime:0.000041s ]
INFO: [ app_begin ] --END-- [ RunTime:0.000093s ]
SQL: SHOW COLUMNS FROM `qy_luru` [ RunTime:0.0043s ]
SQL: SHOW COLUMNS FROM `qyinfo` [ RunTime:0.0041s ]
SQL: SELECT * FROM `qyinfo` WHERE `starlet` = 1  [ RunTime:0.0038s ]
NOTIC: [8] Undefined variable: where /bweb/www.buy297.com/wangxin/Admin/Controller/IndexController.class.php 第 603 行.
SQL: SELECT COUNT(*) AS tp_count FROM `qy_luru` LIMIT 1   [ RunTime:0.0037s ]
NOTIC: [8] Undefined variable: where /bweb/www.buy297.com/wangxin/Admin/Controller/IndexController.class.php 第 606 行.
SQL: SELECT * FROM `qy_luru` ORDER BY id asc LIMIT 0,8   [ RunTime:0.0037s ]
INFO: [ view_parse ] --START--
INFO: [ template_filter ] --START--
INFO: Run Behavior\ContentReplaceBehavior [ RunTime:0.000078s ]
INFO: [ template_filter ] --END-- [ RunTime:0.000146s ]
INFO: Run Behavior\ParseTemplateBehavior [ RunTime:0.008928s ]
INFO: [ view_parse ] --END-- [ RunTime:0.008987s ]
INFO: [ view_filter ] --START--
INFO: Run Behavior\WriteHtmlCacheBehavior [ RunTime:0.000044s ]
INFO: [ view_filter ] --END-- [ RunTime:0.000087s ]
INFO: [ app_end ] --START--
INFO: Run Behavior\ShowPageTraceBehavior [ RunTime:0.000041s ]
INFO: [ app_end ] --END-- [ RunTime:0.000088s ]

[ 2017-12-07T09:19:06+08:00 ] 60.184.134.87 /index.php/Admin/index/qylr.html
INFO: [ app_init ] --START--
INFO: Run Behavior\BuildLiteBehavior [ RunTime:0.000020s ]
INFO: [ app_init ] --END-- [ RunTime:0.000139s ]
INFO: [ app_begin ] --START--
INFO: Run Behavior\ReadHtmlCacheBehavior [ RunTime:0.000049s ]
INFO: [ app_begin ] --END-- [ RunTime:0.000111s ]
SQL: SHOW COLUMNS FROM `qy_luru` [ RunTime:0.0039s ]
SQL: SHOW COLUMNS FROM `qyinfo` [ RunTime:0.0037s ]
SQL: SELECT * FROM `qyinfo` WHERE `starlet` = 1  [ RunTime:0.0035s ]
NOTIC: [8] Undefined variable: where /bweb/www.buy297.com/wangxin/Admin/Controller/IndexController.class.php 第 603 行.
SQL: SELECT COUNT(*) AS tp_count FROM `qy_luru` LIMIT 1   [ RunTime:0.0034s ]
NOTIC: [8] Undefined variable: where /bweb/www.buy297.com/wangxin/Admin/Controller/IndexController.class.php 第 606 行.
SQL: SELECT * FROM `qy_luru` ORDER BY id asc LIMIT 0,8   [ RunTime:0.0034s ]
INFO: [ view_parse ] --START--
INFO: [ template_filter ] --START--
INFO: Run Behavior\ContentReplaceBehavior [ RunTime:0.000096s ]
INFO: [ template_filter ] --END-- [ RunTime:0.000161s ]
INFO: Run Behavior\ParseTemplateBehavior [ RunTime:0.009499s ]
INFO: [ view_parse ] --END-- [ RunTime:0.009558s ]
INFO: [ view_filter ] --START--
INFO: Run Behavior\WriteHtmlCacheBehavior [ RunTime:0.000045s ]
INFO: [ view_filter ] --END-- [ RunTime:0.000086s ]
INFO: [ app_end ] --START--
INFO: Run Behavior\ShowPageTraceBehavior [ RunTime:0.000061s ]
INFO: [ app_end ] --END-- [ RunTime:0.000109s ]

[ 2017-12-07T09:19:16+08:00 ] 60.184.134.87 /index.php/Admin/complain/excelqiye.html
INFO: [ app_init ] --START--
INFO: Run Behavior\BuildLiteBehavior [ RunTime:0.000021s ]
INFO: [ app_init ] --END-- [ RunTime:0.000148s ]
INFO: [ app_begin ] --START--
INFO: Run Behavior\ReadHtmlCacheBehavior [ RunTime:0.000074s ]
INFO: [ app_begin ] --END-- [ RunTime:0.000130s ]
SQL: SHOW COLUMNS FROM `qy_luru` [ RunTime:0.0035s ]
NOTIC: [2] Missing argument 1 for Think\Model::where(), called in /bweb/www.buy297.com/wangxin/Admin/Controller/ComplainController.class.php on line 63 and defined /bweb/www.buy297.com/ThinkPHP/Library/Think/Model.class.php 第 1797 行.
NOTIC: [8] Undefined variable: where /bweb/www.buy297.com/ThinkPHP/Library/Think/Model.class.php 第 1805 行.
NOTIC: [8] Undefined variable: where /bweb/www.buy297.com/ThinkPHP/Library/Think/Model.class.php 第 1808 行.
NOTIC: [8] Undefined variable: where /bweb/www.buy297.com/ThinkPHP/Library/Think/Model.class.php 第 1816 行.
SQL: SELECT `id`,`pici`,`gs_name`,`gs_faren`,`gs_add`,`gs_tel`,`gs_yw`,`gs_cp`,`gs_cg`,`gs_zb`,`congy_renshu`,`cy_renshu`,`gs_js`,`gx_qiye`,`kj_qiye`,`zl_shuliang`,`yx_zhuanli`,`gs_zzq`,`zc_add`,`js_add`,`cs`,`csx`,`hjg` FROM `qy_luru`  [ RunTime:0.0031s ]
NOTIC: [8] Undefined variable: title /bweb/www.buy297.com/wangxin/Admin/Controller/ComplainController.class.php 第 114 行.

[ 2017-12-07T09:19:39+08:00 ] 106.120.160.119 /admin
INFO: [ app_init ] --START--
INFO: Run Behavior\BuildLiteBehavior [ RunTime:0.000017s ]
INFO: [ app_init ] --END-- [ RunTime:0.000115s ]
INFO: [ app_begin ] --START--
INFO: Run Behavior\ReadHtmlCacheBehavior [ RunTime:0.000045s ]
INFO: [ app_begin ] --END-- [ RunTime:0.000104s ]
SQL: SHOW COLUMNS FROM `dingdan` [ RunTime:0.0035s ]
SQL: SHOW COLUMNS FROM `wx_user` [ RunTime:0.0034s ]
SQL: SHOW COLUMNS FROM `fuwushang` [ RunTime:0.0033s ]

[ 2017-12-07T09:19:51+08:00 ] 101.199.112.51 /admin
INFO: [ app_init ] --START--
INFO: Run Behavior\BuildLiteBehavior [ RunTime:0.000020s ]
INFO: [ app_init ] --END-- [ RunTime:0.000141s ]
INFO: [ app_begin ] --START--
INFO: Run Behavior\ReadHtmlCacheBehavior [ RunTime:0.000045s ]
INFO: [ app_begin ] --END-- [ RunTime:0.000100s ]
SQL: SHOW COLUMNS FROM `dingdan` [ RunTime:0.0038s ]
SQL: SHOW COLUMNS FROM `wx_user` [ RunTime:0.0036s ]
SQL: SHOW COLUMNS FROM `fuwushang` [ RunTime:0.0037s ]

[ 2017-12-07T09:19:51+08:00 ] 101.199.112.51 /index.php/Admin/index/login.html
INFO: [ app_init ] --START--
INFO: Run Behavior\BuildLiteBehavior [ RunTime:0.000012s ]
INFO: [ app_init ] --END-- [ RunTime:0.000079s ]
INFO: [ app_begin ] --START--
INFO: Run Behavior\ReadHtmlCacheBehavior [ RunTime:0.000038s ]
INFO: [ app_begin ] --END-- [ RunTime:0.000093s ]
SQL: SHOW COLUMNS FROM `users` [ RunTime:0.0040s ]
INFO: [ view_parse ] --START--
INFO: [ template_filter ] --START--
INFO: Run Behavior\ContentReplaceBehavior [ RunTime:0.000062s ]
INFO: [ template_filter ] --END-- [ RunTime:0.000129s ]
INFO: Run Behavior\ParseTemplateBehavior [ RunTime:0.001984s ]
INFO: [ view_parse ] --END-- [ RunTime:0.002043s ]
INFO: [ view_filter ] --START--
INFO: Run Behavior\WriteHtmlCacheBehavior [ RunTime:0.000045s ]
INFO: [ view_filter ] --END-- [ RunTime:0.000088s ]
INFO: [ app_end ] --START--
INFO: Run Behavior\ShowPageTraceBehavior [ RunTime:0.000045s ]
INFO: [ app_end ] --END-- [ RunTime:0.000089s ]

