[ 2017-12-05T00:00:06+08:00 ] 115.196.20.209 /index.php/Admin/index/facilitator.html
INFO: [ app_init ] --START--
INFO: Run Behavior\BuildLiteBehavior [ RunTime:0.000016s ]
INFO: [ app_init ] --END-- [ RunTime:0.000110s ]
INFO: [ app_begin ] --START--
INFO: Run Behavior\ReadHtmlCacheBehavior [ RunTime:0.000036s ]
INFO: [ app_begin ] --END-- [ RunTime:0.000094s ]
SQL: SHOW COLUMNS FROM `fuwushang` [ RunTime:0.0038s ]
SQL: SELECT COUNT(*) AS tp_count FROM `fuwushang` WHERE ( `name` LIKE '%佚名%' OR `fuzeren` LIKE '%佚名%' ) LIMIT 1   [ RunTime:0.0035s ]
SQL: SELECT * FROM `fuwushang` WHERE ( `name` LIKE '%佚名%' OR `fuzeren` LIKE '%佚名%' ) ORDER BY id asc LIMIT 0,5   [ RunTime:0.0035s ]
NOTIC: [8] Undefined variable: s /bweb/www.buy297.com/wangxin/Admin/Controller/IndexController.class.php 第 400 行.
NOTIC: [8] Undefined variable: w /bweb/www.buy297.com/wangxin/Admin/Controller/IndexController.class.php 第 400 行.
NOTIC: [2] array_combine() expects parameter 1 to be array, null given /bweb/www.buy297.com/wangxin/Admin/Controller/IndexController.class.php 第 400 行.
INFO: [ view_parse ] --START--
INFO: [ template_filter ] --START--
INFO: Run Behavior\ContentReplaceBehavior [ RunTime:0.000076s ]
INFO: [ template_filter ] --END-- [ RunTime:0.000146s ]
NOTIC: [8] Use of undefined constant img - assumed 'img' /bweb/www.buy297.com/wangxin/Runtime/Cache/Admin/27606d6fdcd443905fb7970b3478e4b7.php 第 170 行.
NOTIC: [8] Use of undefined constant image - assumed 'image' /bweb/www.buy297.com/wangxin/Runtime/Cache/Admin/27606d6fdcd443905fb7970b3478e4b7.php 第 171 行.
NOTIC: [8] Use of undefined constant img - assumed 'img' /bweb/www.buy297.com/wangxin/Runtime/Cache/Admin/27606d6fdcd443905fb7970b3478e4b7.php 第 170 行.
NOTIC: [8] Use of undefined constant image - assumed 'image' /bweb/www.buy297.com/wangxin/Runtime/Cache/Admin/27606d6fdcd443905fb7970b3478e4b7.php 第 171 行.
NOTIC: [8] Use of undefined constant img - assumed 'img' /bweb/www.buy297.com/wangxin/Runtime/Cache/Admin/27606d6fdcd443905fb7970b3478e4b7.php 第 170 行.
NOTIC: [8] Use of undefined constant image - assumed 'image' /bweb/www.buy297.com/wangxin/Runtime/Cache/Admin/27606d6fdcd443905fb7970b3478e4b7.php 第 171 行.
NOTIC: [8] Use of undefined constant img - assumed 'img' /bweb/www.buy297.com/wangxin/Runtime/Cache/Admin/27606d6fdcd443905fb7970b3478e4b7.php 第 170 行.
NOTIC: [8] Use of undefined constant image - assumed 'image' /bweb/www.buy297.com/wangxin/Runtime/Cache/Admin/27606d6fdcd443905fb7970b3478e4b7.php 第 171 行.
INFO: Run Behavior\ParseTemplateBehavior [ RunTime:0.008286s ]
INFO: [ view_parse ] --END-- [ RunTime:0.008342s ]
INFO: [ view_filter ] --START--
INFO: Run Behavior\WriteHtmlCacheBehavior [ RunTime:0.000042s ]
INFO: [ view_filter ] --END-- [ RunTime:0.000084s ]
INFO: [ app_end ] --START--
INFO: Run Behavior\ShowPageTraceBehavior [ RunTime:0.000042s ]
INFO: [ app_end ] --END-- [ RunTime:0.000089s ]

[ 2017-12-05T00:00:13+08:00 ] 115.196.20.209 /index.php/Admin/index/facilitator.html
INFO: [ app_init ] --START--
INFO: Run Behavior\BuildLiteBehavior [ RunTime:0.000018s ]
INFO: [ app_init ] --END-- [ RunTime:0.000131s ]
INFO: [ app_begin ] --START--
INFO: Run Behavior\ReadHtmlCacheBehavior [ RunTime:0.000041s ]
INFO: [ app_begin ] --END-- [ RunTime:0.000102s ]
SQL: SHOW COLUMNS FROM `fuwushang` [ RunTime:0.0037s ]
SQL: SELECT COUNT(*) AS tp_count FROM `fuwushang` WHERE ( `name` LIKE '%150%' OR `fuzeren` LIKE '%150%' ) LIMIT 1   [ RunTime:0.0034s ]
SQL: SELECT * FROM `fuwushang` WHERE ( `name` LIKE '%150%' OR `fuzeren` LIKE '%150%' ) ORDER BY id asc LIMIT 0,5   [ RunTime:0.0034s ]
NOTIC: [8] Undefined variable: s /bweb/www.buy297.com/wangxin/Admin/Controller/IndexController.class.php 第 400 行.
NOTIC: [8] Undefined variable: w /bweb/www.buy297.com/wangxin/Admin/Controller/IndexController.class.php 第 400 行.
NOTIC: [2] array_combine() expects parameter 1 to be array, null given /bweb/www.buy297.com/wangxin/Admin/Controller/IndexController.class.php 第 400 行.
INFO: [ view_parse ] --START--
INFO: [ template_filter ] --START--
INFO: Run Behavior\ContentReplaceBehavior [ RunTime:0.000073s ]
INFO: [ template_filter ] --END-- [ RunTime:0.000128s ]
INFO: Run Behavior\ParseTemplateBehavior [ RunTime:0.006950s ]
INFO: [ view_parse ] --END-- [ RunTime:0.007005s ]
INFO: [ view_filter ] --START--
INFO: Run Behavior\WriteHtmlCacheBehavior [ RunTime:0.000041s ]
INFO: [ view_filter ] --END-- [ RunTime:0.000084s ]
INFO: [ app_end ] --START--
INFO: Run Behavior\ShowPageTraceBehavior [ RunTime:0.000041s ]
INFO: [ app_end ] --END-- [ RunTime:0.000089s ]

[ 2017-12-05T00:00:17+08:00 ] 115.196.20.209 /index.php/Admin/index/facilitator.html
INFO: [ app_init ] --START--
INFO: Run Behavior\BuildLiteBehavior [ RunTime:0.000016s ]
INFO: [ app_init ] --END-- [ RunTime:0.000105s ]
INFO: [ app_begin ] --START--
INFO: Run Behavior\ReadHtmlCacheBehavior [ RunTime:0.000035s ]
INFO: [ app_begin ] --END-- [ RunTime:0.000088s ]
SQL: SHOW COLUMNS FROM `fuwushang` [ RunTime:0.0039s ]
NOTIC: [8] Undefined variable: where /bweb/www.buy297.com/wangxin/Admin/Controller/IndexController.class.php 第 374 行.
SQL: SELECT COUNT(*) AS tp_count FROM `fuwushang` LIMIT 1   [ RunTime:0.0034s ]
NOTIC: [8] Undefined variable: where /bweb/www.buy297.com/wangxin/Admin/Controller/IndexController.class.php 第 379 行.
SQL: SELECT * FROM `fuwushang` ORDER BY id asc LIMIT 0,5   [ RunTime:0.0042s ]
NOTIC: [8] Undefined variable: s /bweb/www.buy297.com/wangxin/Admin/Controller/IndexController.class.php 第 400 行.
NOTIC: [8] Undefined variable: w /bweb/www.buy297.com/wangxin/Admin/Controller/IndexController.class.php 第 400 行.
NOTIC: [2] array_combine() expects parameter 1 to be array, null given /bweb/www.buy297.com/wangxin/Admin/Controller/IndexController.class.php 第 400 行.
INFO: [ view_parse ] --START--
INFO: [ template_filter ] --START--
INFO: Run Behavior\ContentReplaceBehavior [ RunTime:0.000076s ]
INFO: [ template_filter ] --END-- [ RunTime:0.000134s ]
NOTIC: [8] Use of undefined constant img - assumed 'img' /bweb/www.buy297.com/wangxin/Runtime/Cache/Admin/27606d6fdcd443905fb7970b3478e4b7.php 第 170 行.
NOTIC: [8] Use of undefined constant image - assumed 'image' /bweb/www.buy297.com/wangxin/Runtime/Cache/Admin/27606d6fdcd443905fb7970b3478e4b7.php 第 171 行.
NOTIC: [8] Use of undefined constant img - assumed 'img' /bweb/www.buy297.com/wangxin/Runtime/Cache/Admin/27606d6fdcd443905fb7970b3478e4b7.php 第 170 行.
NOTIC: [8] Use of undefined constant image - assumed 'image' /bweb/www.buy297.com/wangxin/Runtime/Cache/Admin/27606d6fdcd443905fb7970b3478e4b7.php 第 171 行.
NOTIC: [8] Use of undefined constant img - assumed 'img' /bweb/www.buy297.com/wangxin/Runtime/Cache/Admin/27606d6fdcd443905fb7970b3478e4b7.php 第 170 行.
NOTIC: [8] Use of undefined constant image - assumed 'image' /bweb/www.buy297.com/wangxin/Runtime/Cache/Admin/27606d6fdcd443905fb7970b3478e4b7.php 第 171 行.
NOTIC: [8] Use of undefined constant img - assumed 'img' /bweb/www.buy297.com/wangxin/Runtime/Cache/Admin/27606d6fdcd443905fb7970b3478e4b7.php 第 170 行.
NOTIC: [8] Use of undefined constant image - assumed 'image' /bweb/www.buy297.com/wangxin/Runtime/Cache/Admin/27606d6fdcd443905fb7970b3478e4b7.php 第 171 行.
NOTIC: [8] Use of undefined constant img - assumed 'img' /bweb/www.buy297.com/wangxin/Runtime/Cache/Admin/27606d6fdcd443905fb7970b3478e4b7.php 第 170 行.
NOTIC: [8] Use of undefined constant image - assumed 'image' /bweb/www.buy297.com/wangxin/Runtime/Cache/Admin/27606d6fdcd443905fb7970b3478e4b7.php 第 171 行.
INFO: Run Behavior\ParseTemplateBehavior [ RunTime:0.008433s ]
INFO: [ view_parse ] --END-- [ RunTime:0.008486s ]
INFO: [ view_filter ] --START--
INFO: Run Behavior\WriteHtmlCacheBehavior [ RunTime:0.000043s ]
INFO: [ view_filter ] --END-- [ RunTime:0.000085s ]
INFO: [ app_end ] --START--
INFO: Run Behavior\ShowPageTraceBehavior [ RunTime:0.000051s ]
INFO: [ app_end ] --END-- [ RunTime:0.000100s ]

[ 2017-12-05T00:00:32+08:00 ] 115.196.20.209 /index.php/Admin/index/facilitator.html
INFO: [ app_init ] --START--
INFO: Run Behavior\BuildLiteBehavior [ RunTime:0.000018s ]
INFO: [ app_init ] --END-- [ RunTime:0.000121s ]
INFO: [ app_begin ] --START--
INFO: Run Behavior\ReadHtmlCacheBehavior [ RunTime:0.000043s ]
INFO: [ app_begin ] --END-- [ RunTime:0.000103s ]
SQL: SHOW COLUMNS FROM `fuwushang` [ RunTime:0.0058s ]
SQL: SELECT COUNT(*) AS tp_count FROM `fuwushang` WHERE ( `name` LIKE '%碳%' OR `fuzeren` LIKE '%碳%' ) LIMIT 1   [ RunTime:0.0033s ]
SQL: SELECT * FROM `fuwushang` WHERE ( `name` LIKE '%碳%' OR `fuzeren` LIKE '%碳%' ) ORDER BY id asc LIMIT 0,5   [ RunTime:0.0034s ]
NOTIC: [8] Undefined variable: s /bweb/www.buy297.com/wangxin/Admin/Controller/IndexController.class.php 第 400 行.
NOTIC: [8] Undefined variable: w /bweb/www.buy297.com/wangxin/Admin/Controller/IndexController.class.php 第 400 行.
NOTIC: [2] array_combine() expects parameter 1 to be array, null given /bweb/www.buy297.com/wangxin/Admin/Controller/IndexController.class.php 第 400 行.
INFO: [ view_parse ] --START--
INFO: [ template_filter ] --START--
INFO: Run Behavior\ContentReplaceBehavior [ RunTime:0.000078s ]
INFO: [ template_filter ] --END-- [ RunTime:0.000135s ]
NOTIC: [8] Use of undefined constant img - assumed 'img' /bweb/www.buy297.com/wangxin/Runtime/Cache/Admin/27606d6fdcd443905fb7970b3478e4b7.php 第 170 行.
NOTIC: [8] Use of undefined constant image - assumed 'image' /bweb/www.buy297.com/wangxin/Runtime/Cache/Admin/27606d6fdcd443905fb7970b3478e4b7.php 第 171 行.
INFO: Run Behavior\ParseTemplateBehavior [ RunTime:0.007526s ]
INFO: [ view_parse ] --END-- [ RunTime:0.007581s ]
INFO: [ view_filter ] --START--
INFO: Run Behavior\WriteHtmlCacheBehavior [ RunTime:0.000045s ]
INFO: [ view_filter ] --END-- [ RunTime:0.000089s ]
INFO: [ app_end ] --START--
INFO: Run Behavior\ShowPageTraceBehavior [ RunTime:0.000044s ]
INFO: [ app_end ] --END-- [ RunTime:0.000094s ]

[ 2017-12-05T00:00:42+08:00 ] 115.196.20.209 /index.php/Admin/index/grid.html
INFO: [ app_init ] --START--
INFO: Run Behavior\BuildLiteBehavior [ RunTime:0.000016s ]
INFO: [ app_init ] --END-- [ RunTime:0.000105s ]
INFO: [ app_begin ] --START--
INFO: Run Behavior\ReadHtmlCacheBehavior [ RunTime:0.000039s ]
INFO: [ app_begin ] --END-- [ RunTime:0.000090s ]
SQL: SHOW COLUMNS FROM `fuwu` [ RunTime:0.0041s ]
SQL: SELECT DISTINCT  `f_id` FROM `fuwu`  [ RunTime:0.0038s ]
SQL: SELECT `name`,`id` FROM `fuwu` WHERE `id` IN ('20','21','22','23','24','25','26','27','28','31','30','32','29','33','34','35','36')  [ RunTime:0.0038s ]
SQL: SELECT COUNT(*) AS tp_count FROM `fuwu` WHERE `f_id` NOT IN ('0') AND `id` NOT IN ('20','21','22','23','24','25','26','27','28','31','30','32','29','33','34','35','36') LIMIT 1   [ RunTime:0.0039s ]
SQL: SELECT * FROM `fuwu` WHERE `f_id` NOT IN ('0') AND `id` NOT IN ('20','21','22','23','24','25','26','27','28','31','30','32','29','33','34','35','36') ORDER BY id desc LIMIT 0,8   [ RunTime:0.0040s ]
INFO: [ view_parse ] --START--
INFO: [ template_filter ] --START--
INFO: Run Behavior\ContentReplaceBehavior [ RunTime:0.000077s ]
INFO: [ template_filter ] --END-- [ RunTime:0.000135s ]
NOTIC: [8] Use of undefined constant img - assumed 'img' /bweb/www.buy297.com/wangxin/Runtime/Cache/Admin/4fcf460e37905d33a6bf319b1a196864.php 第 164 行.
NOTIC: [8] Use of undefined constant image - assumed 'image' /bweb/www.buy297.com/wangxin/Runtime/Cache/Admin/4fcf460e37905d33a6bf319b1a196864.php 第 165 行.
NOTIC: [8] Use of undefined constant img - assumed 'img' /bweb/www.buy297.com/wangxin/Runtime/Cache/Admin/4fcf460e37905d33a6bf319b1a196864.php 第 164 行.
NOTIC: [8] Use of undefined constant image - assumed 'image' /bweb/www.buy297.com/wangxin/Runtime/Cache/Admin/4fcf460e37905d33a6bf319b1a196864.php 第 165 行.
NOTIC: [8] Use of undefined constant img - assumed 'img' /bweb/www.buy297.com/wangxin/Runtime/Cache/Admin/4fcf460e37905d33a6bf319b1a196864.php 第 164 行.
NOTIC: [8] Use of undefined constant image - assumed 'image' /bweb/www.buy297.com/wangxin/Runtime/Cache/Admin/4fcf460e37905d33a6bf319b1a196864.php 第 165 行.
NOTIC: [8] Use of undefined constant img - assumed 'img' /bweb/www.buy297.com/wangxin/Runtime/Cache/Admin/4fcf460e37905d33a6bf319b1a196864.php 第 164 行.
NOTIC: [8] Use of undefined constant image - assumed 'image' /bweb/www.buy297.com/wangxin/Runtime/Cache/Admin/4fcf460e37905d33a6bf319b1a196864.php 第 165 行.
NOTIC: [8] Use of undefined constant img - assumed 'img' /bweb/www.buy297.com/wangxin/Runtime/Cache/Admin/4fcf460e37905d33a6bf319b1a196864.php 第 164 行.
NOTIC: [8] Use of undefined constant image - assumed 'image' /bweb/www.buy297.com/wangxin/Runtime/Cache/Admin/4fcf460e37905d33a6bf319b1a196864.php 第 165 行.
NOTIC: [8] Use of undefined constant img - assumed 'img' /bweb/www.buy297.com/wangxin/Runtime/Cache/Admin/4fcf460e37905d33a6bf319b1a196864.php 第 164 行.
NOTIC: [8] Use of undefined constant image - assumed 'image' /bweb/www.buy297.com/wangxin/Runtime/Cache/Admin/4fcf460e37905d33a6bf319b1a196864.php 第 165 行.
NOTIC: [8] Use of undefined constant img - assumed 'img' /bweb/www.buy297.com/wangxin/Runtime/Cache/Admin/4fcf460e37905d33a6bf319b1a196864.php 第 164 行.
NOTIC: [8] Use of undefined constant image - assumed 'image' /bweb/www.buy297.com/wangxin/Runtime/Cache/Admin/4fcf460e37905d33a6bf319b1a196864.php 第 165 行.
NOTIC: [8] Use of undefined constant img - assumed 'img' /bweb/www.buy297.com/wangxin/Runtime/Cache/Admin/4fcf460e37905d33a6bf319b1a196864.php 第 164 行.
NOTIC: [8] Use of undefined constant image - assumed 'image' /bweb/www.buy297.com/wangxin/Runtime/Cache/Admin/4fcf460e37905d33a6bf319b1a196864.php 第 165 行.
INFO: Run Behavior\ParseTemplateBehavior [ RunTime:0.007149s ]
INFO: [ view_parse ] --END-- [ RunTime:0.007203s ]
INFO: [ view_filter ] --START--
INFO: Run Behavior\WriteHtmlCacheBehavior [ RunTime:0.000040s ]
INFO: [ view_filter ] --END-- [ RunTime:0.000083s ]
INFO: [ app_end ] --START--
INFO: Run Behavior\ShowPageTraceBehavior [ RunTime:0.000039s ]
INFO: [ app_end ] --END-- [ RunTime:0.000086s ]

[ 2017-12-05T00:00:50+08:00 ] 115.196.20.209 /index.php/Admin/index/grid/state/1.html
INFO: [ app_init ] --START--
INFO: Run Behavior\BuildLiteBehavior [ RunTime:0.000017s ]
INFO: [ app_init ] --END-- [ RunTime:0.000118s ]
INFO: [ app_begin ] --START--
INFO: Run Behavior\ReadHtmlCacheBehavior [ RunTime:0.000040s ]
INFO: [ app_begin ] --END-- [ RunTime:0.000100s ]
SQL: SHOW COLUMNS FROM `fuwu` [ RunTime:0.0036s ]
SQL: SELECT DISTINCT  `f_id` FROM `fuwu`  [ RunTime:0.0034s ]
SQL: SELECT `name`,`id` FROM `fuwu` WHERE `id` IN ('20','21','22','23','24','25','26','27','28','31','30','32','29','33','34','35','36')  [ RunTime:0.0036s ]
SQL: SELECT COUNT(*) AS tp_count FROM `fuwu` WHERE `name` LIKE '%办公室%' AND `f_id` NOT IN ('0') AND `id` NOT IN ('20','21','22','23','24','25','26','27','28','31','30','32','29','33','34','35','36') LIMIT 1   [ RunTime:0.0034s ]
SQL: SELECT * FROM `fuwu` WHERE `name` LIKE '%办公室%' AND `f_id` NOT IN ('0') AND `id` NOT IN ('20','21','22','23','24','25','26','27','28','31','30','32','29','33','34','35','36') ORDER BY id desc LIMIT 0,8   [ RunTime:0.0036s ]
INFO: [ view_parse ] --START--
INFO: [ template_filter ] --START--
INFO: Run Behavior\ContentReplaceBehavior [ RunTime:0.000076s ]
INFO: [ template_filter ] --END-- [ RunTime:0.000145s ]
NOTIC: [8] Use of undefined constant img - assumed 'img' /bweb/www.buy297.com/wangxin/Runtime/Cache/Admin/4fcf460e37905d33a6bf319b1a196864.php 第 164 行.
NOTIC: [8] Use of undefined constant image - assumed 'image' /bweb/www.buy297.com/wangxin/Runtime/Cache/Admin/4fcf460e37905d33a6bf319b1a196864.php 第 165 行.
INFO: Run Behavior\ParseTemplateBehavior [ RunTime:0.006800s ]
INFO: [ view_parse ] --END-- [ RunTime:0.006853s ]
INFO: [ view_filter ] --START--
INFO: Run Behavior\WriteHtmlCacheBehavior [ RunTime:0.000043s ]
INFO: [ view_filter ] --END-- [ RunTime:0.000085s ]
INFO: [ app_end ] --START--
INFO: Run Behavior\ShowPageTraceBehavior [ RunTime:0.000042s ]
INFO: [ app_end ] --END-- [ RunTime:0.000090s ]

[ 2017-12-05T00:01:00+08:00 ] 115.196.20.209 /index.php/Admin/complain/complain.html
INFO: [ app_init ] --START--
INFO: Run Behavior\BuildLiteBehavior [ RunTime:0.000016s ]
INFO: [ app_init ] --END-- [ RunTime:0.000103s ]
INFO: [ app_begin ] --START--
INFO: Run Behavior\ReadHtmlCacheBehavior [ RunTime:0.000041s ]
INFO: [ app_begin ] --END-- [ RunTime:0.000100s ]
SQL: SHOW COLUMNS FROM `tousu` [ RunTime:0.0033s ]
SQL: SHOW COLUMNS FROM `wx_user` [ RunTime:0.0033s ]
NOTIC: [8] Undefined variable: where /bweb/www.buy297.com/wangxin/Admin/Controller/ComplainController.class.php 第 29 行.
SQL: SELECT COUNT(*) AS tp_count FROM `tousu` LIMIT 1   [ RunTime:0.0029s ]
NOTIC: [8] Undefined variable: where /bweb/www.buy297.com/wangxin/Admin/Controller/ComplainController.class.php 第 36 行.
SQL: SELECT `neirong`,o.name as u_name FROM tousu g left join wx_user AS o ON g.name_id=o.openid  LIMIT 0,8   [ RunTime:0.0030s ]
INFO: [ view_parse ] --START--
INFO: [ template_filter ] --START--
INFO: Run Behavior\ContentReplaceBehavior [ RunTime:0.000075s ]
INFO: [ template_filter ] --END-- [ RunTime:0.000132s ]
INFO: Run Behavior\ParseTemplateBehavior [ RunTime:0.005403s ]
INFO: [ view_parse ] --END-- [ RunTime:0.005468s ]
INFO: [ view_filter ] --START--
INFO: Run Behavior\WriteHtmlCacheBehavior [ RunTime:0.000042s ]
INFO: [ view_filter ] --END-- [ RunTime:0.000084s ]
INFO: [ app_end ] --START--
INFO: Run Behavior\ShowPageTraceBehavior [ RunTime:0.000041s ]
INFO: [ app_end ] --END-- [ RunTime:0.000088s ]

[ 2017-12-05T00:01:03+08:00 ] 115.196.20.209 /index.php/Admin/complain/comment.html
INFO: [ app_init ] --START--
INFO: Run Behavior\BuildLiteBehavior [ RunTime:0.000015s ]
INFO: [ app_init ] --END-- [ RunTime:0.000103s ]
INFO: [ app_begin ] --START--
INFO: Run Behavior\ReadHtmlCacheBehavior [ RunTime:0.000039s ]
INFO: [ app_begin ] --END-- [ RunTime:0.000089s ]
SQL: SHOW COLUMNS FROM `pingjia` [ RunTime:0.0032s ]
SQL: SHOW COLUMNS FROM `fuwu` [ RunTime:0.0031s ]
SQL: SHOW COLUMNS FROM `fuwushang` [ RunTime:0.0033s ]
NOTIC: [8] Undefined variable: where /bweb/www.buy297.com/wangxin/Admin/Controller/ComplainController.class.php 第 10 行.
SQL: SELECT COUNT(*) AS tp_count FROM `pingjia` LIMIT 1   [ RunTime:0.0029s ]
NOTIC: [2] Missing argument 1 for Think\Model::where(), called in /bweb/www.buy297.com/wangxin/Admin/Controller/ComplainController.class.php on line 13 and defined /bweb/www.buy297.com/ThinkPHP/Library/Think/Model.class.php 第 1797 行.
NOTIC: [8] Undefined variable: where /bweb/www.buy297.com/ThinkPHP/Library/Think/Model.class.php 第 1805 行.
NOTIC: [8] Undefined variable: where /bweb/www.buy297.com/ThinkPHP/Library/Think/Model.class.php 第 1808 行.
NOTIC: [8] Undefined variable: where /bweb/www.buy297.com/ThinkPHP/Library/Think/Model.class.php 第 1816 行.
SQL: SELECT `pj_name`,o.name,d.name as fws_name,`pj_nr`,o.name as f_name FROM pingjia g left join fuwu AS o ON g.f_id=o.id left join fuwushang AS d ON g.fws_id=d.id  LIMIT 0,8   [ RunTime:0.0030s ]
INFO: [ view_parse ] --START--
INFO: [ template_filter ] --START--
INFO: Run Behavior\ContentReplaceBehavior [ RunTime:0.000079s ]
INFO: [ template_filter ] --END-- [ RunTime:0.000137s ]
INFO: Run Behavior\ParseTemplateBehavior [ RunTime:0.018638s ]
INFO: [ view_parse ] --END-- [ RunTime:0.018701s ]
INFO: [ view_filter ] --START--
INFO: Run Behavior\WriteHtmlCacheBehavior [ RunTime:0.000042s ]
INFO: [ view_filter ] --END-- [ RunTime:0.000098s ]
INFO: [ app_end ] --START--
INFO: Run Behavior\ShowPageTraceBehavior [ RunTime:0.000040s ]
INFO: [ app_end ] --END-- [ RunTime:0.000087s ]

[ 2017-12-05T00:01:06+08:00 ] 115.196.20.209 /index.php/Admin/complain/hdlist.html
INFO: [ app_init ] --START--
INFO: Run Behavior\BuildLiteBehavior [ RunTime:0.000015s ]
INFO: [ app_init ] --END-- [ RunTime:0.000105s ]
INFO: [ app_begin ] --START--
INFO: Run Behavior\ReadHtmlCacheBehavior [ RunTime:0.000039s ]
INFO: [ app_begin ] --END-- [ RunTime:0.000092s ]
SQL: SHOW COLUMNS FROM `huodong` [ RunTime:0.0036s ]
NOTIC: [8] Undefined variable: where /bweb/www.buy297.com/wangxin/Admin/Controller/ComplainController.class.php 第 176 行.
SQL: SELECT COUNT(*) AS tp_count FROM `huodong` LIMIT 1   [ RunTime:0.0033s ]
NOTIC: [8] Undefined variable: where /bweb/www.buy297.com/wangxin/Admin/Controller/ComplainController.class.php 第 181 行.
SQL: SELECT * FROM huodong g ORDER BY orders asc LIMIT 0,8   [ RunTime:0.0034s ]
INFO: [ view_parse ] --START--
INFO: [ template_filter ] --START--
INFO: Run Behavior\ContentReplaceBehavior [ RunTime:0.000071s ]
INFO: [ template_filter ] --END-- [ RunTime:0.000130s ]
INFO: Run Behavior\ParseTemplateBehavior [ RunTime:0.016570s ]
INFO: [ view_parse ] --END-- [ RunTime:0.016628s ]
INFO: [ view_filter ] --START--
INFO: Run Behavior\WriteHtmlCacheBehavior [ RunTime:0.000039s ]
INFO: [ view_filter ] --END-- [ RunTime:0.000082s ]
INFO: [ app_end ] --START--
INFO: Run Behavior\ShowPageTraceBehavior [ RunTime:0.000050s ]
INFO: [ app_end ] --END-- [ RunTime:0.000097s ]

[ 2017-12-05T00:01:10+08:00 ] 115.196.20.209 /index.php/Admin/Complain/hdcon/id/30.html
INFO: [ app_init ] --START--
INFO: Run Behavior\BuildLiteBehavior [ RunTime:0.000018s ]
INFO: [ app_init ] --END-- [ RunTime:0.000115s ]
INFO: [ app_begin ] --START--
INFO: Run Behavior\ReadHtmlCacheBehavior [ RunTime:0.000045s ]
INFO: [ app_begin ] --END-- [ RunTime:0.000104s ]
SQL: SHOW COLUMNS FROM `huodong` [ RunTime:0.0035s ]
SQL: SELECT * FROM `huodong` WHERE `id` = 30 LIMIT 1   [ RunTime:0.0032s ]
INFO: [ view_parse ] --START--
INFO: [ template_filter ] --START--
INFO: Run Behavior\ContentReplaceBehavior [ RunTime:0.000060s ]
INFO: [ template_filter ] --END-- [ RunTime:0.000134s ]
NOTIC: [8] Undefined variable: item /bweb/www.buy297.com/wangxin/Runtime/Cache/Admin/ac06a434165294c69d78aeb68e771920.php 第 104 行.
NOTIC: [8] Undefined variable: item /bweb/www.buy297.com/wangxin/Runtime/Cache/Admin/ac06a434165294c69d78aeb68e771920.php 第 107 行.
NOTIC: [8] Undefined variable: item /bweb/www.buy297.com/wangxin/Runtime/Cache/Admin/ac06a434165294c69d78aeb68e771920.php 第 110 行.
NOTIC: [8] Undefined variable: item /bweb/www.buy297.com/wangxin/Runtime/Cache/Admin/ac06a434165294c69d78aeb68e771920.php 第 118 行.
INFO: Run Behavior\ParseTemplateBehavior [ RunTime:0.025018s ]
INFO: [ view_parse ] --END-- [ RunTime:0.025077s ]
INFO: [ view_filter ] --START--
INFO: Run Behavior\WriteHtmlCacheBehavior [ RunTime:0.000042s ]
INFO: [ view_filter ] --END-- [ RunTime:0.000085s ]
INFO: [ app_end ] --START--
INFO: Run Behavior\ShowPageTraceBehavior [ RunTime:0.000039s ]
INFO: [ app_end ] --END-- [ RunTime:0.000084s ]

[ 2017-12-05T00:01:13+08:00 ] 115.196.20.209 /index.php/Admin/Complain/huodong/id/30.html
INFO: [ app_init ] --START--
INFO: Run Behavior\BuildLiteBehavior [ RunTime:0.000016s ]
INFO: [ app_init ] --END-- [ RunTime:0.000102s ]
INFO: [ app_begin ] --START--
INFO: Run Behavior\ReadHtmlCacheBehavior [ RunTime:0.000040s ]
INFO: [ app_begin ] --END-- [ RunTime:0.000093s ]
SQL: SHOW COLUMNS FROM `huodong` [ RunTime:0.0035s ]
SQL: SELECT * FROM `huodong` WHERE `id` = 30 LIMIT 1   [ RunTime:0.0032s ]
INFO: [ view_parse ] --START--
INFO: [ template_filter ] --START--
INFO: Run Behavior\ContentReplaceBehavior [ RunTime:0.000050s ]
INFO: [ template_filter ] --END-- [ RunTime:0.000106s ]
INFO: Run Behavior\ParseTemplateBehavior [ RunTime:0.012285s ]
INFO: [ view_parse ] --END-- [ RunTime:0.012347s ]
INFO: [ view_filter ] --START--
INFO: Run Behavior\WriteHtmlCacheBehavior [ RunTime:0.000040s ]
INFO: [ view_filter ] --END-- [ RunTime:0.000083s ]
INFO: [ app_end ] --START--
INFO: Run Behavior\ShowPageTraceBehavior [ RunTime:0.000035s ]
INFO: [ app_end ] --END-- [ RunTime:0.000086s ]

[ 2017-12-05T00:01:21+08:00 ] 115.196.20.209 /index.php/Admin/Complain/huodong/id/30.html
INFO: [ app_init ] --START--
INFO: Run Behavior\BuildLiteBehavior [ RunTime:0.000017s ]
INFO: [ app_init ] --END-- [ RunTime:0.000105s ]
INFO: [ app_begin ] --START--
INFO: Run Behavior\ReadHtmlCacheBehavior [ RunTime:0.000041s ]
INFO: [ app_begin ] --END-- [ RunTime:0.000093s ]
SQL: SHOW COLUMNS FROM `huodong` [ RunTime:0.0036s ]
SQL: SELECT * FROM `huodong` WHERE `id` = 30 LIMIT 1   [ RunTime:0.0034s ]
INFO: [ view_parse ] --START--
INFO: [ template_filter ] --START--
INFO: Run Behavior\ContentReplaceBehavior [ RunTime:0.000054s ]
INFO: [ template_filter ] --END-- [ RunTime:0.000118s ]
INFO: Run Behavior\ParseTemplateBehavior [ RunTime:0.004042s ]
INFO: [ view_parse ] --END-- [ RunTime:0.004122s ]
INFO: [ view_filter ] --START--
INFO: Run Behavior\WriteHtmlCacheBehavior [ RunTime:0.000044s ]
INFO: [ view_filter ] --END-- [ RunTime:0.000088s ]
INFO: [ app_end ] --START--
INFO: Run Behavior\ShowPageTraceBehavior [ RunTime:0.000038s ]
INFO: [ app_end ] --END-- [ RunTime:0.000082s ]

[ 2017-12-05T00:01:22+08:00 ] 115.196.20.209 /index.php/admin/Complain/huodong?action=config&&noCache=1512403363299
INFO: [ app_init ] --START--
INFO: Run Behavior\BuildLiteBehavior [ RunTime:0.000014s ]
INFO: [ app_init ] --END-- [ RunTime:0.000093s ]
INFO: [ app_begin ] --START--
INFO: Run Behavior\ReadHtmlCacheBehavior [ RunTime:0.000040s ]
INFO: [ app_begin ] --END-- [ RunTime:0.000095s ]
SQL: SHOW COLUMNS FROM `huodong` [ RunTime:0.0033s ]
SQL: SELECT * FROM `huodong` WHERE `id` = 0 LIMIT 1   [ RunTime:0.0030s ]
INFO: [ view_parse ] --START--
INFO: [ template_filter ] --START--
INFO: Run Behavior\ContentReplaceBehavior [ RunTime:0.000051s ]
INFO: [ template_filter ] --END-- [ RunTime:0.000106s ]
INFO: Run Behavior\ParseTemplateBehavior [ RunTime:0.003961s ]
INFO: [ view_parse ] --END-- [ RunTime:0.004021s ]
INFO: [ view_filter ] --START--
INFO: Run Behavior\WriteHtmlCacheBehavior [ RunTime:0.000039s ]
INFO: [ view_filter ] --END-- [ RunTime:0.000085s ]
INFO: [ app_end ] --START--
INFO: Run Behavior\ShowPageTraceBehavior [ RunTime:0.000037s ]
INFO: [ app_end ] --END-- [ RunTime:0.000085s ]

[ 2017-12-05T00:01:23+08:00 ] 72.14.199.80 /index.php/Admin/Complain/huodong/id/30.html
INFO: [ app_init ] --START--
INFO: Run Behavior\BuildLiteBehavior [ RunTime:0.000016s ]
INFO: [ app_init ] --END-- [ RunTime:0.000103s ]
INFO: [ app_begin ] --START--
INFO: Run Behavior\ReadHtmlCacheBehavior [ RunTime:0.000038s ]
INFO: [ app_begin ] --END-- [ RunTime:0.000091s ]
SQL: SHOW COLUMNS FROM `huodong` [ RunTime:0.0036s ]
SQL: SELECT * FROM `huodong` WHERE `id` = 30 LIMIT 1   [ RunTime:0.0034s ]
INFO: [ view_parse ] --START--
INFO: [ template_filter ] --START--
INFO: Run Behavior\ContentReplaceBehavior [ RunTime:0.000050s ]
INFO: [ template_filter ] --END-- [ RunTime:0.000103s ]
INFO: Run Behavior\ParseTemplateBehavior [ RunTime:0.003930s ]
INFO: [ view_parse ] --END-- [ RunTime:0.003988s ]
INFO: [ view_filter ] --START--
INFO: Run Behavior\WriteHtmlCacheBehavior [ RunTime:0.000038s ]
INFO: [ view_filter ] --END-- [ RunTime:0.000081s ]
INFO: [ app_end ] --START--
INFO: Run Behavior\ShowPageTraceBehavior [ RunTime:0.000034s ]
INFO: [ app_end ] --END-- [ RunTime:0.000087s ]

[ 2017-12-05T00:01:35+08:00 ] 203.208.60.129 /index.php/admin/Complain/huodong?action=config&&noCache=1511136000000
INFO: [ app_init ] --START--
INFO: Run Behavior\BuildLiteBehavior [ RunTime:0.000016s ]
INFO: [ app_init ] --END-- [ RunTime:0.000113s ]
INFO: [ app_begin ] --START--
INFO: Run Behavior\ReadHtmlCacheBehavior [ RunTime:0.000041s ]
INFO: [ app_begin ] --END-- [ RunTime:0.000093s ]
SQL: SHOW COLUMNS FROM `huodong` [ RunTime:0.0036s ]
SQL: SELECT * FROM `huodong` WHERE `id` = 0 LIMIT 1   [ RunTime:0.0033s ]
INFO: [ view_parse ] --START--
INFO: [ template_filter ] --START--
INFO: Run Behavior\ContentReplaceBehavior [ RunTime:0.000053s ]
INFO: [ template_filter ] --END-- [ RunTime:0.000112s ]
INFO: Run Behavior\ParseTemplateBehavior [ RunTime:0.004001s ]
INFO: [ view_parse ] --END-- [ RunTime:0.004063s ]
INFO: [ view_filter ] --START--
INFO: Run Behavior\WriteHtmlCacheBehavior [ RunTime:0.000040s ]
INFO: [ view_filter ] --END-- [ RunTime:0.000084s ]
INFO: [ app_end ] --START--
INFO: Run Behavior\ShowPageTraceBehavior [ RunTime:0.000036s ]
INFO: [ app_end ] --END-- [ RunTime:0.000079s ]

[ 2017-12-05T14:09:56+08:00 ] 112.17.246.95 /admin
INFO: [ app_init ] --START--
INFO: Run Behavior\BuildLiteBehavior [ RunTime:0.000017s ]
INFO: [ app_init ] --END-- [ RunTime:0.000109s ]
INFO: [ app_begin ] --START--
INFO: Run Behavior\ReadHtmlCacheBehavior [ RunTime:0.000040s ]
INFO: [ app_begin ] --END-- [ RunTime:0.000096s ]
SQL: SHOW COLUMNS FROM `dingdan` [ RunTime:0.0037s ]
SQL: SHOW COLUMNS FROM `wx_user` [ RunTime:0.0035s ]
SQL: SHOW COLUMNS FROM `fuwushang` [ RunTime:0.0035s ]

[ 2017-12-05T14:09:56+08:00 ] 112.17.246.95 /index.php/Admin/index/login.html
INFO: [ app_init ] --START--
INFO: Run Behavior\BuildLiteBehavior [ RunTime:0.000014s ]
INFO: [ app_init ] --END-- [ RunTime:0.000091s ]
INFO: [ app_begin ] --START--
INFO: Run Behavior\ReadHtmlCacheBehavior [ RunTime:0.000039s ]
INFO: [ app_begin ] --END-- [ RunTime:0.000097s ]
SQL: SHOW COLUMNS FROM `users` [ RunTime:0.0035s ]
INFO: [ view_parse ] --START--
INFO: [ template_filter ] --START--
INFO: Run Behavior\ContentReplaceBehavior [ RunTime:0.000043s ]
INFO: [ template_filter ] --END-- [ RunTime:0.000099s ]
INFO: Run Behavior\ParseTemplateBehavior [ RunTime:0.001646s ]
INFO: [ view_parse ] --END-- [ RunTime:0.001702s ]
INFO: [ view_filter ] --START--
INFO: Run Behavior\WriteHtmlCacheBehavior [ RunTime:0.000041s ]
INFO: [ view_filter ] --END-- [ RunTime:0.000085s ]
INFO: [ app_end ] --START--
INFO: Run Behavior\ShowPageTraceBehavior [ RunTime:0.000040s ]
INFO: [ app_end ] --END-- [ RunTime:0.000089s ]

[ 2017-12-05T14:10:05+08:00 ] 120.204.17.70 /admin
INFO: [ app_init ] --START--
INFO: Run Behavior\BuildLiteBehavior [ RunTime:0.000021s ]
INFO: [ app_init ] --END-- [ RunTime:0.000140s ]
INFO: [ app_begin ] --START--
INFO: Run Behavior\ReadHtmlCacheBehavior [ RunTime:0.000051s ]
INFO: [ app_begin ] --END-- [ RunTime:0.000110s ]
SQL: SHOW COLUMNS FROM `dingdan` [ RunTime:0.0037s ]
SQL: SHOW COLUMNS FROM `wx_user` [ RunTime:0.0034s ]
SQL: SHOW COLUMNS FROM `fuwushang` [ RunTime:0.0035s ]

[ 2017-12-05T14:10:06+08:00 ] 120.204.17.70 /index.php/Admin/index/login.html
INFO: [ app_init ] --START--
INFO: Run Behavior\BuildLiteBehavior [ RunTime:0.000017s ]
INFO: [ app_init ] --END-- [ RunTime:0.000109s ]
INFO: [ app_begin ] --START--
INFO: Run Behavior\ReadHtmlCacheBehavior [ RunTime:0.000059s ]
INFO: [ app_begin ] --END-- [ RunTime:0.000119s ]
SQL: SHOW COLUMNS FROM `users` [ RunTime:0.0035s ]
INFO: [ view_parse ] --START--
INFO: [ template_filter ] --START--
INFO: Run Behavior\ContentReplaceBehavior [ RunTime:0.000049s ]
INFO: [ template_filter ] --END-- [ RunTime:0.000110s ]
INFO: Run Behavior\ParseTemplateBehavior [ RunTime:0.001969s ]
INFO: [ view_parse ] --END-- [ RunTime:0.002026s ]
INFO: [ view_filter ] --START--
INFO: Run Behavior\WriteHtmlCacheBehavior [ RunTime:0.000063s ]
INFO: [ view_filter ] --END-- [ RunTime:0.000105s ]
INFO: [ app_end ] --START--
INFO: Run Behavior\ShowPageTraceBehavior [ RunTime:0.000039s ]
INFO: [ app_end ] --END-- [ RunTime:0.000084s ]

[ 2017-12-05T14:10:12+08:00 ] 112.17.246.95 /index.php/Admin/index/login.html
INFO: [ app_init ] --START--
INFO: Run Behavior\BuildLiteBehavior [ RunTime:0.000017s ]
INFO: [ app_init ] --END-- [ RunTime:0.000115s ]
INFO: [ app_begin ] --START--
INFO: Run Behavior\ReadHtmlCacheBehavior [ RunTime:0.000040s ]
INFO: [ app_begin ] --END-- [ RunTime:0.000096s ]
SQL: SHOW COLUMNS FROM `users` [ RunTime:0.0039s ]
SQL: SELECT * FROM `users` WHERE `name` = 'admin' AND `pwds` = 'e10adc3949ba59abbe56e057f20f883e'  [ RunTime:0.0036s ]

[ 2017-12-05T14:10:12+08:00 ] 112.17.246.95 /index.php/Admin/index/index.html
INFO: [ app_init ] --START--
INFO: Run Behavior\BuildLiteBehavior [ RunTime:0.000014s ]
INFO: [ app_init ] --END-- [ RunTime:0.000095s ]
INFO: [ app_begin ] --START--
INFO: Run Behavior\ReadHtmlCacheBehavior [ RunTime:0.000039s ]
INFO: [ app_begin ] --END-- [ RunTime:0.000095s ]
SQL: SHOW COLUMNS FROM `dingdan` [ RunTime:0.0037s ]
SQL: SHOW COLUMNS FROM `wx_user` [ RunTime:0.0035s ]
SQL: SHOW COLUMNS FROM `fuwushang` [ RunTime:0.0035s ]
NOTIC: [8] Undefined variable: where /bweb/www.buy297.com/wangxin/Admin/Controller/IndexController.class.php 第 22 行.
SQL: SELECT COUNT(*) AS tp_count FROM `dingdan` LIMIT 1   [ RunTime:0.0033s ]
NOTIC: [8] Undefined variable: where /bweb/www.buy297.com/wangxin/Admin/Controller/IndexController.class.php 第 23 行.
SQL: SELECT COUNT(*) AS tp_count FROM `wx_user` LIMIT 1   [ RunTime:0.0033s ]
NOTIC: [8] Undefined variable: where /bweb/www.buy297.com/wangxin/Admin/Controller/IndexController.class.php 第 24 行.
SQL: SELECT COUNT(*) AS tp_count FROM `fuwushang` LIMIT 1   [ RunTime:0.0037s ]
NOTIC: [8] Undefined variable: where /bweb/www.buy297.com/wangxin/Admin/Controller/IndexController.class.php 第 25 行.
SQL: SELECT * FROM `dingdan` ORDER BY id desc LIMIT 0,8   [ RunTime:0.0035s ]
INFO: [ view_parse ] --START--
INFO: [ template_filter ] --START--
INFO: Run Behavior\ContentReplaceBehavior [ RunTime:0.000066s ]
INFO: [ template_filter ] --END-- [ RunTime:0.000134s ]
INFO: Run Behavior\ParseTemplateBehavior [ RunTime:0.007179s ]
INFO: [ view_parse ] --END-- [ RunTime:0.007250s ]
INFO: [ view_filter ] --START--
INFO: Run Behavior\WriteHtmlCacheBehavior [ RunTime:0.000050s ]
INFO: [ view_filter ] --END-- [ RunTime:0.000099s ]
INFO: [ app_end ] --START--
INFO: Run Behavior\ShowPageTraceBehavior [ RunTime:0.000046s ]
INFO: [ app_end ] --END-- [ RunTime:0.000098s ]

[ 2017-12-05T14:10:32+08:00 ] 101.226.233.157 /index.php/Admin/index/index.html
INFO: [ app_init ] --START--
INFO: Run Behavior\BuildLiteBehavior [ RunTime:0.000018s ]
INFO: [ app_init ] --END-- [ RunTime:0.000116s ]
INFO: [ app_begin ] --START--
INFO: Run Behavior\ReadHtmlCacheBehavior [ RunTime:0.000047s ]
INFO: [ app_begin ] --END-- [ RunTime:0.000108s ]
SQL: SHOW COLUMNS FROM `dingdan` [ RunTime:0.0038s ]
SQL: SHOW COLUMNS FROM `wx_user` [ RunTime:0.0036s ]
SQL: SHOW COLUMNS FROM `fuwushang` [ RunTime:0.0036s ]

[ 2017-12-05T14:11:12+08:00 ] 112.17.246.95 /admin
INFO: [ app_init ] --START--
INFO: Run Behavior\BuildLiteBehavior [ RunTime:0.000016s ]
INFO: [ app_init ] --END-- [ RunTime:0.000107s ]
INFO: [ app_begin ] --START--
INFO: Run Behavior\ReadHtmlCacheBehavior [ RunTime:0.000049s ]
INFO: [ app_begin ] --END-- [ RunTime:0.000103s ]
SQL: SHOW COLUMNS FROM `dingdan` [ RunTime:0.0038s ]
SQL: SHOW COLUMNS FROM `wx_user` [ RunTime:0.0036s ]
SQL: SHOW COLUMNS FROM `fuwushang` [ RunTime:0.0037s ]
NOTIC: [8] Undefined variable: where /bweb/www.buy297.com/wangxin/Admin/Controller/IndexController.class.php 第 22 行.
SQL: SELECT COUNT(*) AS tp_count FROM `dingdan` LIMIT 1   [ RunTime:0.0034s ]
NOTIC: [8] Undefined variable: where /bweb/www.buy297.com/wangxin/Admin/Controller/IndexController.class.php 第 23 行.
SQL: SELECT COUNT(*) AS tp_count FROM `wx_user` LIMIT 1   [ RunTime:0.0034s ]
NOTIC: [8] Undefined variable: where /bweb/www.buy297.com/wangxin/Admin/Controller/IndexController.class.php 第 24 行.
SQL: SELECT COUNT(*) AS tp_count FROM `fuwushang` LIMIT 1   [ RunTime:0.0034s ]
NOTIC: [8] Undefined variable: where /bweb/www.buy297.com/wangxin/Admin/Controller/IndexController.class.php 第 25 行.
SQL: SELECT * FROM `dingdan` ORDER BY id desc LIMIT 0,8   [ RunTime:0.0035s ]
INFO: [ view_parse ] --START--
INFO: [ template_filter ] --START--
INFO: Run Behavior\ContentReplaceBehavior [ RunTime:0.000059s ]
INFO: [ template_filter ] --END-- [ RunTime:0.000114s ]
INFO: Run Behavior\ParseTemplateBehavior [ RunTime:0.006512s ]
INFO: [ view_parse ] --END-- [ RunTime:0.006573s ]
INFO: [ view_filter ] --START--
INFO: Run Behavior\WriteHtmlCacheBehavior [ RunTime:0.000043s ]
INFO: [ view_filter ] --END-- [ RunTime:0.000085s ]
INFO: [ app_end ] --START--
INFO: Run Behavior\ShowPageTraceBehavior [ RunTime:0.000041s ]
INFO: [ app_end ] --END-- [ RunTime:0.000088s ]

[ 2017-12-05T14:23:20+08:00 ] 115.198.91.239 /index.php/admin
INFO: [ app_init ] --START--
INFO: Run Behavior\BuildLiteBehavior [ RunTime:0.000015s ]
INFO: [ app_init ] --END-- [ RunTime:0.000118s ]
INFO: [ app_begin ] --START--
INFO: Run Behavior\ReadHtmlCacheBehavior [ RunTime:0.000040s ]
INFO: [ app_begin ] --END-- [ RunTime:0.000095s ]
SQL: SHOW COLUMNS FROM `dingdan` [ RunTime:0.0036s ]
SQL: SHOW COLUMNS FROM `wx_user` [ RunTime:0.0035s ]
SQL: SHOW COLUMNS FROM `fuwushang` [ RunTime:0.0034s ]

[ 2017-12-05T14:23:20+08:00 ] 115.198.91.239 /index.php/Admin/index/login.html
INFO: [ app_init ] --START--
INFO: Run Behavior\BuildLiteBehavior [ RunTime:0.000012s ]
INFO: [ app_init ] --END-- [ RunTime:0.000076s ]
INFO: [ app_begin ] --START--
INFO: Run Behavior\ReadHtmlCacheBehavior [ RunTime:0.000034s ]
INFO: [ app_begin ] --END-- [ RunTime:0.000084s ]
SQL: SHOW COLUMNS FROM `users` [ RunTime:0.0035s ]
INFO: [ view_parse ] --START--
INFO: [ template_filter ] --START--
INFO: Run Behavior\ContentReplaceBehavior [ RunTime:0.000041s ]
INFO: [ template_filter ] --END-- [ RunTime:0.000101s ]
INFO: Run Behavior\ParseTemplateBehavior [ RunTime:0.001612s ]
INFO: [ view_parse ] --END-- [ RunTime:0.001665s ]
INFO: [ view_filter ] --START--
INFO: Run Behavior\WriteHtmlCacheBehavior [ RunTime:0.000040s ]
INFO: [ view_filter ] --END-- [ RunTime:0.000081s ]
INFO: [ app_end ] --START--
INFO: Run Behavior\ShowPageTraceBehavior [ RunTime:0.000036s ]
INFO: [ app_end ] --END-- [ RunTime:0.000079s ]

[ 2017-12-05T14:50:20+08:00 ] 60.184.135.138 /admin
INFO: [ app_init ] --START--
INFO: Run Behavior\BuildLiteBehavior [ RunTime:0.000023s ]
INFO: [ app_init ] --END-- [ RunTime:0.000184s ]
INFO: [ app_begin ] --START--
INFO: Run Behavior\ReadHtmlCacheBehavior [ RunTime:0.000045s ]
INFO: [ app_begin ] --END-- [ RunTime:0.000103s ]
SQL: SHOW COLUMNS FROM `dingdan` [ RunTime:0.0037s ]
SQL: SHOW COLUMNS FROM `wx_user` [ RunTime:0.0035s ]
SQL: SHOW COLUMNS FROM `fuwushang` [ RunTime:0.0036s ]

[ 2017-12-05T14:50:20+08:00 ] 60.184.135.138 /index.php/Admin/index/login.html
INFO: [ app_init ] --START--
INFO: Run Behavior\BuildLiteBehavior [ RunTime:0.000014s ]
INFO: [ app_init ] --END-- [ RunTime:0.000097s ]
INFO: [ app_begin ] --START--
INFO: Run Behavior\ReadHtmlCacheBehavior [ RunTime:0.000040s ]
INFO: [ app_begin ] --END-- [ RunTime:0.000096s ]
SQL: SHOW COLUMNS FROM `users` [ RunTime:0.0038s ]
INFO: [ view_parse ] --START--
INFO: [ template_filter ] --START--
INFO: Run Behavior\ContentReplaceBehavior [ RunTime:0.000054s ]
INFO: [ template_filter ] --END-- [ RunTime:0.000120s ]
INFO: Run Behavior\ParseTemplateBehavior [ RunTime:0.002023s ]
INFO: [ view_parse ] --END-- [ RunTime:0.002084s ]
INFO: [ view_filter ] --START--
INFO: Run Behavior\WriteHtmlCacheBehavior [ RunTime:0.000046s ]
INFO: [ view_filter ] --END-- [ RunTime:0.000101s ]
INFO: [ app_end ] --START--
INFO: Run Behavior\ShowPageTraceBehavior [ RunTime:0.000047s ]
INFO: [ app_end ] --END-- [ RunTime:0.000093s ]

[ 2017-12-05T14:50:25+08:00 ] 60.184.135.138 /index.php/Admin/index/login.html
INFO: [ app_init ] --START--
INFO: Run Behavior\BuildLiteBehavior [ RunTime:0.000035s ]
INFO: [ app_init ] --END-- [ RunTime:0.000166s ]
INFO: [ app_begin ] --START--
INFO: Run Behavior\ReadHtmlCacheBehavior [ RunTime:0.000057s ]
INFO: [ app_begin ] --END-- [ RunTime:0.000120s ]
SQL: SHOW COLUMNS FROM `users` [ RunTime:0.0035s ]
SQL: SELECT * FROM `users` WHERE `name` = 'admin' AND `pwds` = 'e10adc3949ba59abbe56e057f20f883e'  [ RunTime:0.0031s ]

[ 2017-12-05T14:50:26+08:00 ] 60.184.135.138 /index.php/Admin/index/index.html
INFO: [ app_init ] --START--
INFO: Run Behavior\BuildLiteBehavior [ RunTime:0.000012s ]
INFO: [ app_init ] --END-- [ RunTime:0.000097s ]
INFO: [ app_begin ] --START--
INFO: Run Behavior\ReadHtmlCacheBehavior [ RunTime:0.000034s ]
INFO: [ app_begin ] --END-- [ RunTime:0.000086s ]
SQL: SHOW COLUMNS FROM `dingdan` [ RunTime:0.0036s ]
SQL: SHOW COLUMNS FROM `wx_user` [ RunTime:0.0034s ]
SQL: SHOW COLUMNS FROM `fuwushang` [ RunTime:0.0035s ]
NOTIC: [8] Undefined variable: where /bweb/www.buy297.com/wangxin/Admin/Controller/IndexController.class.php 第 22 行.
SQL: SELECT COUNT(*) AS tp_count FROM `dingdan` LIMIT 1   [ RunTime:0.0038s ]
NOTIC: [8] Undefined variable: where /bweb/www.buy297.com/wangxin/Admin/Controller/IndexController.class.php 第 23 行.
SQL: SELECT COUNT(*) AS tp_count FROM `wx_user` LIMIT 1   [ RunTime:0.0032s ]
NOTIC: [8] Undefined variable: where /bweb/www.buy297.com/wangxin/Admin/Controller/IndexController.class.php 第 24 行.
SQL: SELECT COUNT(*) AS tp_count FROM `fuwushang` LIMIT 1   [ RunTime:0.0032s ]
NOTIC: [8] Undefined variable: where /bweb/www.buy297.com/wangxin/Admin/Controller/IndexController.class.php 第 25 行.
SQL: SELECT * FROM `dingdan` ORDER BY id desc LIMIT 0,8   [ RunTime:0.0035s ]
INFO: [ view_parse ] --START--
INFO: [ template_filter ] --START--
INFO: Run Behavior\ContentReplaceBehavior [ RunTime:0.000079s ]
INFO: [ template_filter ] --END-- [ RunTime:0.000144s ]
INFO: Run Behavior\ParseTemplateBehavior [ RunTime:0.006858s ]
INFO: [ view_parse ] --END-- [ RunTime:0.006917s ]
INFO: [ view_filter ] --START--
INFO: Run Behavior\WriteHtmlCacheBehavior [ RunTime:0.000046s ]
INFO: [ view_filter ] --END-- [ RunTime:0.000089s ]
INFO: [ app_end ] --START--
INFO: Run Behavior\ShowPageTraceBehavior [ RunTime:0.000052s ]
INFO: [ app_end ] --END-- [ RunTime:0.000098s ]

[ 2017-12-05T15:12:58+08:00 ] 60.184.134.87 /index.php/Admin/index/index.html
INFO: [ app_init ] --START--
INFO: Run Behavior\BuildLiteBehavior [ RunTime:0.000021s ]
INFO: [ app_init ] --END-- [ RunTime:0.000144s ]
INFO: [ app_begin ] --START--
INFO: Run Behavior\ReadHtmlCacheBehavior [ RunTime:0.000049s ]
INFO: [ app_begin ] --END-- [ RunTime:0.000105s ]
SQL: SHOW COLUMNS FROM `dingdan` [ RunTime:0.0034s ]
SQL: SHOW COLUMNS FROM `wx_user` [ RunTime:0.0032s ]
SQL: SHOW COLUMNS FROM `fuwushang` [ RunTime:0.0033s ]
NOTIC: [8] Undefined variable: where /bweb/www.buy297.com/wangxin/Admin/Controller/IndexController.class.php 第 22 行.
SQL: SELECT COUNT(*) AS tp_count FROM `dingdan` LIMIT 1   [ RunTime:0.0032s ]
NOTIC: [8] Undefined variable: where /bweb/www.buy297.com/wangxin/Admin/Controller/IndexController.class.php 第 23 行.
SQL: SELECT COUNT(*) AS tp_count FROM `wx_user` LIMIT 1   [ RunTime:0.0031s ]
NOTIC: [8] Undefined variable: where /bweb/www.buy297.com/wangxin/Admin/Controller/IndexController.class.php 第 24 行.
SQL: SELECT COUNT(*) AS tp_count FROM `fuwushang` LIMIT 1   [ RunTime:0.0031s ]
NOTIC: [8] Undefined variable: where /bweb/www.buy297.com/wangxin/Admin/Controller/IndexController.class.php 第 25 行.
SQL: SELECT * FROM `dingdan` ORDER BY id desc LIMIT 0,8   [ RunTime:0.0031s ]
INFO: [ view_parse ] --START--
INFO: [ template_filter ] --START--
INFO: Run Behavior\ContentReplaceBehavior [ RunTime:0.000089s ]
INFO: [ template_filter ] --END-- [ RunTime:0.000149s ]
INFO: Run Behavior\ParseTemplateBehavior [ RunTime:0.007090s ]
INFO: [ view_parse ] --END-- [ RunTime:0.007155s ]
INFO: [ view_filter ] --START--
INFO: Run Behavior\WriteHtmlCacheBehavior [ RunTime:0.000048s ]
INFO: [ view_filter ] --END-- [ RunTime:0.000091s ]
INFO: [ app_end ] --START--
INFO: Run Behavior\ShowPageTraceBehavior [ RunTime:0.000051s ]
INFO: [ app_end ] --END-- [ RunTime:0.000100s ]

[ 2017-12-05T15:12:59+08:00 ] 60.184.134.87 /index.php/Admin/index/accout.html
INFO: [ app_init ] --START--
INFO: Run Behavior\BuildLiteBehavior [ RunTime:0.000016s ]
INFO: [ app_init ] --END-- [ RunTime:0.000102s ]
INFO: [ app_begin ] --START--
INFO: Run Behavior\ReadHtmlCacheBehavior [ RunTime:0.000040s ]
INFO: [ app_begin ] --END-- [ RunTime:0.000092s ]
SQL: SHOW COLUMNS FROM `users` [ RunTime:0.0036s ]
NOTIC: [8] Undefined variable: where /bweb/www.buy297.com/wangxin/Admin/Controller/IndexController.class.php 第 47 行.
SQL: SELECT COUNT(*) AS tp_count FROM `users` LIMIT 1   [ RunTime:0.0033s ]
NOTIC: [8] Undefined variable: where /bweb/www.buy297.com/wangxin/Admin/Controller/IndexController.class.php 第 50 行.
SQL: SELECT * FROM `users` ORDER BY id desc LIMIT 0,8   [ RunTime:0.0033s ]
INFO: [ view_parse ] --START--
INFO: [ template_filter ] --START--
INFO: Run Behavior\ContentReplaceBehavior [ RunTime:0.000070s ]
INFO: [ template_filter ] --END-- [ RunTime:0.000125s ]
INFO: Run Behavior\ParseTemplateBehavior [ RunTime:0.007174s ]
INFO: [ view_parse ] --END-- [ RunTime:0.007230s ]
INFO: [ view_filter ] --START--
INFO: Run Behavior\WriteHtmlCacheBehavior [ RunTime:0.000040s ]
INFO: [ view_filter ] --END-- [ RunTime:0.000083s ]
INFO: [ app_end ] --START--
INFO: Run Behavior\ShowPageTraceBehavior [ RunTime:0.000045s ]
INFO: [ app_end ] --END-- [ RunTime:0.000093s ]

[ 2017-12-05T15:13:01+08:00 ] 60.184.134.87 /index.php/Admin/index/widgets.html
INFO: [ app_init ] --START--
INFO: Run Behavior\BuildLiteBehavior [ RunTime:0.000016s ]
INFO: [ app_init ] --END-- [ RunTime:0.000103s ]
INFO: [ app_begin ] --START--
INFO: Run Behavior\ReadHtmlCacheBehavior [ RunTime:0.000039s ]
INFO: [ app_begin ] --END-- [ RunTime:0.000090s ]
SQL: SHOW COLUMNS FROM `dingdan` [ RunTime:0.0035s ]
NOTIC: [8] Undefined variable: where /bweb/www.buy297.com/wangxin/Admin/Controller/IndexController.class.php 第 556 行.
SQL: SELECT COUNT(*) AS tp_count FROM `dingdan` LIMIT 1   [ RunTime:0.0032s ]
NOTIC: [8] Undefined variable: where /bweb/www.buy297.com/wangxin/Admin/Controller/IndexController.class.php 第 559 行.
SQL: SELECT * FROM `dingdan` ORDER BY id asc LIMIT 0,8   [ RunTime:0.0032s ]
INFO: [ view_parse ] --START--
INFO: [ template_filter ] --START--
INFO: Run Behavior\ContentReplaceBehavior [ RunTime:0.000074s ]
INFO: [ template_filter ] --END-- [ RunTime:0.000130s ]
INFO: Run Behavior\ParseTemplateBehavior [ RunTime:0.006532s ]
INFO: [ view_parse ] --END-- [ RunTime:0.006595s ]
INFO: [ view_filter ] --START--
INFO: Run Behavior\WriteHtmlCacheBehavior [ RunTime:0.000041s ]
INFO: [ view_filter ] --END-- [ RunTime:0.000083s ]
INFO: [ app_end ] --START--
INFO: Run Behavior\ShowPageTraceBehavior [ RunTime:0.000048s ]
INFO: [ app_end ] --END-- [ RunTime:0.000096s ]

[ 2017-12-05T15:13:03+08:00 ] 60.184.134.87 /index.php/Admin/index/tables.html
INFO: [ app_init ] --START--
INFO: Run Behavior\BuildLiteBehavior [ RunTime:0.000017s ]
INFO: [ app_init ] --END-- [ RunTime:0.000112s ]
INFO: [ app_begin ] --START--
INFO: Run Behavior\ReadHtmlCacheBehavior [ RunTime:0.000044s ]
INFO: [ app_begin ] --END-- [ RunTime:0.000118s ]
SQL: SHOW COLUMNS FROM `wx_user` [ RunTime:0.0037s ]
NOTIC: [8] Undefined variable: where /bweb/www.buy297.com/wangxin/Admin/Controller/IndexController.class.php 第 327 行.
SQL: SELECT COUNT(*) AS tp_count FROM `wx_user` LIMIT 1   [ RunTime:0.0033s ]
NOTIC: [8] Undefined variable: where /bweb/www.buy297.com/wangxin/Admin/Controller/IndexController.class.php 第 330 行.
SQL: SELECT * FROM `wx_user` ORDER BY id desc LIMIT 0,8   [ RunTime:0.0034s ]
INFO: [ view_parse ] --START--
INFO: [ template_filter ] --START--
INFO: Run Behavior\ContentReplaceBehavior [ RunTime:0.000072s ]
INFO: [ template_filter ] --END-- [ RunTime:0.000131s ]
NOTIC: [8] Use of undefined constant img - assumed 'img' /bweb/www.buy297.com/wangxin/Runtime/Cache/Admin/6f827b76189b7a5fcecd7832ef52cffd.php 第 166 行.
NOTIC: [8] Use of undefined constant img - assumed 'img' /bweb/www.buy297.com/wangxin/Runtime/Cache/Admin/6f827b76189b7a5fcecd7832ef52cffd.php 第 166 行.
NOTIC: [8] Use of undefined constant img - assumed 'img' /bweb/www.buy297.com/wangxin/Runtime/Cache/Admin/6f827b76189b7a5fcecd7832ef52cffd.php 第 166 行.
NOTIC: [8] Use of undefined constant img - assumed 'img' /bweb/www.buy297.com/wangxin/Runtime/Cache/Admin/6f827b76189b7a5fcecd7832ef52cffd.php 第 166 行.
NOTIC: [8] Use of undefined constant img - assumed 'img' /bweb/www.buy297.com/wangxin/Runtime/Cache/Admin/6f827b76189b7a5fcecd7832ef52cffd.php 第 166 行.
NOTIC: [8] Use of undefined constant img - assumed 'img' /bweb/www.buy297.com/wangxin/Runtime/Cache/Admin/6f827b76189b7a5fcecd7832ef52cffd.php 第 166 行.
NOTIC: [8] Use of undefined constant img - assumed 'img' /bweb/www.buy297.com/wangxin/Runtime/Cache/Admin/6f827b76189b7a5fcecd7832ef52cffd.php 第 166 行.
NOTIC: [8] Use of undefined constant img - assumed 'img' /bweb/www.buy297.com/wangxin/Runtime/Cache/Admin/6f827b76189b7a5fcecd7832ef52cffd.php 第 166 行.
INFO: Run Behavior\ParseTemplateBehavior [ RunTime:0.007431s ]
INFO: [ view_parse ] --END-- [ RunTime:0.007484s ]
INFO: [ view_filter ] --START--
INFO: Run Behavior\WriteHtmlCacheBehavior [ RunTime:0.000038s ]
INFO: [ view_filter ] --END-- [ RunTime:0.000081s ]
INFO: [ app_end ] --START--
INFO: Run Behavior\ShowPageTraceBehavior [ RunTime:0.000036s ]
INFO: [ app_end ] --END-- [ RunTime:0.000082s ]

[ 2017-12-05T15:13:04+08:00 ] 60.184.134.87 /index.php/Admin/index/facilitator.html
INFO: [ app_init ] --START--
INFO: Run Behavior\BuildLiteBehavior [ RunTime:0.000017s ]
INFO: [ app_init ] --END-- [ RunTime:0.000115s ]
INFO: [ app_begin ] --START--
INFO: Run Behavior\ReadHtmlCacheBehavior [ RunTime:0.000044s ]
INFO: [ app_begin ] --END-- [ RunTime:0.000116s ]
SQL: SHOW COLUMNS FROM `fuwushang` [ RunTime:0.0035s ]
NOTIC: [8] Undefined variable: where /bweb/www.buy297.com/wangxin/Admin/Controller/IndexController.class.php 第 374 行.
SQL: SELECT COUNT(*) AS tp_count FROM `fuwushang` LIMIT 1   [ RunTime:0.0035s ]
NOTIC: [8] Undefined variable: where /bweb/www.buy297.com/wangxin/Admin/Controller/IndexController.class.php 第 379 行.
SQL: SELECT * FROM `fuwushang` ORDER BY id asc LIMIT 0,5   [ RunTime:0.0036s ]
NOTIC: [8] Undefined variable: s /bweb/www.buy297.com/wangxin/Admin/Controller/IndexController.class.php 第 400 行.
NOTIC: [8] Undefined variable: w /bweb/www.buy297.com/wangxin/Admin/Controller/IndexController.class.php 第 400 行.
NOTIC: [2] array_combine() expects parameter 1 to be array, null given /bweb/www.buy297.com/wangxin/Admin/Controller/IndexController.class.php 第 400 行.
INFO: [ view_parse ] --START--
INFO: [ template_filter ] --START--
INFO: Run Behavior\ContentReplaceBehavior [ RunTime:0.000076s ]
INFO: [ template_filter ] --END-- [ RunTime:0.000133s ]
NOTIC: [8] Use of undefined constant img - assumed 'img' /bweb/www.buy297.com/wangxin/Runtime/Cache/Admin/27606d6fdcd443905fb7970b3478e4b7.php 第 170 行.
NOTIC: [8] Use of undefined constant image - assumed 'image' /bweb/www.buy297.com/wangxin/Runtime/Cache/Admin/27606d6fdcd443905fb7970b3478e4b7.php 第 171 行.
NOTIC: [8] Use of undefined constant img - assumed 'img' /bweb/www.buy297.com/wangxin/Runtime/Cache/Admin/27606d6fdcd443905fb7970b3478e4b7.php 第 170 行.
NOTIC: [8] Use of undefined constant image - assumed 'image' /bweb/www.buy297.com/wangxin/Runtime/Cache/Admin/27606d6fdcd443905fb7970b3478e4b7.php 第 171 行.
NOTIC: [8] Use of undefined constant img - assumed 'img' /bweb/www.buy297.com/wangxin/Runtime/Cache/Admin/27606d6fdcd443905fb7970b3478e4b7.php 第 170 行.
NOTIC: [8] Use of undefined constant image - assumed 'image' /bweb/www.buy297.com/wangxin/Runtime/Cache/Admin/27606d6fdcd443905fb7970b3478e4b7.php 第 171 行.
NOTIC: [8] Use of undefined constant img - assumed 'img' /bweb/www.buy297.com/wangxin/Runtime/Cache/Admin/27606d6fdcd443905fb7970b3478e4b7.php 第 170 行.
NOTIC: [8] Use of undefined constant image - assumed 'image' /bweb/www.buy297.com/wangxin/Runtime/Cache/Admin/27606d6fdcd443905fb7970b3478e4b7.php 第 171 行.
NOTIC: [8] Use of undefined constant img - assumed 'img' /bweb/www.buy297.com/wangxin/Runtime/Cache/Admin/27606d6fdcd443905fb7970b3478e4b7.php 第 170 行.
NOTIC: [8] Use of undefined constant image - assumed 'image' /bweb/www.buy297.com/wangxin/Runtime/Cache/Admin/27606d6fdcd443905fb7970b3478e4b7.php 第 171 行.
INFO: Run Behavior\ParseTemplateBehavior [ RunTime:0.008602s ]
INFO: [ view_parse ] --END-- [ RunTime:0.008658s ]
INFO: [ view_filter ] --START--
INFO: Run Behavior\WriteHtmlCacheBehavior [ RunTime:0.000040s ]
INFO: [ view_filter ] --END-- [ RunTime:0.000093s ]
INFO: [ app_end ] --START--
INFO: Run Behavior\ShowPageTraceBehavior [ RunTime:0.000040s ]
INFO: [ app_end ] --END-- [ RunTime:0.000086s ]

[ 2017-12-05T15:13:05+08:00 ] 60.184.134.87 /index.php/Admin/index/qylr.html
INFO: [ app_init ] --START--
INFO: Run Behavior\BuildLiteBehavior [ RunTime:0.000028s ]
INFO: [ app_init ] --END-- [ RunTime:0.000124s ]
INFO: [ app_begin ] --START--
INFO: Run Behavior\ReadHtmlCacheBehavior [ RunTime:0.000043s ]
INFO: [ app_begin ] --END-- [ RunTime:0.000108s ]
SQL: SHOW COLUMNS FROM `qy_luru` [ RunTime:0.0041s ]
SQL: SHOW COLUMNS FROM `qyinfo` [ RunTime:0.0038s ]
SQL: SELECT * FROM `qyinfo` WHERE `starlet` = 1  [ RunTime:0.0037s ]
NOTIC: [8] Undefined variable: where /bweb/www.buy297.com/wangxin/Admin/Controller/IndexController.class.php 第 603 行.
SQL: SELECT COUNT(*) AS tp_count FROM `qy_luru` LIMIT 1   [ RunTime:0.0036s ]
NOTIC: [8] Undefined variable: where /bweb/www.buy297.com/wangxin/Admin/Controller/IndexController.class.php 第 606 行.
SQL: SELECT * FROM `qy_luru` ORDER BY id asc LIMIT 0,8   [ RunTime:0.0036s ]
INFO: [ view_parse ] --START--
INFO: [ template_filter ] --START--
INFO: Run Behavior\ContentReplaceBehavior [ RunTime:0.000085s ]
INFO: [ template_filter ] --END-- [ RunTime:0.000150s ]
INFO: Run Behavior\ParseTemplateBehavior [ RunTime:0.010153s ]
INFO: [ view_parse ] --END-- [ RunTime:0.010217s ]
INFO: [ view_filter ] --START--
INFO: Run Behavior\WriteHtmlCacheBehavior [ RunTime:0.000041s ]
INFO: [ view_filter ] --END-- [ RunTime:0.000089s ]
INFO: [ app_end ] --START--
INFO: Run Behavior\ShowPageTraceBehavior [ RunTime:0.000039s ]
INFO: [ app_end ] --END-- [ RunTime:0.000091s ]

[ 2017-12-05T15:13:06+08:00 ] 60.184.134.87 /index.php/Admin/index/grid.html
INFO: [ app_init ] --START--
INFO: Run Behavior\BuildLiteBehavior [ RunTime:0.000016s ]
INFO: [ app_init ] --END-- [ RunTime:0.000102s ]
INFO: [ app_begin ] --START--
INFO: Run Behavior\ReadHtmlCacheBehavior [ RunTime:0.000038s ]
INFO: [ app_begin ] --END-- [ RunTime:0.000089s ]
SQL: SHOW COLUMNS FROM `fuwu` [ RunTime:0.0036s ]
SQL: SELECT DISTINCT  `f_id` FROM `fuwu`  [ RunTime:0.0033s ]
SQL: SELECT `name`,`id` FROM `fuwu` WHERE `id` IN ('20','21','22','23','24','25','26','27','28','31','30','32','29','33','34','35','36')  [ RunTime:0.0033s ]
SQL: SELECT COUNT(*) AS tp_count FROM `fuwu` WHERE `f_id` NOT IN ('0') AND `id` NOT IN ('20','21','22','23','24','25','26','27','28','31','30','32','29','33','34','35','36') LIMIT 1   [ RunTime:0.0034s ]
SQL: SELECT * FROM `fuwu` WHERE `f_id` NOT IN ('0') AND `id` NOT IN ('20','21','22','23','24','25','26','27','28','31','30','32','29','33','34','35','36') ORDER BY id desc LIMIT 0,8   [ RunTime:0.0034s ]
INFO: [ view_parse ] --START--
INFO: [ template_filter ] --START--
INFO: Run Behavior\ContentReplaceBehavior [ RunTime:0.000076s ]
INFO: [ template_filter ] --END-- [ RunTime:0.000132s ]
NOTIC: [8] Use of undefined constant img - assumed 'img' /bweb/www.buy297.com/wangxin/Runtime/Cache/Admin/4fcf460e37905d33a6bf319b1a196864.php 第 164 行.
NOTIC: [8] Use of undefined constant image - assumed 'image' /bweb/www.buy297.com/wangxin/Runtime/Cache/Admin/4fcf460e37905d33a6bf319b1a196864.php 第 165 行.
NOTIC: [8] Use of undefined constant img - assumed 'img' /bweb/www.buy297.com/wangxin/Runtime/Cache/Admin/4fcf460e37905d33a6bf319b1a196864.php 第 164 行.
NOTIC: [8] Use of undefined constant image - assumed 'image' /bweb/www.buy297.com/wangxin/Runtime/Cache/Admin/4fcf460e37905d33a6bf319b1a196864.php 第 165 行.
NOTIC: [8] Use of undefined constant img - assumed 'img' /bweb/www.buy297.com/wangxin/Runtime/Cache/Admin/4fcf460e37905d33a6bf319b1a196864.php 第 164 行.
NOTIC: [8] Use of undefined constant image - assumed 'image' /bweb/www.buy297.com/wangxin/Runtime/Cache/Admin/4fcf460e37905d33a6bf319b1a196864.php 第 165 行.
NOTIC: [8] Use of undefined constant img - assumed 'img' /bweb/www.buy297.com/wangxin/Runtime/Cache/Admin/4fcf460e37905d33a6bf319b1a196864.php 第 164 行.
NOTIC: [8] Use of undefined constant image - assumed 'image' /bweb/www.buy297.com/wangxin/Runtime/Cache/Admin/4fcf460e37905d33a6bf319b1a196864.php 第 165 行.
NOTIC: [8] Use of undefined constant img - assumed 'img' /bweb/www.buy297.com/wangxin/Runtime/Cache/Admin/4fcf460e37905d33a6bf319b1a196864.php 第 164 行.
NOTIC: [8] Use of undefined constant image - assumed 'image' /bweb/www.buy297.com/wangxin/Runtime/Cache/Admin/4fcf460e37905d33a6bf319b1a196864.php 第 165 行.
NOTIC: [8] Use of undefined constant img - assumed 'img' /bweb/www.buy297.com/wangxin/Runtime/Cache/Admin/4fcf460e37905d33a6bf319b1a196864.php 第 164 行.
NOTIC: [8] Use of undefined constant image - assumed 'image' /bweb/www.buy297.com/wangxin/Runtime/Cache/Admin/4fcf460e37905d33a6bf319b1a196864.php 第 165 行.
NOTIC: [8] Use of undefined constant img - assumed 'img' /bweb/www.buy297.com/wangxin/Runtime/Cache/Admin/4fcf460e37905d33a6bf319b1a196864.php 第 164 行.
NOTIC: [8] Use of undefined constant image - assumed 'image' /bweb/www.buy297.com/wangxin/Runtime/Cache/Admin/4fcf460e37905d33a6bf319b1a196864.php 第 165 行.
NOTIC: [8] Use of undefined constant img - assumed 'img' /bweb/www.buy297.com/wangxin/Runtime/Cache/Admin/4fcf460e37905d33a6bf319b1a196864.php 第 164 行.
NOTIC: [8] Use of undefined constant image - assumed 'image' /bweb/www.buy297.com/wangxin/Runtime/Cache/Admin/4fcf460e37905d33a6bf319b1a196864.php 第 165 行.
INFO: Run Behavior\ParseTemplateBehavior [ RunTime:0.008146s ]
INFO: [ view_parse ] --END-- [ RunTime:0.008200s ]
INFO: [ view_filter ] --START--
INFO: Run Behavior\WriteHtmlCacheBehavior [ RunTime:0.000038s ]
INFO: [ view_filter ] --END-- [ RunTime:0.000079s ]
INFO: [ app_end ] --START--
INFO: Run Behavior\ShowPageTraceBehavior [ RunTime:0.000036s ]
INFO: [ app_end ] --END-- [ RunTime:0.000084s ]

[ 2017-12-05T15:13:19+08:00 ] 60.184.134.87 /index.php/Admin/complain/complain.html
INFO: [ app_init ] --START--
INFO: Run Behavior\BuildLiteBehavior [ RunTime:0.000018s ]
INFO: [ app_init ] --END-- [ RunTime:0.000117s ]
INFO: [ app_begin ] --START--
INFO: Run Behavior\ReadHtmlCacheBehavior [ RunTime:0.000045s ]
INFO: [ app_begin ] --END-- [ RunTime:0.000095s ]
SQL: SHOW COLUMNS FROM `tousu` [ RunTime:0.0034s ]
SQL: SHOW COLUMNS FROM `wx_user` [ RunTime:0.0032s ]
NOTIC: [8] Undefined variable: where /bweb/www.buy297.com/wangxin/Admin/Controller/ComplainController.class.php 第 29 行.
SQL: SELECT COUNT(*) AS tp_count FROM `tousu` LIMIT 1   [ RunTime:0.0030s ]
NOTIC: [8] Undefined variable: where /bweb/www.buy297.com/wangxin/Admin/Controller/ComplainController.class.php 第 36 行.
SQL: SELECT `neirong`,o.name as u_name FROM tousu g left join wx_user AS o ON g.name_id=o.openid  LIMIT 0,8   [ RunTime:0.0032s ]
INFO: [ view_parse ] --START--
INFO: [ template_filter ] --START--
INFO: Run Behavior\ContentReplaceBehavior [ RunTime:0.000105s ]
INFO: [ template_filter ] --END-- [ RunTime:0.000192s ]
INFO: Run Behavior\ParseTemplateBehavior [ RunTime:0.009576s ]
INFO: [ view_parse ] --END-- [ RunTime:0.009678s ]
INFO: [ view_filter ] --START--
INFO: Run Behavior\WriteHtmlCacheBehavior [ RunTime:0.000068s ]
INFO: [ view_filter ] --END-- [ RunTime:0.000142s ]
INFO: [ app_end ] --START--
INFO: Run Behavior\ShowPageTraceBehavior [ RunTime:0.000069s ]
INFO: [ app_end ] --END-- [ RunTime:0.000148s ]

[ 2017-12-05T15:13:22+08:00 ] 60.184.134.87 /index.php/Admin/complain/comment.html
INFO: [ app_init ] --START--
INFO: Run Behavior\BuildLiteBehavior [ RunTime:0.000017s ]
INFO: [ app_init ] --END-- [ RunTime:0.000118s ]
INFO: [ app_begin ] --START--
INFO: Run Behavior\ReadHtmlCacheBehavior [ RunTime:0.000046s ]
INFO: [ app_begin ] --END-- [ RunTime:0.000105s ]
SQL: SHOW COLUMNS FROM `pingjia` [ RunTime:0.0035s ]
SQL: SHOW COLUMNS FROM `fuwu` [ RunTime:0.0034s ]
SQL: SHOW COLUMNS FROM `fuwushang` [ RunTime:0.0033s ]
NOTIC: [8] Undefined variable: where /bweb/www.buy297.com/wangxin/Admin/Controller/ComplainController.class.php 第 10 行.
SQL: SELECT COUNT(*) AS tp_count FROM `pingjia` LIMIT 1   [ RunTime:0.0032s ]
NOTIC: [2] Missing argument 1 for Think\Model::where(), called in /bweb/www.buy297.com/wangxin/Admin/Controller/ComplainController.class.php on line 13 and defined /bweb/www.buy297.com/ThinkPHP/Library/Think/Model.class.php 第 1797 行.
NOTIC: [8] Undefined variable: where /bweb/www.buy297.com/ThinkPHP/Library/Think/Model.class.php 第 1805 行.
NOTIC: [8] Undefined variable: where /bweb/www.buy297.com/ThinkPHP/Library/Think/Model.class.php 第 1808 行.
NOTIC: [8] Undefined variable: where /bweb/www.buy297.com/ThinkPHP/Library/Think/Model.class.php 第 1816 行.
SQL: SELECT `pj_name`,o.name,d.name as fws_name,`pj_nr`,o.name as f_name FROM pingjia g left join fuwu AS o ON g.f_id=o.id left join fuwushang AS d ON g.fws_id=d.id  LIMIT 0,8   [ RunTime:0.0034s ]
INFO: [ view_parse ] --START--
INFO: [ template_filter ] --START--
INFO: Run Behavior\ContentReplaceBehavior [ RunTime:0.000068s ]
INFO: [ template_filter ] --END-- [ RunTime:0.000123s ]
INFO: Run Behavior\ParseTemplateBehavior [ RunTime:0.005338s ]
INFO: [ view_parse ] --END-- [ RunTime:0.005394s ]
INFO: [ view_filter ] --START--
INFO: Run Behavior\WriteHtmlCacheBehavior [ RunTime:0.000043s ]
INFO: [ view_filter ] --END-- [ RunTime:0.000085s ]
INFO: [ app_end ] --START--
INFO: Run Behavior\ShowPageTraceBehavior [ RunTime:0.000040s ]
INFO: [ app_end ] --END-- [ RunTime:0.000086s ]

[ 2017-12-05T15:13:33+08:00 ] 60.184.134.87 /index.php/Admin/complain/hdlist.html
INFO: [ app_init ] --START--
INFO: Run Behavior\BuildLiteBehavior [ RunTime:0.000021s ]
INFO: [ app_init ] --END-- [ RunTime:0.000142s ]
INFO: [ app_begin ] --START--
INFO: Run Behavior\ReadHtmlCacheBehavior [ RunTime:0.000056s ]
INFO: [ app_begin ] --END-- [ RunTime:0.000135s ]
SQL: SHOW COLUMNS FROM `huodong` [ RunTime:0.0037s ]
NOTIC: [8] Undefined variable: where /bweb/www.buy297.com/wangxin/Admin/Controller/ComplainController.class.php 第 176 行.
SQL: SELECT COUNT(*) AS tp_count FROM `huodong` LIMIT 1   [ RunTime:0.0034s ]
NOTIC: [8] Undefined variable: where /bweb/www.buy297.com/wangxin/Admin/Controller/ComplainController.class.php 第 181 行.
SQL: SELECT * FROM huodong g ORDER BY orders asc LIMIT 0,8   [ RunTime:0.0034s ]
INFO: [ view_parse ] --START--
INFO: [ template_filter ] --START--
INFO: Run Behavior\ContentReplaceBehavior [ RunTime:0.000077s ]
INFO: [ template_filter ] --END-- [ RunTime:0.000142s ]
INFO: Run Behavior\ParseTemplateBehavior [ RunTime:0.007193s ]
INFO: [ view_parse ] --END-- [ RunTime:0.007251s ]
INFO: [ view_filter ] --START--
INFO: Run Behavior\WriteHtmlCacheBehavior [ RunTime:0.000048s ]
INFO: [ view_filter ] --END-- [ RunTime:0.000101s ]
INFO: [ app_end ] --START--
INFO: Run Behavior\ShowPageTraceBehavior [ RunTime:0.000048s ]
INFO: [ app_end ] --END-- [ RunTime:0.000102s ]

[ 2017-12-05T15:13:40+08:00 ] 60.184.134.87 /index.php/Admin/Complain/hdcon/id/30.html
INFO: [ app_init ] --START--
INFO: Run Behavior\BuildLiteBehavior [ RunTime:0.000019s ]
INFO: [ app_init ] --END-- [ RunTime:0.000145s ]
INFO: [ app_begin ] --START--
INFO: Run Behavior\ReadHtmlCacheBehavior [ RunTime:0.000055s ]
INFO: [ app_begin ] --END-- [ RunTime:0.000112s ]
SQL: SHOW COLUMNS FROM `huodong` [ RunTime:0.0033s ]
SQL: SELECT * FROM `huodong` WHERE `id` = 30 LIMIT 1   [ RunTime:0.0031s ]
INFO: [ view_parse ] --START--
INFO: [ template_filter ] --START--
INFO: Run Behavior\ContentReplaceBehavior [ RunTime:0.000059s ]
INFO: [ template_filter ] --END-- [ RunTime:0.000118s ]
NOTIC: [8] Undefined variable: item /bweb/www.buy297.com/wangxin/Runtime/Cache/Admin/ac06a434165294c69d78aeb68e771920.php 第 104 行.
NOTIC: [8] Undefined variable: item /bweb/www.buy297.com/wangxin/Runtime/Cache/Admin/ac06a434165294c69d78aeb68e771920.php 第 107 行.
NOTIC: [8] Undefined variable: item /bweb/www.buy297.com/wangxin/Runtime/Cache/Admin/ac06a434165294c69d78aeb68e771920.php 第 110 行.
NOTIC: [8] Undefined variable: item /bweb/www.buy297.com/wangxin/Runtime/Cache/Admin/ac06a434165294c69d78aeb68e771920.php 第 118 行.
INFO: Run Behavior\ParseTemplateBehavior [ RunTime:0.004642s ]
INFO: [ view_parse ] --END-- [ RunTime:0.004698s ]
INFO: [ view_filter ] --START--
INFO: Run Behavior\WriteHtmlCacheBehavior [ RunTime:0.000061s ]
INFO: [ view_filter ] --END-- [ RunTime:0.000109s ]
INFO: [ app_end ] --START--
INFO: Run Behavior\ShowPageTraceBehavior [ RunTime:0.000044s ]
INFO: [ app_end ] --END-- [ RunTime:0.000090s ]

[ 2017-12-05T15:13:50+08:00 ] 60.184.134.87 /index.php/Admin/index/widgets.html
INFO: [ app_init ] --START--
INFO: Run Behavior\BuildLiteBehavior [ RunTime:0.000019s ]
INFO: [ app_init ] --END-- [ RunTime:0.000119s ]
INFO: [ app_begin ] --START--
INFO: Run Behavior\ReadHtmlCacheBehavior [ RunTime:0.000047s ]
INFO: [ app_begin ] --END-- [ RunTime:0.000101s ]
SQL: SHOW COLUMNS FROM `dingdan` [ RunTime:0.0033s ]
NOTIC: [8] Undefined variable: where /bweb/www.buy297.com/wangxin/Admin/Controller/IndexController.class.php 第 556 行.
SQL: SELECT COUNT(*) AS tp_count FROM `dingdan` LIMIT 1   [ RunTime:0.0030s ]
NOTIC: [8] Undefined variable: where /bweb/www.buy297.com/wangxin/Admin/Controller/IndexController.class.php 第 559 行.
SQL: SELECT * FROM `dingdan` ORDER BY id asc LIMIT 0,8   [ RunTime:0.0031s ]
INFO: [ view_parse ] --START--
INFO: [ template_filter ] --START--
INFO: Run Behavior\ContentReplaceBehavior [ RunTime:0.000091s ]
INFO: [ template_filter ] --END-- [ RunTime:0.000148s ]
INFO: Run Behavior\ParseTemplateBehavior [ RunTime:0.006970s ]
INFO: [ view_parse ] --END-- [ RunTime:0.007028s ]
INFO: [ view_filter ] --START--
INFO: Run Behavior\WriteHtmlCacheBehavior [ RunTime:0.000047s ]
INFO: [ view_filter ] --END-- [ RunTime:0.000092s ]
INFO: [ app_end ] --START--
INFO: Run Behavior\ShowPageTraceBehavior [ RunTime:0.000045s ]
INFO: [ app_end ] --END-- [ RunTime:0.000095s ]

