[ 2017-12-04T17:39:27+08:00 ] 115.198.91.239 /admin.php
INFO: [ app_init ] --START--
INFO: Run Behavior\BuildLiteBehavior [ RunTime:0.000018s ]
INFO: [ app_init ] --END-- [ RunTime:0.000116s ]
INFO: [ app_begin ] --START--
INFO: Run Behavior\ReadHtmlCacheBehavior [ RunTime:0.000049s ]
INFO: [ app_begin ] --END-- [ RunTime:0.000110s ]
SQL: SHOW COLUMNS FROM `dingdan` [ RunTime:0.0034s ]
SQL: SHOW COLUMNS FROM `wx_user` [ RunTime:0.0036s ]
SQL: SHOW COLUMNS FROM `fuwushang` [ RunTime:0.0034s ]

[ 2017-12-04T17:39:27+08:00 ] 115.198.91.239 /index.php/Admin/index/login.html
INFO: [ app_init ] --START--
INFO: Run Behavior\BuildLiteBehavior [ RunTime:0.000012s ]
INFO: [ app_init ] --END-- [ RunTime:0.000080s ]
INFO: [ app_begin ] --START--
INFO: Run Behavior\ReadHtmlCacheBehavior [ RunTime:0.000036s ]
INFO: [ app_begin ] --END-- [ RunTime:0.000089s ]
SQL: SHOW COLUMNS FROM `users` [ RunTime:0.0033s ]
INFO: [ view_parse ] --START--
INFO: [ template_filter ] --START--
INFO: Run Behavior\ContentReplaceBehavior [ RunTime:0.000044s ]
INFO: [ template_filter ] --END-- [ RunTime:0.000102s ]
INFO: Run Behavior\ParseTemplateBehavior [ RunTime:0.021387s ]
INFO: [ view_parse ] --END-- [ RunTime:0.021443s ]
INFO: [ view_filter ] --START--
INFO: Run Behavior\WriteHtmlCacheBehavior [ RunTime:0.000041s ]
INFO: [ view_filter ] --END-- [ RunTime:0.000085s ]
INFO: [ app_end ] --START--
INFO: Run Behavior\ShowPageTraceBehavior [ RunTime:0.000037s ]
INFO: [ app_end ] --END-- [ RunTime:0.000083s ]

[ 2017-12-04T18:15:18+08:00 ] 115.198.91.239 /index.php/Admin/index/login.html
INFO: [ app_init ] --START--
INFO: Run Behavior\BuildLiteBehavior [ RunTime:0.000030s ]
INFO: [ app_init ] --END-- [ RunTime:0.000123s ]
INFO: [ app_begin ] --START--
INFO: Run Behavior\ReadHtmlCacheBehavior [ RunTime:0.000037s ]
INFO: [ app_begin ] --END-- [ RunTime:0.000093s ]
SQL: SHOW COLUMNS FROM `users` [ RunTime:0.0033s ]
SQL: SELECT * FROM `users` WHERE `name` = 'admin' AND `pwds` = 'e10adc3949ba59abbe56e057f20f883e'  [ RunTime:0.0030s ]

[ 2017-12-04T18:15:18+08:00 ] 115.198.91.239 /index.php/Admin/index/index.html
INFO: [ app_init ] --START--
INFO: Run Behavior\BuildLiteBehavior [ RunTime:0.000013s ]
INFO: [ app_init ] --END-- [ RunTime:0.000083s ]
INFO: [ app_begin ] --START--
INFO: Run Behavior\ReadHtmlCacheBehavior [ RunTime:0.000036s ]
INFO: [ app_begin ] --END-- [ RunTime:0.000091s ]
SQL: SHOW COLUMNS FROM `dingdan` [ RunTime:0.0034s ]
SQL: SHOW COLUMNS FROM `wx_user` [ RunTime:0.0032s ]
SQL: SHOW COLUMNS FROM `fuwushang` [ RunTime:0.0033s ]
NOTIC: [8] Undefined variable: where /bweb/www.buy297.com/wangxin/Admin/Controller/IndexController.class.php 第 22 行.
SQL: SELECT COUNT(*) AS tp_count FROM `dingdan` LIMIT 1   [ RunTime:0.0031s ]
NOTIC: [8] Undefined variable: where /bweb/www.buy297.com/wangxin/Admin/Controller/IndexController.class.php 第 23 行.
SQL: SELECT COUNT(*) AS tp_count FROM `wx_user` LIMIT 1   [ RunTime:0.0031s ]
NOTIC: [8] Undefined variable: where /bweb/www.buy297.com/wangxin/Admin/Controller/IndexController.class.php 第 24 行.
SQL: SELECT COUNT(*) AS tp_count FROM `fuwushang` LIMIT 1   [ RunTime:0.0031s ]
NOTIC: [8] Undefined variable: where /bweb/www.buy297.com/wangxin/Admin/Controller/IndexController.class.php 第 25 行.
SQL: SELECT * FROM `dingdan` ORDER BY id desc LIMIT 0,8   [ RunTime:0.0032s ]
INFO: [ view_parse ] --START--
INFO: [ template_filter ] --START--
INFO: Run Behavior\ContentReplaceBehavior [ RunTime:0.000065s ]
INFO: [ template_filter ] --END-- [ RunTime:0.000130s ]
INFO: Run Behavior\ParseTemplateBehavior [ RunTime:0.034120s ]
INFO: [ view_parse ] --END-- [ RunTime:0.034180s ]
INFO: [ view_filter ] --START--
INFO: Run Behavior\WriteHtmlCacheBehavior [ RunTime:0.000043s ]
INFO: [ view_filter ] --END-- [ RunTime:0.000087s ]
INFO: [ app_end ] --START--
INFO: Run Behavior\ShowPageTraceBehavior [ RunTime:0.000041s ]
INFO: [ app_end ] --END-- [ RunTime:0.000089s ]

[ 2017-12-04T18:15:27+08:00 ] 115.198.91.239 /index.php/Admin/index/facilitator.html
INFO: [ app_init ] --START--
INFO: Run Behavior\BuildLiteBehavior [ RunTime:0.000020s ]
INFO: [ app_init ] --END-- [ RunTime:0.000151s ]
INFO: [ app_begin ] --START--
INFO: Run Behavior\ReadHtmlCacheBehavior [ RunTime:0.000047s ]
INFO: [ app_begin ] --END-- [ RunTime:0.000100s ]
SQL: SHOW COLUMNS FROM `fuwushang` [ RunTime:0.0035s ]
NOTIC: [8] Undefined variable: where /bweb/www.buy297.com/wangxin/Admin/Controller/IndexController.class.php 第 374 行.
SQL: SELECT COUNT(*) AS tp_count FROM `fuwushang` LIMIT 1   [ RunTime:0.0032s ]
NOTIC: [8] Undefined variable: where /bweb/www.buy297.com/wangxin/Admin/Controller/IndexController.class.php 第 379 行.
SQL: SELECT * FROM `fuwushang` ORDER BY id asc LIMIT 0,5   [ RunTime:0.0033s ]
NOTIC: [8] Undefined variable: s /bweb/www.buy297.com/wangxin/Admin/Controller/IndexController.class.php 第 400 行.
NOTIC: [8] Undefined variable: w /bweb/www.buy297.com/wangxin/Admin/Controller/IndexController.class.php 第 400 行.
NOTIC: [2] array_combine() expects parameter 1 to be array, null given /bweb/www.buy297.com/wangxin/Admin/Controller/IndexController.class.php 第 400 行.
INFO: [ view_parse ] --START--
INFO: [ template_filter ] --START--
INFO: Run Behavior\ContentReplaceBehavior [ RunTime:0.000096s ]
INFO: [ template_filter ] --END-- [ RunTime:0.000162s ]
NOTIC: [8] Use of undefined constant img - assumed 'img' /bweb/www.buy297.com/wangxin/Runtime/Cache/Admin/27606d6fdcd443905fb7970b3478e4b7.php 第 170 行.
NOTIC: [8] Use of undefined constant image - assumed 'image' /bweb/www.buy297.com/wangxin/Runtime/Cache/Admin/27606d6fdcd443905fb7970b3478e4b7.php 第 171 行.
NOTIC: [8] Use of undefined constant img - assumed 'img' /bweb/www.buy297.com/wangxin/Runtime/Cache/Admin/27606d6fdcd443905fb7970b3478e4b7.php 第 170 行.
NOTIC: [8] Use of undefined constant image - assumed 'image' /bweb/www.buy297.com/wangxin/Runtime/Cache/Admin/27606d6fdcd443905fb7970b3478e4b7.php 第 171 行.
NOTIC: [8] Use of undefined constant img - assumed 'img' /bweb/www.buy297.com/wangxin/Runtime/Cache/Admin/27606d6fdcd443905fb7970b3478e4b7.php 第 170 行.
NOTIC: [8] Use of undefined constant image - assumed 'image' /bweb/www.buy297.com/wangxin/Runtime/Cache/Admin/27606d6fdcd443905fb7970b3478e4b7.php 第 171 行.
NOTIC: [8] Use of undefined constant img - assumed 'img' /bweb/www.buy297.com/wangxin/Runtime/Cache/Admin/27606d6fdcd443905fb7970b3478e4b7.php 第 170 行.
NOTIC: [8] Use of undefined constant image - assumed 'image' /bweb/www.buy297.com/wangxin/Runtime/Cache/Admin/27606d6fdcd443905fb7970b3478e4b7.php 第 171 行.
NOTIC: [8] Use of undefined constant img - assumed 'img' /bweb/www.buy297.com/wangxin/Runtime/Cache/Admin/27606d6fdcd443905fb7970b3478e4b7.php 第 170 行.
NOTIC: [8] Use of undefined constant image - assumed 'image' /bweb/www.buy297.com/wangxin/Runtime/Cache/Admin/27606d6fdcd443905fb7970b3478e4b7.php 第 171 行.
INFO: Run Behavior\ParseTemplateBehavior [ RunTime:0.014940s ]
INFO: [ view_parse ] --END-- [ RunTime:0.014997s ]
INFO: [ view_filter ] --START--
INFO: Run Behavior\WriteHtmlCacheBehavior [ RunTime:0.000047s ]
INFO: [ view_filter ] --END-- [ RunTime:0.000091s ]
INFO: [ app_end ] --START--
INFO: Run Behavior\ShowPageTraceBehavior [ RunTime:0.000054s ]
INFO: [ app_end ] --END-- [ RunTime:0.000105s ]

[ 2017-12-04T18:15:31+08:00 ] 115.198.91.239 /index.php/Admin/index/index.html
INFO: [ app_init ] --START--
INFO: Run Behavior\BuildLiteBehavior [ RunTime:0.000017s ]
INFO: [ app_init ] --END-- [ RunTime:0.000108s ]
INFO: [ app_begin ] --START--
INFO: Run Behavior\ReadHtmlCacheBehavior [ RunTime:0.000040s ]
INFO: [ app_begin ] --END-- [ RunTime:0.000093s ]
SQL: SHOW COLUMNS FROM `dingdan` [ RunTime:0.0036s ]
SQL: SHOW COLUMNS FROM `wx_user` [ RunTime:0.0035s ]
SQL: SHOW COLUMNS FROM `fuwushang` [ RunTime:0.0036s ]
NOTIC: [8] Undefined variable: where /bweb/www.buy297.com/wangxin/Admin/Controller/IndexController.class.php 第 22 行.
SQL: SELECT COUNT(*) AS tp_count FROM `dingdan` LIMIT 1   [ RunTime:0.0033s ]
NOTIC: [8] Undefined variable: where /bweb/www.buy297.com/wangxin/Admin/Controller/IndexController.class.php 第 23 行.
SQL: SELECT COUNT(*) AS tp_count FROM `wx_user` LIMIT 1   [ RunTime:0.0031s ]
NOTIC: [8] Undefined variable: where /bweb/www.buy297.com/wangxin/Admin/Controller/IndexController.class.php 第 24 行.
SQL: SELECT COUNT(*) AS tp_count FROM `fuwushang` LIMIT 1   [ RunTime:0.0031s ]
NOTIC: [8] Undefined variable: where /bweb/www.buy297.com/wangxin/Admin/Controller/IndexController.class.php 第 25 行.
SQL: SELECT * FROM `dingdan` ORDER BY id desc LIMIT 0,8   [ RunTime:0.0032s ]
INFO: [ view_parse ] --START--
INFO: [ template_filter ] --START--
INFO: Run Behavior\ContentReplaceBehavior [ RunTime:0.000063s ]
INFO: [ template_filter ] --END-- [ RunTime:0.000118s ]
INFO: Run Behavior\ParseTemplateBehavior [ RunTime:0.006296s ]
INFO: [ view_parse ] --END-- [ RunTime:0.006354s ]
INFO: [ view_filter ] --START--
INFO: Run Behavior\WriteHtmlCacheBehavior [ RunTime:0.000042s ]
INFO: [ view_filter ] --END-- [ RunTime:0.000086s ]
INFO: [ app_end ] --START--
INFO: Run Behavior\ShowPageTraceBehavior [ RunTime:0.000051s ]
INFO: [ app_end ] --END-- [ RunTime:0.000100s ]

[ 2017-12-04T18:15:34+08:00 ] 101.226.33.225 /index.php/Admin/index/login.html
INFO: [ app_init ] --START--
INFO: Run Behavior\BuildLiteBehavior [ RunTime:0.000024s ]
INFO: [ app_init ] --END-- [ RunTime:0.000163s ]
INFO: [ app_begin ] --START--
INFO: Run Behavior\ReadHtmlCacheBehavior [ RunTime:0.000054s ]
INFO: [ app_begin ] --END-- [ RunTime:0.000116s ]
SQL: SHOW COLUMNS FROM `users` [ RunTime:0.0035s ]
INFO: [ view_parse ] --START--
INFO: [ template_filter ] --START--
INFO: Run Behavior\ContentReplaceBehavior [ RunTime:0.000054s ]
INFO: [ template_filter ] --END-- [ RunTime:0.000119s ]
INFO: Run Behavior\ParseTemplateBehavior [ RunTime:0.002112s ]
INFO: [ view_parse ] --END-- [ RunTime:0.002180s ]
INFO: [ view_filter ] --START--
INFO: Run Behavior\WriteHtmlCacheBehavior [ RunTime:0.000046s ]
INFO: [ view_filter ] --END-- [ RunTime:0.000090s ]
INFO: [ app_end ] --START--
INFO: Run Behavior\ShowPageTraceBehavior [ RunTime:0.000050s ]
INFO: [ app_end ] --END-- [ RunTime:0.000106s ]

[ 2017-12-04T18:15:37+08:00 ] 115.198.91.239 /index.php/Admin/index/accout.html
INFO: [ app_init ] --START--
INFO: Run Behavior\BuildLiteBehavior [ RunTime:0.000018s ]
INFO: [ app_init ] --END-- [ RunTime:0.000116s ]
INFO: [ app_begin ] --START--
INFO: Run Behavior\ReadHtmlCacheBehavior [ RunTime:0.000045s ]
INFO: [ app_begin ] --END-- [ RunTime:0.000105s ]
SQL: SHOW COLUMNS FROM `users` [ RunTime:0.0037s ]
NOTIC: [8] Undefined variable: where /bweb/www.buy297.com/wangxin/Admin/Controller/IndexController.class.php 第 47 行.
SQL: SELECT COUNT(*) AS tp_count FROM `users` LIMIT 1   [ RunTime:0.0033s ]
NOTIC: [8] Undefined variable: where /bweb/www.buy297.com/wangxin/Admin/Controller/IndexController.class.php 第 50 行.
SQL: SELECT * FROM `users` ORDER BY id desc LIMIT 0,8   [ RunTime:0.0033s ]
INFO: [ view_parse ] --START--
INFO: [ template_filter ] --START--
INFO: Run Behavior\ContentReplaceBehavior [ RunTime:0.000069s ]
INFO: [ template_filter ] --END-- [ RunTime:0.000127s ]
INFO: Run Behavior\ParseTemplateBehavior [ RunTime:0.018668s ]
INFO: [ view_parse ] --END-- [ RunTime:0.018733s ]
INFO: [ view_filter ] --START--
INFO: Run Behavior\WriteHtmlCacheBehavior [ RunTime:0.000044s ]
INFO: [ view_filter ] --END-- [ RunTime:0.000088s ]
INFO: [ app_end ] --START--
INFO: Run Behavior\ShowPageTraceBehavior [ RunTime:0.000041s ]
INFO: [ app_end ] --END-- [ RunTime:0.000103s ]

[ 2017-12-04T18:15:41+08:00 ] 101.226.33.218 /index.php/Admin/index/index.html
INFO: [ app_init ] --START--
INFO: Run Behavior\BuildLiteBehavior [ RunTime:0.000020s ]
INFO: [ app_init ] --END-- [ RunTime:0.000147s ]
INFO: [ app_begin ] --START--
INFO: Run Behavior\ReadHtmlCacheBehavior [ RunTime:0.000048s ]
INFO: [ app_begin ] --END-- [ RunTime:0.000102s ]
SQL: SHOW COLUMNS FROM `dingdan` [ RunTime:0.0038s ]
SQL: SHOW COLUMNS FROM `wx_user` [ RunTime:0.0039s ]
SQL: SHOW COLUMNS FROM `fuwushang` [ RunTime:0.0036s ]

[ 2017-12-04T18:15:41+08:00 ] 101.226.33.218 /index.php/Admin/index/login.html
INFO: [ app_init ] --START--
INFO: Run Behavior\BuildLiteBehavior [ RunTime:0.000013s ]
INFO: [ app_init ] --END-- [ RunTime:0.000084s ]
INFO: [ app_begin ] --START--
INFO: Run Behavior\ReadHtmlCacheBehavior [ RunTime:0.000035s ]
INFO: [ app_begin ] --END-- [ RunTime:0.000086s ]
SQL: SHOW COLUMNS FROM `users` [ RunTime:0.0034s ]
INFO: [ view_parse ] --START--
INFO: [ template_filter ] --START--
INFO: Run Behavior\ContentReplaceBehavior [ RunTime:0.000053s ]
INFO: [ template_filter ] --END-- [ RunTime:0.000122s ]
INFO: Run Behavior\ParseTemplateBehavior [ RunTime:0.002006s ]
INFO: [ view_parse ] --END-- [ RunTime:0.002066s ]
INFO: [ view_filter ] --START--
INFO: Run Behavior\WriteHtmlCacheBehavior [ RunTime:0.000045s ]
INFO: [ view_filter ] --END-- [ RunTime:0.000086s ]
INFO: [ app_end ] --START--
INFO: Run Behavior\ShowPageTraceBehavior [ RunTime:0.000055s ]
INFO: [ app_end ] --END-- [ RunTime:0.000100s ]

[ 2017-12-04T18:15:47+08:00 ] 101.226.33.225 /index.php/Admin/index/accout.html
INFO: [ app_init ] --START--
INFO: Run Behavior\BuildLiteBehavior [ RunTime:0.000022s ]
INFO: [ app_init ] --END-- [ RunTime:0.000140s ]
INFO: [ app_begin ] --START--
INFO: Run Behavior\ReadHtmlCacheBehavior [ RunTime:0.000047s ]
INFO: [ app_begin ] --END-- [ RunTime:0.000100s ]
SQL: SHOW COLUMNS FROM `users` [ RunTime:0.0036s ]
NOTIC: [8] Undefined variable: where /bweb/www.buy297.com/wangxin/Admin/Controller/IndexController.class.php 第 47 行.
SQL: SELECT COUNT(*) AS tp_count FROM `users` LIMIT 1   [ RunTime:0.0033s ]
NOTIC: [8] Undefined variable: where /bweb/www.buy297.com/wangxin/Admin/Controller/IndexController.class.php 第 50 行.
SQL: SELECT * FROM `users` ORDER BY id desc LIMIT 0,8   [ RunTime:0.0033s ]
INFO: [ view_parse ] --START--
INFO: [ template_filter ] --START--
INFO: Run Behavior\ContentReplaceBehavior [ RunTime:0.000079s ]
INFO: [ template_filter ] --END-- [ RunTime:0.000141s ]
INFO: Run Behavior\ParseTemplateBehavior [ RunTime:0.007885s ]
INFO: [ view_parse ] --END-- [ RunTime:0.007946s ]
INFO: [ view_filter ] --START--
INFO: Run Behavior\WriteHtmlCacheBehavior [ RunTime:0.000046s ]
INFO: [ view_filter ] --END-- [ RunTime:0.000095s ]
INFO: [ app_end ] --START--
INFO: Run Behavior\ShowPageTraceBehavior [ RunTime:0.000053s ]
INFO: [ app_end ] --END-- [ RunTime:0.000102s ]

[ 2017-12-04T18:20:17+08:00 ] 115.198.91.239 /index.php/Admin/index/qylr.html
INFO: [ app_init ] --START--
INFO: Run Behavior\BuildLiteBehavior [ RunTime:0.000021s ]
INFO: [ app_init ] --END-- [ RunTime:0.000146s ]
INFO: [ app_begin ] --START--
INFO: Run Behavior\ReadHtmlCacheBehavior [ RunTime:0.000049s ]
INFO: [ app_begin ] --END-- [ RunTime:0.000104s ]
SQL: SHOW COLUMNS FROM `qy_luru` [ RunTime:0.0036s ]
SQL: SHOW COLUMNS FROM `qyinfo` [ RunTime:0.0034s ]
SQL: SELECT * FROM `qyinfo` WHERE `starlet` = 1  [ RunTime:0.0030s ]
NOTIC: [8] Undefined variable: where /bweb/www.buy297.com/wangxin/Admin/Controller/IndexController.class.php 第 603 行.
SQL: SELECT COUNT(*) AS tp_count FROM `qy_luru` LIMIT 1   [ RunTime:0.0032s ]
NOTIC: [8] Undefined variable: where /bweb/www.buy297.com/wangxin/Admin/Controller/IndexController.class.php 第 606 行.
SQL: SELECT * FROM `qy_luru` ORDER BY id asc LIMIT 0,8   [ RunTime:0.0035s ]
INFO: [ view_parse ] --START--
INFO: [ template_filter ] --START--
INFO: Run Behavior\ContentReplaceBehavior [ RunTime:0.000088s ]
INFO: [ template_filter ] --END-- [ RunTime:0.000149s ]
INFO: Run Behavior\ParseTemplateBehavior [ RunTime:0.022871s ]
INFO: [ view_parse ] --END-- [ RunTime:0.022936s ]
INFO: [ view_filter ] --START--
INFO: Run Behavior\WriteHtmlCacheBehavior [ RunTime:0.000045s ]
INFO: [ view_filter ] --END-- [ RunTime:0.000086s ]
INFO: [ app_end ] --START--
INFO: Run Behavior\ShowPageTraceBehavior [ RunTime:0.000050s ]
INFO: [ app_end ] --END-- [ RunTime:0.000107s ]

[ 2017-12-04T18:20:21+08:00 ] 115.198.91.239 /index.php/Admin/index/grid.html
INFO: [ app_init ] --START--
INFO: Run Behavior\BuildLiteBehavior [ RunTime:0.000018s ]
INFO: [ app_init ] --END-- [ RunTime:0.000119s ]
INFO: [ app_begin ] --START--
INFO: Run Behavior\ReadHtmlCacheBehavior [ RunTime:0.000046s ]
INFO: [ app_begin ] --END-- [ RunTime:0.000107s ]
SQL: SHOW COLUMNS FROM `fuwu` [ RunTime:0.0037s ]
SQL: SELECT DISTINCT  `f_id` FROM `fuwu`  [ RunTime:0.0034s ]
SQL: SELECT `name`,`id` FROM `fuwu` WHERE `id` IN ('20','21','22','23','24','25','26','27','28','31','30','32','29','33','34','35','36')  [ RunTime:0.0034s ]
SQL: SELECT COUNT(*) AS tp_count FROM `fuwu` WHERE `f_id` NOT IN ('0') AND `id` NOT IN ('20','21','22','23','24','25','26','27','28','31','30','32','29','33','34','35','36') LIMIT 1   [ RunTime:0.0035s ]
SQL: SELECT * FROM `fuwu` WHERE `f_id` NOT IN ('0') AND `id` NOT IN ('20','21','22','23','24','25','26','27','28','31','30','32','29','33','34','35','36') ORDER BY id desc LIMIT 0,8   [ RunTime:0.0036s ]
INFO: [ view_parse ] --START--
INFO: [ template_filter ] --START--
INFO: Run Behavior\ContentReplaceBehavior [ RunTime:0.000080s ]
INFO: [ template_filter ] --END-- [ RunTime:0.000149s ]
NOTIC: [8] Use of undefined constant img - assumed 'img' /bweb/www.buy297.com/wangxin/Runtime/Cache/Admin/4fcf460e37905d33a6bf319b1a196864.php 第 164 行.
NOTIC: [8] Use of undefined constant image - assumed 'image' /bweb/www.buy297.com/wangxin/Runtime/Cache/Admin/4fcf460e37905d33a6bf319b1a196864.php 第 165 行.
NOTIC: [8] Use of undefined constant img - assumed 'img' /bweb/www.buy297.com/wangxin/Runtime/Cache/Admin/4fcf460e37905d33a6bf319b1a196864.php 第 164 行.
NOTIC: [8] Use of undefined constant image - assumed 'image' /bweb/www.buy297.com/wangxin/Runtime/Cache/Admin/4fcf460e37905d33a6bf319b1a196864.php 第 165 行.
NOTIC: [8] Use of undefined constant img - assumed 'img' /bweb/www.buy297.com/wangxin/Runtime/Cache/Admin/4fcf460e37905d33a6bf319b1a196864.php 第 164 行.
NOTIC: [8] Use of undefined constant image - assumed 'image' /bweb/www.buy297.com/wangxin/Runtime/Cache/Admin/4fcf460e37905d33a6bf319b1a196864.php 第 165 行.
NOTIC: [8] Use of undefined constant img - assumed 'img' /bweb/www.buy297.com/wangxin/Runtime/Cache/Admin/4fcf460e37905d33a6bf319b1a196864.php 第 164 行.
NOTIC: [8] Use of undefined constant image - assumed 'image' /bweb/www.buy297.com/wangxin/Runtime/Cache/Admin/4fcf460e37905d33a6bf319b1a196864.php 第 165 行.
NOTIC: [8] Use of undefined constant img - assumed 'img' /bweb/www.buy297.com/wangxin/Runtime/Cache/Admin/4fcf460e37905d33a6bf319b1a196864.php 第 164 行.
NOTIC: [8] Use of undefined constant image - assumed 'image' /bweb/www.buy297.com/wangxin/Runtime/Cache/Admin/4fcf460e37905d33a6bf319b1a196864.php 第 165 行.
NOTIC: [8] Use of undefined constant img - assumed 'img' /bweb/www.buy297.com/wangxin/Runtime/Cache/Admin/4fcf460e37905d33a6bf319b1a196864.php 第 164 行.
NOTIC: [8] Use of undefined constant image - assumed 'image' /bweb/www.buy297.com/wangxin/Runtime/Cache/Admin/4fcf460e37905d33a6bf319b1a196864.php 第 165 行.
NOTIC: [8] Use of undefined constant img - assumed 'img' /bweb/www.buy297.com/wangxin/Runtime/Cache/Admin/4fcf460e37905d33a6bf319b1a196864.php 第 164 行.
NOTIC: [8] Use of undefined constant image - assumed 'image' /bweb/www.buy297.com/wangxin/Runtime/Cache/Admin/4fcf460e37905d33a6bf319b1a196864.php 第 165 行.
NOTIC: [8] Use of undefined constant img - assumed 'img' /bweb/www.buy297.com/wangxin/Runtime/Cache/Admin/4fcf460e37905d33a6bf319b1a196864.php 第 164 行.
NOTIC: [8] Use of undefined constant image - assumed 'image' /bweb/www.buy297.com/wangxin/Runtime/Cache/Admin/4fcf460e37905d33a6bf319b1a196864.php 第 165 行.
INFO: Run Behavior\ParseTemplateBehavior [ RunTime:0.015411s ]
INFO: [ view_parse ] --END-- [ RunTime:0.015466s ]
INFO: [ view_filter ] --START--
INFO: Run Behavior\WriteHtmlCacheBehavior [ RunTime:0.000040s ]
INFO: [ view_filter ] --END-- [ RunTime:0.000084s ]
INFO: [ app_end ] --START--
INFO: Run Behavior\ShowPageTraceBehavior [ RunTime:0.000039s ]
INFO: [ app_end ] --END-- [ RunTime:0.000087s ]

[ 2017-12-04T18:20:27+08:00 ] 101.226.33.202 /index.php/Admin/index/qylr.html
INFO: [ app_init ] --START--
INFO: Run Behavior\BuildLiteBehavior [ RunTime:0.000015s ]
INFO: [ app_init ] --END-- [ RunTime:0.000106s ]
INFO: [ app_begin ] --START--
INFO: Run Behavior\ReadHtmlCacheBehavior [ RunTime:0.000041s ]
INFO: [ app_begin ] --END-- [ RunTime:0.000093s ]
SQL: SHOW COLUMNS FROM `qy_luru` [ RunTime:0.0035s ]
SQL: SHOW COLUMNS FROM `qyinfo` [ RunTime:0.0033s ]
SQL: SELECT * FROM `qyinfo` WHERE `starlet` = 1  [ RunTime:0.0032s ]
NOTIC: [8] Undefined variable: where /bweb/www.buy297.com/wangxin/Admin/Controller/IndexController.class.php 第 603 行.
SQL: SELECT COUNT(*) AS tp_count FROM `qy_luru` LIMIT 1   [ RunTime:0.0032s ]
NOTIC: [8] Undefined variable: where /bweb/www.buy297.com/wangxin/Admin/Controller/IndexController.class.php 第 606 行.
SQL: SELECT * FROM `qy_luru` ORDER BY id asc LIMIT 0,8   [ RunTime:0.0032s ]
INFO: [ view_parse ] --START--
INFO: [ template_filter ] --START--
INFO: Run Behavior\ContentReplaceBehavior [ RunTime:0.000075s ]
INFO: [ template_filter ] --END-- [ RunTime:0.000134s ]
INFO: Run Behavior\ParseTemplateBehavior [ RunTime:0.008772s ]
INFO: [ view_parse ] --END-- [ RunTime:0.008830s ]
INFO: [ view_filter ] --START--
INFO: Run Behavior\WriteHtmlCacheBehavior [ RunTime:0.000042s ]
INFO: [ view_filter ] --END-- [ RunTime:0.000085s ]
INFO: [ app_end ] --START--
INFO: Run Behavior\ShowPageTraceBehavior [ RunTime:0.000041s ]
INFO: [ app_end ] --END-- [ RunTime:0.000089s ]

[ 2017-12-04T18:20:31+08:00 ] 101.226.33.204 /index.php/Admin/index/grid.html
INFO: [ app_init ] --START--
INFO: Run Behavior\BuildLiteBehavior [ RunTime:0.000023s ]
INFO: [ app_init ] --END-- [ RunTime:0.000179s ]
INFO: [ app_begin ] --START--
INFO: Run Behavior\ReadHtmlCacheBehavior [ RunTime:0.000053s ]
INFO: [ app_begin ] --END-- [ RunTime:0.000115s ]
SQL: SHOW COLUMNS FROM `fuwu` [ RunTime:0.0036s ]
SQL: SELECT DISTINCT  `f_id` FROM `fuwu`  [ RunTime:0.0034s ]
SQL: SELECT `name`,`id` FROM `fuwu` WHERE `id` IN ('20','21','22','23','24','25','26','27','28','31','30','32','29','33','34','35','36')  [ RunTime:0.0034s ]
SQL: SELECT COUNT(*) AS tp_count FROM `fuwu` WHERE `f_id` NOT IN ('0') AND `id` NOT IN ('20','21','22','23','24','25','26','27','28','31','30','32','29','33','34','35','36') LIMIT 1   [ RunTime:0.0035s ]
SQL: SELECT * FROM `fuwu` WHERE `f_id` NOT IN ('0') AND `id` NOT IN ('20','21','22','23','24','25','26','27','28','31','30','32','29','33','34','35','36') ORDER BY id desc LIMIT 0,8   [ RunTime:0.0036s ]
INFO: [ view_parse ] --START--
INFO: [ template_filter ] --START--
INFO: Run Behavior\ContentReplaceBehavior [ RunTime:0.000083s ]
INFO: [ template_filter ] --END-- [ RunTime:0.000142s ]
NOTIC: [8] Use of undefined constant img - assumed 'img' /bweb/www.buy297.com/wangxin/Runtime/Cache/Admin/4fcf460e37905d33a6bf319b1a196864.php 第 164 行.
NOTIC: [8] Use of undefined constant image - assumed 'image' /bweb/www.buy297.com/wangxin/Runtime/Cache/Admin/4fcf460e37905d33a6bf319b1a196864.php 第 165 行.
NOTIC: [8] Use of undefined constant img - assumed 'img' /bweb/www.buy297.com/wangxin/Runtime/Cache/Admin/4fcf460e37905d33a6bf319b1a196864.php 第 164 行.
NOTIC: [8] Use of undefined constant image - assumed 'image' /bweb/www.buy297.com/wangxin/Runtime/Cache/Admin/4fcf460e37905d33a6bf319b1a196864.php 第 165 行.
NOTIC: [8] Use of undefined constant img - assumed 'img' /bweb/www.buy297.com/wangxin/Runtime/Cache/Admin/4fcf460e37905d33a6bf319b1a196864.php 第 164 行.
NOTIC: [8] Use of undefined constant image - assumed 'image' /bweb/www.buy297.com/wangxin/Runtime/Cache/Admin/4fcf460e37905d33a6bf319b1a196864.php 第 165 行.
NOTIC: [8] Use of undefined constant img - assumed 'img' /bweb/www.buy297.com/wangxin/Runtime/Cache/Admin/4fcf460e37905d33a6bf319b1a196864.php 第 164 行.
NOTIC: [8] Use of undefined constant image - assumed 'image' /bweb/www.buy297.com/wangxin/Runtime/Cache/Admin/4fcf460e37905d33a6bf319b1a196864.php 第 165 行.
NOTIC: [8] Use of undefined constant img - assumed 'img' /bweb/www.buy297.com/wangxin/Runtime/Cache/Admin/4fcf460e37905d33a6bf319b1a196864.php 第 164 行.
NOTIC: [8] Use of undefined constant image - assumed 'image' /bweb/www.buy297.com/wangxin/Runtime/Cache/Admin/4fcf460e37905d33a6bf319b1a196864.php 第 165 行.
NOTIC: [8] Use of undefined constant img - assumed 'img' /bweb/www.buy297.com/wangxin/Runtime/Cache/Admin/4fcf460e37905d33a6bf319b1a196864.php 第 164 行.
NOTIC: [8] Use of undefined constant image - assumed 'image' /bweb/www.buy297.com/wangxin/Runtime/Cache/Admin/4fcf460e37905d33a6bf319b1a196864.php 第 165 行.
NOTIC: [8] Use of undefined constant img - assumed 'img' /bweb/www.buy297.com/wangxin/Runtime/Cache/Admin/4fcf460e37905d33a6bf319b1a196864.php 第 164 行.
NOTIC: [8] Use of undefined constant image - assumed 'image' /bweb/www.buy297.com/wangxin/Runtime/Cache/Admin/4fcf460e37905d33a6bf319b1a196864.php 第 165 行.
NOTIC: [8] Use of undefined constant img - assumed 'img' /bweb/www.buy297.com/wangxin/Runtime/Cache/Admin/4fcf460e37905d33a6bf319b1a196864.php 第 164 行.
NOTIC: [8] Use of undefined constant image - assumed 'image' /bweb/www.buy297.com/wangxin/Runtime/Cache/Admin/4fcf460e37905d33a6bf319b1a196864.php 第 165 行.
INFO: Run Behavior\ParseTemplateBehavior [ RunTime:0.007610s ]
INFO: [ view_parse ] --END-- [ RunTime:0.007679s ]
INFO: [ view_filter ] --START--
INFO: Run Behavior\WriteHtmlCacheBehavior [ RunTime:0.000044s ]
INFO: [ view_filter ] --END-- [ RunTime:0.000086s ]
INFO: [ app_end ] --START--
INFO: Run Behavior\ShowPageTraceBehavior [ RunTime:0.000049s ]
INFO: [ app_end ] --END-- [ RunTime:0.000097s ]

[ 2017-12-04T18:20:48+08:00 ] 115.198.91.239 /index.php/Admin/index/facilitator.html
INFO: [ app_init ] --START--
INFO: Run Behavior\BuildLiteBehavior [ RunTime:0.000016s ]
INFO: [ app_init ] --END-- [ RunTime:0.000114s ]
INFO: [ app_begin ] --START--
INFO: Run Behavior\ReadHtmlCacheBehavior [ RunTime:0.000041s ]
INFO: [ app_begin ] --END-- [ RunTime:0.000096s ]
SQL: SHOW COLUMNS FROM `fuwushang` [ RunTime:0.0035s ]
NOTIC: [8] Undefined variable: where /bweb/www.buy297.com/wangxin/Admin/Controller/IndexController.class.php 第 374 行.
SQL: SELECT COUNT(*) AS tp_count FROM `fuwushang` LIMIT 1   [ RunTime:0.0032s ]
NOTIC: [8] Undefined variable: where /bweb/www.buy297.com/wangxin/Admin/Controller/IndexController.class.php 第 379 行.
SQL: SELECT * FROM `fuwushang` ORDER BY id asc LIMIT 0,5   [ RunTime:0.0033s ]
NOTIC: [8] Undefined variable: s /bweb/www.buy297.com/wangxin/Admin/Controller/IndexController.class.php 第 400 行.
NOTIC: [8] Undefined variable: w /bweb/www.buy297.com/wangxin/Admin/Controller/IndexController.class.php 第 400 行.
NOTIC: [2] array_combine() expects parameter 1 to be array, null given /bweb/www.buy297.com/wangxin/Admin/Controller/IndexController.class.php 第 400 行.
INFO: [ view_parse ] --START--
INFO: [ template_filter ] --START--
INFO: Run Behavior\ContentReplaceBehavior [ RunTime:0.000074s ]
INFO: [ template_filter ] --END-- [ RunTime:0.000133s ]
NOTIC: [8] Use of undefined constant img - assumed 'img' /bweb/www.buy297.com/wangxin/Runtime/Cache/Admin/27606d6fdcd443905fb7970b3478e4b7.php 第 170 行.
NOTIC: [8] Use of undefined constant image - assumed 'image' /bweb/www.buy297.com/wangxin/Runtime/Cache/Admin/27606d6fdcd443905fb7970b3478e4b7.php 第 171 行.
NOTIC: [8] Use of undefined constant img - assumed 'img' /bweb/www.buy297.com/wangxin/Runtime/Cache/Admin/27606d6fdcd443905fb7970b3478e4b7.php 第 170 行.
NOTIC: [8] Use of undefined constant image - assumed 'image' /bweb/www.buy297.com/wangxin/Runtime/Cache/Admin/27606d6fdcd443905fb7970b3478e4b7.php 第 171 行.
NOTIC: [8] Use of undefined constant img - assumed 'img' /bweb/www.buy297.com/wangxin/Runtime/Cache/Admin/27606d6fdcd443905fb7970b3478e4b7.php 第 170 行.
NOTIC: [8] Use of undefined constant image - assumed 'image' /bweb/www.buy297.com/wangxin/Runtime/Cache/Admin/27606d6fdcd443905fb7970b3478e4b7.php 第 171 行.
NOTIC: [8] Use of undefined constant img - assumed 'img' /bweb/www.buy297.com/wangxin/Runtime/Cache/Admin/27606d6fdcd443905fb7970b3478e4b7.php 第 170 行.
NOTIC: [8] Use of undefined constant image - assumed 'image' /bweb/www.buy297.com/wangxin/Runtime/Cache/Admin/27606d6fdcd443905fb7970b3478e4b7.php 第 171 行.
NOTIC: [8] Use of undefined constant img - assumed 'img' /bweb/www.buy297.com/wangxin/Runtime/Cache/Admin/27606d6fdcd443905fb7970b3478e4b7.php 第 170 行.
NOTIC: [8] Use of undefined constant image - assumed 'image' /bweb/www.buy297.com/wangxin/Runtime/Cache/Admin/27606d6fdcd443905fb7970b3478e4b7.php 第 171 行.
INFO: Run Behavior\ParseTemplateBehavior [ RunTime:0.008779s ]
INFO: [ view_parse ] --END-- [ RunTime:0.008841s ]
INFO: [ view_filter ] --START--
INFO: Run Behavior\WriteHtmlCacheBehavior [ RunTime:0.000044s ]
INFO: [ view_filter ] --END-- [ RunTime:0.000088s ]
INFO: [ app_end ] --START--
INFO: Run Behavior\ShowPageTraceBehavior [ RunTime:0.000042s ]
INFO: [ app_end ] --END-- [ RunTime:0.000090s ]

[ 2017-12-04T18:20:49+08:00 ] 115.198.91.239 /index.php/Admin/index/tables.html
INFO: [ app_init ] --START--
INFO: Run Behavior\BuildLiteBehavior [ RunTime:0.000015s ]
INFO: [ app_init ] --END-- [ RunTime:0.000097s ]
INFO: [ app_begin ] --START--
INFO: Run Behavior\ReadHtmlCacheBehavior [ RunTime:0.000037s ]
INFO: [ app_begin ] --END-- [ RunTime:0.000089s ]
SQL: SHOW COLUMNS FROM `wx_user` [ RunTime:0.0039s ]
NOTIC: [8] Undefined variable: where /bweb/www.buy297.com/wangxin/Admin/Controller/IndexController.class.php 第 327 行.
SQL: SELECT COUNT(*) AS tp_count FROM `wx_user` LIMIT 1   [ RunTime:0.0035s ]
NOTIC: [8] Undefined variable: where /bweb/www.buy297.com/wangxin/Admin/Controller/IndexController.class.php 第 330 行.
SQL: SELECT * FROM `wx_user` ORDER BY id desc LIMIT 0,8   [ RunTime:0.0036s ]
INFO: [ view_parse ] --START--
INFO: [ template_filter ] --START--
INFO: Run Behavior\ContentReplaceBehavior [ RunTime:0.000075s ]
INFO: [ template_filter ] --END-- [ RunTime:0.000140s ]
NOTIC: [8] Use of undefined constant img - assumed 'img' /bweb/www.buy297.com/wangxin/Runtime/Cache/Admin/6f827b76189b7a5fcecd7832ef52cffd.php 第 166 行.
NOTIC: [8] Use of undefined constant img - assumed 'img' /bweb/www.buy297.com/wangxin/Runtime/Cache/Admin/6f827b76189b7a5fcecd7832ef52cffd.php 第 166 行.
NOTIC: [8] Use of undefined constant img - assumed 'img' /bweb/www.buy297.com/wangxin/Runtime/Cache/Admin/6f827b76189b7a5fcecd7832ef52cffd.php 第 166 行.
NOTIC: [8] Use of undefined constant img - assumed 'img' /bweb/www.buy297.com/wangxin/Runtime/Cache/Admin/6f827b76189b7a5fcecd7832ef52cffd.php 第 166 行.
NOTIC: [8] Use of undefined constant img - assumed 'img' /bweb/www.buy297.com/wangxin/Runtime/Cache/Admin/6f827b76189b7a5fcecd7832ef52cffd.php 第 166 行.
NOTIC: [8] Use of undefined constant img - assumed 'img' /bweb/www.buy297.com/wangxin/Runtime/Cache/Admin/6f827b76189b7a5fcecd7832ef52cffd.php 第 166 行.
NOTIC: [8] Use of undefined constant img - assumed 'img' /bweb/www.buy297.com/wangxin/Runtime/Cache/Admin/6f827b76189b7a5fcecd7832ef52cffd.php 第 166 行.
NOTIC: [8] Use of undefined constant img - assumed 'img' /bweb/www.buy297.com/wangxin/Runtime/Cache/Admin/6f827b76189b7a5fcecd7832ef52cffd.php 第 166 行.
INFO: Run Behavior\ParseTemplateBehavior [ RunTime:0.018819s ]
INFO: [ view_parse ] --END-- [ RunTime:0.018878s ]
INFO: [ view_filter ] --START--
INFO: Run Behavior\WriteHtmlCacheBehavior [ RunTime:0.000043s ]
INFO: [ view_filter ] --END-- [ RunTime:0.000099s ]
INFO: [ app_end ] --START--
INFO: Run Behavior\ShowPageTraceBehavior [ RunTime:0.000042s ]
INFO: [ app_end ] --END-- [ RunTime:0.000097s ]

[ 2017-12-04T18:20:51+08:00 ] 115.198.91.239 /index.php/Admin/index/facilitator.html
INFO: [ app_init ] --START--
INFO: Run Behavior\BuildLiteBehavior [ RunTime:0.000016s ]
INFO: [ app_init ] --END-- [ RunTime:0.000111s ]
INFO: [ app_begin ] --START--
INFO: Run Behavior\ReadHtmlCacheBehavior [ RunTime:0.000043s ]
INFO: [ app_begin ] --END-- [ RunTime:0.000100s ]
SQL: SHOW COLUMNS FROM `fuwushang` [ RunTime:0.0037s ]
NOTIC: [8] Undefined variable: where /bweb/www.buy297.com/wangxin/Admin/Controller/IndexController.class.php 第 374 行.
SQL: SELECT COUNT(*) AS tp_count FROM `fuwushang` LIMIT 1   [ RunTime:0.0034s ]
NOTIC: [8] Undefined variable: where /bweb/www.buy297.com/wangxin/Admin/Controller/IndexController.class.php 第 379 行.
SQL: SELECT * FROM `fuwushang` ORDER BY id asc LIMIT 0,5   [ RunTime:0.0034s ]
NOTIC: [8] Undefined variable: s /bweb/www.buy297.com/wangxin/Admin/Controller/IndexController.class.php 第 400 行.
NOTIC: [8] Undefined variable: w /bweb/www.buy297.com/wangxin/Admin/Controller/IndexController.class.php 第 400 行.
NOTIC: [2] array_combine() expects parameter 1 to be array, null given /bweb/www.buy297.com/wangxin/Admin/Controller/IndexController.class.php 第 400 行.
INFO: [ view_parse ] --START--
INFO: [ template_filter ] --START--
INFO: Run Behavior\ContentReplaceBehavior [ RunTime:0.000070s ]
INFO: [ template_filter ] --END-- [ RunTime:0.000127s ]
NOTIC: [8] Use of undefined constant img - assumed 'img' /bweb/www.buy297.com/wangxin/Runtime/Cache/Admin/27606d6fdcd443905fb7970b3478e4b7.php 第 170 行.
NOTIC: [8] Use of undefined constant image - assumed 'image' /bweb/www.buy297.com/wangxin/Runtime/Cache/Admin/27606d6fdcd443905fb7970b3478e4b7.php 第 171 行.
NOTIC: [8] Use of undefined constant img - assumed 'img' /bweb/www.buy297.com/wangxin/Runtime/Cache/Admin/27606d6fdcd443905fb7970b3478e4b7.php 第 170 行.
NOTIC: [8] Use of undefined constant image - assumed 'image' /bweb/www.buy297.com/wangxin/Runtime/Cache/Admin/27606d6fdcd443905fb7970b3478e4b7.php 第 171 行.
NOTIC: [8] Use of undefined constant img - assumed 'img' /bweb/www.buy297.com/wangxin/Runtime/Cache/Admin/27606d6fdcd443905fb7970b3478e4b7.php 第 170 行.
NOTIC: [8] Use of undefined constant image - assumed 'image' /bweb/www.buy297.com/wangxin/Runtime/Cache/Admin/27606d6fdcd443905fb7970b3478e4b7.php 第 171 行.
NOTIC: [8] Use of undefined constant img - assumed 'img' /bweb/www.buy297.com/wangxin/Runtime/Cache/Admin/27606d6fdcd443905fb7970b3478e4b7.php 第 170 行.
NOTIC: [8] Use of undefined constant image - assumed 'image' /bweb/www.buy297.com/wangxin/Runtime/Cache/Admin/27606d6fdcd443905fb7970b3478e4b7.php 第 171 行.
NOTIC: [8] Use of undefined constant img - assumed 'img' /bweb/www.buy297.com/wangxin/Runtime/Cache/Admin/27606d6fdcd443905fb7970b3478e4b7.php 第 170 行.
NOTIC: [8] Use of undefined constant image - assumed 'image' /bweb/www.buy297.com/wangxin/Runtime/Cache/Admin/27606d6fdcd443905fb7970b3478e4b7.php 第 171 行.
INFO: Run Behavior\ParseTemplateBehavior [ RunTime:0.008325s ]
INFO: [ view_parse ] --END-- [ RunTime:0.008385s ]
INFO: [ view_filter ] --START--
INFO: Run Behavior\WriteHtmlCacheBehavior [ RunTime:0.000040s ]
INFO: [ view_filter ] --END-- [ RunTime:0.000081s ]
INFO: [ app_end ] --START--
INFO: Run Behavior\ShowPageTraceBehavior [ RunTime:0.000039s ]
INFO: [ app_end ] --END-- [ RunTime:0.000085s ]

[ 2017-12-04T18:20:53+08:00 ] 115.198.91.239 /index.php/Admin/index/tables.html
INFO: [ app_init ] --START--
INFO: Run Behavior\BuildLiteBehavior [ RunTime:0.000017s ]
INFO: [ app_init ] --END-- [ RunTime:0.000108s ]
INFO: [ app_begin ] --START--
INFO: Run Behavior\ReadHtmlCacheBehavior [ RunTime:0.000040s ]
INFO: [ app_begin ] --END-- [ RunTime:0.000098s ]
SQL: SHOW COLUMNS FROM `wx_user` [ RunTime:0.0036s ]
NOTIC: [8] Undefined variable: where /bweb/www.buy297.com/wangxin/Admin/Controller/IndexController.class.php 第 327 行.
SQL: SELECT COUNT(*) AS tp_count FROM `wx_user` LIMIT 1   [ RunTime:0.0033s ]
NOTIC: [8] Undefined variable: where /bweb/www.buy297.com/wangxin/Admin/Controller/IndexController.class.php 第 330 行.
SQL: SELECT * FROM `wx_user` ORDER BY id desc LIMIT 0,8   [ RunTime:0.0033s ]
INFO: [ view_parse ] --START--
INFO: [ template_filter ] --START--
INFO: Run Behavior\ContentReplaceBehavior [ RunTime:0.000066s ]
INFO: [ template_filter ] --END-- [ RunTime:0.000119s ]
NOTIC: [8] Use of undefined constant img - assumed 'img' /bweb/www.buy297.com/wangxin/Runtime/Cache/Admin/6f827b76189b7a5fcecd7832ef52cffd.php 第 166 行.
NOTIC: [8] Use of undefined constant img - assumed 'img' /bweb/www.buy297.com/wangxin/Runtime/Cache/Admin/6f827b76189b7a5fcecd7832ef52cffd.php 第 166 行.
NOTIC: [8] Use of undefined constant img - assumed 'img' /bweb/www.buy297.com/wangxin/Runtime/Cache/Admin/6f827b76189b7a5fcecd7832ef52cffd.php 第 166 行.
NOTIC: [8] Use of undefined constant img - assumed 'img' /bweb/www.buy297.com/wangxin/Runtime/Cache/Admin/6f827b76189b7a5fcecd7832ef52cffd.php 第 166 行.
NOTIC: [8] Use of undefined constant img - assumed 'img' /bweb/www.buy297.com/wangxin/Runtime/Cache/Admin/6f827b76189b7a5fcecd7832ef52cffd.php 第 166 行.
NOTIC: [8] Use of undefined constant img - assumed 'img' /bweb/www.buy297.com/wangxin/Runtime/Cache/Admin/6f827b76189b7a5fcecd7832ef52cffd.php 第 166 行.
NOTIC: [8] Use of undefined constant img - assumed 'img' /bweb/www.buy297.com/wangxin/Runtime/Cache/Admin/6f827b76189b7a5fcecd7832ef52cffd.php 第 166 行.
NOTIC: [8] Use of undefined constant img - assumed 'img' /bweb/www.buy297.com/wangxin/Runtime/Cache/Admin/6f827b76189b7a5fcecd7832ef52cffd.php 第 166 行.
INFO: Run Behavior\ParseTemplateBehavior [ RunTime:0.007312s ]
INFO: [ view_parse ] --END-- [ RunTime:0.007364s ]
INFO: [ view_filter ] --START--
INFO: Run Behavior\WriteHtmlCacheBehavior [ RunTime:0.000036s ]
INFO: [ view_filter ] --END-- [ RunTime:0.000077s ]
INFO: [ app_end ] --START--
INFO: Run Behavior\ShowPageTraceBehavior [ RunTime:0.000036s ]
INFO: [ app_end ] --END-- [ RunTime:0.000083s ]

[ 2017-12-04T18:20:55+08:00 ] 115.198.91.239 /index.php/Admin/index/tables.html
INFO: [ app_init ] --START--
INFO: Run Behavior\BuildLiteBehavior [ RunTime:0.000017s ]
INFO: [ app_init ] --END-- [ RunTime:0.000114s ]
INFO: [ app_begin ] --START--
INFO: Run Behavior\ReadHtmlCacheBehavior [ RunTime:0.000044s ]
INFO: [ app_begin ] --END-- [ RunTime:0.000103s ]
SQL: SHOW COLUMNS FROM `wx_user` [ RunTime:0.0037s ]
NOTIC: [8] Undefined variable: where /bweb/www.buy297.com/wangxin/Admin/Controller/IndexController.class.php 第 327 行.
SQL: SELECT COUNT(*) AS tp_count FROM `wx_user` LIMIT 1   [ RunTime:0.0034s ]
NOTIC: [8] Undefined variable: where /bweb/www.buy297.com/wangxin/Admin/Controller/IndexController.class.php 第 330 行.
SQL: SELECT * FROM `wx_user` ORDER BY id desc LIMIT 0,8   [ RunTime:0.0035s ]
INFO: [ view_parse ] --START--
INFO: [ template_filter ] --START--
INFO: Run Behavior\ContentReplaceBehavior [ RunTime:0.000066s ]
INFO: [ template_filter ] --END-- [ RunTime:0.000120s ]
NOTIC: [8] Use of undefined constant img - assumed 'img' /bweb/www.buy297.com/wangxin/Runtime/Cache/Admin/6f827b76189b7a5fcecd7832ef52cffd.php 第 166 行.
NOTIC: [8] Use of undefined constant img - assumed 'img' /bweb/www.buy297.com/wangxin/Runtime/Cache/Admin/6f827b76189b7a5fcecd7832ef52cffd.php 第 166 行.
NOTIC: [8] Use of undefined constant img - assumed 'img' /bweb/www.buy297.com/wangxin/Runtime/Cache/Admin/6f827b76189b7a5fcecd7832ef52cffd.php 第 166 行.
NOTIC: [8] Use of undefined constant img - assumed 'img' /bweb/www.buy297.com/wangxin/Runtime/Cache/Admin/6f827b76189b7a5fcecd7832ef52cffd.php 第 166 行.
NOTIC: [8] Use of undefined constant img - assumed 'img' /bweb/www.buy297.com/wangxin/Runtime/Cache/Admin/6f827b76189b7a5fcecd7832ef52cffd.php 第 166 行.
NOTIC: [8] Use of undefined constant img - assumed 'img' /bweb/www.buy297.com/wangxin/Runtime/Cache/Admin/6f827b76189b7a5fcecd7832ef52cffd.php 第 166 行.
NOTIC: [8] Use of undefined constant img - assumed 'img' /bweb/www.buy297.com/wangxin/Runtime/Cache/Admin/6f827b76189b7a5fcecd7832ef52cffd.php 第 166 行.
NOTIC: [8] Use of undefined constant img - assumed 'img' /bweb/www.buy297.com/wangxin/Runtime/Cache/Admin/6f827b76189b7a5fcecd7832ef52cffd.php 第 166 行.
INFO: Run Behavior\ParseTemplateBehavior [ RunTime:0.007321s ]
INFO: [ view_parse ] --END-- [ RunTime:0.007374s ]
INFO: [ view_filter ] --START--
INFO: Run Behavior\WriteHtmlCacheBehavior [ RunTime:0.000039s ]
INFO: [ view_filter ] --END-- [ RunTime:0.000082s ]
INFO: [ app_end ] --START--
INFO: Run Behavior\ShowPageTraceBehavior [ RunTime:0.000039s ]
INFO: [ app_end ] --END-- [ RunTime:0.000086s ]

[ 2017-12-04T18:20:58+08:00 ] 115.198.91.239 /index.php/Admin/index/tables.html
INFO: [ app_init ] --START--
INFO: Run Behavior\BuildLiteBehavior [ RunTime:0.000018s ]
INFO: [ app_init ] --END-- [ RunTime:0.000117s ]
INFO: [ app_begin ] --START--
INFO: Run Behavior\ReadHtmlCacheBehavior [ RunTime:0.000045s ]
INFO: [ app_begin ] --END-- [ RunTime:0.000103s ]
SQL: SHOW COLUMNS FROM `wx_user` [ RunTime:0.0037s ]
NOTIC: [8] Undefined variable: where /bweb/www.buy297.com/wangxin/Admin/Controller/IndexController.class.php 第 327 行.
SQL: SELECT COUNT(*) AS tp_count FROM `wx_user` LIMIT 1   [ RunTime:0.0034s ]
NOTIC: [8] Undefined variable: where /bweb/www.buy297.com/wangxin/Admin/Controller/IndexController.class.php 第 330 行.
SQL: SELECT * FROM `wx_user` ORDER BY id desc LIMIT 0,8   [ RunTime:0.0035s ]
INFO: [ view_parse ] --START--
INFO: [ template_filter ] --START--
INFO: Run Behavior\ContentReplaceBehavior [ RunTime:0.000066s ]
INFO: [ template_filter ] --END-- [ RunTime:0.000121s ]
NOTIC: [8] Use of undefined constant img - assumed 'img' /bweb/www.buy297.com/wangxin/Runtime/Cache/Admin/6f827b76189b7a5fcecd7832ef52cffd.php 第 166 行.
NOTIC: [8] Use of undefined constant img - assumed 'img' /bweb/www.buy297.com/wangxin/Runtime/Cache/Admin/6f827b76189b7a5fcecd7832ef52cffd.php 第 166 行.
NOTIC: [8] Use of undefined constant img - assumed 'img' /bweb/www.buy297.com/wangxin/Runtime/Cache/Admin/6f827b76189b7a5fcecd7832ef52cffd.php 第 166 行.
NOTIC: [8] Use of undefined constant img - assumed 'img' /bweb/www.buy297.com/wangxin/Runtime/Cache/Admin/6f827b76189b7a5fcecd7832ef52cffd.php 第 166 行.
NOTIC: [8] Use of undefined constant img - assumed 'img' /bweb/www.buy297.com/wangxin/Runtime/Cache/Admin/6f827b76189b7a5fcecd7832ef52cffd.php 第 166 行.
NOTIC: [8] Use of undefined constant img - assumed 'img' /bweb/www.buy297.com/wangxin/Runtime/Cache/Admin/6f827b76189b7a5fcecd7832ef52cffd.php 第 166 行.
NOTIC: [8] Use of undefined constant img - assumed 'img' /bweb/www.buy297.com/wangxin/Runtime/Cache/Admin/6f827b76189b7a5fcecd7832ef52cffd.php 第 166 行.
NOTIC: [8] Use of undefined constant img - assumed 'img' /bweb/www.buy297.com/wangxin/Runtime/Cache/Admin/6f827b76189b7a5fcecd7832ef52cffd.php 第 166 行.
INFO: Run Behavior\ParseTemplateBehavior [ RunTime:0.007576s ]
INFO: [ view_parse ] --END-- [ RunTime:0.007634s ]
INFO: [ view_filter ] --START--
INFO: Run Behavior\WriteHtmlCacheBehavior [ RunTime:0.000041s ]
INFO: [ view_filter ] --END-- [ RunTime:0.000083s ]
INFO: [ app_end ] --START--
INFO: Run Behavior\ShowPageTraceBehavior [ RunTime:0.000040s ]
INFO: [ app_end ] --END-- [ RunTime:0.000088s ]

[ 2017-12-04T18:20:59+08:00 ] 101.226.33.202 /index.php/Admin/index/tables.html
INFO: [ app_init ] --START--
INFO: Run Behavior\BuildLiteBehavior [ RunTime:0.000016s ]
INFO: [ app_init ] --END-- [ RunTime:0.000100s ]
INFO: [ app_begin ] --START--
INFO: Run Behavior\ReadHtmlCacheBehavior [ RunTime:0.000055s ]
INFO: [ app_begin ] --END-- [ RunTime:0.000115s ]
SQL: SHOW COLUMNS FROM `wx_user` [ RunTime:0.0035s ]
NOTIC: [8] Undefined variable: where /bweb/www.buy297.com/wangxin/Admin/Controller/IndexController.class.php 第 327 行.
SQL: SELECT COUNT(*) AS tp_count FROM `wx_user` LIMIT 1   [ RunTime:0.0028s ]
NOTIC: [8] Undefined variable: where /bweb/www.buy297.com/wangxin/Admin/Controller/IndexController.class.php 第 330 行.
SQL: SELECT * FROM `wx_user` ORDER BY id desc LIMIT 0,8   [ RunTime:0.0029s ]
INFO: [ view_parse ] --START--
INFO: [ template_filter ] --START--
INFO: Run Behavior\ContentReplaceBehavior [ RunTime:0.000066s ]
INFO: [ template_filter ] --END-- [ RunTime:0.000121s ]
NOTIC: [8] Use of undefined constant img - assumed 'img' /bweb/www.buy297.com/wangxin/Runtime/Cache/Admin/6f827b76189b7a5fcecd7832ef52cffd.php 第 166 行.
NOTIC: [8] Use of undefined constant img - assumed 'img' /bweb/www.buy297.com/wangxin/Runtime/Cache/Admin/6f827b76189b7a5fcecd7832ef52cffd.php 第 166 行.
NOTIC: [8] Use of undefined constant img - assumed 'img' /bweb/www.buy297.com/wangxin/Runtime/Cache/Admin/6f827b76189b7a5fcecd7832ef52cffd.php 第 166 行.
NOTIC: [8] Use of undefined constant img - assumed 'img' /bweb/www.buy297.com/wangxin/Runtime/Cache/Admin/6f827b76189b7a5fcecd7832ef52cffd.php 第 166 行.
NOTIC: [8] Use of undefined constant img - assumed 'img' /bweb/www.buy297.com/wangxin/Runtime/Cache/Admin/6f827b76189b7a5fcecd7832ef52cffd.php 第 166 行.
NOTIC: [8] Use of undefined constant img - assumed 'img' /bweb/www.buy297.com/wangxin/Runtime/Cache/Admin/6f827b76189b7a5fcecd7832ef52cffd.php 第 166 行.
NOTIC: [8] Use of undefined constant img - assumed 'img' /bweb/www.buy297.com/wangxin/Runtime/Cache/Admin/6f827b76189b7a5fcecd7832ef52cffd.php 第 166 行.
NOTIC: [8] Use of undefined constant img - assumed 'img' /bweb/www.buy297.com/wangxin/Runtime/Cache/Admin/6f827b76189b7a5fcecd7832ef52cffd.php 第 166 行.
INFO: Run Behavior\ParseTemplateBehavior [ RunTime:0.007194s ]
INFO: [ view_parse ] --END-- [ RunTime:0.007247s ]
INFO: [ view_filter ] --START--
INFO: Run Behavior\WriteHtmlCacheBehavior [ RunTime:0.000036s ]
INFO: [ view_filter ] --END-- [ RunTime:0.000077s ]
INFO: [ app_end ] --START--
INFO: Run Behavior\ShowPageTraceBehavior [ RunTime:0.000035s ]
INFO: [ app_end ] --END-- [ RunTime:0.000082s ]

[ 2017-12-04T18:21:08+08:00 ] 115.198.91.239 /index.php/Admin/index/grid.html
INFO: [ app_init ] --START--
INFO: Run Behavior\BuildLiteBehavior [ RunTime:0.000022s ]
INFO: [ app_init ] --END-- [ RunTime:0.000158s ]
INFO: [ app_begin ] --START--
INFO: Run Behavior\ReadHtmlCacheBehavior [ RunTime:0.000052s ]
INFO: [ app_begin ] --END-- [ RunTime:0.000114s ]
SQL: SHOW COLUMNS FROM `fuwu` [ RunTime:0.0039s ]
SQL: SELECT DISTINCT  `f_id` FROM `fuwu`  [ RunTime:0.0036s ]
SQL: SELECT `name`,`id` FROM `fuwu` WHERE `id` IN ('20','21','22','23','24','25','26','27','28','31','30','32','29','33','34','35','36')  [ RunTime:0.0036s ]
SQL: SELECT COUNT(*) AS tp_count FROM `fuwu` WHERE `f_id` NOT IN ('0') AND `id` NOT IN ('20','21','22','23','24','25','26','27','28','31','30','32','29','33','34','35','36') LIMIT 1   [ RunTime:0.0037s ]
SQL: SELECT * FROM `fuwu` WHERE `f_id` NOT IN ('0') AND `id` NOT IN ('20','21','22','23','24','25','26','27','28','31','30','32','29','33','34','35','36') ORDER BY id desc LIMIT 0,8   [ RunTime:0.0039s ]
INFO: [ view_parse ] --START--
INFO: [ template_filter ] --START--
INFO: Run Behavior\ContentReplaceBehavior [ RunTime:0.000087s ]
INFO: [ template_filter ] --END-- [ RunTime:0.000145s ]
NOTIC: [8] Use of undefined constant img - assumed 'img' /bweb/www.buy297.com/wangxin/Runtime/Cache/Admin/4fcf460e37905d33a6bf319b1a196864.php 第 164 行.
NOTIC: [8] Use of undefined constant image - assumed 'image' /bweb/www.buy297.com/wangxin/Runtime/Cache/Admin/4fcf460e37905d33a6bf319b1a196864.php 第 165 行.
NOTIC: [8] Use of undefined constant img - assumed 'img' /bweb/www.buy297.com/wangxin/Runtime/Cache/Admin/4fcf460e37905d33a6bf319b1a196864.php 第 164 行.
NOTIC: [8] Use of undefined constant image - assumed 'image' /bweb/www.buy297.com/wangxin/Runtime/Cache/Admin/4fcf460e37905d33a6bf319b1a196864.php 第 165 行.
NOTIC: [8] Use of undefined constant img - assumed 'img' /bweb/www.buy297.com/wangxin/Runtime/Cache/Admin/4fcf460e37905d33a6bf319b1a196864.php 第 164 行.
NOTIC: [8] Use of undefined constant image - assumed 'image' /bweb/www.buy297.com/wangxin/Runtime/Cache/Admin/4fcf460e37905d33a6bf319b1a196864.php 第 165 行.
NOTIC: [8] Use of undefined constant img - assumed 'img' /bweb/www.buy297.com/wangxin/Runtime/Cache/Admin/4fcf460e37905d33a6bf319b1a196864.php 第 164 行.
NOTIC: [8] Use of undefined constant image - assumed 'image' /bweb/www.buy297.com/wangxin/Runtime/Cache/Admin/4fcf460e37905d33a6bf319b1a196864.php 第 165 行.
NOTIC: [8] Use of undefined constant img - assumed 'img' /bweb/www.buy297.com/wangxin/Runtime/Cache/Admin/4fcf460e37905d33a6bf319b1a196864.php 第 164 行.
NOTIC: [8] Use of undefined constant image - assumed 'image' /bweb/www.buy297.com/wangxin/Runtime/Cache/Admin/4fcf460e37905d33a6bf319b1a196864.php 第 165 行.
NOTIC: [8] Use of undefined constant img - assumed 'img' /bweb/www.buy297.com/wangxin/Runtime/Cache/Admin/4fcf460e37905d33a6bf319b1a196864.php 第 164 行.
NOTIC: [8] Use of undefined constant image - assumed 'image' /bweb/www.buy297.com/wangxin/Runtime/Cache/Admin/4fcf460e37905d33a6bf319b1a196864.php 第 165 行.
NOTIC: [8] Use of undefined constant img - assumed 'img' /bweb/www.buy297.com/wangxin/Runtime/Cache/Admin/4fcf460e37905d33a6bf319b1a196864.php 第 164 行.
NOTIC: [8] Use of undefined constant image - assumed 'image' /bweb/www.buy297.com/wangxin/Runtime/Cache/Admin/4fcf460e37905d33a6bf319b1a196864.php 第 165 行.
NOTIC: [8] Use of undefined constant img - assumed 'img' /bweb/www.buy297.com/wangxin/Runtime/Cache/Admin/4fcf460e37905d33a6bf319b1a196864.php 第 164 行.
NOTIC: [8] Use of undefined constant image - assumed 'image' /bweb/www.buy297.com/wangxin/Runtime/Cache/Admin/4fcf460e37905d33a6bf319b1a196864.php 第 165 行.
INFO: Run Behavior\ParseTemplateBehavior [ RunTime:0.008675s ]
INFO: [ view_parse ] --END-- [ RunTime:0.008731s ]
INFO: [ view_filter ] --START--
INFO: Run Behavior\WriteHtmlCacheBehavior [ RunTime:0.000044s ]
INFO: [ view_filter ] --END-- [ RunTime:0.000086s ]
INFO: [ app_end ] --START--
INFO: Run Behavior\ShowPageTraceBehavior [ RunTime:0.000063s ]
INFO: [ app_end ] --END-- [ RunTime:0.000112s ]

[ 2017-12-04T18:22:01+08:00 ] 115.198.91.239 /index.php/Admin/complain/complain.html
INFO: [ app_init ] --START--
INFO: Run Behavior\BuildLiteBehavior [ RunTime:0.000016s ]
INFO: [ app_init ] --END-- [ RunTime:0.000110s ]
INFO: [ app_begin ] --START--
INFO: Run Behavior\ReadHtmlCacheBehavior [ RunTime:0.000042s ]
INFO: [ app_begin ] --END-- [ RunTime:0.000110s ]
SQL: SHOW COLUMNS FROM `tousu` [ RunTime:0.0041s ]
SQL: SHOW COLUMNS FROM `wx_user` [ RunTime:0.0039s ]
NOTIC: [8] Undefined variable: where /bweb/www.buy297.com/wangxin/Admin/Controller/ComplainController.class.php 第 29 行.
SQL: SELECT COUNT(*) AS tp_count FROM `tousu` LIMIT 1   [ RunTime:0.0037s ]
NOTIC: [8] Undefined variable: where /bweb/www.buy297.com/wangxin/Admin/Controller/ComplainController.class.php 第 36 行.
SQL: SELECT `neirong`,o.name as u_name FROM tousu g left join wx_user AS o ON g.name_id=o.openid  LIMIT 0,8   [ RunTime:0.0037s ]
INFO: [ view_parse ] --START--
INFO: [ template_filter ] --START--
INFO: Run Behavior\ContentReplaceBehavior [ RunTime:0.000070s ]
INFO: [ template_filter ] --END-- [ RunTime:0.000128s ]
INFO: Run Behavior\ParseTemplateBehavior [ RunTime:0.013300s ]
INFO: [ view_parse ] --END-- [ RunTime:0.013361s ]
INFO: [ view_filter ] --START--
INFO: Run Behavior\WriteHtmlCacheBehavior [ RunTime:0.000042s ]
INFO: [ view_filter ] --END-- [ RunTime:0.000087s ]
INFO: [ app_end ] --START--
INFO: Run Behavior\ShowPageTraceBehavior [ RunTime:0.000041s ]
INFO: [ app_end ] --END-- [ RunTime:0.000090s ]

[ 2017-12-04T18:22:03+08:00 ] 115.198.91.239 /index.php/Admin/index/tables.html
INFO: [ app_init ] --START--
INFO: Run Behavior\BuildLiteBehavior [ RunTime:0.000015s ]
INFO: [ app_init ] --END-- [ RunTime:0.000110s ]
INFO: [ app_begin ] --START--
INFO: Run Behavior\ReadHtmlCacheBehavior [ RunTime:0.000038s ]
INFO: [ app_begin ] --END-- [ RunTime:0.000089s ]
SQL: SHOW COLUMNS FROM `wx_user` [ RunTime:0.0036s ]
NOTIC: [8] Undefined variable: where /bweb/www.buy297.com/wangxin/Admin/Controller/IndexController.class.php 第 327 行.
SQL: SELECT COUNT(*) AS tp_count FROM `wx_user` LIMIT 1   [ RunTime:0.0033s ]
NOTIC: [8] Undefined variable: where /bweb/www.buy297.com/wangxin/Admin/Controller/IndexController.class.php 第 330 行.
SQL: SELECT * FROM `wx_user` ORDER BY id desc LIMIT 0,8   [ RunTime:0.0033s ]
INFO: [ view_parse ] --START--
INFO: [ template_filter ] --START--
INFO: Run Behavior\ContentReplaceBehavior [ RunTime:0.000067s ]
INFO: [ template_filter ] --END-- [ RunTime:0.000120s ]
NOTIC: [8] Use of undefined constant img - assumed 'img' /bweb/www.buy297.com/wangxin/Runtime/Cache/Admin/6f827b76189b7a5fcecd7832ef52cffd.php 第 166 行.
NOTIC: [8] Use of undefined constant img - assumed 'img' /bweb/www.buy297.com/wangxin/Runtime/Cache/Admin/6f827b76189b7a5fcecd7832ef52cffd.php 第 166 行.
NOTIC: [8] Use of undefined constant img - assumed 'img' /bweb/www.buy297.com/wangxin/Runtime/Cache/Admin/6f827b76189b7a5fcecd7832ef52cffd.php 第 166 行.
NOTIC: [8] Use of undefined constant img - assumed 'img' /bweb/www.buy297.com/wangxin/Runtime/Cache/Admin/6f827b76189b7a5fcecd7832ef52cffd.php 第 166 行.
NOTIC: [8] Use of undefined constant img - assumed 'img' /bweb/www.buy297.com/wangxin/Runtime/Cache/Admin/6f827b76189b7a5fcecd7832ef52cffd.php 第 166 行.
NOTIC: [8] Use of undefined constant img - assumed 'img' /bweb/www.buy297.com/wangxin/Runtime/Cache/Admin/6f827b76189b7a5fcecd7832ef52cffd.php 第 166 行.
NOTIC: [8] Use of undefined constant img - assumed 'img' /bweb/www.buy297.com/wangxin/Runtime/Cache/Admin/6f827b76189b7a5fcecd7832ef52cffd.php 第 166 行.
NOTIC: [8] Use of undefined constant img - assumed 'img' /bweb/www.buy297.com/wangxin/Runtime/Cache/Admin/6f827b76189b7a5fcecd7832ef52cffd.php 第 166 行.
INFO: Run Behavior\ParseTemplateBehavior [ RunTime:0.007771s ]
INFO: [ view_parse ] --END-- [ RunTime:0.007837s ]
INFO: [ view_filter ] --START--
INFO: Run Behavior\WriteHtmlCacheBehavior [ RunTime:0.000038s ]
INFO: [ view_filter ] --END-- [ RunTime:0.000079s ]
INFO: [ app_end ] --START--
INFO: Run Behavior\ShowPageTraceBehavior [ RunTime:0.000036s ]
INFO: [ app_end ] --END-- [ RunTime:0.000080s ]

[ 2017-12-04T18:22:04+08:00 ] 115.198.91.239 /index.php/Admin/index/facilitator.html
INFO: [ app_init ] --START--
INFO: Run Behavior\BuildLiteBehavior [ RunTime:0.000016s ]
INFO: [ app_init ] --END-- [ RunTime:0.000121s ]
INFO: [ app_begin ] --START--
INFO: Run Behavior\ReadHtmlCacheBehavior [ RunTime:0.000046s ]
INFO: [ app_begin ] --END-- [ RunTime:0.000104s ]
SQL: SHOW COLUMNS FROM `fuwushang` [ RunTime:0.0034s ]
NOTIC: [8] Undefined variable: where /bweb/www.buy297.com/wangxin/Admin/Controller/IndexController.class.php 第 374 行.
SQL: SELECT COUNT(*) AS tp_count FROM `fuwushang` LIMIT 1   [ RunTime:0.0030s ]
NOTIC: [8] Undefined variable: where /bweb/www.buy297.com/wangxin/Admin/Controller/IndexController.class.php 第 379 行.
SQL: SELECT * FROM `fuwushang` ORDER BY id asc LIMIT 0,5   [ RunTime:0.0031s ]
NOTIC: [8] Undefined variable: s /bweb/www.buy297.com/wangxin/Admin/Controller/IndexController.class.php 第 400 行.
NOTIC: [8] Undefined variable: w /bweb/www.buy297.com/wangxin/Admin/Controller/IndexController.class.php 第 400 行.
NOTIC: [2] array_combine() expects parameter 1 to be array, null given /bweb/www.buy297.com/wangxin/Admin/Controller/IndexController.class.php 第 400 行.
INFO: [ view_parse ] --START--
INFO: [ template_filter ] --START--
INFO: Run Behavior\ContentReplaceBehavior [ RunTime:0.000074s ]
INFO: [ template_filter ] --END-- [ RunTime:0.000132s ]
NOTIC: [8] Use of undefined constant img - assumed 'img' /bweb/www.buy297.com/wangxin/Runtime/Cache/Admin/27606d6fdcd443905fb7970b3478e4b7.php 第 170 行.
NOTIC: [8] Use of undefined constant image - assumed 'image' /bweb/www.buy297.com/wangxin/Runtime/Cache/Admin/27606d6fdcd443905fb7970b3478e4b7.php 第 171 行.
NOTIC: [8] Use of undefined constant img - assumed 'img' /bweb/www.buy297.com/wangxin/Runtime/Cache/Admin/27606d6fdcd443905fb7970b3478e4b7.php 第 170 行.
NOTIC: [8] Use of undefined constant image - assumed 'image' /bweb/www.buy297.com/wangxin/Runtime/Cache/Admin/27606d6fdcd443905fb7970b3478e4b7.php 第 171 行.
NOTIC: [8] Use of undefined constant img - assumed 'img' /bweb/www.buy297.com/wangxin/Runtime/Cache/Admin/27606d6fdcd443905fb7970b3478e4b7.php 第 170 行.
NOTIC: [8] Use of undefined constant image - assumed 'image' /bweb/www.buy297.com/wangxin/Runtime/Cache/Admin/27606d6fdcd443905fb7970b3478e4b7.php 第 171 行.
NOTIC: [8] Use of undefined constant img - assumed 'img' /bweb/www.buy297.com/wangxin/Runtime/Cache/Admin/27606d6fdcd443905fb7970b3478e4b7.php 第 170 行.
NOTIC: [8] Use of undefined constant image - assumed 'image' /bweb/www.buy297.com/wangxin/Runtime/Cache/Admin/27606d6fdcd443905fb7970b3478e4b7.php 第 171 行.
NOTIC: [8] Use of undefined constant img - assumed 'img' /bweb/www.buy297.com/wangxin/Runtime/Cache/Admin/27606d6fdcd443905fb7970b3478e4b7.php 第 170 行.
NOTIC: [8] Use of undefined constant image - assumed 'image' /bweb/www.buy297.com/wangxin/Runtime/Cache/Admin/27606d6fdcd443905fb7970b3478e4b7.php 第 171 行.
INFO: Run Behavior\ParseTemplateBehavior [ RunTime:0.008507s ]
INFO: [ view_parse ] --END-- [ RunTime:0.008560s ]
INFO: [ view_filter ] --START--
INFO: Run Behavior\WriteHtmlCacheBehavior [ RunTime:0.000042s ]
INFO: [ view_filter ] --END-- [ RunTime:0.000084s ]
INFO: [ app_end ] --START--
INFO: Run Behavior\ShowPageTraceBehavior [ RunTime:0.000041s ]
INFO: [ app_end ] --END-- [ RunTime:0.000090s ]

[ 2017-12-04T18:22:11+08:00 ] 101.226.66.181 /index.php/Admin/complain/complain.html
INFO: [ app_init ] --START--
INFO: Run Behavior\BuildLiteBehavior [ RunTime:0.000021s ]
INFO: [ app_init ] --END-- [ RunTime:0.000156s ]
INFO: [ app_begin ] --START--
INFO: Run Behavior\ReadHtmlCacheBehavior [ RunTime:0.000069s ]
INFO: [ app_begin ] --END-- [ RunTime:0.000130s ]
SQL: SHOW COLUMNS FROM `tousu` [ RunTime:0.0034s ]
SQL: SHOW COLUMNS FROM `wx_user` [ RunTime:0.0034s ]
NOTIC: [8] Undefined variable: where /bweb/www.buy297.com/wangxin/Admin/Controller/ComplainController.class.php 第 29 行.
SQL: SELECT COUNT(*) AS tp_count FROM `tousu` LIMIT 1   [ RunTime:0.0031s ]
NOTIC: [8] Undefined variable: where /bweb/www.buy297.com/wangxin/Admin/Controller/ComplainController.class.php 第 36 行.
SQL: SELECT `neirong`,o.name as u_name FROM tousu g left join wx_user AS o ON g.name_id=o.openid  LIMIT 0,8   [ RunTime:0.0031s ]
INFO: [ view_parse ] --START--
INFO: [ template_filter ] --START--
INFO: Run Behavior\ContentReplaceBehavior [ RunTime:0.000089s ]
INFO: [ template_filter ] --END-- [ RunTime:0.000152s ]
INFO: Run Behavior\ParseTemplateBehavior [ RunTime:0.006331s ]
INFO: [ view_parse ] --END-- [ RunTime:0.006397s ]
INFO: [ view_filter ] --START--
INFO: Run Behavior\WriteHtmlCacheBehavior [ RunTime:0.000049s ]
INFO: [ view_filter ] --END-- [ RunTime:0.000098s ]
INFO: [ app_end ] --START--
INFO: Run Behavior\ShowPageTraceBehavior [ RunTime:0.000055s ]
INFO: [ app_end ] --END-- [ RunTime:0.000111s ]

[ 2017-12-04T23:55:59+08:00 ] 115.196.20.209 /admin
INFO: [ app_init ] --START--
INFO: Run Behavior\BuildLiteBehavior [ RunTime:0.000022s ]
INFO: [ app_init ] --END-- [ RunTime:0.000152s ]
INFO: [ app_begin ] --START--
INFO: Run Behavior\ReadHtmlCacheBehavior [ RunTime:0.000058s ]
INFO: [ app_begin ] --END-- [ RunTime:0.000120s ]
SQL: SHOW COLUMNS FROM `dingdan` [ RunTime:0.0035s ]
SQL: SHOW COLUMNS FROM `wx_user` [ RunTime:0.0034s ]
SQL: SHOW COLUMNS FROM `fuwushang` [ RunTime:0.0033s ]

[ 2017-12-04T23:55:59+08:00 ] 115.196.20.209 /index.php/Admin/index/login.html
INFO: [ app_init ] --START--
INFO: Run Behavior\BuildLiteBehavior [ RunTime:0.000014s ]
INFO: [ app_init ] --END-- [ RunTime:0.000090s ]
INFO: [ app_begin ] --START--
INFO: Run Behavior\ReadHtmlCacheBehavior [ RunTime:0.000037s ]
INFO: [ app_begin ] --END-- [ RunTime:0.000091s ]
SQL: SHOW COLUMNS FROM `users` [ RunTime:0.0033s ]
INFO: [ view_parse ] --START--
INFO: [ template_filter ] --START--
INFO: Run Behavior\ContentReplaceBehavior [ RunTime:0.000059s ]
INFO: [ template_filter ] --END-- [ RunTime:0.000121s ]
INFO: Run Behavior\ParseTemplateBehavior [ RunTime:0.001918s ]
INFO: [ view_parse ] --END-- [ RunTime:0.001991s ]
INFO: [ view_filter ] --START--
INFO: Run Behavior\WriteHtmlCacheBehavior [ RunTime:0.000043s ]
INFO: [ view_filter ] --END-- [ RunTime:0.000085s ]
INFO: [ app_end ] --START--
INFO: Run Behavior\ShowPageTraceBehavior [ RunTime:0.000044s ]
INFO: [ app_end ] --END-- [ RunTime:0.000086s ]

[ 2017-12-04T23:56:07+08:00 ] 115.196.20.209 /index.php/Admin/index/login.html
INFO: [ app_init ] --START--
INFO: Run Behavior\BuildLiteBehavior [ RunTime:0.000017s ]
INFO: [ app_init ] --END-- [ RunTime:0.000115s ]
INFO: [ app_begin ] --START--
INFO: Run Behavior\ReadHtmlCacheBehavior [ RunTime:0.000041s ]
INFO: [ app_begin ] --END-- [ RunTime:0.000101s ]
SQL: SHOW COLUMNS FROM `users` [ RunTime:0.0036s ]
SQL: SELECT * FROM `users` WHERE `name` = 'admin' AND `pwds` = 'e10adc3949ba59abbe56e057f20f883e'  [ RunTime:0.0033s ]

[ 2017-12-04T23:56:07+08:00 ] 115.196.20.209 /index.php/Admin/index/index.html
INFO: [ app_init ] --START--
INFO: Run Behavior\BuildLiteBehavior [ RunTime:0.000015s ]
INFO: [ app_init ] --END-- [ RunTime:0.000082s ]
INFO: [ app_begin ] --START--
INFO: Run Behavior\ReadHtmlCacheBehavior [ RunTime:0.000037s ]
INFO: [ app_begin ] --END-- [ RunTime:0.000088s ]
SQL: SHOW COLUMNS FROM `dingdan` [ RunTime:0.0035s ]
SQL: SHOW COLUMNS FROM `wx_user` [ RunTime:0.0033s ]
SQL: SHOW COLUMNS FROM `fuwushang` [ RunTime:0.0033s ]
NOTIC: [8] Undefined variable: where /bweb/www.buy297.com/wangxin/Admin/Controller/IndexController.class.php 第 22 行.
SQL: SELECT COUNT(*) AS tp_count FROM `dingdan` LIMIT 1   [ RunTime:0.0032s ]
NOTIC: [8] Undefined variable: where /bweb/www.buy297.com/wangxin/Admin/Controller/IndexController.class.php 第 23 行.
SQL: SELECT COUNT(*) AS tp_count FROM `wx_user` LIMIT 1   [ RunTime:0.0032s ]
NOTIC: [8] Undefined variable: where /bweb/www.buy297.com/wangxin/Admin/Controller/IndexController.class.php 第 24 行.
SQL: SELECT COUNT(*) AS tp_count FROM `fuwushang` LIMIT 1   [ RunTime:0.0031s ]
NOTIC: [8] Undefined variable: where /bweb/www.buy297.com/wangxin/Admin/Controller/IndexController.class.php 第 25 行.
SQL: SELECT * FROM `dingdan` ORDER BY id desc LIMIT 0,8   [ RunTime:0.0032s ]
INFO: [ view_parse ] --START--
INFO: [ template_filter ] --START--
INFO: Run Behavior\ContentReplaceBehavior [ RunTime:0.000070s ]
INFO: [ template_filter ] --END-- [ RunTime:0.000129s ]
INFO: Run Behavior\ParseTemplateBehavior [ RunTime:0.006576s ]
INFO: [ view_parse ] --END-- [ RunTime:0.006637s ]
INFO: [ view_filter ] --START--
INFO: Run Behavior\WriteHtmlCacheBehavior [ RunTime:0.000046s ]
INFO: [ view_filter ] --END-- [ RunTime:0.000088s ]
INFO: [ app_end ] --START--
INFO: Run Behavior\ShowPageTraceBehavior [ RunTime:0.000049s ]
INFO: [ app_end ] --END-- [ RunTime:0.000099s ]

[ 2017-12-04T23:56:15+08:00 ] 115.196.20.209 /index.php/Admin/index/index.html
INFO: [ app_init ] --START--
INFO: Run Behavior\BuildLiteBehavior [ RunTime:0.000016s ]
INFO: [ app_init ] --END-- [ RunTime:0.000109s ]
INFO: [ app_begin ] --START--
INFO: Run Behavior\ReadHtmlCacheBehavior [ RunTime:0.000042s ]
INFO: [ app_begin ] --END-- [ RunTime:0.000094s ]
SQL: SHOW COLUMNS FROM `dingdan` [ RunTime:0.0037s ]
SQL: SHOW COLUMNS FROM `wx_user` [ RunTime:0.0035s ]
SQL: SHOW COLUMNS FROM `fuwushang` [ RunTime:0.0035s ]
NOTIC: [8] Undefined variable: where /bweb/www.buy297.com/wangxin/Admin/Controller/IndexController.class.php 第 22 行.
SQL: SELECT COUNT(*) AS tp_count FROM `dingdan` LIMIT 1   [ RunTime:0.0033s ]
NOTIC: [8] Undefined variable: where /bweb/www.buy297.com/wangxin/Admin/Controller/IndexController.class.php 第 23 行.
SQL: SELECT COUNT(*) AS tp_count FROM `wx_user` LIMIT 1   [ RunTime:0.0033s ]
NOTIC: [8] Undefined variable: where /bweb/www.buy297.com/wangxin/Admin/Controller/IndexController.class.php 第 24 行.
SQL: SELECT COUNT(*) AS tp_count FROM `fuwushang` LIMIT 1   [ RunTime:0.0032s ]
NOTIC: [8] Undefined variable: where /bweb/www.buy297.com/wangxin/Admin/Controller/IndexController.class.php 第 25 行.
SQL: SELECT * FROM `dingdan` ORDER BY id desc LIMIT 0,8   [ RunTime:0.0034s ]
INFO: [ view_parse ] --START--
INFO: [ template_filter ] --START--
INFO: Run Behavior\ContentReplaceBehavior [ RunTime:0.000060s ]
INFO: [ template_filter ] --END-- [ RunTime:0.000121s ]
INFO: Run Behavior\ParseTemplateBehavior [ RunTime:0.006410s ]
INFO: [ view_parse ] --END-- [ RunTime:0.006468s ]
INFO: [ view_filter ] --START--
INFO: Run Behavior\WriteHtmlCacheBehavior [ RunTime:0.000044s ]
INFO: [ view_filter ] --END-- [ RunTime:0.000087s ]
INFO: [ app_end ] --START--
INFO: Run Behavior\ShowPageTraceBehavior [ RunTime:0.000071s ]
INFO: [ app_end ] --END-- [ RunTime:0.000119s ]

[ 2017-12-04T23:56:20+08:00 ] 115.196.20.209 /index.php/Admin/index/accout.html
INFO: [ app_init ] --START--
INFO: Run Behavior\BuildLiteBehavior [ RunTime:0.000015s ]
INFO: [ app_init ] --END-- [ RunTime:0.000105s ]
INFO: [ app_begin ] --START--
INFO: Run Behavior\ReadHtmlCacheBehavior [ RunTime:0.000040s ]
INFO: [ app_begin ] --END-- [ RunTime:0.000092s ]
SQL: SHOW COLUMNS FROM `users` [ RunTime:0.0033s ]
NOTIC: [8] Undefined variable: where /bweb/www.buy297.com/wangxin/Admin/Controller/IndexController.class.php 第 47 行.
SQL: SELECT COUNT(*) AS tp_count FROM `users` LIMIT 1   [ RunTime:0.0030s ]
NOTIC: [8] Undefined variable: where /bweb/www.buy297.com/wangxin/Admin/Controller/IndexController.class.php 第 50 行.
SQL: SELECT * FROM `users` ORDER BY id desc LIMIT 0,8   [ RunTime:0.0030s ]
INFO: [ view_parse ] --START--
INFO: [ template_filter ] --START--
INFO: Run Behavior\ContentReplaceBehavior [ RunTime:0.000068s ]
INFO: [ template_filter ] --END-- [ RunTime:0.000122s ]
INFO: Run Behavior\ParseTemplateBehavior [ RunTime:0.007012s ]
INFO: [ view_parse ] --END-- [ RunTime:0.007068s ]
INFO: [ view_filter ] --START--
INFO: Run Behavior\WriteHtmlCacheBehavior [ RunTime:0.000041s ]
INFO: [ view_filter ] --END-- [ RunTime:0.000083s ]
INFO: [ app_end ] --START--
INFO: Run Behavior\ShowPageTraceBehavior [ RunTime:0.000041s ]
INFO: [ app_end ] --END-- [ RunTime:0.000087s ]

[ 2017-12-04T23:56:38+08:00 ] 115.196.20.209 /index.php/Admin/Index/ajaxacc.html
INFO: [ app_init ] --START--
INFO: Run Behavior\BuildLiteBehavior [ RunTime:0.000017s ]
INFO: [ app_init ] --END-- [ RunTime:0.000104s ]
INFO: [ app_begin ] --START--
INFO: Run Behavior\ReadHtmlCacheBehavior [ RunTime:0.000034s ]
INFO: [ app_begin ] --END-- [ RunTime:0.000079s ]
SQL: SHOW COLUMNS FROM `users` [ RunTime:0.0033s ]
SQL: SELECT * FROM `users` WHERE `yuan` = '测试用' LIMIT 1   [ RunTime:0.0031s ]
NOTIC: [8] Undefined variable: status /bweb/www.buy297.com/wangxin/Admin/Controller/IndexController.class.php 第 76 行.

[ 2017-12-04T23:56:50+08:00 ] 115.196.20.209 /index.php/Admin/Index/ajaxacc.html
INFO: [ app_init ] --START--
INFO: Run Behavior\BuildLiteBehavior [ RunTime:0.000022s ]
INFO: [ app_init ] --END-- [ RunTime:0.000157s ]
INFO: [ app_begin ] --START--
INFO: Run Behavior\ReadHtmlCacheBehavior [ RunTime:0.000053s ]
INFO: [ app_begin ] --END-- [ RunTime:0.000109s ]
SQL: SHOW COLUMNS FROM `users` [ RunTime:0.0034s ]
SQL: SELECT * FROM `users` WHERE `name` = '123456' LIMIT 1   [ RunTime:0.0031s ]
NOTIC: [8] Undefined variable: status /bweb/www.buy297.com/wangxin/Admin/Controller/IndexController.class.php 第 76 行.

[ 2017-12-04T23:56:56+08:00 ] 115.196.20.209 /index.php/Admin/index/accout/state/2.html
INFO: [ app_init ] --START--
INFO: Run Behavior\BuildLiteBehavior [ RunTime:0.000017s ]
INFO: [ app_init ] --END-- [ RunTime:0.000118s ]
INFO: [ app_begin ] --START--
INFO: Run Behavior\ReadHtmlCacheBehavior [ RunTime:0.000041s ]
INFO: [ app_begin ] --END-- [ RunTime:0.000102s ]
SQL: SHOW COLUMNS FROM `users` [ RunTime:0.0036s ]
SQL: INSERT INTO `users` (`yuan`,`name`,`s_name`,`pwds`) VALUES ('测试用','123456','佚名','e10adc3949ba59abbe56e057f20f883e') [ RunTime:0.0061s ]

[ 2017-12-04T23:56:56+08:00 ] 115.196.20.209 /index.php/Admin/index/accout.html
INFO: [ app_init ] --START--
INFO: Run Behavior\BuildLiteBehavior [ RunTime:0.000012s ]
INFO: [ app_init ] --END-- [ RunTime:0.000077s ]
INFO: [ app_begin ] --START--
INFO: Run Behavior\ReadHtmlCacheBehavior [ RunTime:0.000033s ]
INFO: [ app_begin ] --END-- [ RunTime:0.000085s ]
SQL: SHOW COLUMNS FROM `users` [ RunTime:0.0035s ]
NOTIC: [8] Undefined variable: where /bweb/www.buy297.com/wangxin/Admin/Controller/IndexController.class.php 第 47 行.
SQL: SELECT COUNT(*) AS tp_count FROM `users` LIMIT 1   [ RunTime:0.0032s ]
NOTIC: [8] Undefined variable: where /bweb/www.buy297.com/wangxin/Admin/Controller/IndexController.class.php 第 50 行.
SQL: SELECT * FROM `users` ORDER BY id desc LIMIT 0,8   [ RunTime:0.0033s ]
INFO: [ view_parse ] --START--
INFO: [ template_filter ] --START--
INFO: Run Behavior\ContentReplaceBehavior [ RunTime:0.000066s ]
INFO: [ template_filter ] --END-- [ RunTime:0.000120s ]
INFO: Run Behavior\ParseTemplateBehavior [ RunTime:0.007024s ]
INFO: [ view_parse ] --END-- [ RunTime:0.007081s ]
INFO: [ view_filter ] --START--
INFO: Run Behavior\WriteHtmlCacheBehavior [ RunTime:0.000042s ]
INFO: [ view_filter ] --END-- [ RunTime:0.000087s ]
INFO: [ app_end ] --START--
INFO: Run Behavior\ShowPageTraceBehavior [ RunTime:0.000047s ]
INFO: [ app_end ] --END-- [ RunTime:0.000099s ]

[ 2017-12-04T23:56:56+08:00 ] 115.196.20.209 /index.php/Admin/index/accout.html
INFO: [ app_init ] --START--
INFO: Run Behavior\BuildLiteBehavior [ RunTime:0.000012s ]
INFO: [ app_init ] --END-- [ RunTime:0.000094s ]
INFO: [ app_begin ] --START--
INFO: Run Behavior\ReadHtmlCacheBehavior [ RunTime:0.000036s ]
INFO: [ app_begin ] --END-- [ RunTime:0.000089s ]
SQL: SHOW COLUMNS FROM `users` [ RunTime:0.0037s ]
NOTIC: [8] Undefined variable: where /bweb/www.buy297.com/wangxin/Admin/Controller/IndexController.class.php 第 47 行.
SQL: SELECT COUNT(*) AS tp_count FROM `users` LIMIT 1   [ RunTime:0.0033s ]
NOTIC: [8] Undefined variable: where /bweb/www.buy297.com/wangxin/Admin/Controller/IndexController.class.php 第 50 行.
SQL: SELECT * FROM `users` ORDER BY id desc LIMIT 0,8   [ RunTime:0.0034s ]
INFO: [ view_parse ] --START--
INFO: [ template_filter ] --START--
INFO: Run Behavior\ContentReplaceBehavior [ RunTime:0.000085s ]
INFO: [ template_filter ] --END-- [ RunTime:0.000150s ]
INFO: Run Behavior\ParseTemplateBehavior [ RunTime:0.007141s ]
INFO: [ view_parse ] --END-- [ RunTime:0.007228s ]
INFO: [ view_filter ] --START--
INFO: Run Behavior\WriteHtmlCacheBehavior [ RunTime:0.000038s ]
INFO: [ view_filter ] --END-- [ RunTime:0.000086s ]
INFO: [ app_end ] --START--
INFO: Run Behavior\ShowPageTraceBehavior [ RunTime:0.000036s ]
INFO: [ app_end ] --END-- [ RunTime:0.000102s ]

[ 2017-12-04T23:57:02+08:00 ] 115.196.20.209 /index.php/Admin/index/accout.html
INFO: [ app_init ] --START--
INFO: Run Behavior\BuildLiteBehavior [ RunTime:0.000016s ]
INFO: [ app_init ] --END-- [ RunTime:0.000104s ]
INFO: [ app_begin ] --START--
INFO: Run Behavior\ReadHtmlCacheBehavior [ RunTime:0.000035s ]
INFO: [ app_begin ] --END-- [ RunTime:0.000087s ]
SQL: SHOW COLUMNS FROM `users` [ RunTime:0.0036s ]
SQL: SELECT COUNT(*) AS tp_count FROM `users` WHERE `yuan` LIKE '%测试%' LIMIT 1   [ RunTime:0.0033s ]
SQL: SELECT * FROM `users` WHERE `yuan` LIKE '%测试%' ORDER BY id desc LIMIT 0,8   [ RunTime:0.0033s ]
INFO: [ view_parse ] --START--
INFO: [ template_filter ] --START--
INFO: Run Behavior\ContentReplaceBehavior [ RunTime:0.000069s ]
INFO: [ template_filter ] --END-- [ RunTime:0.000125s ]
INFO: Run Behavior\ParseTemplateBehavior [ RunTime:0.006457s ]
INFO: [ view_parse ] --END-- [ RunTime:0.006532s ]
INFO: [ view_filter ] --START--
INFO: Run Behavior\WriteHtmlCacheBehavior [ RunTime:0.000044s ]
INFO: [ view_filter ] --END-- [ RunTime:0.000087s ]
INFO: [ app_end ] --START--
INFO: Run Behavior\ShowPageTraceBehavior [ RunTime:0.000042s ]
INFO: [ app_end ] --END-- [ RunTime:0.000089s ]

[ 2017-12-04T23:57:06+08:00 ] 115.196.20.209 /index.php/Admin/index/uplogin.html
INFO: [ app_init ] --START--
INFO: Run Behavior\BuildLiteBehavior [ RunTime:0.000028s ]
INFO: [ app_init ] --END-- [ RunTime:0.000125s ]
INFO: [ app_begin ] --START--
INFO: Run Behavior\ReadHtmlCacheBehavior [ RunTime:0.000046s ]
INFO: [ app_begin ] --END-- [ RunTime:0.000106s ]

[ 2017-12-04T23:57:06+08:00 ] 115.196.20.209 /index.php/Admin/index/login.html
INFO: [ app_init ] --START--
INFO: Run Behavior\BuildLiteBehavior [ RunTime:0.000012s ]
INFO: [ app_init ] --END-- [ RunTime:0.000077s ]
INFO: [ app_begin ] --START--
INFO: Run Behavior\ReadHtmlCacheBehavior [ RunTime:0.000035s ]
INFO: [ app_begin ] --END-- [ RunTime:0.000085s ]
SQL: SHOW COLUMNS FROM `users` [ RunTime:0.0038s ]
INFO: [ view_parse ] --START--
INFO: [ template_filter ] --START--
INFO: Run Behavior\ContentReplaceBehavior [ RunTime:0.000045s ]
INFO: [ template_filter ] --END-- [ RunTime:0.000116s ]
INFO: Run Behavior\ParseTemplateBehavior [ RunTime:0.001601s ]
INFO: [ view_parse ] --END-- [ RunTime:0.001654s ]
INFO: [ view_filter ] --START--
INFO: Run Behavior\WriteHtmlCacheBehavior [ RunTime:0.000038s ]
INFO: [ view_filter ] --END-- [ RunTime:0.000081s ]
INFO: [ app_end ] --START--
INFO: Run Behavior\ShowPageTraceBehavior [ RunTime:0.000034s ]
INFO: [ app_end ] --END-- [ RunTime:0.000077s ]

[ 2017-12-04T23:57:14+08:00 ] 115.196.20.209 /index.php/Admin/index/login.html
INFO: [ app_init ] --START--
INFO: Run Behavior\BuildLiteBehavior [ RunTime:0.000017s ]
INFO: [ app_init ] --END-- [ RunTime:0.000116s ]
INFO: [ app_begin ] --START--
INFO: Run Behavior\ReadHtmlCacheBehavior [ RunTime:0.000040s ]
INFO: [ app_begin ] --END-- [ RunTime:0.000099s ]
SQL: SHOW COLUMNS FROM `users` [ RunTime:0.0037s ]
SQL: SELECT * FROM `users` WHERE `name` = '1234567' AND `pwds` = 'e10adc3949ba59abbe56e057f20f883e'  [ RunTime:0.0034s ]

[ 2017-12-04T23:57:14+08:00 ] 115.196.20.209 /index.php/Admin/index/login.html
INFO: [ app_init ] --START--
INFO: Run Behavior\BuildLiteBehavior [ RunTime:0.000025s ]
INFO: [ app_init ] --END-- [ RunTime:0.000091s ]
INFO: [ app_begin ] --START--
INFO: Run Behavior\ReadHtmlCacheBehavior [ RunTime:0.000033s ]
INFO: [ app_begin ] --END-- [ RunTime:0.000083s ]
SQL: SHOW COLUMNS FROM `users` [ RunTime:0.0035s ]
INFO: [ view_parse ] --START--
INFO: [ template_filter ] --START--
INFO: Run Behavior\ContentReplaceBehavior [ RunTime:0.000041s ]
INFO: [ template_filter ] --END-- [ RunTime:0.000093s ]
INFO: Run Behavior\ParseTemplateBehavior [ RunTime:0.001594s ]
INFO: [ view_parse ] --END-- [ RunTime:0.001646s ]
INFO: [ view_filter ] --START--
INFO: Run Behavior\WriteHtmlCacheBehavior [ RunTime:0.000039s ]
INFO: [ view_filter ] --END-- [ RunTime:0.000081s ]
INFO: [ app_end ] --START--
INFO: Run Behavior\ShowPageTraceBehavior [ RunTime:0.000039s ]
INFO: [ app_end ] --END-- [ RunTime:0.000094s ]

[ 2017-12-04T23:57:22+08:00 ] 115.196.20.209 /index.php/Admin/index/login.html
INFO: [ app_init ] --START--
INFO: Run Behavior\BuildLiteBehavior [ RunTime:0.000014s ]
INFO: [ app_init ] --END-- [ RunTime:0.000103s ]
INFO: [ app_begin ] --START--
INFO: Run Behavior\ReadHtmlCacheBehavior [ RunTime:0.000035s ]
INFO: [ app_begin ] --END-- [ RunTime:0.000087s ]
SQL: SHOW COLUMNS FROM `users` [ RunTime:0.0035s ]
SQL: SELECT * FROM `users` WHERE `name` = '123456' AND `pwds` = 'e10adc3949ba59abbe56e057f20f883e'  [ RunTime:0.0036s ]

[ 2017-12-04T23:57:22+08:00 ] 115.196.20.209 /index.php/Admin/index/index.html
INFO: [ app_init ] --START--
INFO: Run Behavior\BuildLiteBehavior [ RunTime:0.000011s ]
INFO: [ app_init ] --END-- [ RunTime:0.000075s ]
INFO: [ app_begin ] --START--
INFO: Run Behavior\ReadHtmlCacheBehavior [ RunTime:0.000034s ]
INFO: [ app_begin ] --END-- [ RunTime:0.000082s ]
SQL: SHOW COLUMNS FROM `dingdan` [ RunTime:0.0033s ]
SQL: SHOW COLUMNS FROM `wx_user` [ RunTime:0.0032s ]
SQL: SHOW COLUMNS FROM `fuwushang` [ RunTime:0.0032s ]
NOTIC: [8] Undefined variable: where /bweb/www.buy297.com/wangxin/Admin/Controller/IndexController.class.php 第 22 行.
SQL: SELECT COUNT(*) AS tp_count FROM `dingdan` LIMIT 1   [ RunTime:0.0030s ]
NOTIC: [8] Undefined variable: where /bweb/www.buy297.com/wangxin/Admin/Controller/IndexController.class.php 第 23 行.
SQL: SELECT COUNT(*) AS tp_count FROM `wx_user` LIMIT 1   [ RunTime:0.0031s ]
NOTIC: [8] Undefined variable: where /bweb/www.buy297.com/wangxin/Admin/Controller/IndexController.class.php 第 24 行.
SQL: SELECT COUNT(*) AS tp_count FROM `fuwushang` LIMIT 1   [ RunTime:0.0030s ]
NOTIC: [8] Undefined variable: where /bweb/www.buy297.com/wangxin/Admin/Controller/IndexController.class.php 第 25 行.
SQL: SELECT * FROM `dingdan` ORDER BY id desc LIMIT 0,8   [ RunTime:0.0033s ]
INFO: [ view_parse ] --START--
INFO: [ template_filter ] --START--
INFO: Run Behavior\ContentReplaceBehavior [ RunTime:0.000064s ]
INFO: [ template_filter ] --END-- [ RunTime:0.000119s ]
INFO: Run Behavior\ParseTemplateBehavior [ RunTime:0.006185s ]
INFO: [ view_parse ] --END-- [ RunTime:0.006241s ]
INFO: [ view_filter ] --START--
INFO: Run Behavior\WriteHtmlCacheBehavior [ RunTime:0.000041s ]
INFO: [ view_filter ] --END-- [ RunTime:0.000082s ]
INFO: [ app_end ] --START--
INFO: Run Behavior\ShowPageTraceBehavior [ RunTime:0.000058s ]
INFO: [ app_end ] --END-- [ RunTime:0.000105s ]

[ 2017-12-04T23:57:32+08:00 ] 115.196.20.209 /index.php/Admin/index/widgets.html
INFO: [ app_init ] --START--
INFO: Run Behavior\BuildLiteBehavior [ RunTime:0.000021s ]
INFO: [ app_init ] --END-- [ RunTime:0.000143s ]
INFO: [ app_begin ] --START--
INFO: Run Behavior\ReadHtmlCacheBehavior [ RunTime:0.000050s ]
INFO: [ app_begin ] --END-- [ RunTime:0.000112s ]
SQL: SHOW COLUMNS FROM `dingdan` [ RunTime:0.0041s ]
NOTIC: [8] Undefined variable: where /bweb/www.buy297.com/wangxin/Admin/Controller/IndexController.class.php 第 556 行.
SQL: SELECT COUNT(*) AS tp_count FROM `dingdan` LIMIT 1   [ RunTime:0.0037s ]
NOTIC: [8] Undefined variable: where /bweb/www.buy297.com/wangxin/Admin/Controller/IndexController.class.php 第 559 行.
SQL: SELECT * FROM `dingdan` ORDER BY id asc LIMIT 0,8   [ RunTime:0.0038s ]
INFO: [ view_parse ] --START--
INFO: [ template_filter ] --START--
INFO: Run Behavior\ContentReplaceBehavior [ RunTime:0.000101s ]
INFO: [ template_filter ] --END-- [ RunTime:0.000164s ]
INFO: Run Behavior\ParseTemplateBehavior [ RunTime:0.027187s ]
INFO: [ view_parse ] --END-- [ RunTime:0.027247s ]
INFO: [ view_filter ] --START--
INFO: Run Behavior\WriteHtmlCacheBehavior [ RunTime:0.000047s ]
INFO: [ view_filter ] --END-- [ RunTime:0.000089s ]
INFO: [ app_end ] --START--
INFO: Run Behavior\ShowPageTraceBehavior [ RunTime:0.000050s ]
INFO: [ app_end ] --END-- [ RunTime:0.000098s ]

[ 2017-12-04T23:57:40+08:00 ] 115.196.20.209 /index.php/Admin/Index/widgets/p/2.html
INFO: [ app_init ] --START--
INFO: Run Behavior\BuildLiteBehavior [ RunTime:0.000019s ]
INFO: [ app_init ] --END-- [ RunTime:0.000117s ]
INFO: [ app_begin ] --START--
INFO: Run Behavior\ReadHtmlCacheBehavior [ RunTime:0.000045s ]
INFO: [ app_begin ] --END-- [ RunTime:0.000106s ]
SQL: SHOW COLUMNS FROM `dingdan` [ RunTime:0.0034s ]
NOTIC: [8] Undefined variable: where /bweb/www.buy297.com/wangxin/Admin/Controller/IndexController.class.php 第 556 行.
SQL: SELECT COUNT(*) AS tp_count FROM `dingdan` LIMIT 1   [ RunTime:0.0030s ]
NOTIC: [8] Undefined variable: where /bweb/www.buy297.com/wangxin/Admin/Controller/IndexController.class.php 第 559 行.
SQL: SELECT * FROM `dingdan` ORDER BY id asc LIMIT 8,8   [ RunTime:0.0030s ]
INFO: [ view_parse ] --START--
INFO: [ template_filter ] --START--
INFO: Run Behavior\ContentReplaceBehavior [ RunTime:0.000073s ]
INFO: [ template_filter ] --END-- [ RunTime:0.000126s ]
INFO: Run Behavior\ParseTemplateBehavior [ RunTime:0.006381s ]
INFO: [ view_parse ] --END-- [ RunTime:0.006436s ]
INFO: [ view_filter ] --START--
INFO: Run Behavior\WriteHtmlCacheBehavior [ RunTime:0.000042s ]
INFO: [ view_filter ] --END-- [ RunTime:0.000084s ]
INFO: [ app_end ] --START--
INFO: Run Behavior\ShowPageTraceBehavior [ RunTime:0.000040s ]
INFO: [ app_end ] --END-- [ RunTime:0.000086s ]

[ 2017-12-04T23:57:45+08:00 ] 115.196.20.209 /index.php/Admin/Index/widgets/p/1.html
INFO: [ app_init ] --START--
INFO: Run Behavior\BuildLiteBehavior [ RunTime:0.000017s ]
INFO: [ app_init ] --END-- [ RunTime:0.000109s ]
INFO: [ app_begin ] --START--
INFO: Run Behavior\ReadHtmlCacheBehavior [ RunTime:0.000041s ]
INFO: [ app_begin ] --END-- [ RunTime:0.000094s ]
SQL: SHOW COLUMNS FROM `dingdan` [ RunTime:0.0035s ]
NOTIC: [8] Undefined variable: where /bweb/www.buy297.com/wangxin/Admin/Controller/IndexController.class.php 第 556 行.
SQL: SELECT COUNT(*) AS tp_count FROM `dingdan` LIMIT 1   [ RunTime:0.0031s ]
NOTIC: [8] Undefined variable: where /bweb/www.buy297.com/wangxin/Admin/Controller/IndexController.class.php 第 559 行.
SQL: SELECT * FROM `dingdan` ORDER BY id asc LIMIT 0,8   [ RunTime:0.0032s ]
INFO: [ view_parse ] --START--
INFO: [ template_filter ] --START--
INFO: Run Behavior\ContentReplaceBehavior [ RunTime:0.000086s ]
INFO: [ template_filter ] --END-- [ RunTime:0.000151s ]
INFO: Run Behavior\ParseTemplateBehavior [ RunTime:0.007339s ]
INFO: [ view_parse ] --END-- [ RunTime:0.007401s ]
INFO: [ view_filter ] --START--
INFO: Run Behavior\WriteHtmlCacheBehavior [ RunTime:0.000044s ]
INFO: [ view_filter ] --END-- [ RunTime:0.000087s ]
INFO: [ app_end ] --START--
INFO: Run Behavior\ShowPageTraceBehavior [ RunTime:0.000042s ]
INFO: [ app_end ] --END-- [ RunTime:0.000088s ]

[ 2017-12-04T23:57:49+08:00 ] 115.196.20.209 /index.php/Admin/index/widgets.html
INFO: [ app_init ] --START--
INFO: Run Behavior\BuildLiteBehavior [ RunTime:0.000017s ]
INFO: [ app_init ] --END-- [ RunTime:0.000120s ]
INFO: [ app_begin ] --START--
INFO: Run Behavior\ReadHtmlCacheBehavior [ RunTime:0.000044s ]
INFO: [ app_begin ] --END-- [ RunTime:0.000099s ]
SQL: SHOW COLUMNS FROM `dingdan` [ RunTime:0.0036s ]
NOTIC: [8] Undefined variable: zhuangtai /bweb/www.buy297.com/wangxin/Admin/Controller/IndexController.class.php 第 554 行.
SQL: SELECT COUNT(*) AS tp_count FROM `dingdan` WHERE ( `name` LIKE '%可%' OR `fw_name` LIKE '%可%' OR `fws_name` LIKE '%可%' ) OR `zhuangtai` = null LIMIT 1   [ RunTime:0.0033s ]
SQL: SELECT * FROM `dingdan` WHERE ( `name` LIKE '%可%' OR `fw_name` LIKE '%可%' OR `fws_name` LIKE '%可%' ) OR `zhuangtai` = null ORDER BY id asc LIMIT 0,8   [ RunTime:0.0034s ]
INFO: [ view_parse ] --START--
INFO: [ template_filter ] --START--
INFO: Run Behavior\ContentReplaceBehavior [ RunTime:0.000074s ]
INFO: [ template_filter ] --END-- [ RunTime:0.000131s ]
INFO: Run Behavior\ParseTemplateBehavior [ RunTime:0.006400s ]
INFO: [ view_parse ] --END-- [ RunTime:0.006469s ]
INFO: [ view_filter ] --START--
INFO: Run Behavior\WriteHtmlCacheBehavior [ RunTime:0.000040s ]
INFO: [ view_filter ] --END-- [ RunTime:0.000083s ]
INFO: [ app_end ] --START--
INFO: Run Behavior\ShowPageTraceBehavior [ RunTime:0.000039s ]
INFO: [ app_end ] --END-- [ RunTime:0.000087s ]

[ 2017-12-04T23:57:59+08:00 ] 115.196.20.209 /index.php/Admin/index/widgets.html
INFO: [ app_init ] --START--
INFO: Run Behavior\BuildLiteBehavior [ RunTime:0.000017s ]
INFO: [ app_init ] --END-- [ RunTime:0.000124s ]
INFO: [ app_begin ] --START--
INFO: Run Behavior\ReadHtmlCacheBehavior [ RunTime:0.000035s ]
INFO: [ app_begin ] --END-- [ RunTime:0.000096s ]
SQL: SHOW COLUMNS FROM `dingdan` [ RunTime:0.0033s ]
NOTIC: [8] Undefined variable: zhuangtai /bweb/www.buy297.com/wangxin/Admin/Controller/IndexController.class.php 第 554 行.
SQL: SELECT COUNT(*) AS tp_count FROM `dingdan` WHERE ( `name` LIKE '%吴雪峰%' OR `fw_name` LIKE '%吴雪峰%' OR `fws_name` LIKE '%吴雪峰%' ) OR `zhuangtai` = null LIMIT 1   [ RunTime:0.0031s ]
SQL: SELECT * FROM `dingdan` WHERE ( `name` LIKE '%吴雪峰%' OR `fw_name` LIKE '%吴雪峰%' OR `fws_name` LIKE '%吴雪峰%' ) OR `zhuangtai` = null ORDER BY id asc LIMIT 0,8   [ RunTime:0.0031s ]
INFO: [ view_parse ] --START--
INFO: [ template_filter ] --START--
INFO: Run Behavior\ContentReplaceBehavior [ RunTime:0.000073s ]
INFO: [ template_filter ] --END-- [ RunTime:0.000134s ]
INFO: Run Behavior\ParseTemplateBehavior [ RunTime:0.006711s ]
INFO: [ view_parse ] --END-- [ RunTime:0.006768s ]
INFO: [ view_filter ] --START--
INFO: Run Behavior\WriteHtmlCacheBehavior [ RunTime:0.000040s ]
INFO: [ view_filter ] --END-- [ RunTime:0.000093s ]
INFO: [ app_end ] --START--
INFO: Run Behavior\ShowPageTraceBehavior [ RunTime:0.000040s ]
INFO: [ app_end ] --END-- [ RunTime:0.000088s ]

[ 2017-12-04T23:58:03+08:00 ] 115.196.20.209 /index.php/Admin/index/tables.html
INFO: [ app_init ] --START--
INFO: Run Behavior\BuildLiteBehavior [ RunTime:0.000017s ]
INFO: [ app_init ] --END-- [ RunTime:0.000118s ]
INFO: [ app_begin ] --START--
INFO: Run Behavior\ReadHtmlCacheBehavior [ RunTime:0.000044s ]
INFO: [ app_begin ] --END-- [ RunTime:0.000103s ]
SQL: SHOW COLUMNS FROM `wx_user` [ RunTime:0.0033s ]
NOTIC: [8] Undefined variable: where /bweb/www.buy297.com/wangxin/Admin/Controller/IndexController.class.php 第 327 行.
SQL: SELECT COUNT(*) AS tp_count FROM `wx_user` LIMIT 1   [ RunTime:0.0030s ]
NOTIC: [8] Undefined variable: where /bweb/www.buy297.com/wangxin/Admin/Controller/IndexController.class.php 第 330 行.
SQL: SELECT * FROM `wx_user` ORDER BY id desc LIMIT 0,8   [ RunTime:0.0031s ]
INFO: [ view_parse ] --START--
INFO: [ template_filter ] --START--
INFO: Run Behavior\ContentReplaceBehavior [ RunTime:0.000066s ]
INFO: [ template_filter ] --END-- [ RunTime:0.000121s ]
NOTIC: [8] Use of undefined constant img - assumed 'img' /bweb/www.buy297.com/wangxin/Runtime/Cache/Admin/6f827b76189b7a5fcecd7832ef52cffd.php 第 166 行.
NOTIC: [8] Use of undefined constant img - assumed 'img' /bweb/www.buy297.com/wangxin/Runtime/Cache/Admin/6f827b76189b7a5fcecd7832ef52cffd.php 第 166 行.
NOTIC: [8] Use of undefined constant img - assumed 'img' /bweb/www.buy297.com/wangxin/Runtime/Cache/Admin/6f827b76189b7a5fcecd7832ef52cffd.php 第 166 行.
NOTIC: [8] Use of undefined constant img - assumed 'img' /bweb/www.buy297.com/wangxin/Runtime/Cache/Admin/6f827b76189b7a5fcecd7832ef52cffd.php 第 166 行.
NOTIC: [8] Use of undefined constant img - assumed 'img' /bweb/www.buy297.com/wangxin/Runtime/Cache/Admin/6f827b76189b7a5fcecd7832ef52cffd.php 第 166 行.
NOTIC: [8] Use of undefined constant img - assumed 'img' /bweb/www.buy297.com/wangxin/Runtime/Cache/Admin/6f827b76189b7a5fcecd7832ef52cffd.php 第 166 行.
NOTIC: [8] Use of undefined constant img - assumed 'img' /bweb/www.buy297.com/wangxin/Runtime/Cache/Admin/6f827b76189b7a5fcecd7832ef52cffd.php 第 166 行.
NOTIC: [8] Use of undefined constant img - assumed 'img' /bweb/www.buy297.com/wangxin/Runtime/Cache/Admin/6f827b76189b7a5fcecd7832ef52cffd.php 第 166 行.
INFO: Run Behavior\ParseTemplateBehavior [ RunTime:0.007347s ]
INFO: [ view_parse ] --END-- [ RunTime:0.007403s ]
INFO: [ view_filter ] --START--
INFO: Run Behavior\WriteHtmlCacheBehavior [ RunTime:0.000042s ]
INFO: [ view_filter ] --END-- [ RunTime:0.000085s ]
INFO: [ app_end ] --START--
INFO: Run Behavior\ShowPageTraceBehavior [ RunTime:0.000041s ]
INFO: [ app_end ] --END-- [ RunTime:0.000088s ]

[ 2017-12-04T23:58:17+08:00 ] 115.196.20.209 /index.php/Admin/index/tables.html
INFO: [ app_init ] --START--
INFO: Run Behavior\BuildLiteBehavior [ RunTime:0.000016s ]
INFO: [ app_init ] --END-- [ RunTime:0.000104s ]
INFO: [ app_begin ] --START--
INFO: Run Behavior\ReadHtmlCacheBehavior [ RunTime:0.000036s ]
INFO: [ app_begin ] --END-- [ RunTime:0.000087s ]
SQL: SHOW COLUMNS FROM `wx_user` [ RunTime:0.0036s ]
SQL: SELECT COUNT(*) AS tp_count FROM `wx_user` WHERE ( `name` LIKE '%13%' OR `tel` LIKE '%13%' ) LIMIT 1   [ RunTime:0.0033s ]
SQL: SELECT * FROM `wx_user` WHERE ( `name` LIKE '%13%' OR `tel` LIKE '%13%' ) ORDER BY id desc LIMIT 0,8   [ RunTime:0.0033s ]
INFO: [ view_parse ] --START--
INFO: [ template_filter ] --START--
INFO: Run Behavior\ContentReplaceBehavior [ RunTime:0.000065s ]
INFO: [ template_filter ] --END-- [ RunTime:0.000120s ]
NOTIC: [8] Use of undefined constant img - assumed 'img' /bweb/www.buy297.com/wangxin/Runtime/Cache/Admin/6f827b76189b7a5fcecd7832ef52cffd.php 第 166 行.
INFO: Run Behavior\ParseTemplateBehavior [ RunTime:0.006349s ]
INFO: [ view_parse ] --END-- [ RunTime:0.006412s ]
INFO: [ view_filter ] --START--
INFO: Run Behavior\WriteHtmlCacheBehavior [ RunTime:0.000043s ]
INFO: [ view_filter ] --END-- [ RunTime:0.000086s ]
INFO: [ app_end ] --START--
INFO: Run Behavior\ShowPageTraceBehavior [ RunTime:0.000041s ]
INFO: [ app_end ] --END-- [ RunTime:0.000088s ]

[ 2017-12-04T23:58:21+08:00 ] 115.196.20.209 /index.php/Admin/complain/excel.html
INFO: [ app_init ] --START--
INFO: Run Behavior\BuildLiteBehavior [ RunTime:0.000018s ]
INFO: [ app_init ] --END-- [ RunTime:0.000119s ]
INFO: [ app_begin ] --START--
INFO: Run Behavior\ReadHtmlCacheBehavior [ RunTime:0.000046s ]
INFO: [ app_begin ] --END-- [ RunTime:0.000106s ]
SQL: SHOW COLUMNS FROM `wx_user` [ RunTime:0.0036s ]
NOTIC: [2] Missing argument 1 for Think\Model::where(), called in /bweb/www.buy297.com/wangxin/Admin/Controller/ComplainController.class.php on line 46 and defined /bweb/www.buy297.com/ThinkPHP/Library/Think/Model.class.php 第 1797 行.
NOTIC: [8] Undefined variable: where /bweb/www.buy297.com/ThinkPHP/Library/Think/Model.class.php 第 1805 行.
NOTIC: [8] Undefined variable: where /bweb/www.buy297.com/ThinkPHP/Library/Think/Model.class.php 第 1808 行.
NOTIC: [8] Undefined variable: where /bweb/www.buy297.com/ThinkPHP/Library/Think/Model.class.php 第 1816 行.
SQL: SELECT `name`,`add`,`tel` FROM `wx_user`  [ RunTime:0.0032s ]
NOTIC: [8] Undefined variable: title /bweb/www.buy297.com/wangxin/Admin/Controller/ComplainController.class.php 第 114 行.

[ 2017-12-04T23:59:12+08:00 ] 115.196.20.209 /index.php/Admin/index/facilitator.html
INFO: [ app_init ] --START--
INFO: Run Behavior\BuildLiteBehavior [ RunTime:0.000016s ]
INFO: [ app_init ] --END-- [ RunTime:0.000122s ]
INFO: [ app_begin ] --START--
INFO: Run Behavior\ReadHtmlCacheBehavior [ RunTime:0.000056s ]
INFO: [ app_begin ] --END-- [ RunTime:0.000121s ]
SQL: SHOW COLUMNS FROM `fuwushang` [ RunTime:0.0056s ]
NOTIC: [8] Undefined variable: where /bweb/www.buy297.com/wangxin/Admin/Controller/IndexController.class.php 第 374 行.
SQL: SELECT COUNT(*) AS tp_count FROM `fuwushang` LIMIT 1   [ RunTime:0.0033s ]
NOTIC: [8] Undefined variable: where /bweb/www.buy297.com/wangxin/Admin/Controller/IndexController.class.php 第 379 行.
SQL: SELECT * FROM `fuwushang` ORDER BY id asc LIMIT 0,5   [ RunTime:0.0034s ]
NOTIC: [8] Undefined variable: s /bweb/www.buy297.com/wangxin/Admin/Controller/IndexController.class.php 第 400 行.
NOTIC: [8] Undefined variable: w /bweb/www.buy297.com/wangxin/Admin/Controller/IndexController.class.php 第 400 行.
NOTIC: [2] array_combine() expects parameter 1 to be array, null given /bweb/www.buy297.com/wangxin/Admin/Controller/IndexController.class.php 第 400 行.
INFO: [ view_parse ] --START--
INFO: [ template_filter ] --START--
INFO: Run Behavior\ContentReplaceBehavior [ RunTime:0.000080s ]
INFO: [ template_filter ] --END-- [ RunTime:0.000143s ]
NOTIC: [8] Use of undefined constant img - assumed 'img' /bweb/www.buy297.com/wangxin/Runtime/Cache/Admin/27606d6fdcd443905fb7970b3478e4b7.php 第 170 行.
NOTIC: [8] Use of undefined constant image - assumed 'image' /bweb/www.buy297.com/wangxin/Runtime/Cache/Admin/27606d6fdcd443905fb7970b3478e4b7.php 第 171 行.
NOTIC: [8] Use of undefined constant img - assumed 'img' /bweb/www.buy297.com/wangxin/Runtime/Cache/Admin/27606d6fdcd443905fb7970b3478e4b7.php 第 170 行.
NOTIC: [8] Use of undefined constant image - assumed 'image' /bweb/www.buy297.com/wangxin/Runtime/Cache/Admin/27606d6fdcd443905fb7970b3478e4b7.php 第 171 行.
NOTIC: [8] Use of undefined constant img - assumed 'img' /bweb/www.buy297.com/wangxin/Runtime/Cache/Admin/27606d6fdcd443905fb7970b3478e4b7.php 第 170 行.
NOTIC: [8] Use of undefined constant image - assumed 'image' /bweb/www.buy297.com/wangxin/Runtime/Cache/Admin/27606d6fdcd443905fb7970b3478e4b7.php 第 171 行.
NOTIC: [8] Use of undefined constant img - assumed 'img' /bweb/www.buy297.com/wangxin/Runtime/Cache/Admin/27606d6fdcd443905fb7970b3478e4b7.php 第 170 行.
NOTIC: [8] Use of undefined constant image - assumed 'image' /bweb/www.buy297.com/wangxin/Runtime/Cache/Admin/27606d6fdcd443905fb7970b3478e4b7.php 第 171 行.
NOTIC: [8] Use of undefined constant img - assumed 'img' /bweb/www.buy297.com/wangxin/Runtime/Cache/Admin/27606d6fdcd443905fb7970b3478e4b7.php 第 170 行.
NOTIC: [8] Use of undefined constant image - assumed 'image' /bweb/www.buy297.com/wangxin/Runtime/Cache/Admin/27606d6fdcd443905fb7970b3478e4b7.php 第 171 行.
INFO: Run Behavior\ParseTemplateBehavior [ RunTime:0.009099s ]
INFO: [ view_parse ] --END-- [ RunTime:0.009159s ]
INFO: [ view_filter ] --START--
INFO: Run Behavior\WriteHtmlCacheBehavior [ RunTime:0.000045s ]
INFO: [ view_filter ] --END-- [ RunTime:0.000087s ]
INFO: [ app_end ] --START--
INFO: Run Behavior\ShowPageTraceBehavior [ RunTime:0.000048s ]
INFO: [ app_end ] --END-- [ RunTime:0.000096s ]

[ 2017-12-04T23:59:16+08:00 ] 115.196.20.209 /index.php/Admin/index/aboutc/id/1.html
INFO: [ app_init ] --START--
INFO: Run Behavior\BuildLiteBehavior [ RunTime:0.000017s ]
INFO: [ app_init ] --END-- [ RunTime:0.000113s ]
INFO: [ app_begin ] --START--
INFO: Run Behavior\ReadHtmlCacheBehavior [ RunTime:0.000043s ]
INFO: [ app_begin ] --END-- [ RunTime:0.000103s ]
SQL: SHOW COLUMNS FROM `fuwushang` [ RunTime:0.0034s ]
SQL: SELECT * FROM `fuwushang` WHERE `id` = 1  [ RunTime:0.0030s ]
INFO: [ view_parse ] --START--
INFO: [ template_filter ] --START--
INFO: Run Behavior\ContentReplaceBehavior [ RunTime:0.000063s ]
INFO: [ template_filter ] --END-- [ RunTime:0.000116s ]
NOTIC: [8] Undefined variable: item /bweb/www.buy297.com/wangxin/Runtime/Cache/Admin/bd617b86504296f458c086a80c3dcd46.php 第 104 行.
NOTIC: [8] Undefined variable: item /bweb/www.buy297.com/wangxin/Runtime/Cache/Admin/bd617b86504296f458c086a80c3dcd46.php 第 107 行.
NOTIC: [8] Undefined variable: item /bweb/www.buy297.com/wangxin/Runtime/Cache/Admin/bd617b86504296f458c086a80c3dcd46.php 第 110 行.
NOTIC: [8] Undefined variable: item /bweb/www.buy297.com/wangxin/Runtime/Cache/Admin/bd617b86504296f458c086a80c3dcd46.php 第 118 行.
NOTIC: [8] Use of undefined constant img - assumed 'img' /bweb/www.buy297.com/wangxin/Runtime/Cache/Admin/bd617b86504296f458c086a80c3dcd46.php 第 122 行.
INFO: Run Behavior\ParseTemplateBehavior [ RunTime:0.015807s ]
INFO: [ view_parse ] --END-- [ RunTime:0.015862s ]
INFO: [ view_filter ] --START--
INFO: Run Behavior\WriteHtmlCacheBehavior [ RunTime:0.000039s ]
INFO: [ view_filter ] --END-- [ RunTime:0.000080s ]
INFO: [ app_end ] --START--
INFO: Run Behavior\ShowPageTraceBehavior [ RunTime:0.000039s ]
INFO: [ app_end ] --END-- [ RunTime:0.000086s ]

[ 2017-12-04T23:59:25+08:00 ] 115.196.20.209 /index.php/Admin/index/fw_xz/id/1.html
INFO: [ app_init ] --START--
INFO: Run Behavior\BuildLiteBehavior [ RunTime:0.000017s ]
INFO: [ app_init ] --END-- [ RunTime:0.000108s ]
INFO: [ app_begin ] --START--
INFO: Run Behavior\ReadHtmlCacheBehavior [ RunTime:0.000040s ]
INFO: [ app_begin ] --END-- [ RunTime:0.000093s ]
SQL: SHOW COLUMNS FROM `fuwu` [ RunTime:0.0033s ]
SQL: SHOW COLUMNS FROM `fuwushang` [ RunTime:0.0032s ]
SQL: SELECT * FROM `fuwushang` WHERE `id` = 1 LIMIT 1   [ RunTime:0.0031s ]
SQL: SELECT DISTINCT  `f_id` FROM `fuwu`  [ RunTime:0.0031s ]
NOTIC: [8] Undefined variable: f_id /bweb/www.buy297.com/wangxin/Admin/Controller/IndexController.class.php 第 431 行.
SQL: SELECT `id`,`name`,`f_id` FROM `fuwu`  [ RunTime:0.0030s ]
SQL: SELECT `name`,`id` FROM `fuwu` WHERE `id` IN ('20','21','22','23','24','25','26','27','28','31','30','32','29','33','34','35','36') AND `f_id` <> 0  [ RunTime:0.0031s ]
INFO: [ view_parse ] --START--
INFO: [ template_filter ] --START--
INFO: Run Behavior\ContentReplaceBehavior [ RunTime:0.000059s ]
INFO: [ template_filter ] --END-- [ RunTime:0.000116s ]
INFO: Run Behavior\ParseTemplateBehavior [ RunTime:0.017437s ]
INFO: [ view_parse ] --END-- [ RunTime:0.017496s ]
INFO: [ view_filter ] --START--
INFO: Run Behavior\WriteHtmlCacheBehavior [ RunTime:0.000042s ]
INFO: [ view_filter ] --END-- [ RunTime:0.000085s ]
INFO: [ app_end ] --START--
INFO: Run Behavior\ShowPageTraceBehavior [ RunTime:0.000039s ]
INFO: [ app_end ] --END-- [ RunTime:0.000088s ]

[ 2017-12-04T23:59:38+08:00 ] 115.196.20.209 /index.php/Admin/index/fw_xz/id/2.html
INFO: [ app_init ] --START--
INFO: Run Behavior\BuildLiteBehavior [ RunTime:0.000015s ]
INFO: [ app_init ] --END-- [ RunTime:0.000105s ]
INFO: [ app_begin ] --START--
INFO: Run Behavior\ReadHtmlCacheBehavior [ RunTime:0.000040s ]
INFO: [ app_begin ] --END-- [ RunTime:0.000092s ]
SQL: SHOW COLUMNS FROM `fuwu` [ RunTime:0.0047s ]
SQL: SHOW COLUMNS FROM `fuwushang` [ RunTime:0.0043s ]
SQL: SELECT * FROM `fuwushang` WHERE `id` = 2 LIMIT 1   [ RunTime:0.0035s ]
SQL: SELECT DISTINCT  `f_id` FROM `fuwu`  [ RunTime:0.0032s ]
NOTIC: [8] Undefined variable: f_id /bweb/www.buy297.com/wangxin/Admin/Controller/IndexController.class.php 第 431 行.
SQL: SELECT `id`,`name`,`f_id` FROM `fuwu`  [ RunTime:0.0032s ]
SQL: SELECT `name`,`id` FROM `fuwu` WHERE `id` IN ('20','21','22','23','24','25','26','27','28','31','30','32','29','33','34','35','36') AND `f_id` <> 0  [ RunTime:0.0035s ]
INFO: [ view_parse ] --START--
INFO: [ template_filter ] --START--
INFO: Run Behavior\ContentReplaceBehavior [ RunTime:0.000058s ]
INFO: [ template_filter ] --END-- [ RunTime:0.000115s ]
INFO: Run Behavior\ParseTemplateBehavior [ RunTime:0.006011s ]
INFO: [ view_parse ] --END-- [ RunTime:0.006073s ]
INFO: [ view_filter ] --START--
INFO: Run Behavior\WriteHtmlCacheBehavior [ RunTime:0.000042s ]
INFO: [ view_filter ] --END-- [ RunTime:0.000084s ]
INFO: [ app_end ] --START--
INFO: Run Behavior\ShowPageTraceBehavior [ RunTime:0.000040s ]
INFO: [ app_end ] --END-- [ RunTime:0.000087s ]

