[ 2017-11-29T01:30:29+08:00 ] 123.125.67.164 /robots.txt
INFO: [ app_init ] --START--
INFO: Run Behavior\BuildLiteBehavior [ RunTime:0.000018s ]
INFO: [ app_init ] --END-- [ RunTime:0.000119s ]
ERR: 无法加载模块:Robots

[ 2017-11-29T02:27:33+08:00 ] 203.208.60.196 /robots.txt
INFO: [ app_init ] --START--
INFO: Run Behavior\BuildLiteBehavior [ RunTime:0.000018s ]
INFO: [ app_init ] --END-- [ RunTime:0.000112s ]
ERR: 无法加载模块:Robots

[ 2017-11-29T09:03:58+08:00 ] 115.206.246.122 /favicon.ico
INFO: [ app_init ] --START--
INFO: Run Behavior\BuildLiteBehavior [ RunTime:0.000015s ]
INFO: [ app_init ] --END-- [ RunTime:0.000099s ]
ERR: 无法加载模块:Favicon

[ 2017-11-29T09:04:43+08:00 ] 115.206.246.122 /favicon.ico
INFO: [ app_init ] --START--
INFO: Run Behavior\BuildLiteBehavior [ RunTime:0.000016s ]
INFO: [ app_init ] --END-- [ RunTime:0.000116s ]
ERR: 无法加载模块:Favicon

[ 2017-11-29T09:04:50+08:00 ] 115.206.246.122 /favicon.ico
INFO: [ app_init ] --START--
INFO: Run Behavior\BuildLiteBehavior [ RunTime:0.000015s ]
INFO: [ app_init ] --END-- [ RunTime:0.000094s ]
ERR: 无法加载模块:Favicon

[ 2017-11-29T09:19:00+08:00 ] 115.206.246.122 /favicon.ico
INFO: [ app_init ] --START--
INFO: Run Behavior\BuildLiteBehavior [ RunTime:0.000017s ]
INFO: [ app_init ] --END-- [ RunTime:0.000105s ]
ERR: 无法加载模块:Favicon

[ 2017-11-29T09:20:30+08:00 ] 115.206.246.122 /favicon.ico
INFO: [ app_init ] --START--
INFO: Run Behavior\BuildLiteBehavior [ RunTime:0.000015s ]
INFO: [ app_init ] --END-- [ RunTime:0.000099s ]
ERR: 无法加载模块:Favicon

[ 2017-11-29T09:20:33+08:00 ] 115.206.246.122 /favicon.ico
INFO: [ app_init ] --START--
INFO: Run Behavior\BuildLiteBehavior [ RunTime:0.000017s ]
INFO: [ app_init ] --END-- [ RunTime:0.000106s ]
ERR: 无法加载模块:Favicon

[ 2017-11-29T09:20:33+08:00 ] 115.206.246.122 /favicon.ico
INFO: [ app_init ] --START--
INFO: Run Behavior\BuildLiteBehavior [ RunTime:0.000013s ]
INFO: [ app_init ] --END-- [ RunTime:0.000086s ]
ERR: 无法加载模块:Favicon

[ 2017-11-29T09:20:33+08:00 ] 115.206.246.122 /favicon.ico
INFO: [ app_init ] --START--
INFO: Run Behavior\BuildLiteBehavior [ RunTime:0.000014s ]
INFO: [ app_init ] --END-- [ RunTime:0.000093s ]
ERR: 无法加载模块:Favicon

[ 2017-11-29T09:20:33+08:00 ] 115.206.246.122 /favicon.ico
INFO: [ app_init ] --START--
INFO: Run Behavior\BuildLiteBehavior [ RunTime:0.000012s ]
INFO: [ app_init ] --END-- [ RunTime:0.000079s ]
ERR: 无法加载模块:Favicon

[ 2017-11-29T09:20:33+08:00 ] 115.206.246.122 /favicon.ico
INFO: [ app_init ] --START--
INFO: Run Behavior\BuildLiteBehavior [ RunTime:0.000013s ]
INFO: [ app_init ] --END-- [ RunTime:0.000085s ]
ERR: 无法加载模块:Favicon

[ 2017-11-29T09:20:34+08:00 ] 115.206.246.122 /favicon.ico
INFO: [ app_init ] --START--
INFO: Run Behavior\BuildLiteBehavior [ RunTime:0.000016s ]
INFO: [ app_init ] --END-- [ RunTime:0.000102s ]
ERR: 无法加载模块:Favicon

[ 2017-11-29T09:20:34+08:00 ] 115.206.246.122 /favicon.ico
INFO: [ app_init ] --START--
INFO: Run Behavior\BuildLiteBehavior [ RunTime:0.000013s ]
INFO: [ app_init ] --END-- [ RunTime:0.000083s ]
ERR: 无法加载模块:Favicon

[ 2017-11-29T09:20:34+08:00 ] 115.206.246.122 /favicon.ico
INFO: [ app_init ] --START--
INFO: Run Behavior\BuildLiteBehavior [ RunTime:0.000013s ]
INFO: [ app_init ] --END-- [ RunTime:0.000090s ]
ERR: 无法加载模块:Favicon

[ 2017-11-29T09:20:34+08:00 ] 115.206.246.122 /favicon.ico
INFO: [ app_init ] --START--
INFO: Run Behavior\BuildLiteBehavior [ RunTime:0.000013s ]
INFO: [ app_init ] --END-- [ RunTime:0.000084s ]
ERR: 无法加载模块:Favicon

[ 2017-11-29T09:20:34+08:00 ] 115.206.246.122 /favicon.ico
INFO: [ app_init ] --START--
INFO: Run Behavior\BuildLiteBehavior [ RunTime:0.000016s ]
INFO: [ app_init ] --END-- [ RunTime:0.000114s ]
ERR: 无法加载模块:Favicon

[ 2017-11-29T09:20:34+08:00 ] 115.206.246.122 /favicon.ico
INFO: [ app_init ] --START--
INFO: Run Behavior\BuildLiteBehavior [ RunTime:0.000014s ]
INFO: [ app_init ] --END-- [ RunTime:0.000093s ]
ERR: 无法加载模块:Favicon

[ 2017-11-29T09:20:34+08:00 ] 115.206.246.122 /favicon.ico
INFO: [ app_init ] --START--
INFO: Run Behavior\BuildLiteBehavior [ RunTime:0.000014s ]
INFO: [ app_init ] --END-- [ RunTime:0.000085s ]
ERR: 无法加载模块:Favicon

[ 2017-11-29T09:20:35+08:00 ] 115.206.246.122 /favicon.ico
INFO: [ app_init ] --START--
INFO: Run Behavior\BuildLiteBehavior [ RunTime:0.000013s ]
INFO: [ app_init ] --END-- [ RunTime:0.000082s ]
ERR: 无法加载模块:Favicon

[ 2017-11-29T09:20:35+08:00 ] 115.206.246.122 /favicon.ico
INFO: [ app_init ] --START--
INFO: Run Behavior\BuildLiteBehavior [ RunTime:0.000012s ]
INFO: [ app_init ] --END-- [ RunTime:0.000080s ]
ERR: 无法加载模块:Favicon

[ 2017-11-29T09:20:35+08:00 ] 115.206.246.122 /favicon.ico
INFO: [ app_init ] --START--
INFO: Run Behavior\BuildLiteBehavior [ RunTime:0.000013s ]
INFO: [ app_init ] --END-- [ RunTime:0.000085s ]
ERR: 无法加载模块:Favicon

[ 2017-11-29T09:20:35+08:00 ] 115.206.246.122 /favicon.ico
INFO: [ app_init ] --START--
INFO: Run Behavior\BuildLiteBehavior [ RunTime:0.000015s ]
INFO: [ app_init ] --END-- [ RunTime:0.000101s ]
ERR: 无法加载模块:Favicon

[ 2017-11-29T09:20:35+08:00 ] 115.206.246.122 /favicon.ico
INFO: [ app_init ] --START--
INFO: Run Behavior\BuildLiteBehavior [ RunTime:0.000013s ]
INFO: [ app_init ] --END-- [ RunTime:0.000084s ]
ERR: 无法加载模块:Favicon

[ 2017-11-29T09:20:35+08:00 ] 115.206.246.122 /favicon.ico
INFO: [ app_init ] --START--
INFO: Run Behavior\BuildLiteBehavior [ RunTime:0.000013s ]
INFO: [ app_init ] --END-- [ RunTime:0.000083s ]
ERR: 无法加载模块:Favicon

[ 2017-11-29T09:22:31+08:00 ] 115.206.246.122 /favicon.ico
INFO: [ app_init ] --START--
INFO: Run Behavior\BuildLiteBehavior [ RunTime:0.000015s ]
INFO: [ app_init ] --END-- [ RunTime:0.000095s ]
ERR: 无法加载模块:Favicon

[ 2017-11-29T09:22:34+08:00 ] 115.206.246.122 /favicon.ico
INFO: [ app_init ] --START--
INFO: Run Behavior\BuildLiteBehavior [ RunTime:0.000018s ]
INFO: [ app_init ] --END-- [ RunTime:0.000119s ]
ERR: 无法加载模块:Favicon

[ 2017-11-29T09:22:34+08:00 ] 115.206.246.122 /favicon.ico
INFO: [ app_init ] --START--
INFO: Run Behavior\BuildLiteBehavior [ RunTime:0.000015s ]
INFO: [ app_init ] --END-- [ RunTime:0.000100s ]
ERR: 无法加载模块:Favicon

[ 2017-11-29T09:22:34+08:00 ] 115.206.246.122 /favicon.ico
INFO: [ app_init ] --START--
INFO: Run Behavior\BuildLiteBehavior [ RunTime:0.000014s ]
INFO: [ app_init ] --END-- [ RunTime:0.000087s ]
ERR: 无法加载模块:Favicon

[ 2017-11-29T09:22:34+08:00 ] 115.206.246.122 /favicon.ico
INFO: [ app_init ] --START--
INFO: Run Behavior\BuildLiteBehavior [ RunTime:0.000015s ]
INFO: [ app_init ] --END-- [ RunTime:0.000095s ]
ERR: 无法加载模块:Favicon

[ 2017-11-29T09:22:34+08:00 ] 115.206.246.122 /favicon.ico
INFO: [ app_init ] --START--
INFO: Run Behavior\BuildLiteBehavior [ RunTime:0.000013s ]
INFO: [ app_init ] --END-- [ RunTime:0.000117s ]
ERR: 无法加载模块:Favicon

[ 2017-11-29T09:22:34+08:00 ] 115.206.246.122 /favicon.ico
INFO: [ app_init ] --START--
INFO: Run Behavior\BuildLiteBehavior [ RunTime:0.000014s ]
INFO: [ app_init ] --END-- [ RunTime:0.000095s ]
ERR: 无法加载模块:Favicon

[ 2017-11-29T09:22:34+08:00 ] 115.206.246.122 /favicon.ico
INFO: [ app_init ] --START--
INFO: Run Behavior\BuildLiteBehavior [ RunTime:0.000012s ]
INFO: [ app_init ] --END-- [ RunTime:0.000112s ]
ERR: 无法加载模块:Favicon

[ 2017-11-29T09:22:34+08:00 ] 115.206.246.122 /favicon.ico
INFO: [ app_init ] --START--
INFO: Run Behavior\BuildLiteBehavior [ RunTime:0.000012s ]
INFO: [ app_init ] --END-- [ RunTime:0.000084s ]
ERR: 无法加载模块:Favicon

[ 2017-11-29T09:22:34+08:00 ] 115.206.246.122 /favicon.ico
INFO: [ app_init ] --START--
INFO: Run Behavior\BuildLiteBehavior [ RunTime:0.000011s ]
INFO: [ app_init ] --END-- [ RunTime:0.000078s ]
ERR: 无法加载模块:Favicon

[ 2017-11-29T09:22:34+08:00 ] 115.206.246.122 /favicon.ico
INFO: [ app_init ] --START--
INFO: Run Behavior\BuildLiteBehavior [ RunTime:0.000012s ]
INFO: [ app_init ] --END-- [ RunTime:0.000082s ]
ERR: 无法加载模块:Favicon

[ 2017-11-29T09:22:35+08:00 ] 115.206.246.122 /favicon.ico
INFO: [ app_init ] --START--
INFO: Run Behavior\BuildLiteBehavior [ RunTime:0.000016s ]
INFO: [ app_init ] --END-- [ RunTime:0.000101s ]
ERR: 无法加载模块:Favicon

[ 2017-11-29T09:22:35+08:00 ] 115.206.246.122 /favicon.ico
INFO: [ app_init ] --START--
INFO: Run Behavior\BuildLiteBehavior [ RunTime:0.000013s ]
INFO: [ app_init ] --END-- [ RunTime:0.000082s ]
ERR: 无法加载模块:Favicon

[ 2017-11-29T09:22:35+08:00 ] 115.206.246.122 /favicon.ico
INFO: [ app_init ] --START--
INFO: Run Behavior\BuildLiteBehavior [ RunTime:0.000011s ]
INFO: [ app_init ] --END-- [ RunTime:0.000079s ]
ERR: 无法加载模块:Favicon

[ 2017-11-29T09:22:35+08:00 ] 115.206.246.122 /favicon.ico
INFO: [ app_init ] --START--
INFO: Run Behavior\BuildLiteBehavior [ RunTime:0.000015s ]
INFO: [ app_init ] --END-- [ RunTime:0.000093s ]
ERR: 无法加载模块:Favicon

[ 2017-11-29T09:22:35+08:00 ] 115.206.246.122 /favicon.ico
INFO: [ app_init ] --START--
INFO: Run Behavior\BuildLiteBehavior [ RunTime:0.000012s ]
INFO: [ app_init ] --END-- [ RunTime:0.000081s ]
ERR: 无法加载模块:Favicon

[ 2017-11-29T09:22:35+08:00 ] 115.206.246.122 /favicon.ico
INFO: [ app_init ] --START--
INFO: Run Behavior\BuildLiteBehavior [ RunTime:0.000012s ]
INFO: [ app_init ] --END-- [ RunTime:0.000077s ]
ERR: 无法加载模块:Favicon

[ 2017-11-29T09:22:35+08:00 ] 115.206.246.122 /favicon.ico
INFO: [ app_init ] --START--
INFO: Run Behavior\BuildLiteBehavior [ RunTime:0.000015s ]
INFO: [ app_init ] --END-- [ RunTime:0.000099s ]
ERR: 无法加载模块:Favicon

[ 2017-11-29T09:22:35+08:00 ] 115.206.246.122 /favicon.ico
INFO: [ app_init ] --START--
INFO: Run Behavior\BuildLiteBehavior [ RunTime:0.000012s ]
INFO: [ app_init ] --END-- [ RunTime:0.000080s ]
ERR: 无法加载模块:Favicon

[ 2017-11-29T09:22:35+08:00 ] 115.206.246.122 /favicon.ico
INFO: [ app_init ] --START--
INFO: Run Behavior\BuildLiteBehavior [ RunTime:0.000012s ]
INFO: [ app_init ] --END-- [ RunTime:0.000079s ]
ERR: 无法加载模块:Favicon

[ 2017-11-29T09:22:40+08:00 ] 115.206.246.122 /favicon.ico
INFO: [ app_init ] --START--
INFO: Run Behavior\BuildLiteBehavior [ RunTime:0.000017s ]
INFO: [ app_init ] --END-- [ RunTime:0.000117s ]
ERR: 无法加载模块:Favicon

[ 2017-11-29T09:22:40+08:00 ] 115.206.246.122 /favicon.ico
INFO: [ app_init ] --START--
INFO: Run Behavior\BuildLiteBehavior [ RunTime:0.000013s ]
INFO: [ app_init ] --END-- [ RunTime:0.000083s ]
ERR: 无法加载模块:Favicon

[ 2017-11-29T09:22:40+08:00 ] 115.206.246.122 /favicon.ico
INFO: [ app_init ] --START--
INFO: Run Behavior\BuildLiteBehavior [ RunTime:0.000012s ]
INFO: [ app_init ] --END-- [ RunTime:0.000079s ]
ERR: 无法加载模块:Favicon

[ 2017-11-29T09:22:40+08:00 ] 115.206.246.122 /favicon.ico
INFO: [ app_init ] --START--
INFO: Run Behavior\BuildLiteBehavior [ RunTime:0.000012s ]
INFO: [ app_init ] --END-- [ RunTime:0.000081s ]
ERR: 无法加载模块:Favicon

[ 2017-11-29T09:22:41+08:00 ] 115.206.246.122 /favicon.ico
INFO: [ app_init ] --START--
INFO: Run Behavior\BuildLiteBehavior [ RunTime:0.000016s ]
INFO: [ app_init ] --END-- [ RunTime:0.000103s ]
ERR: 无法加载模块:Favicon

[ 2017-11-29T09:22:41+08:00 ] 115.206.246.122 /favicon.ico
INFO: [ app_init ] --START--
INFO: Run Behavior\BuildLiteBehavior [ RunTime:0.000013s ]
INFO: [ app_init ] --END-- [ RunTime:0.000089s ]
ERR: 无法加载模块:Favicon

[ 2017-11-29T09:22:41+08:00 ] 115.206.246.122 /favicon.ico
INFO: [ app_init ] --START--
INFO: Run Behavior\BuildLiteBehavior [ RunTime:0.000016s ]
INFO: [ app_init ] --END-- [ RunTime:0.000101s ]
ERR: 无法加载模块:Favicon

[ 2017-11-29T09:22:41+08:00 ] 115.206.246.122 /favicon.ico
INFO: [ app_init ] --START--
INFO: Run Behavior\BuildLiteBehavior [ RunTime:0.000012s ]
INFO: [ app_init ] --END-- [ RunTime:0.000082s ]
ERR: 无法加载模块:Favicon

[ 2017-11-29T09:22:41+08:00 ] 115.206.246.122 /favicon.ico
INFO: [ app_init ] --START--
INFO: Run Behavior\BuildLiteBehavior [ RunTime:0.000013s ]
INFO: [ app_init ] --END-- [ RunTime:0.000082s ]
ERR: 无法加载模块:Favicon

[ 2017-11-29T09:22:41+08:00 ] 115.206.246.122 /favicon.ico
INFO: [ app_init ] --START--
INFO: Run Behavior\BuildLiteBehavior [ RunTime:0.000012s ]
INFO: [ app_init ] --END-- [ RunTime:0.000077s ]
ERR: 无法加载模块:Favicon

[ 2017-11-29T09:22:41+08:00 ] 115.206.246.122 /favicon.ico
INFO: [ app_init ] --START--
INFO: Run Behavior\BuildLiteBehavior [ RunTime:0.000025s ]
INFO: [ app_init ] --END-- [ RunTime:0.000093s ]
ERR: 无法加载模块:Favicon

[ 2017-11-29T09:22:41+08:00 ] 115.206.246.122 /favicon.ico
INFO: [ app_init ] --START--
INFO: Run Behavior\BuildLiteBehavior [ RunTime:0.000011s ]
INFO: [ app_init ] --END-- [ RunTime:0.000076s ]
ERR: 无法加载模块:Favicon

[ 2017-11-29T09:22:41+08:00 ] 115.206.246.122 /favicon.ico
INFO: [ app_init ] --START--
INFO: Run Behavior\BuildLiteBehavior [ RunTime:0.000012s ]
INFO: [ app_init ] --END-- [ RunTime:0.000081s ]
ERR: 无法加载模块:Favicon

[ 2017-11-29T09:22:41+08:00 ] 115.206.246.122 /favicon.ico
INFO: [ app_init ] --START--
INFO: Run Behavior\BuildLiteBehavior [ RunTime:0.000013s ]
INFO: [ app_init ] --END-- [ RunTime:0.000083s ]
ERR: 无法加载模块:Favicon

[ 2017-11-29T09:22:44+08:00 ] 115.206.246.122 /favicon.ico
INFO: [ app_init ] --START--
INFO: Run Behavior\BuildLiteBehavior [ RunTime:0.000015s ]
INFO: [ app_init ] --END-- [ RunTime:0.000107s ]
ERR: 无法加载模块:Favicon

[ 2017-11-29T09:25:49+08:00 ] 115.206.246.122 /favicon.ico
INFO: [ app_init ] --START--
INFO: Run Behavior\BuildLiteBehavior [ RunTime:0.000015s ]
INFO: [ app_init ] --END-- [ RunTime:0.000099s ]
ERR: 无法加载模块:Favicon

[ 2017-11-29T09:36:28+08:00 ] 115.206.246.122 /favicon.ico
INFO: [ app_init ] --START--
INFO: Run Behavior\BuildLiteBehavior [ RunTime:0.000019s ]
INFO: [ app_init ] --END-- [ RunTime:0.000150s ]
ERR: 无法加载模块:Favicon

[ 2017-11-29T09:41:53+08:00 ] 115.206.246.122 /favicon.ico
INFO: [ app_init ] --START--
INFO: Run Behavior\BuildLiteBehavior [ RunTime:0.000016s ]
INFO: [ app_init ] --END-- [ RunTime:0.000119s ]
ERR: 无法加载模块:Favicon

[ 2017-11-29T09:41:56+08:00 ] 115.206.246.122 /favicon.ico
INFO: [ app_init ] --START--
INFO: Run Behavior\BuildLiteBehavior [ RunTime:0.000018s ]
INFO: [ app_init ] --END-- [ RunTime:0.000118s ]
ERR: 无法加载模块:Favicon

[ 2017-11-29T09:41:56+08:00 ] 115.206.246.122 /favicon.ico
INFO: [ app_init ] --START--
INFO: Run Behavior\BuildLiteBehavior [ RunTime:0.000015s ]
INFO: [ app_init ] --END-- [ RunTime:0.000097s ]
ERR: 无法加载模块:Favicon

[ 2017-11-29T09:41:56+08:00 ] 115.206.246.122 /favicon.ico
INFO: [ app_init ] --START--
INFO: Run Behavior\BuildLiteBehavior [ RunTime:0.000014s ]
INFO: [ app_init ] --END-- [ RunTime:0.000083s ]
ERR: 无法加载模块:Favicon

[ 2017-11-29T09:41:56+08:00 ] 115.206.246.122 /favicon.ico
INFO: [ app_init ] --START--
INFO: Run Behavior\BuildLiteBehavior [ RunTime:0.000012s ]
INFO: [ app_init ] --END-- [ RunTime:0.000083s ]
ERR: 无法加载模块:Favicon

[ 2017-11-29T09:41:56+08:00 ] 115.206.246.122 /favicon.ico
INFO: [ app_init ] --START--
INFO: Run Behavior\BuildLiteBehavior [ RunTime:0.000012s ]
INFO: [ app_init ] --END-- [ RunTime:0.000080s ]
ERR: 无法加载模块:Favicon

[ 2017-11-29T09:41:56+08:00 ] 115.206.246.122 /favicon.ico
INFO: [ app_init ] --START--
INFO: Run Behavior\BuildLiteBehavior [ RunTime:0.000013s ]
INFO: [ app_init ] --END-- [ RunTime:0.000083s ]
ERR: 无法加载模块:Favicon

[ 2017-11-29T09:41:56+08:00 ] 115.206.246.122 /favicon.ico
INFO: [ app_init ] --START--
INFO: Run Behavior\BuildLiteBehavior [ RunTime:0.000016s ]
INFO: [ app_init ] --END-- [ RunTime:0.000107s ]
ERR: 无法加载模块:Favicon

[ 2017-11-29T09:41:56+08:00 ] 115.206.246.122 /favicon.ico
INFO: [ app_init ] --START--
INFO: Run Behavior\BuildLiteBehavior [ RunTime:0.000013s ]
INFO: [ app_init ] --END-- [ RunTime:0.000082s ]
ERR: 无法加载模块:Favicon

[ 2017-11-29T09:41:56+08:00 ] 115.206.246.122 /favicon.ico
INFO: [ app_init ] --START--
INFO: Run Behavior\BuildLiteBehavior [ RunTime:0.000023s ]
INFO: [ app_init ] --END-- [ RunTime:0.000090s ]
ERR: 无法加载模块:Favicon

[ 2017-11-29T09:41:56+08:00 ] 115.206.246.122 /favicon.ico
INFO: [ app_init ] --START--
INFO: Run Behavior\BuildLiteBehavior [ RunTime:0.000012s ]
INFO: [ app_init ] --END-- [ RunTime:0.000081s ]
ERR: 无法加载模块:Favicon

[ 2017-11-29T09:41:56+08:00 ] 115.206.246.122 /favicon.ico
INFO: [ app_init ] --START--
INFO: Run Behavior\BuildLiteBehavior [ RunTime:0.000012s ]
INFO: [ app_init ] --END-- [ RunTime:0.000083s ]
ERR: 无法加载模块:Favicon

[ 2017-11-29T09:41:56+08:00 ] 115.206.246.122 /favicon.ico
INFO: [ app_init ] --START--
INFO: Run Behavior\BuildLiteBehavior [ RunTime:0.000013s ]
INFO: [ app_init ] --END-- [ RunTime:0.000085s ]
ERR: 无法加载模块:Favicon

[ 2017-11-29T10:20:47+08:00 ] 115.206.246.122 /favicon.ico
INFO: [ app_init ] --START--
INFO: Run Behavior\BuildLiteBehavior [ RunTime:0.000014s ]
INFO: [ app_init ] --END-- [ RunTime:0.000101s ]
ERR: 无法加载模块:Favicon

[ 2017-11-29T10:20:49+08:00 ] 115.206.246.122 /favicon.ico
INFO: [ app_init ] --START--
INFO: Run Behavior\BuildLiteBehavior [ RunTime:0.000017s ]
INFO: [ app_init ] --END-- [ RunTime:0.000113s ]
ERR: 无法加载模块:Favicon

[ 2017-11-29T10:20:50+08:00 ] 115.206.246.122 /favicon.ico
INFO: [ app_init ] --START--
INFO: Run Behavior\BuildLiteBehavior [ RunTime:0.000016s ]
INFO: [ app_init ] --END-- [ RunTime:0.000102s ]
ERR: 无法加载模块:Favicon

[ 2017-11-29T10:20:50+08:00 ] 115.206.246.122 /favicon.ico
INFO: [ app_init ] --START--
INFO: Run Behavior\BuildLiteBehavior [ RunTime:0.000012s ]
INFO: [ app_init ] --END-- [ RunTime:0.000102s ]
ERR: 无法加载模块:Favicon

[ 2017-11-29T10:20:50+08:00 ] 115.206.246.122 /favicon.ico
INFO: [ app_init ] --START--
INFO: Run Behavior\BuildLiteBehavior [ RunTime:0.000011s ]
INFO: [ app_init ] --END-- [ RunTime:0.000078s ]
ERR: 无法加载模块:Favicon

[ 2017-11-29T10:20:50+08:00 ] 115.206.246.122 /favicon.ico
INFO: [ app_init ] --START--
INFO: Run Behavior\BuildLiteBehavior [ RunTime:0.000016s ]
INFO: [ app_init ] --END-- [ RunTime:0.000100s ]
ERR: 无法加载模块:Favicon

[ 2017-11-29T10:20:50+08:00 ] 115.206.246.122 /favicon.ico
INFO: [ app_init ] --START--
INFO: Run Behavior\BuildLiteBehavior [ RunTime:0.000013s ]
INFO: [ app_init ] --END-- [ RunTime:0.000082s ]
ERR: 无法加载模块:Favicon

[ 2017-11-29T10:20:50+08:00 ] 115.206.246.122 /favicon.ico
INFO: [ app_init ] --START--
INFO: Run Behavior\BuildLiteBehavior [ RunTime:0.000012s ]
INFO: [ app_init ] --END-- [ RunTime:0.000080s ]
ERR: 无法加载模块:Favicon

[ 2017-11-29T10:20:51+08:00 ] 115.206.246.122 /favicon.ico
INFO: [ app_init ] --START--
INFO: Run Behavior\BuildLiteBehavior [ RunTime:0.000017s ]
INFO: [ app_init ] --END-- [ RunTime:0.000118s ]
ERR: 无法加载模块:Favicon

[ 2017-11-29T10:20:51+08:00 ] 115.206.246.122 /favicon.ico
INFO: [ app_init ] --START--
INFO: Run Behavior\BuildLiteBehavior [ RunTime:0.000012s ]
INFO: [ app_init ] --END-- [ RunTime:0.000080s ]
ERR: 无法加载模块:Favicon

[ 2017-11-29T10:20:51+08:00 ] 115.206.246.122 /favicon.ico
INFO: [ app_init ] --START--
INFO: Run Behavior\BuildLiteBehavior [ RunTime:0.000025s ]
INFO: [ app_init ] --END-- [ RunTime:0.000096s ]
ERR: 无法加载模块:Favicon

[ 2017-11-29T10:20:51+08:00 ] 115.206.246.122 /favicon.ico
INFO: [ app_init ] --START--
INFO: Run Behavior\BuildLiteBehavior [ RunTime:0.000011s ]
INFO: [ app_init ] --END-- [ RunTime:0.000077s ]
ERR: 无法加载模块:Favicon

[ 2017-11-29T10:20:58+08:00 ] 115.206.246.122 /favicon.ico
INFO: [ app_init ] --START--
INFO: Run Behavior\BuildLiteBehavior [ RunTime:0.000016s ]
INFO: [ app_init ] --END-- [ RunTime:0.000107s ]
ERR: 无法加载模块:Favicon

[ 2017-11-29T10:28:37+08:00 ] 115.206.246.122 /favicon.ico
INFO: [ app_init ] --START--
INFO: Run Behavior\BuildLiteBehavior [ RunTime:0.000018s ]
INFO: [ app_init ] --END-- [ RunTime:0.000122s ]
ERR: 无法加载模块:Favicon

[ 2017-11-29T10:28:40+08:00 ] 115.206.246.122 /favicon.ico
INFO: [ app_init ] --START--
INFO: Run Behavior\BuildLiteBehavior [ RunTime:0.000017s ]
INFO: [ app_init ] --END-- [ RunTime:0.000120s ]
ERR: 无法加载模块:Favicon

[ 2017-11-29T10:38:42+08:00 ] 115.206.246.122 /favicon.ico
INFO: [ app_init ] --START--
INFO: Run Behavior\BuildLiteBehavior [ RunTime:0.000016s ]
INFO: [ app_init ] --END-- [ RunTime:0.000103s ]
ERR: 无法加载模块:Favicon

[ 2017-11-29T10:38:44+08:00 ] 115.206.246.122 /favicon.ico
INFO: [ app_init ] --START--
INFO: Run Behavior\BuildLiteBehavior [ RunTime:0.000017s ]
INFO: [ app_init ] --END-- [ RunTime:0.000104s ]
ERR: 无法加载模块:Favicon

[ 2017-11-29T10:38:44+08:00 ] 115.206.246.122 /favicon.ico
INFO: [ app_init ] --START--
INFO: Run Behavior\BuildLiteBehavior [ RunTime:0.000015s ]
INFO: [ app_init ] --END-- [ RunTime:0.000111s ]
ERR: 无法加载模块:Favicon

[ 2017-11-29T10:38:44+08:00 ] 115.206.246.122 /favicon.ico
INFO: [ app_init ] --START--
INFO: Run Behavior\BuildLiteBehavior [ RunTime:0.000012s ]
INFO: [ app_init ] --END-- [ RunTime:0.000079s ]
ERR: 无法加载模块:Favicon

[ 2017-11-29T10:38:44+08:00 ] 115.206.246.122 /favicon.ico
INFO: [ app_init ] --START--
INFO: Run Behavior\BuildLiteBehavior [ RunTime:0.000016s ]
INFO: [ app_init ] --END-- [ RunTime:0.000101s ]
ERR: 无法加载模块:Favicon

[ 2017-11-29T10:38:44+08:00 ] 115.206.246.122 /favicon.ico
INFO: [ app_init ] --START--
INFO: Run Behavior\BuildLiteBehavior [ RunTime:0.000012s ]
INFO: [ app_init ] --END-- [ RunTime:0.000082s ]
ERR: 无法加载模块:Favicon

[ 2017-11-29T10:38:44+08:00 ] 115.206.246.122 /favicon.ico
INFO: [ app_init ] --START--
INFO: Run Behavior\BuildLiteBehavior [ RunTime:0.000012s ]
INFO: [ app_init ] --END-- [ RunTime:0.000078s ]
ERR: 无法加载模块:Favicon

[ 2017-11-29T10:38:44+08:00 ] 115.206.246.122 /favicon.ico
INFO: [ app_init ] --START--
INFO: Run Behavior\BuildLiteBehavior [ RunTime:0.000012s ]
INFO: [ app_init ] --END-- [ RunTime:0.000079s ]
ERR: 无法加载模块:Favicon

[ 2017-11-29T10:38:44+08:00 ] 115.206.246.122 /favicon.ico
INFO: [ app_init ] --START--
INFO: Run Behavior\BuildLiteBehavior [ RunTime:0.000017s ]
INFO: [ app_init ] --END-- [ RunTime:0.000111s ]
ERR: 无法加载模块:Favicon

[ 2017-11-29T10:38:44+08:00 ] 115.206.246.122 /favicon.ico
INFO: [ app_init ] --START--
INFO: Run Behavior\BuildLiteBehavior [ RunTime:0.000013s ]
INFO: [ app_init ] --END-- [ RunTime:0.000085s ]
ERR: 无法加载模块:Favicon

[ 2017-11-29T10:46:01+08:00 ] 115.206.246.122 /favicon.ico
INFO: [ app_init ] --START--
INFO: Run Behavior\BuildLiteBehavior [ RunTime:0.000016s ]
INFO: [ app_init ] --END-- [ RunTime:0.000123s ]
ERR: 无法加载模块:Favicon

[ 2017-11-29T10:46:17+08:00 ] 115.206.246.122 /favicon.ico
INFO: [ app_init ] --START--
INFO: Run Behavior\BuildLiteBehavior [ RunTime:0.000017s ]
INFO: [ app_init ] --END-- [ RunTime:0.000111s ]
ERR: 无法加载模块:Favicon

[ 2017-11-29T10:46:18+08:00 ] 115.206.246.122 /favicon.ico
INFO: [ app_init ] --START--
INFO: Run Behavior\BuildLiteBehavior [ RunTime:0.000015s ]
INFO: [ app_init ] --END-- [ RunTime:0.000102s ]
ERR: 无法加载模块:Favicon

[ 2017-11-29T10:46:57+08:00 ] 115.206.246.122 /favicon.ico
INFO: [ app_init ] --START--
INFO: Run Behavior\BuildLiteBehavior [ RunTime:0.000016s ]
INFO: [ app_init ] --END-- [ RunTime:0.000111s ]
ERR: 无法加载模块:Favicon

[ 2017-11-29T10:47:04+08:00 ] 115.206.246.122 /favicon.ico
INFO: [ app_init ] --START--
INFO: Run Behavior\BuildLiteBehavior [ RunTime:0.000035s ]
INFO: [ app_init ] --END-- [ RunTime:0.000136s ]
ERR: 无法加载模块:Favicon

[ 2017-11-29T10:47:10+08:00 ] 115.206.246.122 /favicon.ico
INFO: [ app_init ] --START--
INFO: Run Behavior\BuildLiteBehavior [ RunTime:0.000017s ]
INFO: [ app_init ] --END-- [ RunTime:0.000111s ]
ERR: 无法加载模块:Favicon

[ 2017-11-29T11:04:58+08:00 ] 115.206.246.122 /favicon.ico
INFO: [ app_init ] --START--
INFO: Run Behavior\BuildLiteBehavior [ RunTime:0.000015s ]
INFO: [ app_init ] --END-- [ RunTime:0.000113s ]
ERR: 无法加载模块:Favicon

[ 2017-11-29T11:04:59+08:00 ] 115.206.246.122 /favicon.ico
INFO: [ app_init ] --START--
INFO: Run Behavior\BuildLiteBehavior [ RunTime:0.000018s ]
INFO: [ app_init ] --END-- [ RunTime:0.000114s ]
ERR: 无法加载模块:Favicon

[ 2017-11-29T11:04:59+08:00 ] 115.206.246.122 /favicon.ico
INFO: [ app_init ] --START--
INFO: Run Behavior\BuildLiteBehavior [ RunTime:0.000014s ]
INFO: [ app_init ] --END-- [ RunTime:0.000086s ]
ERR: 无法加载模块:Favicon

[ 2017-11-29T11:04:59+08:00 ] 115.206.246.122 /favicon.ico
INFO: [ app_init ] --START--
INFO: Run Behavior\BuildLiteBehavior [ RunTime:0.000015s ]
INFO: [ app_init ] --END-- [ RunTime:0.000094s ]
ERR: 无法加载模块:Favicon

[ 2017-11-29T11:04:59+08:00 ] 115.206.246.122 /favicon.ico
INFO: [ app_init ] --START--
INFO: Run Behavior\BuildLiteBehavior [ RunTime:0.000012s ]
INFO: [ app_init ] --END-- [ RunTime:0.000080s ]
ERR: 无法加载模块:Favicon

[ 2017-11-29T11:04:59+08:00 ] 115.206.246.122 /favicon.ico
INFO: [ app_init ] --START--
INFO: Run Behavior\BuildLiteBehavior [ RunTime:0.000012s ]
INFO: [ app_init ] --END-- [ RunTime:0.000079s ]
ERR: 无法加载模块:Favicon

[ 2017-11-29T11:04:59+08:00 ] 115.206.246.122 /favicon.ico
INFO: [ app_init ] --START--
INFO: Run Behavior\BuildLiteBehavior [ RunTime:0.000024s ]
INFO: [ app_init ] --END-- [ RunTime:0.000109s ]
ERR: 无法加载模块:Favicon

[ 2017-11-29T11:04:59+08:00 ] 115.206.246.122 /favicon.ico
INFO: [ app_init ] --START--
INFO: Run Behavior\BuildLiteBehavior [ RunTime:0.000012s ]
INFO: [ app_init ] --END-- [ RunTime:0.000080s ]
ERR: 无法加载模块:Favicon

[ 2017-11-29T11:04:59+08:00 ] 115.206.246.122 /favicon.ico
INFO: [ app_init ] --START--
INFO: Run Behavior\BuildLiteBehavior [ RunTime:0.000012s ]
INFO: [ app_init ] --END-- [ RunTime:0.000080s ]
ERR: 无法加载模块:Favicon

[ 2017-11-29T11:04:59+08:00 ] 115.206.246.122 /favicon.ico
INFO: [ app_init ] --START--
INFO: Run Behavior\BuildLiteBehavior [ RunTime:0.000012s ]
INFO: [ app_init ] --END-- [ RunTime:0.000079s ]
ERR: 无法加载模块:Favicon

[ 2017-11-29T11:05:00+08:00 ] 115.206.246.122 /favicon.ico
INFO: [ app_init ] --START--
INFO: Run Behavior\BuildLiteBehavior [ RunTime:0.000016s ]
INFO: [ app_init ] --END-- [ RunTime:0.000104s ]
ERR: 无法加载模块:Favicon

[ 2017-11-29T11:07:05+08:00 ] 115.206.246.122 /favicon.ico
INFO: [ app_init ] --START--
INFO: Run Behavior\BuildLiteBehavior [ RunTime:0.000016s ]
INFO: [ app_init ] --END-- [ RunTime:0.000109s ]
ERR: 无法加载模块:Favicon

[ 2017-11-29T11:12:33+08:00 ] 115.206.246.122 /favicon.ico
INFO: [ app_init ] --START--
INFO: Run Behavior\BuildLiteBehavior [ RunTime:0.000016s ]
INFO: [ app_init ] --END-- [ RunTime:0.000111s ]
ERR: 无法加载模块:Favicon

[ 2017-11-29T11:12:46+08:00 ] 115.206.246.122 /favicon.ico
INFO: [ app_init ] --START--
INFO: Run Behavior\BuildLiteBehavior [ RunTime:0.000017s ]
INFO: [ app_init ] --END-- [ RunTime:0.000114s ]
ERR: 无法加载模块:Favicon

[ 2017-11-29T11:16:15+08:00 ] 122.224.109.234 /Public/admin/uploads/20171117/afb220073b96dda9e268d16fb1ec5b501627.jpg
INFO: [ app_init ] --START--
INFO: Run Behavior\BuildLiteBehavior [ RunTime:0.000016s ]
INFO: [ app_init ] --END-- [ RunTime:0.000103s ]
ERR: 无法加载模块:Public

[ 2017-11-29T11:16:25+08:00 ] 122.224.109.234 /Public/admin/uploads/20171117/afb220073b96dda9e268d16fb1ec5b501627.jpg
INFO: [ app_init ] --START--
INFO: Run Behavior\BuildLiteBehavior [ RunTime:0.000013s ]
INFO: [ app_init ] --END-- [ RunTime:0.000080s ]
ERR: 无法加载模块:Public

[ 2017-11-29T11:16:31+08:00 ] 122.224.109.234 /Public/admin/uploads/20171117/1cf846b7635293a9c62b343f6cfad33f9248.jpg
INFO: [ app_init ] --START--
INFO: Run Behavior\BuildLiteBehavior [ RunTime:0.000012s ]
INFO: [ app_init ] --END-- [ RunTime:0.000080s ]
ERR: 无法加载模块:Public

[ 2017-11-29T11:16:32+08:00 ] 122.224.109.234 /Public/admin/uploads/20171117/1cf846b7635293a9c62b343f6cfad33f9248.jpg
INFO: [ app_init ] --START--
INFO: Run Behavior\BuildLiteBehavior [ RunTime:0.000016s ]
INFO: [ app_init ] --END-- [ RunTime:0.000084s ]
ERR: 无法加载模块:Public

[ 2017-11-29T12:26:51+08:00 ] 203.208.60.194 /index.php?m=space&c=card
INFO: [ app_init ] --START--
INFO: Run Behavior\BuildLiteBehavior [ RunTime:0.000015s ]
INFO: [ app_init ] --END-- [ RunTime:0.000106s ]
ERR: 无法加载模块:Space

[ 2017-11-29T12:34:32+08:00 ] 60.177.121.150 /favicon.ico
INFO: [ app_init ] --START--
INFO: Run Behavior\BuildLiteBehavior [ RunTime:0.000016s ]
INFO: [ app_init ] --END-- [ RunTime:0.000105s ]
ERR: 无法加载模块:Favicon

[ 2017-11-29T13:17:21+08:00 ] 112.17.239.8 /Public/admin/uploads/20171117/f87bd751607f5c59cdf7954616db32fd5289.jpg
INFO: [ app_init ] --START--
INFO: Run Behavior\BuildLiteBehavior [ RunTime:0.000017s ]
INFO: [ app_init ] --END-- [ RunTime:0.000110s ]
ERR: 无法加载模块:Public

[ 2017-11-29T13:23:21+08:00 ] 203.208.60.194 /index.php/index/index/xqym/id/73.html
INFO: [ app_init ] --START--
INFO: Run Behavior\BuildLiteBehavior [ RunTime:0.000017s ]
INFO: [ app_init ] --END-- [ RunTime:0.000110s ]
ERR: 无法加载模块:Index

[ 2017-11-29T13:28:55+08:00 ] 112.17.239.8 /Public/admin/uploads/20171117/f87bd751607f5c59cdf7954616db32fd5289.jpg
INFO: [ app_init ] --START--
INFO: Run Behavior\BuildLiteBehavior [ RunTime:0.000015s ]
INFO: [ app_init ] --END-- [ RunTime:0.000098s ]
ERR: 无法加载模块:Public

[ 2017-11-29T13:29:02+08:00 ] 112.17.239.8 /Public/admin/uploads/20171117/f87bd751607f5c59cdf7954616db32fd5289.jpg
INFO: [ app_init ] --START--
INFO: Run Behavior\BuildLiteBehavior [ RunTime:0.000012s ]
INFO: [ app_init ] --END-- [ RunTime:0.000082s ]
ERR: 无法加载模块:Public

[ 2017-11-29T13:29:33+08:00 ] 112.17.239.8 /Public/admin/uploads/20171117/f87bd751607f5c59cdf7954616db32fd5289.jpg
INFO: [ app_init ] --START--
INFO: Run Behavior\BuildLiteBehavior [ RunTime:0.000015s ]
INFO: [ app_init ] --END-- [ RunTime:0.000100s ]
ERR: 无法加载模块:Public

[ 2017-11-29T13:51:34+08:00 ] 115.206.246.122 /favicon.ico
INFO: [ app_init ] --START--
INFO: Run Behavior\BuildLiteBehavior [ RunTime:0.000015s ]
INFO: [ app_init ] --END-- [ RunTime:0.000100s ]
ERR: 无法加载模块:Favicon

[ 2017-11-29T14:39:44+08:00 ] 203.208.60.195 /robots.txt
INFO: [ app_init ] --START--
INFO: Run Behavior\BuildLiteBehavior [ RunTime:0.000017s ]
INFO: [ app_init ] --END-- [ RunTime:0.000117s ]
ERR: 无法加载模块:Robots

[ 2017-11-29T14:48:42+08:00 ] 115.206.246.122 /favicon.ico
INFO: [ app_init ] --START--
INFO: Run Behavior\BuildLiteBehavior [ RunTime:0.000019s ]
INFO: [ app_init ] --END-- [ RunTime:0.000159s ]
ERR: 无法加载模块:Favicon

[ 2017-11-29T14:48:44+08:00 ] 115.206.246.122 /favicon.ico
INFO: [ app_init ] --START--
INFO: Run Behavior\BuildLiteBehavior [ RunTime:0.000016s ]
INFO: [ app_init ] --END-- [ RunTime:0.000115s ]
ERR: 无法加载模块:Favicon

[ 2017-11-29T14:48:44+08:00 ] 115.206.246.122 /favicon.ico
INFO: [ app_init ] --START--
INFO: Run Behavior\BuildLiteBehavior [ RunTime:0.000013s ]
INFO: [ app_init ] --END-- [ RunTime:0.000085s ]
ERR: 无法加载模块:Favicon

[ 2017-11-29T14:48:44+08:00 ] 115.206.246.122 /favicon.ico
INFO: [ app_init ] --START--
INFO: Run Behavior\BuildLiteBehavior [ RunTime:0.000016s ]
INFO: [ app_init ] --END-- [ RunTime:0.000108s ]
ERR: 无法加载模块:Favicon

[ 2017-11-29T14:48:45+08:00 ] 115.206.246.122 /favicon.ico
INFO: [ app_init ] --START--
INFO: Run Behavior\BuildLiteBehavior [ RunTime:0.000015s ]
INFO: [ app_init ] --END-- [ RunTime:0.000097s ]
ERR: 无法加载模块:Favicon

[ 2017-11-29T14:48:45+08:00 ] 115.206.246.122 /favicon.ico
INFO: [ app_init ] --START--
INFO: Run Behavior\BuildLiteBehavior [ RunTime:0.000012s ]
INFO: [ app_init ] --END-- [ RunTime:0.000083s ]
ERR: 无法加载模块:Favicon

[ 2017-11-29T14:48:45+08:00 ] 115.206.246.122 /favicon.ico
INFO: [ app_init ] --START--
INFO: Run Behavior\BuildLiteBehavior [ RunTime:0.000013s ]
INFO: [ app_init ] --END-- [ RunTime:0.000089s ]
ERR: 无法加载模块:Favicon

[ 2017-11-29T14:48:46+08:00 ] 115.206.246.122 /favicon.ico
INFO: [ app_init ] --START--
INFO: Run Behavior\BuildLiteBehavior [ RunTime:0.000016s ]
INFO: [ app_init ] --END-- [ RunTime:0.000115s ]
ERR: 无法加载模块:Favicon

[ 2017-11-29T14:48:46+08:00 ] 115.206.246.122 /favicon.ico
INFO: [ app_init ] --START--
INFO: Run Behavior\BuildLiteBehavior [ RunTime:0.000016s ]
INFO: [ app_init ] --END-- [ RunTime:0.000099s ]
ERR: 无法加载模块:Favicon

[ 2017-11-29T14:48:46+08:00 ] 115.206.246.122 /favicon.ico
INFO: [ app_init ] --START--
INFO: Run Behavior\BuildLiteBehavior [ RunTime:0.000016s ]
INFO: [ app_init ] --END-- [ RunTime:0.000104s ]
ERR: 无法加载模块:Favicon

[ 2017-11-29T14:48:47+08:00 ] 115.206.246.122 /favicon.ico
INFO: [ app_init ] --START--
INFO: Run Behavior\BuildLiteBehavior [ RunTime:0.000017s ]
INFO: [ app_init ] --END-- [ RunTime:0.000109s ]
ERR: 无法加载模块:Favicon

[ 2017-11-29T14:48:48+08:00 ] 115.206.246.122 /Public/home/dist/images/bs1.png
INFO: [ app_init ] --START--
INFO: Run Behavior\BuildLiteBehavior [ RunTime:0.000017s ]
INFO: [ app_init ] --END-- [ RunTime:0.000088s ]
ERR: 无法加载模块:Public

[ 2017-11-29T14:48:48+08:00 ] 115.206.246.122 /Public/home/dist/images/bs2.png
INFO: [ app_init ] --START--
INFO: Run Behavior\BuildLiteBehavior [ RunTime:0.000013s ]
INFO: [ app_init ] --END-- [ RunTime:0.000083s ]
ERR: 无法加载模块:Public

[ 2017-11-29T14:48:48+08:00 ] 115.206.246.122 /Public/home/dist/images/bs3.png
INFO: [ app_init ] --START--
INFO: Run Behavior\BuildLiteBehavior [ RunTime:0.000013s ]
INFO: [ app_init ] --END-- [ RunTime:0.000091s ]
ERR: 无法加载模块:Public

[ 2017-11-29T15:03:27+08:00 ] 112.17.239.8 /Public/admin/uploads/20171117/1cf846b7635293a9c62b343f6cfad33f9248.jpg
INFO: [ app_init ] --START--
INFO: Run Behavior\BuildLiteBehavior [ RunTime:0.000014s ]
INFO: [ app_init ] --END-- [ RunTime:0.000091s ]
ERR: 无法加载模块:Public

[ 2017-11-29T15:20:14+08:00 ] 220.181.108.155 /index/gslb/gslb.html
INFO: [ app_init ] --START--
INFO: Run Behavior\BuildLiteBehavior [ RunTime:0.000017s ]
INFO: [ app_init ] --END-- [ RunTime:0.000123s ]
ERR: 无法加载模块:Index

[ 2017-11-29T15:30:34+08:00 ] 122.224.109.234 /Public/admin/uploads/20171117/afb220073b96dda9e268d16fb1ec5b501627.jpg
INFO: [ app_init ] --START--
INFO: Run Behavior\BuildLiteBehavior [ RunTime:0.000013s ]
INFO: [ app_init ] --END-- [ RunTime:0.000084s ]
ERR: 无法加载模块:Public

[ 2017-11-29T15:30:41+08:00 ] 122.224.109.234 /Public/admin/uploads/20171117/1cf846b7635293a9c62b343f6cfad33f9248.jpg
INFO: [ app_init ] --START--
INFO: Run Behavior\BuildLiteBehavior [ RunTime:0.000014s ]
INFO: [ app_init ] --END-- [ RunTime:0.000091s ]
ERR: 无法加载模块:Public

[ 2017-11-29T15:30:45+08:00 ] 122.224.109.234 /Public/admin/uploads/20171117/eef48ca524fb72ef944a70c43754f30e5826.jpg
INFO: [ app_init ] --START--
INFO: Run Behavior\BuildLiteBehavior [ RunTime:0.000024s ]
INFO: [ app_init ] --END-- [ RunTime:0.000107s ]
ERR: 无法加载模块:Public

[ 2017-11-29T15:30:45+08:00 ] 122.224.109.234 /Public/admin/uploads/20171117/1cf846b7635293a9c62b343f6cfad33f9248.jpg
INFO: [ app_init ] --START--
INFO: Run Behavior\BuildLiteBehavior [ RunTime:0.000011s ]
INFO: [ app_init ] --END-- [ RunTime:0.000076s ]
ERR: 无法加载模块:Public

[ 2017-11-29T15:30:45+08:00 ] 122.224.109.234 /Public/admin/uploads/20171117/8b6212eb6d839233dd8d400dfc52d97b6100.jpg
INFO: [ app_init ] --START--
INFO: Run Behavior\BuildLiteBehavior [ RunTime:0.000012s ]
INFO: [ app_init ] --END-- [ RunTime:0.000081s ]
ERR: 无法加载模块:Public

[ 2017-11-29T15:30:45+08:00 ] 122.224.109.234 /Public/admin/uploads/20171117/4553911af11c674b2bbe4a7a417712e57052.jpg
INFO: [ app_init ] --START--
INFO: Run Behavior\BuildLiteBehavior [ RunTime:0.000018s ]
INFO: [ app_init ] --END-- [ RunTime:0.000107s ]
ERR: 无法加载模块:Public

[ 2017-11-29T15:30:54+08:00 ] 122.224.109.234 /Public/admin/uploads/20171117/eef48ca524fb72ef944a70c43754f30e5826.jpg
INFO: [ app_init ] --START--
INFO: Run Behavior\BuildLiteBehavior [ RunTime:0.000015s ]
INFO: [ app_init ] --END-- [ RunTime:0.000101s ]
ERR: 无法加载模块:Public

[ 2017-11-29T15:30:54+08:00 ] 122.224.109.234 /Public/admin/uploads/20171117/8b6212eb6d839233dd8d400dfc52d97b6100.jpg
INFO: [ app_init ] --START--
INFO: Run Behavior\BuildLiteBehavior [ RunTime:0.000014s ]
INFO: [ app_init ] --END-- [ RunTime:0.000120s ]
ERR: 无法加载模块:Public

[ 2017-11-29T15:30:54+08:00 ] 122.224.109.234 /Public/admin/uploads/20171117/1cf846b7635293a9c62b343f6cfad33f9248.jpg
INFO: [ app_init ] --START--
INFO: Run Behavior\BuildLiteBehavior [ RunTime:0.000013s ]
INFO: [ app_init ] --END-- [ RunTime:0.000083s ]
ERR: 无法加载模块:Public

[ 2017-11-29T15:30:54+08:00 ] 122.224.109.234 /Public/admin/uploads/20171117/4553911af11c674b2bbe4a7a417712e57052.jpg
INFO: [ app_init ] --START--
INFO: Run Behavior\BuildLiteBehavior [ RunTime:0.000015s ]
INFO: [ app_init ] --END-- [ RunTime:0.000110s ]
ERR: 无法加载模块:Public

[ 2017-11-29T15:31:40+08:00 ] 122.224.109.234 /Public/admin/uploads/20171117/14fc95ca5e283c4c414ae86bb18674185629.jpg
INFO: [ app_init ] --START--
INFO: Run Behavior\BuildLiteBehavior [ RunTime:0.000015s ]
INFO: [ app_init ] --END-- [ RunTime:0.000088s ]
ERR: 无法加载模块:Public

[ 2017-11-29T15:31:45+08:00 ] 122.224.109.234 /Public/admin/uploads/20171117/14fc95ca5e283c4c414ae86bb18674185629.jpg
INFO: [ app_init ] --START--
INFO: Run Behavior\BuildLiteBehavior [ RunTime:0.000015s ]
INFO: [ app_init ] --END-- [ RunTime:0.000098s ]
ERR: 无法加载模块:Public

[ 2017-11-29T15:31:47+08:00 ] 122.224.109.234 /Public/admin/uploads/20171117/14fc95ca5e283c4c414ae86bb18674185629.jpg
INFO: [ app_init ] --START--
INFO: Run Behavior\BuildLiteBehavior [ RunTime:0.000016s ]
INFO: [ app_init ] --END-- [ RunTime:0.000106s ]
ERR: 无法加载模块:Public

[ 2017-11-29T15:31:49+08:00 ] 122.224.109.234 /Public/admin/uploads/20171117/14fc95ca5e283c4c414ae86bb18674185629.jpg
INFO: [ app_init ] --START--
INFO: Run Behavior\BuildLiteBehavior [ RunTime:0.000016s ]
INFO: [ app_init ] --END-- [ RunTime:0.000111s ]
ERR: 无法加载模块:Public

[ 2017-11-29T15:32:14+08:00 ] 112.17.239.8 /Public/admin/uploads/20171117/eef48ca524fb72ef944a70c43754f30e5826.jpg
INFO: [ app_init ] --START--
INFO: Run Behavior\BuildLiteBehavior [ RunTime:0.000016s ]
INFO: [ app_init ] --END-- [ RunTime:0.000119s ]
ERR: 无法加载模块:Public

[ 2017-11-29T15:32:14+08:00 ] 112.17.239.8 /Public/admin/uploads/20171117/8b6212eb6d839233dd8d400dfc52d97b6100.jpg
INFO: [ app_init ] --START--
INFO: Run Behavior\BuildLiteBehavior [ RunTime:0.000015s ]
INFO: [ app_init ] --END-- [ RunTime:0.000095s ]
ERR: 无法加载模块:Public

[ 2017-11-29T15:32:14+08:00 ] 112.17.239.8 /Public/admin/uploads/20171117/4553911af11c674b2bbe4a7a417712e57052.jpg
INFO: [ app_init ] --START--
INFO: Run Behavior\BuildLiteBehavior [ RunTime:0.000014s ]
INFO: [ app_init ] --END-- [ RunTime:0.000095s ]
ERR: 无法加载模块:Public

[ 2017-11-29T15:32:14+08:00 ] 112.17.239.8 /Public/admin/uploads/20171117/1cf846b7635293a9c62b343f6cfad33f9248.jpg
INFO: [ app_init ] --START--
INFO: Run Behavior\BuildLiteBehavior [ RunTime:0.000014s ]
INFO: [ app_init ] --END-- [ RunTime:0.000091s ]
ERR: 无法加载模块:Public

[ 2017-11-29T15:32:18+08:00 ] 112.17.239.8 /Public/admin/uploads/20171117/eef48ca524fb72ef944a70c43754f30e5826.jpg
INFO: [ app_init ] --START--
INFO: Run Behavior\BuildLiteBehavior [ RunTime:0.000016s ]
INFO: [ app_init ] --END-- [ RunTime:0.000104s ]
ERR: 无法加载模块:Public

[ 2017-11-29T15:32:18+08:00 ] 112.17.239.8 /Public/admin/uploads/20171117/4553911af11c674b2bbe4a7a417712e57052.jpg
INFO: [ app_init ] --START--
INFO: Run Behavior\BuildLiteBehavior [ RunTime:0.000014s ]
INFO: [ app_init ] --END-- [ RunTime:0.000092s ]
ERR: 无法加载模块:Public

[ 2017-11-29T15:32:18+08:00 ] 112.17.239.8 /Public/admin/uploads/20171117/1cf846b7635293a9c62b343f6cfad33f9248.jpg
INFO: [ app_init ] --START--
INFO: Run Behavior\BuildLiteBehavior [ RunTime:0.000014s ]
INFO: [ app_init ] --END-- [ RunTime:0.000094s ]
ERR: 无法加载模块:Public

[ 2017-11-29T15:32:18+08:00 ] 112.17.239.8 /Public/admin/uploads/20171117/8b6212eb6d839233dd8d400dfc52d97b6100.jpg
INFO: [ app_init ] --START--
INFO: Run Behavior\BuildLiteBehavior [ RunTime:0.000014s ]
INFO: [ app_init ] --END-- [ RunTime:0.000096s ]
ERR: 无法加载模块:Public

[ 2017-11-29T15:34:14+08:00 ] 115.206.246.122 /Public/admin/uploads/20171117/eef48ca524fb72ef944a70c43754f30e5826.jpg
INFO: [ app_init ] --START--
INFO: Run Behavior\BuildLiteBehavior [ RunTime:0.000017s ]
INFO: [ app_init ] --END-- [ RunTime:0.000111s ]
ERR: 无法加载模块:Public

[ 2017-11-29T15:34:14+08:00 ] 115.206.246.122 /Public/admin/uploads/20171117/8b6212eb6d839233dd8d400dfc52d97b6100.jpg
INFO: [ app_init ] --START--
INFO: Run Behavior\BuildLiteBehavior [ RunTime:0.000016s ]
INFO: [ app_init ] --END-- [ RunTime:0.000099s ]
ERR: 无法加载模块:Public

[ 2017-11-29T15:34:14+08:00 ] 115.206.246.122 /Public/admin/uploads/20171117/4553911af11c674b2bbe4a7a417712e57052.jpg
INFO: [ app_init ] --START--
INFO: Run Behavior\BuildLiteBehavior [ RunTime:0.000014s ]
INFO: [ app_init ] --END-- [ RunTime:0.000093s ]
ERR: 无法加载模块:Public

[ 2017-11-29T15:34:14+08:00 ] 115.206.246.122 /Public/admin/uploads/20171117/1cf846b7635293a9c62b343f6cfad33f9248.jpg
INFO: [ app_init ] --START--
INFO: Run Behavior\BuildLiteBehavior [ RunTime:0.000015s ]
INFO: [ app_init ] --END-- [ RunTime:0.000119s ]
ERR: 无法加载模块:Public

[ 2017-11-29T15:41:50+08:00 ] 115.206.246.122 /Public/admin/uploads/20171117/eef48ca524fb72ef944a70c43754f30e5826.jpg
INFO: [ app_init ] --START--
INFO: Run Behavior\BuildLiteBehavior [ RunTime:0.000020s ]
INFO: [ app_init ] --END-- [ RunTime:0.000145s ]
ERR: 无法加载模块:Public

[ 2017-11-29T15:41:50+08:00 ] 115.206.246.122 /Public/admin/uploads/20171117/8b6212eb6d839233dd8d400dfc52d97b6100.jpg
INFO: [ app_init ] --START--
INFO: Run Behavior\BuildLiteBehavior [ RunTime:0.000027s ]
INFO: [ app_init ] --END-- [ RunTime:0.000105s ]
ERR: 无法加载模块:Public

[ 2017-11-29T15:41:50+08:00 ] 115.206.246.122 /Public/admin/uploads/20171117/4553911af11c674b2bbe4a7a417712e57052.jpg
INFO: [ app_init ] --START--
INFO: Run Behavior\BuildLiteBehavior [ RunTime:0.000013s ]
INFO: [ app_init ] --END-- [ RunTime:0.000084s ]
ERR: 无法加载模块:Public

[ 2017-11-29T15:41:50+08:00 ] 115.206.246.122 /Public/admin/uploads/20171117/1cf846b7635293a9c62b343f6cfad33f9248.jpg
INFO: [ app_init ] --START--
INFO: Run Behavior\BuildLiteBehavior [ RunTime:0.000012s ]
INFO: [ app_init ] --END-- [ RunTime:0.000078s ]
ERR: 无法加载模块:Public

[ 2017-11-29T15:41:53+08:00 ] 115.206.246.122 /Public/admin/uploads/20171117/eef48ca524fb72ef944a70c43754f30e5826.jpg
INFO: [ app_init ] --START--
INFO: Run Behavior\BuildLiteBehavior [ RunTime:0.000016s ]
INFO: [ app_init ] --END-- [ RunTime:0.000106s ]
ERR: 无法加载模块:Public

[ 2017-11-29T15:41:53+08:00 ] 115.206.246.122 /Public/admin/uploads/20171117/8b6212eb6d839233dd8d400dfc52d97b6100.jpg
INFO: [ app_init ] --START--
INFO: Run Behavior\BuildLiteBehavior [ RunTime:0.000013s ]
INFO: [ app_init ] --END-- [ RunTime:0.000086s ]
ERR: 无法加载模块:Public

[ 2017-11-29T15:41:53+08:00 ] 115.206.246.122 /Public/admin/uploads/20171117/4553911af11c674b2bbe4a7a417712e57052.jpg
INFO: [ app_init ] --START--
INFO: Run Behavior\BuildLiteBehavior [ RunTime:0.000012s ]
INFO: [ app_init ] --END-- [ RunTime:0.000078s ]
ERR: 无法加载模块:Public

[ 2017-11-29T15:41:53+08:00 ] 115.206.246.122 /Public/admin/uploads/20171117/1cf846b7635293a9c62b343f6cfad33f9248.jpg
INFO: [ app_init ] --START--
INFO: Run Behavior\BuildLiteBehavior [ RunTime:0.000013s ]
INFO: [ app_init ] --END-- [ RunTime:0.000084s ]
ERR: 无法加载模块:Public

[ 2017-11-29T15:43:46+08:00 ] 115.206.246.122 /favicon.ico
INFO: [ app_init ] --START--
INFO: Run Behavior\BuildLiteBehavior [ RunTime:0.000024s ]
INFO: [ app_init ] --END-- [ RunTime:0.000171s ]
ERR: 无法加载模块:Favicon

[ 2017-11-29T15:46:45+08:00 ] 115.196.128.30 /Public/admin/uploads/20171117/eef48ca524fb72ef944a70c43754f30e5826.jpg
INFO: [ app_init ] --START--
INFO: Run Behavior\BuildLiteBehavior [ RunTime:0.000012s ]
INFO: [ app_init ] --END-- [ RunTime:0.000081s ]
ERR: 无法加载模块:Public

[ 2017-11-29T15:46:45+08:00 ] 115.196.128.30 /Public/admin/uploads/20171117/8b6212eb6d839233dd8d400dfc52d97b6100.jpg
INFO: [ app_init ] --START--
INFO: Run Behavior\BuildLiteBehavior [ RunTime:0.000013s ]
INFO: [ app_init ] --END-- [ RunTime:0.000084s ]
ERR: 无法加载模块:Public

[ 2017-11-29T15:46:45+08:00 ] 115.196.128.30 /Public/admin/uploads/20171117/4553911af11c674b2bbe4a7a417712e57052.jpg
INFO: [ app_init ] --START--
INFO: Run Behavior\BuildLiteBehavior [ RunTime:0.000012s ]
INFO: [ app_init ] --END-- [ RunTime:0.000087s ]
ERR: 无法加载模块:Public

[ 2017-11-29T15:46:45+08:00 ] 115.196.128.30 /Public/admin/uploads/20171117/1cf846b7635293a9c62b343f6cfad33f9248.jpg
INFO: [ app_init ] --START--
INFO: Run Behavior\BuildLiteBehavior [ RunTime:0.000014s ]
INFO: [ app_init ] --END-- [ RunTime:0.000092s ]
ERR: 无法加载模块:Public

[ 2017-11-29T16:04:02+08:00 ] 115.206.246.122 /Public/admin/uploads/20171117/eef48ca524fb72ef944a70c43754f30e5826.jpg
INFO: [ app_init ] --START--
INFO: Run Behavior\BuildLiteBehavior [ RunTime:0.000016s ]
INFO: [ app_init ] --END-- [ RunTime:0.000108s ]
ERR: 无法加载模块:Public

[ 2017-11-29T16:04:02+08:00 ] 115.206.246.122 /Public/admin/uploads/20171117/4553911af11c674b2bbe4a7a417712e57052.jpg
INFO: [ app_init ] --START--
INFO: Run Behavior\BuildLiteBehavior [ RunTime:0.000013s ]
INFO: [ app_init ] --END-- [ RunTime:0.000095s ]
ERR: 无法加载模块:Public

[ 2017-11-29T16:04:02+08:00 ] 115.206.246.122 /Public/admin/uploads/20171117/8b6212eb6d839233dd8d400dfc52d97b6100.jpg
INFO: [ app_init ] --START--
INFO: Run Behavior\BuildLiteBehavior [ RunTime:0.000019s ]
INFO: [ app_init ] --END-- [ RunTime:0.000126s ]
ERR: 无法加载模块:Public

[ 2017-11-29T16:04:02+08:00 ] 115.206.246.122 /Public/admin/uploads/20171117/1cf846b7635293a9c62b343f6cfad33f9248.jpg
INFO: [ app_init ] --START--
INFO: Run Behavior\BuildLiteBehavior [ RunTime:0.000012s ]
INFO: [ app_init ] --END-- [ RunTime:0.000092s ]
ERR: 无法加载模块:Public

[ 2017-11-29T16:10:15+08:00 ] 115.206.246.122 /Public/admin/uploads/20171117/eef48ca524fb72ef944a70c43754f30e5826.jpg
INFO: [ app_init ] --START--
INFO: Run Behavior\BuildLiteBehavior [ RunTime:0.000017s ]
INFO: [ app_init ] --END-- [ RunTime:0.000119s ]
ERR: 无法加载模块:Public

[ 2017-11-29T16:10:15+08:00 ] 115.206.246.122 /Public/admin/uploads/20171117/8b6212eb6d839233dd8d400dfc52d97b6100.jpg
INFO: [ app_init ] --START--
INFO: Run Behavior\BuildLiteBehavior [ RunTime:0.000012s ]
INFO: [ app_init ] --END-- [ RunTime:0.000101s ]
ERR: 无法加载模块:Public

[ 2017-11-29T16:10:15+08:00 ] 115.206.246.122 /Public/admin/uploads/20171117/4553911af11c674b2bbe4a7a417712e57052.jpg
INFO: [ app_init ] --START--
INFO: Run Behavior\BuildLiteBehavior [ RunTime:0.000012s ]
INFO: [ app_init ] --END-- [ RunTime:0.000079s ]
ERR: 无法加载模块:Public

[ 2017-11-29T16:10:15+08:00 ] 115.206.246.122 /Public/admin/uploads/20171117/1cf846b7635293a9c62b343f6cfad33f9248.jpg
INFO: [ app_init ] --START--
INFO: Run Behavior\BuildLiteBehavior [ RunTime:0.000013s ]
INFO: [ app_init ] --END-- [ RunTime:0.000098s ]
ERR: 无法加载模块:Public

[ 2017-11-29T16:10:36+08:00 ] 115.206.246.122 /favicon.ico
INFO: [ app_init ] --START--
INFO: Run Behavior\BuildLiteBehavior [ RunTime:0.000015s ]
INFO: [ app_init ] --END-- [ RunTime:0.000118s ]
ERR: 无法加载模块:Favicon

[ 2017-11-29T16:47:45+08:00 ] 140.205.225.199 /index.php?m=member&c=index&a=register&siteid=1
INFO: [ app_init ] --START--
INFO: Run Behavior\BuildLiteBehavior [ RunTime:0.000017s ]
INFO: [ app_init ] --END-- [ RunTime:0.000123s ]
ERR: 无法加载模块:Member

[ 2017-11-29T16:48:21+08:00 ] 140.205.225.199 /index.php?m=wap&a=index&siteid=1
INFO: [ app_init ] --START--
INFO: Run Behavior\BuildLiteBehavior [ RunTime:0.000018s ]
INFO: [ app_init ] --END-- [ RunTime:0.000135s ]
ERR: 无法加载模块:Wap

[ 2017-11-29T17:44:56+08:00 ] 115.206.246.122 /Public/admin/uploads/20171117/afb220073b96dda9e268d16fb1ec5b501627.jpg
INFO: [ app_init ] --START--
INFO: Run Behavior\BuildLiteBehavior [ RunTime:0.000015s ]
INFO: [ app_init ] --END-- [ RunTime:0.000096s ]
ERR: 无法加载模块:Public

[ 2017-11-29T17:58:18+08:00 ] 115.206.246.122 /favicon.ico
INFO: [ app_init ] --START--
INFO: Run Behavior\BuildLiteBehavior [ RunTime:0.000019s ]
INFO: [ app_init ] --END-- [ RunTime:0.000158s ]
ERR: 无法加载模块:Favicon

[ 2017-11-29T17:58:19+08:00 ] 115.206.246.122 /favicon.ico
INFO: [ app_init ] --START--
INFO: Run Behavior\BuildLiteBehavior [ RunTime:0.000016s ]
INFO: [ app_init ] --END-- [ RunTime:0.000105s ]
ERR: 无法加载模块:Favicon

[ 2017-11-29T17:58:19+08:00 ] 115.206.246.122 /favicon.ico
INFO: [ app_init ] --START--
INFO: Run Behavior\BuildLiteBehavior [ RunTime:0.000015s ]
INFO: [ app_init ] --END-- [ RunTime:0.000092s ]
ERR: 无法加载模块:Favicon

[ 2017-11-29T17:58:19+08:00 ] 115.206.246.122 /favicon.ico
INFO: [ app_init ] --START--
INFO: Run Behavior\BuildLiteBehavior [ RunTime:0.000015s ]
INFO: [ app_init ] --END-- [ RunTime:0.000101s ]
ERR: 无法加载模块:Favicon

[ 2017-11-29T17:58:19+08:00 ] 115.206.246.122 /favicon.ico
INFO: [ app_init ] --START--
INFO: Run Behavior\BuildLiteBehavior [ RunTime:0.000012s ]
INFO: [ app_init ] --END-- [ RunTime:0.000082s ]
ERR: 无法加载模块:Favicon

[ 2017-11-29T17:58:19+08:00 ] 115.206.246.122 /favicon.ico
INFO: [ app_init ] --START--
INFO: Run Behavior\BuildLiteBehavior [ RunTime:0.000012s ]
INFO: [ app_init ] --END-- [ RunTime:0.000089s ]
ERR: 无法加载模块:Favicon

[ 2017-11-29T17:58:19+08:00 ] 115.206.246.122 /favicon.ico
INFO: [ app_init ] --START--
INFO: Run Behavior\BuildLiteBehavior [ RunTime:0.000012s ]
INFO: [ app_init ] --END-- [ RunTime:0.000082s ]
ERR: 无法加载模块:Favicon

[ 2017-11-29T17:58:19+08:00 ] 115.206.246.122 /favicon.ico
INFO: [ app_init ] --START--
INFO: Run Behavior\BuildLiteBehavior [ RunTime:0.000014s ]
INFO: [ app_init ] --END-- [ RunTime:0.000093s ]
ERR: 无法加载模块:Favicon

[ 2017-11-29T17:58:19+08:00 ] 115.206.246.122 /favicon.ico
INFO: [ app_init ] --START--
INFO: Run Behavior\BuildLiteBehavior [ RunTime:0.000015s ]
INFO: [ app_init ] --END-- [ RunTime:0.000120s ]
ERR: 无法加载模块:Favicon

[ 2017-11-29T17:58:19+08:00 ] 115.206.246.122 /favicon.ico
INFO: [ app_init ] --START--
INFO: Run Behavior\BuildLiteBehavior [ RunTime:0.000012s ]
INFO: [ app_init ] --END-- [ RunTime:0.000078s ]
ERR: 无法加载模块:Favicon

[ 2017-11-29T17:58:19+08:00 ] 115.206.246.122 /favicon.ico
INFO: [ app_init ] --START--
INFO: Run Behavior\BuildLiteBehavior [ RunTime:0.000012s ]
INFO: [ app_init ] --END-- [ RunTime:0.000077s ]
ERR: 无法加载模块:Favicon

[ 2017-11-29T18:02:21+08:00 ] 115.206.246.122 /favicon.ico
INFO: [ app_init ] --START--
INFO: Run Behavior\BuildLiteBehavior [ RunTime:0.000017s ]
INFO: [ app_init ] --END-- [ RunTime:0.000109s ]
ERR: 无法加载模块:Favicon

[ 2017-11-29T18:02:22+08:00 ] 115.206.246.122 /favicon.ico
INFO: [ app_init ] --START--
INFO: Run Behavior\BuildLiteBehavior [ RunTime:0.000016s ]
INFO: [ app_init ] --END-- [ RunTime:0.000107s ]
ERR: 无法加载模块:Favicon

[ 2017-11-29T18:02:23+08:00 ] 115.206.246.122 /favicon.ico
INFO: [ app_init ] --START--
INFO: Run Behavior\BuildLiteBehavior [ RunTime:0.000017s ]
INFO: [ app_init ] --END-- [ RunTime:0.000103s ]
ERR: 无法加载模块:Favicon

[ 2017-11-29T18:02:23+08:00 ] 115.206.246.122 /favicon.ico
INFO: [ app_init ] --START--
INFO: Run Behavior\BuildLiteBehavior [ RunTime:0.000012s ]
INFO: [ app_init ] --END-- [ RunTime:0.000080s ]
ERR: 无法加载模块:Favicon

[ 2017-11-29T18:02:23+08:00 ] 115.206.246.122 /favicon.ico
INFO: [ app_init ] --START--
INFO: Run Behavior\BuildLiteBehavior [ RunTime:0.000014s ]
INFO: [ app_init ] --END-- [ RunTime:0.000092s ]
ERR: 无法加载模块:Favicon

[ 2017-11-29T18:02:23+08:00 ] 115.206.246.122 /favicon.ico
INFO: [ app_init ] --START--
INFO: Run Behavior\BuildLiteBehavior [ RunTime:0.000013s ]
INFO: [ app_init ] --END-- [ RunTime:0.000096s ]
ERR: 无法加载模块:Favicon

[ 2017-11-29T18:02:23+08:00 ] 115.206.246.122 /favicon.ico
INFO: [ app_init ] --START--
INFO: Run Behavior\BuildLiteBehavior [ RunTime:0.000012s ]
INFO: [ app_init ] --END-- [ RunTime:0.000082s ]
ERR: 无法加载模块:Favicon

[ 2017-11-29T18:02:23+08:00 ] 115.206.246.122 /favicon.ico
INFO: [ app_init ] --START--
INFO: Run Behavior\BuildLiteBehavior [ RunTime:0.000012s ]
INFO: [ app_init ] --END-- [ RunTime:0.000081s ]
ERR: 无法加载模块:Favicon

[ 2017-11-29T18:02:23+08:00 ] 115.206.246.122 /favicon.ico
INFO: [ app_init ] --START--
INFO: Run Behavior\BuildLiteBehavior [ RunTime:0.000012s ]
INFO: [ app_init ] --END-- [ RunTime:0.000081s ]
ERR: 无法加载模块:Favicon

[ 2017-11-29T18:02:23+08:00 ] 115.206.246.122 /favicon.ico
INFO: [ app_init ] --START--
INFO: Run Behavior\BuildLiteBehavior [ RunTime:0.000013s ]
INFO: [ app_init ] --END-- [ RunTime:0.000090s ]
ERR: 无法加载模块:Favicon

[ 2017-11-29T18:02:23+08:00 ] 115.206.246.122 /favicon.ico
INFO: [ app_init ] --START--
INFO: Run Behavior\BuildLiteBehavior [ RunTime:0.000012s ]
INFO: [ app_init ] --END-- [ RunTime:0.000083s ]
ERR: 无法加载模块:Favicon

[ 2017-11-29T18:20:37+08:00 ] 115.206.246.122 /favicon.ico
INFO: [ app_init ] --START--
INFO: Run Behavior\BuildLiteBehavior [ RunTime:0.000015s ]
INFO: [ app_init ] --END-- [ RunTime:0.000100s ]
ERR: 无法加载模块:Favicon

