[ 2017-11-28T00:40:13+08:00 ] 203.208.60.197 /robots.txt
INFO: [ app_init ] --START--
INFO: Run Behavior\BuildLiteBehavior [ RunTime:0.000014s ]
INFO: [ app_init ] --END-- [ RunTime:0.000084s ]
ERR: 无法加载模块:Robots

[ 2017-11-28T00:42:29+08:00 ] 123.125.67.222 /robots.txt
INFO: [ app_init ] --START--
INFO: Run Behavior\BuildLiteBehavior [ RunTime:0.000019s ]
INFO: [ app_init ] --END-- [ RunTime:0.000137s ]
ERR: 无法加载模块:Robots

[ 2017-11-28T01:21:26+08:00 ] 111.206.221.45 /Public/admin/dist/js/wx_index_text.js
INFO: [ app_init ] --START--
INFO: Run Behavior\BuildLiteBehavior [ RunTime:0.000016s ]
INFO: [ app_init ] --END-- [ RunTime:0.000105s ]
ERR: 无法加载模块:Public

[ 2017-11-28T08:40:39+08:00 ] 61.129.7.254 /Public/admin/dist/js/wx_index_text.js
INFO: [ app_init ] --START--
INFO: Run Behavior\BuildLiteBehavior [ RunTime:0.000016s ]
INFO: [ app_init ] --END-- [ RunTime:0.000101s ]
ERR: 无法加载模块:Public

[ 2017-11-28T08:41:00+08:00 ] 61.129.7.254 /Public/admin/dist/js/wx_index_text.js
INFO: [ app_init ] --START--
INFO: Run Behavior\BuildLiteBehavior [ RunTime:0.000015s ]
INFO: [ app_init ] --END-- [ RunTime:0.000101s ]
ERR: 无法加载模块:Public

[ 2017-11-28T08:41:15+08:00 ] 61.129.7.254 /Public/admin/dist/js/wx_index_text.js
INFO: [ app_init ] --START--
INFO: Run Behavior\BuildLiteBehavior [ RunTime:0.000015s ]
INFO: [ app_init ] --END-- [ RunTime:0.000095s ]
ERR: 无法加载模块:Public

[ 2017-11-28T08:41:34+08:00 ] 61.129.7.254 /Public/admin/dist/js/wx_index_text.js
INFO: [ app_init ] --START--
INFO: Run Behavior\BuildLiteBehavior [ RunTime:0.000014s ]
INFO: [ app_init ] --END-- [ RunTime:0.000094s ]
ERR: 无法加载模块:Public

[ 2017-11-28T08:41:47+08:00 ] 61.129.7.254 /Public/admin/dist/js/wx_index_text.js
INFO: [ app_init ] --START--
INFO: Run Behavior\BuildLiteBehavior [ RunTime:0.000015s ]
INFO: [ app_init ] --END-- [ RunTime:0.000129s ]
ERR: 无法加载模块:Public

[ 2017-11-28T08:41:47+08:00 ] 58.247.212.98 /Public/admin/dist/js/wx_index_text.js
INFO: [ app_init ] --START--
INFO: Run Behavior\BuildLiteBehavior [ RunTime:0.000017s ]
INFO: [ app_init ] --END-- [ RunTime:0.000114s ]
ERR: 无法加载模块:Public

[ 2017-11-28T08:42:37+08:00 ] 61.129.7.254 /Public/admin/dist/js/wx_index_text.js
INFO: [ app_init ] --START--
INFO: Run Behavior\BuildLiteBehavior [ RunTime:0.000014s ]
INFO: [ app_init ] --END-- [ RunTime:0.000114s ]
ERR: 无法加载模块:Public

[ 2017-11-28T08:42:52+08:00 ] 61.129.7.254 /Public/admin/dist/js/wx_index_text.js
INFO: [ app_init ] --START--
INFO: Run Behavior\BuildLiteBehavior [ RunTime:0.000014s ]
INFO: [ app_init ] --END-- [ RunTime:0.000089s ]
ERR: 无法加载模块:Public

[ 2017-11-28T08:43:07+08:00 ] 58.247.212.98 /Public/admin/dist/js/wx_index_text.js
INFO: [ app_init ] --START--
INFO: Run Behavior\BuildLiteBehavior [ RunTime:0.000018s ]
INFO: [ app_init ] --END-- [ RunTime:0.000114s ]
ERR: 无法加载模块:Public

[ 2017-11-28T09:03:01+08:00 ] 115.206.246.122 /Public/admin/dist/js/wx_index_text.js
INFO: [ app_init ] --START--
INFO: Run Behavior\BuildLiteBehavior [ RunTime:0.000016s ]
INFO: [ app_init ] --END-- [ RunTime:0.000103s ]
ERR: 无法加载模块:Public

[ 2017-11-28T09:03:01+08:00 ] 115.206.246.122 /Public/admin/dist/js/wx_index_text.js?
INFO: [ app_init ] --START--
INFO: Run Behavior\BuildLiteBehavior [ RunTime:0.000016s ]
INFO: [ app_init ] --END-- [ RunTime:0.000107s ]
ERR: 无法加载模块:Public

[ 2017-11-28T09:03:09+08:00 ] 115.206.246.122 /Public/admin/dist/js/wx_index_text.js
INFO: [ app_init ] --START--
INFO: Run Behavior\BuildLiteBehavior [ RunTime:0.000016s ]
INFO: [ app_init ] --END-- [ RunTime:0.000098s ]
ERR: 无法加载模块:Public

[ 2017-11-28T09:03:14+08:00 ] 115.206.246.122 /Public/admin/dist/js/wx_index_text.js
INFO: [ app_init ] --START--
INFO: Run Behavior\BuildLiteBehavior [ RunTime:0.000015s ]
INFO: [ app_init ] --END-- [ RunTime:0.000108s ]
ERR: 无法加载模块:Public

[ 2017-11-28T09:03:18+08:00 ] 115.206.246.122 /Public/admin/dist/js/wx_index_text.js
INFO: [ app_init ] --START--
INFO: Run Behavior\BuildLiteBehavior [ RunTime:0.000013s ]
INFO: [ app_init ] --END-- [ RunTime:0.000082s ]
ERR: 无法加载模块:Public

[ 2017-11-28T09:03:21+08:00 ] 115.206.246.122 /Public/admin/dist/js/wx_index_text.js
INFO: [ app_init ] --START--
INFO: Run Behavior\BuildLiteBehavior [ RunTime:0.000014s ]
INFO: [ app_init ] --END-- [ RunTime:0.000090s ]
ERR: 无法加载模块:Public

[ 2017-11-28T09:03:26+08:00 ] 115.206.246.122 /Public/admin/dist/js/wx_index_text.js
INFO: [ app_init ] --START--
INFO: Run Behavior\BuildLiteBehavior [ RunTime:0.000015s ]
INFO: [ app_init ] --END-- [ RunTime:0.000110s ]
ERR: 无法加载模块:Public

[ 2017-11-28T09:03:40+08:00 ] 115.206.246.122 /Public/admin/dist/js/wx_index_text.js
INFO: [ app_init ] --START--
INFO: Run Behavior\BuildLiteBehavior [ RunTime:0.000013s ]
INFO: [ app_init ] --END-- [ RunTime:0.000089s ]
ERR: 无法加载模块:Public

[ 2017-11-28T09:04:10+08:00 ] 115.206.246.122 /Public/admin/dist/js/wx_index_text.js
INFO: [ app_init ] --START--
INFO: Run Behavior\BuildLiteBehavior [ RunTime:0.000014s ]
INFO: [ app_init ] --END-- [ RunTime:0.000092s ]
ERR: 无法加载模块:Public

[ 2017-11-28T09:10:00+08:00 ] 115.206.246.122 /Public/admin/dist/js/wx_index_text.js
INFO: [ app_init ] --START--
INFO: Run Behavior\BuildLiteBehavior [ RunTime:0.000014s ]
INFO: [ app_init ] --END-- [ RunTime:0.000094s ]
ERR: 无法加载模块:Public

[ 2017-11-28T09:10:00+08:00 ] 115.206.246.122 /Public/admin/dist/js/wx_index_text.js
INFO: [ app_init ] --START--
INFO: Run Behavior\BuildLiteBehavior [ RunTime:0.000014s ]
INFO: [ app_init ] --END-- [ RunTime:0.000089s ]
ERR: 无法加载模块:Public

[ 2017-11-28T09:34:37+08:00 ] 115.206.246.122 /Public/admin/dist/js/wx_index_text.js
INFO: [ app_init ] --START--
INFO: Run Behavior\BuildLiteBehavior [ RunTime:0.000017s ]
INFO: [ app_init ] --END-- [ RunTime:0.000130s ]
ERR: 无法加载模块:Public

[ 2017-11-28T09:34:37+08:00 ] 115.206.246.122 /Public/admin/dist/js/wx_index_text.js
INFO: [ app_init ] --START--
INFO: Run Behavior\BuildLiteBehavior [ RunTime:0.000016s ]
INFO: [ app_init ] --END-- [ RunTime:0.000099s ]
ERR: 无法加载模块:Public

[ 2017-11-28T09:34:41+08:00 ] 115.206.246.122 /Public/admin/dist/js/wx_index_text.js
INFO: [ app_init ] --START--
INFO: Run Behavior\BuildLiteBehavior [ RunTime:0.000019s ]
INFO: [ app_init ] --END-- [ RunTime:0.000136s ]
ERR: 无法加载模块:Public

[ 2017-11-28T09:34:43+08:00 ] 115.206.246.122 /Public/home/dist/css/activity.css
INFO: [ app_init ] --START--
INFO: Run Behavior\BuildLiteBehavior [ RunTime:0.000015s ]
INFO: [ app_init ] --END-- [ RunTime:0.000108s ]
ERR: 无法加载模块:Public

[ 2017-11-28T09:34:43+08:00 ] 115.206.246.122 /favicon.ico
INFO: [ app_init ] --START--
INFO: Run Behavior\BuildLiteBehavior [ RunTime:0.000016s ]
INFO: [ app_init ] --END-- [ RunTime:0.000103s ]
ERR: 无法加载模块:Favicon

[ 2017-11-28T09:34:49+08:00 ] 115.206.246.122 /Public/home/dist/css/activity.css
INFO: [ app_init ] --START--
INFO: Run Behavior\BuildLiteBehavior [ RunTime:0.000013s ]
INFO: [ app_init ] --END-- [ RunTime:0.000102s ]
ERR: 无法加载模块:Public

[ 2017-11-28T09:37:18+08:00 ] 115.206.246.122 /Public/admin/dist/js/wx_index_text.js
INFO: [ app_init ] --START--
INFO: Run Behavior\BuildLiteBehavior [ RunTime:0.000013s ]
INFO: [ app_init ] --END-- [ RunTime:0.000097s ]
ERR: 无法加载模块:Public

[ 2017-11-28T09:37:19+08:00 ] 115.206.246.122 /Public/admin/dist/js/wx_index_text.js
INFO: [ app_init ] --START--
INFO: Run Behavior\BuildLiteBehavior [ RunTime:0.000013s ]
INFO: [ app_init ] --END-- [ RunTime:0.000090s ]
ERR: 无法加载模块:Public

[ 2017-11-28T09:37:20+08:00 ] 115.206.246.122 /Public/admin/dist/js/wx_index_text.js?
INFO: [ app_init ] --START--
INFO: Run Behavior\BuildLiteBehavior [ RunTime:0.000012s ]
INFO: [ app_init ] --END-- [ RunTime:0.000085s ]
ERR: 无法加载模块:Public

[ 2017-11-28T09:37:54+08:00 ] 115.206.246.122 /Public/admin/dist/js/wx_index_text.js
INFO: [ app_init ] --START--
INFO: Run Behavior\BuildLiteBehavior [ RunTime:0.000014s ]
INFO: [ app_init ] --END-- [ RunTime:0.000094s ]
ERR: 无法加载模块:Public

[ 2017-11-28T09:37:59+08:00 ] 115.206.246.122 /Public/admin/dist/js/wx_index_text.js
INFO: [ app_init ] --START--
INFO: Run Behavior\BuildLiteBehavior [ RunTime:0.000013s ]
INFO: [ app_init ] --END-- [ RunTime:0.000084s ]
ERR: 无法加载模块:Public

[ 2017-11-28T09:38:01+08:00 ] 115.206.246.122 /Public/admin/dist/js/wx_index_text.js
INFO: [ app_init ] --START--
INFO: Run Behavior\BuildLiteBehavior [ RunTime:0.000014s ]
INFO: [ app_init ] --END-- [ RunTime:0.000091s ]
ERR: 无法加载模块:Public

[ 2017-11-28T09:38:07+08:00 ] 115.206.246.122 /Public/admin/dist/js/wx_index_text.js
INFO: [ app_init ] --START--
INFO: Run Behavior\BuildLiteBehavior [ RunTime:0.000013s ]
INFO: [ app_init ] --END-- [ RunTime:0.000092s ]
ERR: 无法加载模块:Public

[ 2017-11-28T09:38:08+08:00 ] 115.206.246.122 /Public/admin/dist/js/wx_index_text.js
INFO: [ app_init ] --START--
INFO: Run Behavior\BuildLiteBehavior [ RunTime:0.000015s ]
INFO: [ app_init ] --END-- [ RunTime:0.000096s ]
ERR: 无法加载模块:Public

[ 2017-11-28T09:38:08+08:00 ] 115.206.246.122 /Public/admin/dist/js/wx_index_text.js
INFO: [ app_init ] --START--
INFO: Run Behavior\BuildLiteBehavior [ RunTime:0.000016s ]
INFO: [ app_init ] --END-- [ RunTime:0.000107s ]
ERR: 无法加载模块:Public

[ 2017-11-28T09:39:28+08:00 ] 115.206.246.122 /Public/admin/uploads/20171117/14fc95ca5e283c4c414ae86bb18674185629.jpg
INFO: [ app_init ] --START--
INFO: Run Behavior\BuildLiteBehavior [ RunTime:0.000014s ]
INFO: [ app_init ] --END-- [ RunTime:0.000086s ]
ERR: 无法加载模块:Public

[ 2017-11-28T09:39:42+08:00 ] 115.206.246.122 /Public/admin/uploads/20171117/14fc95ca5e283c4c414ae86bb18674185629.jpg
INFO: [ app_init ] --START--
INFO: Run Behavior\BuildLiteBehavior [ RunTime:0.000014s ]
INFO: [ app_init ] --END-- [ RunTime:0.000096s ]
ERR: 无法加载模块:Public

[ 2017-11-28T09:40:45+08:00 ] 115.206.246.122 /Public/admin/dist/js/wx_index_text.js
INFO: [ app_init ] --START--
INFO: Run Behavior\BuildLiteBehavior [ RunTime:0.000013s ]
INFO: [ app_init ] --END-- [ RunTime:0.000086s ]
ERR: 无法加载模块:Public

[ 2017-11-28T09:40:45+08:00 ] 115.206.246.122 /Public/admin/dist/js/wx_index_text.js?
INFO: [ app_init ] --START--
INFO: Run Behavior\BuildLiteBehavior [ RunTime:0.000014s ]
INFO: [ app_init ] --END-- [ RunTime:0.000096s ]
ERR: 无法加载模块:Public

[ 2017-11-28T09:43:54+08:00 ] 115.206.246.122 /Public/admin/dist/js/wx_index_text.js
INFO: [ app_init ] --START--
INFO: Run Behavior\BuildLiteBehavior [ RunTime:0.000012s ]
INFO: [ app_init ] --END-- [ RunTime:0.000082s ]
ERR: 无法加载模块:Public

[ 2017-11-28T09:43:54+08:00 ] 115.206.246.122 /Public/admin/dist/js/wx_index_text.js?
INFO: [ app_init ] --START--
INFO: Run Behavior\BuildLiteBehavior [ RunTime:0.000015s ]
INFO: [ app_init ] --END-- [ RunTime:0.000096s ]
ERR: 无法加载模块:Public

[ 2017-11-28T10:18:32+08:00 ] 115.206.246.122 /Public/admin/dist/js/wx_index_text.js
INFO: [ app_init ] --START--
INFO: Run Behavior\BuildLiteBehavior [ RunTime:0.000017s ]
INFO: [ app_init ] --END-- [ RunTime:0.000102s ]
ERR: 无法加载模块:Public

[ 2017-11-28T10:18:33+08:00 ] 115.206.246.122 /Public/admin/dist/js/wx_index_text.js
INFO: [ app_init ] --START--
INFO: Run Behavior\BuildLiteBehavior [ RunTime:0.000015s ]
INFO: [ app_init ] --END-- [ RunTime:0.000104s ]
ERR: 无法加载模块:Public

[ 2017-11-28T10:19:00+08:00 ] 115.206.246.122 /Public/admin/dist/js/wx_index_text.js
INFO: [ app_init ] --START--
INFO: Run Behavior\BuildLiteBehavior [ RunTime:0.000016s ]
INFO: [ app_init ] --END-- [ RunTime:0.000106s ]
ERR: 无法加载模块:Public

[ 2017-11-28T10:19:07+08:00 ] 61.129.7.254 /Public/admin/dist/js/wx_index_text.js
INFO: [ app_init ] --START--
INFO: Run Behavior\BuildLiteBehavior [ RunTime:0.000016s ]
INFO: [ app_init ] --END-- [ RunTime:0.000104s ]
ERR: 无法加载模块:Public

[ 2017-11-28T10:22:51+08:00 ] 115.206.246.122 /Public/admin/dist/js/wx_index_text.js
INFO: [ app_init ] --START--
INFO: Run Behavior\BuildLiteBehavior [ RunTime:0.000013s ]
INFO: [ app_init ] --END-- [ RunTime:0.000112s ]
ERR: 无法加载模块:Public

[ 2017-11-28T10:22:51+08:00 ] 115.206.246.122 /Public/admin/dist/js/wx_index_text.js?
INFO: [ app_init ] --START--
INFO: Run Behavior\BuildLiteBehavior [ RunTime:0.000015s ]
INFO: [ app_init ] --END-- [ RunTime:0.000096s ]
ERR: 无法加载模块:Public

[ 2017-11-28T10:24:46+08:00 ] 115.206.246.122 /Public/admin/dist/js/wx_index_text.js
INFO: [ app_init ] --START--
INFO: Run Behavior\BuildLiteBehavior [ RunTime:0.000017s ]
INFO: [ app_init ] --END-- [ RunTime:0.000104s ]
ERR: 无法加载模块:Public

[ 2017-11-28T10:24:54+08:00 ] 115.206.246.122 /Public/admin/dist/js/wx_index_text.js
INFO: [ app_init ] --START--
INFO: Run Behavior\BuildLiteBehavior [ RunTime:0.000015s ]
INFO: [ app_init ] --END-- [ RunTime:0.000095s ]
ERR: 无法加载模块:Public

[ 2017-11-28T10:25:07+08:00 ] 115.206.246.122 /Public/admin/uploads/20171117/b0212bdda209c65c75fc72fbc3ff3e685706.jpg
INFO: [ app_init ] --START--
INFO: Run Behavior\BuildLiteBehavior [ RunTime:0.000014s ]
INFO: [ app_init ] --END-- [ RunTime:0.000107s ]
ERR: 无法加载模块:Public

[ 2017-11-28T10:25:07+08:00 ] 115.206.246.122 /Public/admin/uploads/20171117/4479ce35f37ba8ed54a1fd5e87ed14808161.jpg
INFO: [ app_init ] --START--
INFO: Run Behavior\BuildLiteBehavior [ RunTime:0.000013s ]
INFO: [ app_init ] --END-- [ RunTime:0.000094s ]
ERR: 无法加载模块:Public

[ 2017-11-28T10:27:01+08:00 ] 115.206.246.122 /Public/admin/dist/js/wx_index_text.js
INFO: [ app_init ] --START--
INFO: Run Behavior\BuildLiteBehavior [ RunTime:0.000014s ]
INFO: [ app_init ] --END-- [ RunTime:0.000092s ]
ERR: 无法加载模块:Public

[ 2017-11-28T10:27:01+08:00 ] 115.206.246.122 /Public/admin/dist/js/wx_index_text.js?
INFO: [ app_init ] --START--
INFO: Run Behavior\BuildLiteBehavior [ RunTime:0.000024s ]
INFO: [ app_init ] --END-- [ RunTime:0.000170s ]
ERR: 无法加载模块:Public

[ 2017-11-28T10:28:08+08:00 ] 115.206.246.122 /Public/admin/dist/js/wx_index_text.js
INFO: [ app_init ] --START--
INFO: Run Behavior\BuildLiteBehavior [ RunTime:0.000013s ]
INFO: [ app_init ] --END-- [ RunTime:0.000082s ]
ERR: 无法加载模块:Public

[ 2017-11-28T10:30:42+08:00 ] 61.129.10.43 /Public/admin/dist/js/wx_index_text.js
INFO: [ app_init ] --START--
INFO: Run Behavior\BuildLiteBehavior [ RunTime:0.000014s ]
INFO: [ app_init ] --END-- [ RunTime:0.000085s ]
ERR: 无法加载模块:Public

[ 2017-11-28T10:30:47+08:00 ] 124.160.213.87 /Public/admin/uploads/20171117/14fc95ca5e283c4c414ae86bb18674185629.jpg
INFO: [ app_init ] --START--
INFO: Run Behavior\BuildLiteBehavior [ RunTime:0.000015s ]
INFO: [ app_init ] --END-- [ RunTime:0.000107s ]
ERR: 无法加载模块:Public

[ 2017-11-28T10:30:49+08:00 ] 124.160.213.87 /Public/admin/uploads/20171117/14fc95ca5e283c4c414ae86bb18674185629.jpg
INFO: [ app_init ] --START--
INFO: Run Behavior\BuildLiteBehavior [ RunTime:0.000016s ]
INFO: [ app_init ] --END-- [ RunTime:0.000098s ]
ERR: 无法加载模块:Public

[ 2017-11-28T10:30:59+08:00 ] 61.129.10.43 /Public/admin/dist/js/wx_index_text.js
INFO: [ app_init ] --START--
INFO: Run Behavior\BuildLiteBehavior [ RunTime:0.000014s ]
INFO: [ app_init ] --END-- [ RunTime:0.000091s ]
ERR: 无法加载模块:Public

[ 2017-11-28T10:31:06+08:00 ] 115.196.128.30 /Public/admin/dist/js/wx_index_text.js
INFO: [ app_init ] --START--
INFO: Run Behavior\BuildLiteBehavior [ RunTime:0.000014s ]
INFO: [ app_init ] --END-- [ RunTime:0.000094s ]
ERR: 无法加载模块:Public

[ 2017-11-28T10:31:12+08:00 ] 115.196.128.30 /Public/admin/dist/js/wx_index_text.js
INFO: [ app_init ] --START--
INFO: Run Behavior\BuildLiteBehavior [ RunTime:0.000015s ]
INFO: [ app_init ] --END-- [ RunTime:0.000101s ]
ERR: 无法加载模块:Public

[ 2017-11-28T10:31:32+08:00 ] 115.196.128.30 /Public/admin/dist/js/wx_index_text.js
INFO: [ app_init ] --START--
INFO: Run Behavior\BuildLiteBehavior [ RunTime:0.000013s ]
INFO: [ app_init ] --END-- [ RunTime:0.000089s ]
ERR: 无法加载模块:Public

[ 2017-11-28T10:31:36+08:00 ] 115.196.128.30 /Public/admin/dist/js/wx_index_text.js
INFO: [ app_init ] --START--
INFO: Run Behavior\BuildLiteBehavior [ RunTime:0.000013s ]
INFO: [ app_init ] --END-- [ RunTime:0.000092s ]
ERR: 无法加载模块:Public

[ 2017-11-28T10:32:30+08:00 ] 115.196.128.30 /Public/admin/dist/js/wx_index_text.js
INFO: [ app_init ] --START--
INFO: Run Behavior\BuildLiteBehavior [ RunTime:0.000016s ]
INFO: [ app_init ] --END-- [ RunTime:0.000101s ]
ERR: 无法加载模块:Public

[ 2017-11-28T10:32:40+08:00 ] 115.196.128.30 /Public/admin/dist/js/wx_index_text.js
INFO: [ app_init ] --START--
INFO: Run Behavior\BuildLiteBehavior [ RunTime:0.000015s ]
INFO: [ app_init ] --END-- [ RunTime:0.000103s ]
ERR: 无法加载模块:Public

[ 2017-11-28T10:32:48+08:00 ] 115.196.128.30 /Public/admin/dist/js/wx_index_text.js
INFO: [ app_init ] --START--
INFO: Run Behavior\BuildLiteBehavior [ RunTime:0.000016s ]
INFO: [ app_init ] --END-- [ RunTime:0.000117s ]
ERR: 无法加载模块:Public

[ 2017-11-28T10:34:13+08:00 ] 115.196.128.30 /Public/admin/dist/js/wx_index_text.js
INFO: [ app_init ] --START--
INFO: Run Behavior\BuildLiteBehavior [ RunTime:0.000016s ]
INFO: [ app_init ] --END-- [ RunTime:0.000102s ]
ERR: 无法加载模块:Public

[ 2017-11-28T10:34:19+08:00 ] 115.196.128.30 /Public/admin/dist/js/wx_index_text.js
INFO: [ app_init ] --START--
INFO: Run Behavior\BuildLiteBehavior [ RunTime:0.000017s ]
INFO: [ app_init ] --END-- [ RunTime:0.000114s ]
ERR: 无法加载模块:Public

[ 2017-11-28T10:34:54+08:00 ] 115.196.128.30 /Public/admin/dist/js/wx_index_text.js
INFO: [ app_init ] --START--
INFO: Run Behavior\BuildLiteBehavior [ RunTime:0.000014s ]
INFO: [ app_init ] --END-- [ RunTime:0.000097s ]
ERR: 无法加载模块:Public

[ 2017-11-28T10:35:42+08:00 ] 115.196.128.30 /Public/admin/dist/js/wx_index_text.js
INFO: [ app_init ] --START--
INFO: Run Behavior\BuildLiteBehavior [ RunTime:0.000014s ]
INFO: [ app_init ] --END-- [ RunTime:0.000094s ]
ERR: 无法加载模块:Public

[ 2017-11-28T10:35:45+08:00 ] 115.206.246.122 /Public/admin/dist/js/wx_index_text.js
INFO: [ app_init ] --START--
INFO: Run Behavior\BuildLiteBehavior [ RunTime:0.000013s ]
INFO: [ app_init ] --END-- [ RunTime:0.000090s ]
ERR: 无法加载模块:Public

[ 2017-11-28T10:35:46+08:00 ] 115.206.246.122 /Public/admin/dist/js/wx_index_text.js
INFO: [ app_init ] --START--
INFO: Run Behavior\BuildLiteBehavior [ RunTime:0.000022s ]
INFO: [ app_init ] --END-- [ RunTime:0.000092s ]
ERR: 无法加载模块:Public

[ 2017-11-28T10:35:46+08:00 ] 115.206.246.122 /Public/admin/dist/js/wx_index_text.js?
INFO: [ app_init ] --START--
INFO: Run Behavior\BuildLiteBehavior [ RunTime:0.000013s ]
INFO: [ app_init ] --END-- [ RunTime:0.000083s ]
ERR: 无法加载模块:Public

[ 2017-11-28T10:35:47+08:00 ] 115.206.246.122 /Public/admin/dist/js/wx_index_text.js
INFO: [ app_init ] --START--
INFO: Run Behavior\BuildLiteBehavior [ RunTime:0.000015s ]
INFO: [ app_init ] --END-- [ RunTime:0.000099s ]
ERR: 无法加载模块:Public

[ 2017-11-28T10:35:47+08:00 ] 115.206.246.122 /Public/admin/dist/js/wx_index_text.js
INFO: [ app_init ] --START--
INFO: Run Behavior\BuildLiteBehavior [ RunTime:0.000013s ]
INFO: [ app_init ] --END-- [ RunTime:0.000086s ]
ERR: 无法加载模块:Public

[ 2017-11-28T10:35:47+08:00 ] 115.206.246.122 /Public/admin/dist/js/wx_index_text.js
INFO: [ app_init ] --START--
INFO: Run Behavior\BuildLiteBehavior [ RunTime:0.000013s ]
INFO: [ app_init ] --END-- [ RunTime:0.000090s ]
ERR: 无法加载模块:Public

[ 2017-11-28T10:35:47+08:00 ] 115.206.246.122 /Public/admin/dist/js/wx_index_text.js
INFO: [ app_init ] --START--
INFO: Run Behavior\BuildLiteBehavior [ RunTime:0.000011s ]
INFO: [ app_init ] --END-- [ RunTime:0.000079s ]
ERR: 无法加载模块:Public

[ 2017-11-28T10:39:33+08:00 ] 115.196.128.30 /Public/admin/dist/js/wx_index_text.js
INFO: [ app_init ] --START--
INFO: Run Behavior\BuildLiteBehavior [ RunTime:0.000014s ]
INFO: [ app_init ] --END-- [ RunTime:0.000090s ]
ERR: 无法加载模块:Public

[ 2017-11-28T10:39:36+08:00 ] 115.196.128.30 /Public/admin/dist/js/wx_index_text.js
INFO: [ app_init ] --START--
INFO: Run Behavior\BuildLiteBehavior [ RunTime:0.000013s ]
INFO: [ app_init ] --END-- [ RunTime:0.000084s ]
ERR: 无法加载模块:Public

[ 2017-11-28T10:40:21+08:00 ] 115.196.128.30 /Public/admin/dist/js/wx_index_text.js
INFO: [ app_init ] --START--
INFO: Run Behavior\BuildLiteBehavior [ RunTime:0.000012s ]
INFO: [ app_init ] --END-- [ RunTime:0.000081s ]
ERR: 无法加载模块:Public

[ 2017-11-28T10:40:32+08:00 ] 115.196.128.30 /Public/admin/dist/js/wx_index_text.js
INFO: [ app_init ] --START--
INFO: Run Behavior\BuildLiteBehavior [ RunTime:0.000014s ]
INFO: [ app_init ] --END-- [ RunTime:0.000093s ]
ERR: 无法加载模块:Public

[ 2017-11-28T10:40:41+08:00 ] 115.206.246.122 /Public/admin/dist/js/wx_index_text.js
INFO: [ app_init ] --START--
INFO: Run Behavior\BuildLiteBehavior [ RunTime:0.000017s ]
INFO: [ app_init ] --END-- [ RunTime:0.000119s ]
ERR: 无法加载模块:Public

[ 2017-11-28T10:43:28+08:00 ] 122.224.109.234 /Public/admin/dist/js/wx_index_text.js
INFO: [ app_init ] --START--
INFO: Run Behavior\BuildLiteBehavior [ RunTime:0.000017s ]
INFO: [ app_init ] --END-- [ RunTime:0.000118s ]
ERR: 无法加载模块:Public

[ 2017-11-28T10:43:42+08:00 ] 122.224.109.234 /Public/admin/uploads/20171117/b0212bdda209c65c75fc72fbc3ff3e685706.jpg
INFO: [ app_init ] --START--
INFO: Run Behavior\BuildLiteBehavior [ RunTime:0.000016s ]
INFO: [ app_init ] --END-- [ RunTime:0.000099s ]
ERR: 无法加载模块:Public

[ 2017-11-28T10:43:42+08:00 ] 122.224.109.234 /Public/admin/uploads/20171117/4479ce35f37ba8ed54a1fd5e87ed14808161.jpg
INFO: [ app_init ] --START--
INFO: Run Behavior\BuildLiteBehavior [ RunTime:0.000019s ]
INFO: [ app_init ] --END-- [ RunTime:0.000145s ]
ERR: 无法加载模块:Public

[ 2017-11-28T10:43:47+08:00 ] 122.224.109.234 /Public/admin/uploads/20171117/b0212bdda209c65c75fc72fbc3ff3e685706.jpg
INFO: [ app_init ] --START--
INFO: Run Behavior\BuildLiteBehavior [ RunTime:0.000015s ]
INFO: [ app_init ] --END-- [ RunTime:0.000123s ]
ERR: 无法加载模块:Public

[ 2017-11-28T10:43:54+08:00 ] 122.224.109.234 /Public/admin/uploads/20171117/4479ce35f37ba8ed54a1fd5e87ed14808161.jpg
INFO: [ app_init ] --START--
INFO: Run Behavior\BuildLiteBehavior [ RunTime:0.000013s ]
INFO: [ app_init ] --END-- [ RunTime:0.000091s ]
ERR: 无法加载模块:Public

[ 2017-11-28T10:44:00+08:00 ] 122.224.109.234 /Public/admin/uploads/20171117/b0212bdda209c65c75fc72fbc3ff3e685706.jpg
INFO: [ app_init ] --START--
INFO: Run Behavior\BuildLiteBehavior [ RunTime:0.000012s ]
INFO: [ app_init ] --END-- [ RunTime:0.000081s ]
ERR: 无法加载模块:Public

[ 2017-11-28T10:44:32+08:00 ] 122.224.109.234 /Public/admin/uploads/20171117/1cf846b7635293a9c62b343f6cfad33f9248.jpg
INFO: [ app_init ] --START--
INFO: Run Behavior\BuildLiteBehavior [ RunTime:0.000015s ]
INFO: [ app_init ] --END-- [ RunTime:0.000101s ]
ERR: 无法加载模块:Public

[ 2017-11-28T10:44:34+08:00 ] 122.224.109.234 /Public/admin/uploads/20171117/1cf846b7635293a9c62b343f6cfad33f9248.jpg
INFO: [ app_init ] --START--
INFO: Run Behavior\BuildLiteBehavior [ RunTime:0.000012s ]
INFO: [ app_init ] --END-- [ RunTime:0.000080s ]
ERR: 无法加载模块:Public

[ 2017-11-28T10:44:37+08:00 ] 122.224.109.234 /Public/admin/uploads/20171117/1cf846b7635293a9c62b343f6cfad33f9248.jpg
INFO: [ app_init ] --START--
INFO: Run Behavior\BuildLiteBehavior [ RunTime:0.000015s ]
INFO: [ app_init ] --END-- [ RunTime:0.000099s ]
ERR: 无法加载模块:Public

[ 2017-11-28T10:44:38+08:00 ] 122.224.109.234 /Public/admin/uploads/20171117/1cf846b7635293a9c62b343f6cfad33f9248.jpg
INFO: [ app_init ] --START--
INFO: Run Behavior\BuildLiteBehavior [ RunTime:0.000012s ]
INFO: [ app_init ] --END-- [ RunTime:0.000083s ]
ERR: 无法加载模块:Public

[ 2017-11-28T10:44:53+08:00 ] 122.224.109.234 /Public/admin/uploads/20171117/b0212bdda209c65c75fc72fbc3ff3e685706.jpg
INFO: [ app_init ] --START--
INFO: Run Behavior\BuildLiteBehavior [ RunTime:0.000013s ]
INFO: [ app_init ] --END-- [ RunTime:0.000085s ]
ERR: 无法加载模块:Public

[ 2017-11-28T10:44:53+08:00 ] 122.224.109.234 /Public/admin/uploads/20171117/14fc95ca5e283c4c414ae86bb18674185629.jpg
INFO: [ app_init ] --START--
INFO: Run Behavior\BuildLiteBehavior [ RunTime:0.000013s ]
INFO: [ app_init ] --END-- [ RunTime:0.000098s ]
ERR: 无法加载模块:Public

[ 2017-11-28T10:44:53+08:00 ] 122.224.109.234 /Public/admin/uploads/20171117/f87bd751607f5c59cdf7954616db32fd5289.jpg
INFO: [ app_init ] --START--
INFO: Run Behavior\BuildLiteBehavior [ RunTime:0.000012s ]
INFO: [ app_init ] --END-- [ RunTime:0.000079s ]
ERR: 无法加载模块:Public

[ 2017-11-28T10:44:53+08:00 ] 122.224.109.234 /Public/admin/uploads/20171117/afb220073b96dda9e268d16fb1ec5b501627.jpg
INFO: [ app_init ] --START--
INFO: Run Behavior\BuildLiteBehavior [ RunTime:0.000012s ]
INFO: [ app_init ] --END-- [ RunTime:0.000078s ]
ERR: 无法加载模块:Public

[ 2017-11-28T10:44:53+08:00 ] 122.224.109.234 /Public/admin/uploads/20171117/4479ce35f37ba8ed54a1fd5e87ed14808161.jpg
INFO: [ app_init ] --START--
INFO: Run Behavior\BuildLiteBehavior [ RunTime:0.000029s ]
INFO: [ app_init ] --END-- [ RunTime:0.000097s ]
ERR: 无法加载模块:Public

[ 2017-11-28T10:44:53+08:00 ] 122.224.109.234 /Public/admin/uploads/20171117/eef48ca524fb72ef944a70c43754f30e5826.jpg
INFO: [ app_init ] --START--
INFO: Run Behavior\BuildLiteBehavior [ RunTime:0.000017s ]
INFO: [ app_init ] --END-- [ RunTime:0.000093s ]
ERR: 无法加载模块:Public

[ 2017-11-28T10:44:53+08:00 ] 122.224.109.234 /Public/admin/uploads/20171117/8b6212eb6d839233dd8d400dfc52d97b6100.jpg
INFO: [ app_init ] --START--
INFO: Run Behavior\BuildLiteBehavior [ RunTime:0.000013s ]
INFO: [ app_init ] --END-- [ RunTime:0.000086s ]
ERR: 无法加载模块:Public

[ 2017-11-28T10:44:53+08:00 ] 122.224.109.234 /Public/admin/uploads/20171117/4553911af11c674b2bbe4a7a417712e57052.jpg
INFO: [ app_init ] --START--
INFO: Run Behavior\BuildLiteBehavior [ RunTime:0.000012s ]
INFO: [ app_init ] --END-- [ RunTime:0.000080s ]
ERR: 无法加载模块:Public

[ 2017-11-28T10:44:53+08:00 ] 122.224.109.234 /Public/admin/uploads/20171117/1cf846b7635293a9c62b343f6cfad33f9248.jpg
INFO: [ app_init ] --START--
INFO: Run Behavior\BuildLiteBehavior [ RunTime:0.000013s ]
INFO: [ app_init ] --END-- [ RunTime:0.000095s ]
ERR: 无法加载模块:Public

[ 2017-11-28T10:45:09+08:00 ] 122.224.109.234 /Public/admin/dist/js/wx_index_text.js
INFO: [ app_init ] --START--
INFO: Run Behavior\BuildLiteBehavior [ RunTime:0.000013s ]
INFO: [ app_init ] --END-- [ RunTime:0.000086s ]
ERR: 无法加载模块:Public

[ 2017-11-28T10:45:10+08:00 ] 122.224.109.234 /Public/admin/dist/js/wx_index_text.js
INFO: [ app_init ] --START--
INFO: Run Behavior\BuildLiteBehavior [ RunTime:0.000014s ]
INFO: [ app_init ] --END-- [ RunTime:0.000093s ]
ERR: 无法加载模块:Public

[ 2017-11-28T10:46:40+08:00 ] 122.224.109.234 /Public/admin/dist/js/wx_index_text.js
INFO: [ app_init ] --START--
INFO: Run Behavior\BuildLiteBehavior [ RunTime:0.000015s ]
INFO: [ app_init ] --END-- [ RunTime:0.000092s ]
ERR: 无法加载模块:Public

[ 2017-11-28T10:47:21+08:00 ] 122.224.109.234 /Public/admin/uploads/20171117/b0212bdda209c65c75fc72fbc3ff3e685706.jpg
INFO: [ app_init ] --START--
INFO: Run Behavior\BuildLiteBehavior [ RunTime:0.000014s ]
INFO: [ app_init ] --END-- [ RunTime:0.000110s ]
ERR: 无法加载模块:Public

[ 2017-11-28T10:47:21+08:00 ] 122.224.109.234 /Public/admin/uploads/20171117/4479ce35f37ba8ed54a1fd5e87ed14808161.jpg
INFO: [ app_init ] --START--
INFO: Run Behavior\BuildLiteBehavior [ RunTime:0.000012s ]
INFO: [ app_init ] --END-- [ RunTime:0.000079s ]
ERR: 无法加载模块:Public

[ 2017-11-28T10:47:21+08:00 ] 122.224.109.234 /Public/admin/uploads/20171117/14fc95ca5e283c4c414ae86bb18674185629.jpg
INFO: [ app_init ] --START--
INFO: Run Behavior\BuildLiteBehavior [ RunTime:0.000013s ]
INFO: [ app_init ] --END-- [ RunTime:0.000082s ]
ERR: 无法加载模块:Public

[ 2017-11-28T10:47:21+08:00 ] 122.224.109.234 /Public/admin/uploads/20171117/f87bd751607f5c59cdf7954616db32fd5289.jpg
INFO: [ app_init ] --START--
INFO: Run Behavior\BuildLiteBehavior [ RunTime:0.000012s ]
INFO: [ app_init ] --END-- [ RunTime:0.000083s ]
ERR: 无法加载模块:Public

[ 2017-11-28T10:47:21+08:00 ] 122.224.109.234 /Public/admin/uploads/20171117/eef48ca524fb72ef944a70c43754f30e5826.jpg
INFO: [ app_init ] --START--
INFO: Run Behavior\BuildLiteBehavior [ RunTime:0.000014s ]
INFO: [ app_init ] --END-- [ RunTime:0.000089s ]
ERR: 无法加载模块:Public

[ 2017-11-28T10:47:21+08:00 ] 122.224.109.234 /Public/admin/uploads/20171117/8b6212eb6d839233dd8d400dfc52d97b6100.jpg
INFO: [ app_init ] --START--
INFO: Run Behavior\BuildLiteBehavior [ RunTime:0.000011s ]
INFO: [ app_init ] --END-- [ RunTime:0.000076s ]
ERR: 无法加载模块:Public

[ 2017-11-28T10:47:21+08:00 ] 122.224.109.234 /Public/admin/uploads/20171117/afb220073b96dda9e268d16fb1ec5b501627.jpg
INFO: [ app_init ] --START--
INFO: Run Behavior\BuildLiteBehavior [ RunTime:0.000012s ]
INFO: [ app_init ] --END-- [ RunTime:0.000085s ]
ERR: 无法加载模块:Public

[ 2017-11-28T10:47:21+08:00 ] 122.224.109.234 /Public/admin/uploads/20171117/4553911af11c674b2bbe4a7a417712e57052.jpg
INFO: [ app_init ] --START--
INFO: Run Behavior\BuildLiteBehavior [ RunTime:0.000012s ]
INFO: [ app_init ] --END-- [ RunTime:0.000095s ]
ERR: 无法加载模块:Public

[ 2017-11-28T10:47:21+08:00 ] 122.224.109.234 /Public/admin/uploads/20171117/1cf846b7635293a9c62b343f6cfad33f9248.jpg
INFO: [ app_init ] --START--
INFO: Run Behavior\BuildLiteBehavior [ RunTime:0.000011s ]
INFO: [ app_init ] --END-- [ RunTime:0.000078s ]
ERR: 无法加载模块:Public

[ 2017-11-28T10:47:29+08:00 ] 122.224.109.234 /Public/admin/uploads/20171117/14fc95ca5e283c4c414ae86bb18674185629.jpg
INFO: [ app_init ] --START--
INFO: Run Behavior\BuildLiteBehavior [ RunTime:0.000012s ]
INFO: [ app_init ] --END-- [ RunTime:0.000081s ]
ERR: 无法加载模块:Public

[ 2017-11-28T10:50:21+08:00 ] 122.224.109.234 /Public/admin/uploads/20171117/1cf846b7635293a9c62b343f6cfad33f9248.jpg
INFO: [ app_init ] --START--
INFO: Run Behavior\BuildLiteBehavior [ RunTime:0.000012s ]
INFO: [ app_init ] --END-- [ RunTime:0.000082s ]
ERR: 无法加载模块:Public

[ 2017-11-28T10:51:16+08:00 ] 122.224.109.234 /Public/admin/uploads/20171117/afb220073b96dda9e268d16fb1ec5b501627.jpg
INFO: [ app_init ] --START--
INFO: Run Behavior\BuildLiteBehavior [ RunTime:0.000014s ]
INFO: [ app_init ] --END-- [ RunTime:0.000089s ]
ERR: 无法加载模块:Public

[ 2017-11-28T10:54:14+08:00 ] 122.224.109.234 /Public/admin/dist/js/wx_index_text.js
INFO: [ app_init ] --START--
INFO: Run Behavior\BuildLiteBehavior [ RunTime:0.000013s ]
INFO: [ app_init ] --END-- [ RunTime:0.000082s ]
ERR: 无法加载模块:Public

[ 2017-11-28T10:55:06+08:00 ] 122.224.109.234 /favicon.ico
INFO: [ app_init ] --START--
INFO: Run Behavior\BuildLiteBehavior [ RunTime:0.000017s ]
INFO: [ app_init ] --END-- [ RunTime:0.000126s ]
ERR: 无法加载模块:Favicon

[ 2017-11-28T10:55:08+08:00 ] 122.224.109.234 /favicon.ico
INFO: [ app_init ] --START--
INFO: Run Behavior\BuildLiteBehavior [ RunTime:0.000015s ]
INFO: [ app_init ] --END-- [ RunTime:0.000102s ]
ERR: 无法加载模块:Favicon

[ 2017-11-28T10:58:39+08:00 ] 61.129.10.43 /Public/admin/dist/js/wx_index_text.js
INFO: [ app_init ] --START--
INFO: Run Behavior\BuildLiteBehavior [ RunTime:0.000016s ]
INFO: [ app_init ] --END-- [ RunTime:0.000101s ]
ERR: 无法加载模块:Public

[ 2017-11-28T10:58:53+08:00 ] 122.224.109.234 /Public/admin/dist/js/wx_index_text.js
INFO: [ app_init ] --START--
INFO: Run Behavior\BuildLiteBehavior [ RunTime:0.000016s ]
INFO: [ app_init ] --END-- [ RunTime:0.000102s ]
ERR: 无法加载模块:Public

[ 2017-11-28T10:59:19+08:00 ] 183.192.201.97 /Public/admin/dist/js/wx_index_text.js
INFO: [ app_init ] --START--
INFO: Run Behavior\BuildLiteBehavior [ RunTime:0.000017s ]
INFO: [ app_init ] --END-- [ RunTime:0.000109s ]
ERR: 无法加载模块:Public

[ 2017-11-28T11:10:37+08:00 ] 122.224.109.234 /Public/admin/dist/js/wx_index_text.js
INFO: [ app_init ] --START--
INFO: Run Behavior\BuildLiteBehavior [ RunTime:0.000016s ]
INFO: [ app_init ] --END-- [ RunTime:0.000100s ]
ERR: 无法加载模块:Public

[ 2017-11-28T11:15:48+08:00 ] 122.224.109.234 /Public/admin/dist/js/wx_index_text.js
INFO: [ app_init ] --START--
INFO: Run Behavior\BuildLiteBehavior [ RunTime:0.000014s ]
INFO: [ app_init ] --END-- [ RunTime:0.000092s ]
ERR: 无法加载模块:Public

[ 2017-11-28T11:18:22+08:00 ] 115.206.246.122 /Public/admin/dist/js/wx_index_text.js
INFO: [ app_init ] --START--
INFO: Run Behavior\BuildLiteBehavior [ RunTime:0.000013s ]
INFO: [ app_init ] --END-- [ RunTime:0.000084s ]
ERR: 无法加载模块:Public

[ 2017-11-28T11:19:16+08:00 ] 115.206.246.122 /Public/admin/dist/js/wx_index_text.js
INFO: [ app_init ] --START--
INFO: Run Behavior\BuildLiteBehavior [ RunTime:0.000031s ]
INFO: [ app_init ] --END-- [ RunTime:0.000105s ]
ERR: 无法加载模块:Public

[ 2017-11-28T11:19:18+08:00 ] 115.206.246.122 /Public/admin/dist/js/wx_index_text.js
INFO: [ app_init ] --START--
INFO: Run Behavior\BuildLiteBehavior [ RunTime:0.000016s ]
INFO: [ app_init ] --END-- [ RunTime:0.000103s ]
ERR: 无法加载模块:Public

[ 2017-11-28T11:23:48+08:00 ] 115.196.128.30 /Public/admin/uploads/20171117/b0212bdda209c65c75fc72fbc3ff3e685706.jpg
INFO: [ app_init ] --START--
INFO: Run Behavior\BuildLiteBehavior [ RunTime:0.000016s ]
INFO: [ app_init ] --END-- [ RunTime:0.000103s ]
ERR: 无法加载模块:Public

[ 2017-11-28T11:23:48+08:00 ] 115.196.128.30 /Public/admin/uploads/20171117/14fc95ca5e283c4c414ae86bb18674185629.jpg
INFO: [ app_init ] --START--
INFO: Run Behavior\BuildLiteBehavior [ RunTime:0.000013s ]
INFO: [ app_init ] --END-- [ RunTime:0.000102s ]
ERR: 无法加载模块:Public

[ 2017-11-28T11:23:48+08:00 ] 115.196.128.30 /Public/admin/uploads/20171117/f87bd751607f5c59cdf7954616db32fd5289.jpg
INFO: [ app_init ] --START--
INFO: Run Behavior\BuildLiteBehavior [ RunTime:0.000015s ]
INFO: [ app_init ] --END-- [ RunTime:0.000116s ]
ERR: 无法加载模块:Public

[ 2017-11-28T11:23:48+08:00 ] 115.196.128.30 /Public/admin/uploads/20171117/afb220073b96dda9e268d16fb1ec5b501627.jpg
INFO: [ app_init ] --START--
INFO: Run Behavior\BuildLiteBehavior [ RunTime:0.000013s ]
INFO: [ app_init ] --END-- [ RunTime:0.000079s ]
ERR: 无法加载模块:Public

[ 2017-11-28T11:23:48+08:00 ] 115.196.128.30 /Public/admin/uploads/20171117/4479ce35f37ba8ed54a1fd5e87ed14808161.jpg
INFO: [ app_init ] --START--
INFO: Run Behavior\BuildLiteBehavior [ RunTime:0.000012s ]
INFO: [ app_init ] --END-- [ RunTime:0.000082s ]
ERR: 无法加载模块:Public

[ 2017-11-28T11:23:48+08:00 ] 115.196.128.30 /Public/admin/uploads/20171117/eef48ca524fb72ef944a70c43754f30e5826.jpg
INFO: [ app_init ] --START--
INFO: Run Behavior\BuildLiteBehavior [ RunTime:0.000013s ]
INFO: [ app_init ] --END-- [ RunTime:0.000084s ]
ERR: 无法加载模块:Public

[ 2017-11-28T11:23:48+08:00 ] 115.196.128.30 /Public/admin/uploads/20171117/8b6212eb6d839233dd8d400dfc52d97b6100.jpg
INFO: [ app_init ] --START--
INFO: Run Behavior\BuildLiteBehavior [ RunTime:0.000011s ]
INFO: [ app_init ] --END-- [ RunTime:0.000086s ]
ERR: 无法加载模块:Public

[ 2017-11-28T11:23:48+08:00 ] 115.196.128.30 /Public/admin/uploads/20171117/4553911af11c674b2bbe4a7a417712e57052.jpg
INFO: [ app_init ] --START--
INFO: Run Behavior\BuildLiteBehavior [ RunTime:0.000018s ]
INFO: [ app_init ] --END-- [ RunTime:0.000109s ]
ERR: 无法加载模块:Public

[ 2017-11-28T11:23:48+08:00 ] 115.196.128.30 /Public/admin/uploads/20171117/1cf846b7635293a9c62b343f6cfad33f9248.jpg
INFO: [ app_init ] --START--
INFO: Run Behavior\BuildLiteBehavior [ RunTime:0.000012s ]
INFO: [ app_init ] --END-- [ RunTime:0.000077s ]
ERR: 无法加载模块:Public

[ 2017-11-28T11:24:10+08:00 ] 115.206.246.122 /Public/admin/uploads/20171117/14fc95ca5e283c4c414ae86bb18674185629.jpg
INFO: [ app_init ] --START--
INFO: Run Behavior\BuildLiteBehavior [ RunTime:0.000016s ]
INFO: [ app_init ] --END-- [ RunTime:0.000106s ]
ERR: 无法加载模块:Public

[ 2017-11-28T11:24:12+08:00 ] 115.206.246.122 /Public/admin/uploads/20171117/14fc95ca5e283c4c414ae86bb18674185629.jpg
INFO: [ app_init ] --START--
INFO: Run Behavior\BuildLiteBehavior [ RunTime:0.000013s ]
INFO: [ app_init ] --END-- [ RunTime:0.000095s ]
ERR: 无法加载模块:Public

[ 2017-11-28T11:24:41+08:00 ] 115.196.128.30 /Public/admin/uploads/20171117/1cf846b7635293a9c62b343f6cfad33f9248.jpg
INFO: [ app_init ] --START--
INFO: Run Behavior\BuildLiteBehavior [ RunTime:0.000015s ]
INFO: [ app_init ] --END-- [ RunTime:0.000096s ]
ERR: 无法加载模块:Public

[ 2017-11-28T11:25:00+08:00 ] 115.196.128.30 /Public/admin/uploads/20171117/4553911af11c674b2bbe4a7a417712e57052.jpg
INFO: [ app_init ] --START--
INFO: Run Behavior\BuildLiteBehavior [ RunTime:0.000023s ]
INFO: [ app_init ] --END-- [ RunTime:0.000105s ]
ERR: 无法加载模块:Public

[ 2017-11-28T11:25:00+08:00 ] 115.196.128.30 /Public/admin/uploads/20171117/eef48ca524fb72ef944a70c43754f30e5826.jpg
INFO: [ app_init ] --START--
INFO: Run Behavior\BuildLiteBehavior [ RunTime:0.000014s ]
INFO: [ app_init ] --END-- [ RunTime:0.000104s ]
ERR: 无法加载模块:Public

[ 2017-11-28T11:25:00+08:00 ] 115.196.128.30 /Public/admin/uploads/20171117/8b6212eb6d839233dd8d400dfc52d97b6100.jpg
INFO: [ app_init ] --START--
INFO: Run Behavior\BuildLiteBehavior [ RunTime:0.000014s ]
INFO: [ app_init ] --END-- [ RunTime:0.000095s ]
ERR: 无法加载模块:Public

[ 2017-11-28T11:25:00+08:00 ] 115.196.128.30 /Public/admin/uploads/20171117/1cf846b7635293a9c62b343f6cfad33f9248.jpg
INFO: [ app_init ] --START--
INFO: Run Behavior\BuildLiteBehavior [ RunTime:0.000013s ]
INFO: [ app_init ] --END-- [ RunTime:0.000115s ]
ERR: 无法加载模块:Public

[ 2017-11-28T11:25:10+08:00 ] 115.196.128.30 /Public/admin/uploads/20171117/1cf846b7635293a9c62b343f6cfad33f9248.jpg
INFO: [ app_init ] --START--
INFO: Run Behavior\BuildLiteBehavior [ RunTime:0.000014s ]
INFO: [ app_init ] --END-- [ RunTime:0.000089s ]
ERR: 无法加载模块:Public

[ 2017-11-28T11:25:21+08:00 ] 115.196.128.30 /Public/admin/uploads/20171117/1cf846b7635293a9c62b343f6cfad33f9248.jpg
INFO: [ app_init ] --START--
INFO: Run Behavior\BuildLiteBehavior [ RunTime:0.000015s ]
INFO: [ app_init ] --END-- [ RunTime:0.000089s ]
ERR: 无法加载模块:Public

[ 2017-11-28T11:27:44+08:00 ] 115.196.128.30 /Public/admin/uploads/20171117/afb220073b96dda9e268d16fb1ec5b501627.jpg
INFO: [ app_init ] --START--
INFO: Run Behavior\BuildLiteBehavior [ RunTime:0.000014s ]
INFO: [ app_init ] --END-- [ RunTime:0.000090s ]
ERR: 无法加载模块:Public

[ 2017-11-28T11:27:45+08:00 ] 115.196.128.30 /Public/admin/uploads/20171117/afb220073b96dda9e268d16fb1ec5b501627.jpg
INFO: [ app_init ] --START--
INFO: Run Behavior\BuildLiteBehavior [ RunTime:0.000013s ]
INFO: [ app_init ] --END-- [ RunTime:0.000085s ]
ERR: 无法加载模块:Public

[ 2017-11-28T11:27:52+08:00 ] 115.196.128.30 /Public/admin/uploads/20171117/afb220073b96dda9e268d16fb1ec5b501627.jpg
INFO: [ app_init ] --START--
INFO: Run Behavior\BuildLiteBehavior [ RunTime:0.000012s ]
INFO: [ app_init ] --END-- [ RunTime:0.000083s ]
ERR: 无法加载模块:Public

[ 2017-11-28T11:28:06+08:00 ] 115.196.128.30 /Public/admin/uploads/20171117/afb220073b96dda9e268d16fb1ec5b501627.jpg
INFO: [ app_init ] --START--
INFO: Run Behavior\BuildLiteBehavior [ RunTime:0.000017s ]
INFO: [ app_init ] --END-- [ RunTime:0.000134s ]
ERR: 无法加载模块:Public

[ 2017-11-28T11:28:07+08:00 ] 115.196.128.30 /Public/admin/uploads/20171117/afb220073b96dda9e268d16fb1ec5b501627.jpg
INFO: [ app_init ] --START--
INFO: Run Behavior\BuildLiteBehavior [ RunTime:0.000014s ]
INFO: [ app_init ] --END-- [ RunTime:0.000110s ]
ERR: 无法加载模块:Public

[ 2017-11-28T11:28:12+08:00 ] 115.196.128.30 /Public/admin/uploads/20171117/afb220073b96dda9e268d16fb1ec5b501627.jpg
INFO: [ app_init ] --START--
INFO: Run Behavior\BuildLiteBehavior [ RunTime:0.000013s ]
INFO: [ app_init ] --END-- [ RunTime:0.000087s ]
ERR: 无法加载模块:Public

[ 2017-11-28T11:34:20+08:00 ] 115.196.128.30 /Public/admin/uploads/20171117/afb220073b96dda9e268d16fb1ec5b501627.jpg
INFO: [ app_init ] --START--
INFO: Run Behavior\BuildLiteBehavior [ RunTime:0.000028s ]
INFO: [ app_init ] --END-- [ RunTime:0.000107s ]
ERR: 无法加载模块:Public

[ 2017-11-28T11:34:30+08:00 ] 115.196.128.30 /Public/admin/uploads/20171117/afb220073b96dda9e268d16fb1ec5b501627.jpg
INFO: [ app_init ] --START--
INFO: Run Behavior\BuildLiteBehavior [ RunTime:0.000020s ]
INFO: [ app_init ] --END-- [ RunTime:0.000104s ]
ERR: 无法加载模块:Public

[ 2017-11-28T13:49:43+08:00 ] 203.208.60.195 /robots.txt
INFO: [ app_init ] --START--
INFO: Run Behavior\BuildLiteBehavior [ RunTime:0.000016s ]
INFO: [ app_init ] --END-- [ RunTime:0.000106s ]
ERR: 无法加载模块:Robots

[ 2017-11-28T14:05:02+08:00 ] 122.224.109.234 /Public/admin/uploads/20171117/b0212bdda209c65c75fc72fbc3ff3e685706.jpg
INFO: [ app_init ] --START--
INFO: Run Behavior\BuildLiteBehavior [ RunTime:0.000016s ]
INFO: [ app_init ] --END-- [ RunTime:0.000105s ]
ERR: 无法加载模块:Public

[ 2017-11-28T14:05:02+08:00 ] 122.224.109.234 /Public/admin/uploads/20171117/4479ce35f37ba8ed54a1fd5e87ed14808161.jpg
INFO: [ app_init ] --START--
INFO: Run Behavior\BuildLiteBehavior [ RunTime:0.000016s ]
INFO: [ app_init ] --END-- [ RunTime:0.000107s ]
ERR: 无法加载模块:Public

[ 2017-11-28T14:05:02+08:00 ] 122.224.109.234 /Public/admin/uploads/20171117/14fc95ca5e283c4c414ae86bb18674185629.jpg
INFO: [ app_init ] --START--
INFO: Run Behavior\BuildLiteBehavior [ RunTime:0.000014s ]
INFO: [ app_init ] --END-- [ RunTime:0.000093s ]
ERR: 无法加载模块:Public

[ 2017-11-28T14:05:02+08:00 ] 122.224.109.234 /Public/admin/uploads/20171117/afb220073b96dda9e268d16fb1ec5b501627.jpg
INFO: [ app_init ] --START--
INFO: Run Behavior\BuildLiteBehavior [ RunTime:0.000013s ]
INFO: [ app_init ] --END-- [ RunTime:0.000085s ]
ERR: 无法加载模块:Public

[ 2017-11-28T14:05:02+08:00 ] 122.224.109.234 /Public/admin/uploads/20171117/f87bd751607f5c59cdf7954616db32fd5289.jpg
INFO: [ app_init ] --START--
INFO: Run Behavior\BuildLiteBehavior [ RunTime:0.000015s ]
INFO: [ app_init ] --END-- [ RunTime:0.000128s ]
ERR: 无法加载模块:Public

[ 2017-11-28T14:05:02+08:00 ] 122.224.109.234 /Public/admin/uploads/20171117/eef48ca524fb72ef944a70c43754f30e5826.jpg
INFO: [ app_init ] --START--
INFO: Run Behavior\BuildLiteBehavior [ RunTime:0.000011s ]
INFO: [ app_init ] --END-- [ RunTime:0.000078s ]
ERR: 无法加载模块:Public

[ 2017-11-28T14:05:02+08:00 ] 122.224.109.234 /Public/admin/uploads/20171117/8b6212eb6d839233dd8d400dfc52d97b6100.jpg
INFO: [ app_init ] --START--
INFO: Run Behavior\BuildLiteBehavior [ RunTime:0.000011s ]
INFO: [ app_init ] --END-- [ RunTime:0.000078s ]
ERR: 无法加载模块:Public

[ 2017-11-28T14:05:02+08:00 ] 122.224.109.234 /Public/admin/uploads/20171117/4553911af11c674b2bbe4a7a417712e57052.jpg
INFO: [ app_init ] --START--
INFO: Run Behavior\BuildLiteBehavior [ RunTime:0.000011s ]
INFO: [ app_init ] --END-- [ RunTime:0.000078s ]
ERR: 无法加载模块:Public

[ 2017-11-28T14:05:02+08:00 ] 122.224.109.234 /Public/admin/uploads/20171117/1cf846b7635293a9c62b343f6cfad33f9248.jpg
INFO: [ app_init ] --START--
INFO: Run Behavior\BuildLiteBehavior [ RunTime:0.000012s ]
INFO: [ app_init ] --END-- [ RunTime:0.000077s ]
ERR: 无法加载模块:Public

[ 2017-11-28T14:07:26+08:00 ] 122.224.109.234 /Public/admin/uploads/20171117/afb220073b96dda9e268d16fb1ec5b501627.jpg
INFO: [ app_init ] --START--
INFO: Run Behavior\BuildLiteBehavior [ RunTime:0.000012s ]
INFO: [ app_init ] --END-- [ RunTime:0.000082s ]
ERR: 无法加载模块:Public

[ 2017-11-28T14:07:36+08:00 ] 122.224.109.234 /Public/admin/uploads/20171117/afb220073b96dda9e268d16fb1ec5b501627.jpg
INFO: [ app_init ] --START--
INFO: Run Behavior\BuildLiteBehavior [ RunTime:0.000014s ]
INFO: [ app_init ] --END-- [ RunTime:0.000091s ]
ERR: 无法加载模块:Public

[ 2017-11-28T14:07:51+08:00 ] 122.224.109.234 /Public/admin/uploads/20171117/b0212bdda209c65c75fc72fbc3ff3e685706.jpg
INFO: [ app_init ] --START--
INFO: Run Behavior\BuildLiteBehavior [ RunTime:0.000013s ]
INFO: [ app_init ] --END-- [ RunTime:0.000082s ]
ERR: 无法加载模块:Public

[ 2017-11-28T14:07:51+08:00 ] 122.224.109.234 /Public/admin/uploads/20171117/4479ce35f37ba8ed54a1fd5e87ed14808161.jpg
INFO: [ app_init ] --START--
INFO: Run Behavior\BuildLiteBehavior [ RunTime:0.000015s ]
INFO: [ app_init ] --END-- [ RunTime:0.000096s ]
ERR: 无法加载模块:Public

[ 2017-11-28T14:07:53+08:00 ] 122.224.109.234 /Public/admin/uploads/20171117/b0212bdda209c65c75fc72fbc3ff3e685706.jpg
INFO: [ app_init ] --START--
INFO: Run Behavior\BuildLiteBehavior [ RunTime:0.000040s ]
INFO: [ app_init ] --END-- [ RunTime:0.000119s ]
ERR: 无法加载模块:Public

[ 2017-11-28T14:07:53+08:00 ] 122.224.109.234 /Public/admin/uploads/20171117/4479ce35f37ba8ed54a1fd5e87ed14808161.jpg
INFO: [ app_init ] --START--
INFO: Run Behavior\BuildLiteBehavior [ RunTime:0.000015s ]
INFO: [ app_init ] --END-- [ RunTime:0.000109s ]
ERR: 无法加载模块:Public

[ 2017-11-28T14:08:21+08:00 ] 115.206.246.122 /Public/admin/uploads/20171117/afb220073b96dda9e268d16fb1ec5b501627.jpg
INFO: [ app_init ] --START--
INFO: Run Behavior\BuildLiteBehavior [ RunTime:0.000015s ]
INFO: [ app_init ] --END-- [ RunTime:0.000099s ]
ERR: 无法加载模块:Public

[ 2017-11-28T14:09:25+08:00 ] 115.206.246.122 /Public/admin/uploads/20171117/14fc95ca5e283c4c414ae86bb18674185629.jpg
INFO: [ app_init ] --START--
INFO: Run Behavior\BuildLiteBehavior [ RunTime:0.000013s ]
INFO: [ app_init ] --END-- [ RunTime:0.000093s ]
ERR: 无法加载模块:Public

[ 2017-11-28T14:09:29+08:00 ] 122.224.109.234 /Public/admin/uploads/20171117/afb220073b96dda9e268d16fb1ec5b501627.jpg
INFO: [ app_init ] --START--
INFO: Run Behavior\BuildLiteBehavior [ RunTime:0.000016s ]
INFO: [ app_init ] --END-- [ RunTime:0.000103s ]
ERR: 无法加载模块:Public

[ 2017-11-28T14:09:48+08:00 ] 122.224.109.234 /Public/admin/uploads/20171117/1cf846b7635293a9c62b343f6cfad33f9248.jpg
INFO: [ app_init ] --START--
INFO: Run Behavior\BuildLiteBehavior [ RunTime:0.000012s ]
INFO: [ app_init ] --END-- [ RunTime:0.000082s ]
ERR: 无法加载模块:Public

[ 2017-11-28T14:09:54+08:00 ] 122.224.109.234 /Public/admin/uploads/20171117/afb220073b96dda9e268d16fb1ec5b501627.jpg
INFO: [ app_init ] --START--
INFO: Run Behavior\BuildLiteBehavior [ RunTime:0.000013s ]
INFO: [ app_init ] --END-- [ RunTime:0.000083s ]
ERR: 无法加载模块:Public

[ 2017-11-28T14:09:56+08:00 ] 122.224.109.234 /Public/admin/uploads/20171117/afb220073b96dda9e268d16fb1ec5b501627.jpg
INFO: [ app_init ] --START--
INFO: Run Behavior\BuildLiteBehavior [ RunTime:0.000014s ]
INFO: [ app_init ] --END-- [ RunTime:0.000091s ]
ERR: 无法加载模块:Public

[ 2017-11-28T14:09:58+08:00 ] 122.224.109.234 /Public/admin/uploads/20171117/afb220073b96dda9e268d16fb1ec5b501627.jpg
INFO: [ app_init ] --START--
INFO: Run Behavior\BuildLiteBehavior [ RunTime:0.000013s ]
INFO: [ app_init ] --END-- [ RunTime:0.000089s ]
ERR: 无法加载模块:Public

[ 2017-11-28T14:10:19+08:00 ] 122.224.109.234 /Public/admin/uploads/20171117/afb220073b96dda9e268d16fb1ec5b501627.jpg
INFO: [ app_init ] --START--
INFO: Run Behavior\BuildLiteBehavior [ RunTime:0.000013s ]
INFO: [ app_init ] --END-- [ RunTime:0.000087s ]
ERR: 无法加载模块:Public

[ 2017-11-28T14:10:19+08:00 ] 122.224.109.234 /Public/admin/uploads/20171117/afb220073b96dda9e268d16fb1ec5b501627.jpg
INFO: [ app_init ] --START--
INFO: Run Behavior\BuildLiteBehavior [ RunTime:0.000012s ]
INFO: [ app_init ] --END-- [ RunTime:0.000079s ]
ERR: 无法加载模块:Public

[ 2017-11-28T14:10:29+08:00 ] 122.224.109.234 /Public/admin/uploads/20171117/afb220073b96dda9e268d16fb1ec5b501627.jpg
INFO: [ app_init ] --START--
INFO: Run Behavior\BuildLiteBehavior [ RunTime:0.000012s ]
INFO: [ app_init ] --END-- [ RunTime:0.000085s ]
ERR: 无法加载模块:Public

[ 2017-11-28T14:10:32+08:00 ] 115.206.246.122 /Public/admin/uploads/20171117/14fc95ca5e283c4c414ae86bb18674185629.jpg
INFO: [ app_init ] --START--
INFO: Run Behavior\BuildLiteBehavior [ RunTime:0.000018s ]
INFO: [ app_init ] --END-- [ RunTime:0.000114s ]
ERR: 无法加载模块:Public

[ 2017-11-28T14:10:34+08:00 ] 115.206.246.122 /Public/admin/uploads/20171117/14fc95ca5e283c4c414ae86bb18674185629.jpg
INFO: [ app_init ] --START--
INFO: Run Behavior\BuildLiteBehavior [ RunTime:0.000016s ]
INFO: [ app_init ] --END-- [ RunTime:0.000113s ]
ERR: 无法加载模块:Public

[ 2017-11-28T14:11:09+08:00 ] 115.206.246.122 /Public/admin/uploads/20171117/14fc95ca5e283c4c414ae86bb18674185629.jpg
INFO: [ app_init ] --START--
INFO: Run Behavior\BuildLiteBehavior [ RunTime:0.000013s ]
INFO: [ app_init ] --END-- [ RunTime:0.000090s ]
ERR: 无法加载模块:Public

[ 2017-11-28T14:11:25+08:00 ] 115.206.246.122 /Public/admin/uploads/20171117/14fc95ca5e283c4c414ae86bb18674185629.jpg
INFO: [ app_init ] --START--
INFO: Run Behavior\BuildLiteBehavior [ RunTime:0.000014s ]
INFO: [ app_init ] --END-- [ RunTime:0.000092s ]
ERR: 无法加载模块:Public

[ 2017-11-28T14:11:28+08:00 ] 115.206.246.122 /Public/admin/uploads/20171117/14fc95ca5e283c4c414ae86bb18674185629.jpg
INFO: [ app_init ] --START--
INFO: Run Behavior\BuildLiteBehavior [ RunTime:0.000014s ]
INFO: [ app_init ] --END-- [ RunTime:0.000101s ]
ERR: 无法加载模块:Public

[ 2017-11-28T14:11:31+08:00 ] 115.206.246.122 /Public/admin/uploads/20171117/14fc95ca5e283c4c414ae86bb18674185629.jpg
INFO: [ app_init ] --START--
INFO: Run Behavior\BuildLiteBehavior [ RunTime:0.000015s ]
INFO: [ app_init ] --END-- [ RunTime:0.000098s ]
ERR: 无法加载模块:Public

[ 2017-11-28T14:11:34+08:00 ] 115.206.246.122 /Public/admin/uploads/20171117/14fc95ca5e283c4c414ae86bb18674185629.jpg
INFO: [ app_init ] --START--
INFO: Run Behavior\BuildLiteBehavior [ RunTime:0.000014s ]
INFO: [ app_init ] --END-- [ RunTime:0.000096s ]
ERR: 无法加载模块:Public

[ 2017-11-28T14:11:48+08:00 ] 115.206.246.122 /Public/admin/uploads/20171117/afb220073b96dda9e268d16fb1ec5b501627.jpg
INFO: [ app_init ] --START--
INFO: Run Behavior\BuildLiteBehavior [ RunTime:0.000016s ]
INFO: [ app_init ] --END-- [ RunTime:0.000119s ]
ERR: 无法加载模块:Public

[ 2017-11-28T14:11:53+08:00 ] 115.206.246.122 /Public/admin/uploads/20171117/afb220073b96dda9e268d16fb1ec5b501627.jpg
INFO: [ app_init ] --START--
INFO: Run Behavior\BuildLiteBehavior [ RunTime:0.000015s ]
INFO: [ app_init ] --END-- [ RunTime:0.000113s ]
ERR: 无法加载模块:Public

[ 2017-11-28T14:12:04+08:00 ] 122.224.109.234 /Public/admin/uploads/20171117/1cf846b7635293a9c62b343f6cfad33f9248.jpg
INFO: [ app_init ] --START--
INFO: Run Behavior\BuildLiteBehavior [ RunTime:0.000014s ]
INFO: [ app_init ] --END-- [ RunTime:0.000100s ]
ERR: 无法加载模块:Public

[ 2017-11-28T14:12:06+08:00 ] 122.224.109.234 /Public/admin/uploads/20171117/1cf846b7635293a9c62b343f6cfad33f9248.jpg
INFO: [ app_init ] --START--
INFO: Run Behavior\BuildLiteBehavior [ RunTime:0.000013s ]
INFO: [ app_init ] --END-- [ RunTime:0.000101s ]
ERR: 无法加载模块:Public

[ 2017-11-28T14:12:12+08:00 ] 115.206.246.122 /Public/admin/uploads/20171117/1cf846b7635293a9c62b343f6cfad33f9248.jpg
INFO: [ app_init ] --START--
INFO: Run Behavior\BuildLiteBehavior [ RunTime:0.000014s ]
INFO: [ app_init ] --END-- [ RunTime:0.000094s ]
ERR: 无法加载模块:Public

[ 2017-11-28T14:12:12+08:00 ] 122.224.109.234 /Public/admin/uploads/20171117/eef48ca524fb72ef944a70c43754f30e5826.jpg
INFO: [ app_init ] --START--
INFO: Run Behavior\BuildLiteBehavior [ RunTime:0.000014s ]
INFO: [ app_init ] --END-- [ RunTime:0.000090s ]
ERR: 无法加载模块:Public

[ 2017-11-28T14:12:12+08:00 ] 122.224.109.234 /Public/admin/uploads/20171117/8b6212eb6d839233dd8d400dfc52d97b6100.jpg
INFO: [ app_init ] --START--
INFO: Run Behavior\BuildLiteBehavior [ RunTime:0.000013s ]
INFO: [ app_init ] --END-- [ RunTime:0.000099s ]
ERR: 无法加载模块:Public

[ 2017-11-28T14:12:12+08:00 ] 122.224.109.234 /Public/admin/uploads/20171117/4553911af11c674b2bbe4a7a417712e57052.jpg
INFO: [ app_init ] --START--
INFO: Run Behavior\BuildLiteBehavior [ RunTime:0.000013s ]
INFO: [ app_init ] --END-- [ RunTime:0.000082s ]
ERR: 无法加载模块:Public

[ 2017-11-28T14:12:12+08:00 ] 122.224.109.234 /Public/admin/uploads/20171117/1cf846b7635293a9c62b343f6cfad33f9248.jpg
INFO: [ app_init ] --START--
INFO: Run Behavior\BuildLiteBehavior [ RunTime:0.000013s ]
INFO: [ app_init ] --END-- [ RunTime:0.000082s ]
ERR: 无法加载模块:Public

[ 2017-11-28T14:12:13+08:00 ] 115.206.246.122 /Public/admin/uploads/20171117/1cf846b7635293a9c62b343f6cfad33f9248.jpg
INFO: [ app_init ] --START--
INFO: Run Behavior\BuildLiteBehavior [ RunTime:0.000012s ]
INFO: [ app_init ] --END-- [ RunTime:0.000079s ]
ERR: 无法加载模块:Public

[ 2017-11-28T14:12:17+08:00 ] 122.224.109.234 /Public/admin/uploads/20171117/1cf846b7635293a9c62b343f6cfad33f9248.jpg
INFO: [ app_init ] --START--
INFO: Run Behavior\BuildLiteBehavior [ RunTime:0.000014s ]
INFO: [ app_init ] --END-- [ RunTime:0.000090s ]
ERR: 无法加载模块:Public

[ 2017-11-28T14:12:21+08:00 ] 122.224.109.234 /Public/admin/uploads/20171117/1cf846b7635293a9c62b343f6cfad33f9248.jpg
INFO: [ app_init ] --START--
INFO: Run Behavior\BuildLiteBehavior [ RunTime:0.000014s ]
INFO: [ app_init ] --END-- [ RunTime:0.000090s ]
ERR: 无法加载模块:Public

[ 2017-11-28T14:12:24+08:00 ] 115.206.246.122 /Public/admin/uploads/20171117/1cf846b7635293a9c62b343f6cfad33f9248.jpg
INFO: [ app_init ] --START--
INFO: Run Behavior\BuildLiteBehavior [ RunTime:0.000013s ]
INFO: [ app_init ] --END-- [ RunTime:0.000086s ]
ERR: 无法加载模块:Public

[ 2017-11-28T14:12:30+08:00 ] 115.206.246.122 /Public/admin/uploads/20171117/1cf846b7635293a9c62b343f6cfad33f9248.jpg
INFO: [ app_init ] --START--
INFO: Run Behavior\BuildLiteBehavior [ RunTime:0.000013s ]
INFO: [ app_init ] --END-- [ RunTime:0.000084s ]
ERR: 无法加载模块:Public

[ 2017-11-28T14:12:32+08:00 ] 115.206.246.122 /Public/admin/uploads/20171117/1cf846b7635293a9c62b343f6cfad33f9248.jpg
INFO: [ app_init ] --START--
INFO: Run Behavior\BuildLiteBehavior [ RunTime:0.000012s ]
INFO: [ app_init ] --END-- [ RunTime:0.000082s ]
ERR: 无法加载模块:Public

[ 2017-11-28T14:12:40+08:00 ] 122.224.109.234 /Public/admin/uploads/20171117/1cf846b7635293a9c62b343f6cfad33f9248.jpg
INFO: [ app_init ] --START--
INFO: Run Behavior\BuildLiteBehavior [ RunTime:0.000013s ]
INFO: [ app_init ] --END-- [ RunTime:0.000082s ]
ERR: 无法加载模块:Public

[ 2017-11-28T14:12:47+08:00 ] 115.206.246.122 /Public/admin/uploads/20171117/1cf846b7635293a9c62b343f6cfad33f9248.jpg
INFO: [ app_init ] --START--
INFO: Run Behavior\BuildLiteBehavior [ RunTime:0.000012s ]
INFO: [ app_init ] --END-- [ RunTime:0.000089s ]
ERR: 无法加载模块:Public

[ 2017-11-28T14:15:43+08:00 ] 122.224.109.234 /Public/admin/uploads/20171117/1cf846b7635293a9c62b343f6cfad33f9248.jpg
INFO: [ app_init ] --START--
INFO: Run Behavior\BuildLiteBehavior [ RunTime:0.000013s ]
INFO: [ app_init ] --END-- [ RunTime:0.000081s ]
ERR: 无法加载模块:Public

[ 2017-11-28T14:15:47+08:00 ] 115.206.246.122 /Public/admin/uploads/20171117/1cf846b7635293a9c62b343f6cfad33f9248.jpg
INFO: [ app_init ] --START--
INFO: Run Behavior\BuildLiteBehavior [ RunTime:0.000014s ]
INFO: [ app_init ] --END-- [ RunTime:0.000092s ]
ERR: 无法加载模块:Public

[ 2017-11-28T14:15:56+08:00 ] 115.206.246.122 /Public/admin/uploads/20171117/1cf846b7635293a9c62b343f6cfad33f9248.jpg
INFO: [ app_init ] --START--
INFO: Run Behavior\BuildLiteBehavior [ RunTime:0.000013s ]
INFO: [ app_init ] --END-- [ RunTime:0.000082s ]
ERR: 无法加载模块:Public

[ 2017-11-28T14:17:02+08:00 ] 122.224.109.234 /Public/admin/uploads/20171117/afb220073b96dda9e268d16fb1ec5b501627.jpg
INFO: [ app_init ] --START--
INFO: Run Behavior\BuildLiteBehavior [ RunTime:0.000014s ]
INFO: [ app_init ] --END-- [ RunTime:0.000085s ]
ERR: 无法加载模块:Public

[ 2017-11-28T14:20:06+08:00 ] 122.224.109.234 /Public/admin/uploads/20171117/afb220073b96dda9e268d16fb1ec5b501627.jpg
INFO: [ app_init ] --START--
INFO: Run Behavior\BuildLiteBehavior [ RunTime:0.000018s ]
INFO: [ app_init ] --END-- [ RunTime:0.000122s ]
ERR: 无法加载模块:Public

[ 2017-11-28T14:24:08+08:00 ] 122.224.109.234 /Public/admin/uploads/20171117/f87bd751607f5c59cdf7954616db32fd5289.jpg
INFO: [ app_init ] --START--
INFO: Run Behavior\BuildLiteBehavior [ RunTime:0.000014s ]
INFO: [ app_init ] --END-- [ RunTime:0.000092s ]
ERR: 无法加载模块:Public

[ 2017-11-28T14:26:13+08:00 ] 122.224.109.234 /Public/admin/uploads/20171117/afb220073b96dda9e268d16fb1ec5b501627.jpg
INFO: [ app_init ] --START--
INFO: Run Behavior\BuildLiteBehavior [ RunTime:0.000014s ]
INFO: [ app_init ] --END-- [ RunTime:0.000101s ]
ERR: 无法加载模块:Public

[ 2017-11-28T14:27:42+08:00 ] 115.196.128.30 /Public/admin/uploads/20171117/1cf846b7635293a9c62b343f6cfad33f9248.jpg
INFO: [ app_init ] --START--
INFO: Run Behavior\BuildLiteBehavior [ RunTime:0.000014s ]
INFO: [ app_init ] --END-- [ RunTime:0.000083s ]
ERR: 无法加载模块:Public

[ 2017-11-28T14:27:45+08:00 ] 115.196.128.30 /Public/admin/uploads/20171117/1cf846b7635293a9c62b343f6cfad33f9248.jpg
INFO: [ app_init ] --START--
INFO: Run Behavior\BuildLiteBehavior [ RunTime:0.000016s ]
INFO: [ app_init ] --END-- [ RunTime:0.000103s ]
ERR: 无法加载模块:Public

[ 2017-11-28T14:27:58+08:00 ] 115.196.128.30 /Public/admin/uploads/20171117/1cf846b7635293a9c62b343f6cfad33f9248.jpg
INFO: [ app_init ] --START--
INFO: Run Behavior\BuildLiteBehavior [ RunTime:0.000013s ]
INFO: [ app_init ] --END-- [ RunTime:0.000082s ]
ERR: 无法加载模块:Public

[ 2017-11-28T14:28:00+08:00 ] 115.196.128.30 /Public/admin/uploads/20171117/1cf846b7635293a9c62b343f6cfad33f9248.jpg
INFO: [ app_init ] --START--
INFO: Run Behavior\BuildLiteBehavior [ RunTime:0.000013s ]
INFO: [ app_init ] --END-- [ RunTime:0.000079s ]
ERR: 无法加载模块:Public

[ 2017-11-28T14:28:07+08:00 ] 115.196.128.30 /Public/admin/uploads/20171117/1cf846b7635293a9c62b343f6cfad33f9248.jpg
INFO: [ app_init ] --START--
INFO: Run Behavior\BuildLiteBehavior [ RunTime:0.000013s ]
INFO: [ app_init ] --END-- [ RunTime:0.000083s ]
ERR: 无法加载模块:Public

[ 2017-11-28T14:28:08+08:00 ] 115.196.128.30 /Public/admin/uploads/20171117/eef48ca524fb72ef944a70c43754f30e5826.jpg
INFO: [ app_init ] --START--
INFO: Run Behavior\BuildLiteBehavior [ RunTime:0.000014s ]
INFO: [ app_init ] --END-- [ RunTime:0.000094s ]
ERR: 无法加载模块:Public

[ 2017-11-28T14:28:09+08:00 ] 115.196.128.30 /Public/admin/uploads/20171117/8b6212eb6d839233dd8d400dfc52d97b6100.jpg
INFO: [ app_init ] --START--
INFO: Run Behavior\BuildLiteBehavior [ RunTime:0.000015s ]
INFO: [ app_init ] --END-- [ RunTime:0.000109s ]
ERR: 无法加载模块:Public

[ 2017-11-28T14:28:09+08:00 ] 115.196.128.30 /Public/admin/uploads/20171117/4553911af11c674b2bbe4a7a417712e57052.jpg
INFO: [ app_init ] --START--
INFO: Run Behavior\BuildLiteBehavior [ RunTime:0.000014s ]
INFO: [ app_init ] --END-- [ RunTime:0.000092s ]
ERR: 无法加载模块:Public

[ 2017-11-28T14:28:09+08:00 ] 115.196.128.30 /Public/admin/uploads/20171117/1cf846b7635293a9c62b343f6cfad33f9248.jpg
INFO: [ app_init ] --START--
INFO: Run Behavior\BuildLiteBehavior [ RunTime:0.000028s ]
INFO: [ app_init ] --END-- [ RunTime:0.000108s ]
ERR: 无法加载模块:Public

[ 2017-11-28T15:20:48+08:00 ] 115.206.246.122 /favicon.ico
INFO: [ app_init ] --START--
INFO: Run Behavior\BuildLiteBehavior [ RunTime:0.000017s ]
INFO: [ app_init ] --END-- [ RunTime:0.000110s ]
ERR: 无法加载模块:Favicon

[ 2017-11-28T15:35:51+08:00 ] 115.206.246.122 /Public/admin/uploads/20171128/5a1d11f3d83ee.png
INFO: [ app_init ] --START--
INFO: Run Behavior\BuildLiteBehavior [ RunTime:0.000015s ]
INFO: [ app_init ] --END-- [ RunTime:0.000116s ]
ERR: 无法加载模块:Public

[ 2017-11-28T15:46:48+08:00 ] 115.206.246.122 /Public/admin/uploads/20171128/5a1d14866e634.png
INFO: [ app_init ] --START--
INFO: Run Behavior\BuildLiteBehavior [ RunTime:0.000016s ]
INFO: [ app_init ] --END-- [ RunTime:0.000098s ]
ERR: 无法加载模块:Public

[ 2017-11-28T15:46:51+08:00 ] 115.206.246.122 /Public/admin/uploads/20171128/5a1d14866e634.png
INFO: [ app_init ] --START--
INFO: Run Behavior\BuildLiteBehavior [ RunTime:0.000013s ]
INFO: [ app_init ] --END-- [ RunTime:0.000089s ]
ERR: 无法加载模块:Public

[ 2017-11-28T15:47:02+08:00 ] 115.206.246.122 /Public/admin/uploads/20171128/5a1d14866e634.png
INFO: [ app_init ] --START--
INFO: Run Behavior\BuildLiteBehavior [ RunTime:0.000017s ]
INFO: [ app_init ] --END-- [ RunTime:0.000104s ]
ERR: 无法加载模块:Public

[ 2017-11-28T15:47:35+08:00 ] 115.206.246.122 /Public/admin/uploads/20171128/5a1d14866e634.png
INFO: [ app_init ] --START--
INFO: Run Behavior\BuildLiteBehavior [ RunTime:0.000012s ]
INFO: [ app_init ] --END-- [ RunTime:0.000096s ]
ERR: 无法加载模块:Public

[ 2017-11-28T15:48:14+08:00 ] 115.206.246.122 /Public/admin/uploads/20171128/5a1d14866e634.png
INFO: [ app_init ] --START--
INFO: Run Behavior\BuildLiteBehavior [ RunTime:0.000012s ]
INFO: [ app_init ] --END-- [ RunTime:0.000097s ]
ERR: 无法加载模块:Public

[ 2017-11-28T15:48:16+08:00 ] 122.224.109.234 /Public/admin/uploads/20171128/5a1d14866e634.png
INFO: [ app_init ] --START--
INFO: Run Behavior\BuildLiteBehavior [ RunTime:0.000015s ]
INFO: [ app_init ] --END-- [ RunTime:0.000098s ]
ERR: 无法加载模块:Public

[ 2017-11-28T15:48:18+08:00 ] 122.224.109.234 /Public/admin/uploads/20171117/afb220073b96dda9e268d16fb1ec5b501627.jpg
INFO: [ app_init ] --START--
INFO: Run Behavior\BuildLiteBehavior [ RunTime:0.000016s ]
INFO: [ app_init ] --END-- [ RunTime:0.000106s ]
ERR: 无法加载模块:Public

[ 2017-11-28T15:48:20+08:00 ] 122.224.109.234 /Public/admin/uploads/20171117/afb220073b96dda9e268d16fb1ec5b501627.jpg
INFO: [ app_init ] --START--
INFO: Run Behavior\BuildLiteBehavior [ RunTime:0.000016s ]
INFO: [ app_init ] --END-- [ RunTime:0.000097s ]
ERR: 无法加载模块:Public

[ 2017-11-28T15:48:22+08:00 ] 115.206.246.122 /Public/admin/uploads/20171128/5a1d14866e634.png
INFO: [ app_init ] --START--
INFO: Run Behavior\BuildLiteBehavior [ RunTime:0.000015s ]
INFO: [ app_init ] --END-- [ RunTime:0.000095s ]
ERR: 无法加载模块:Public

[ 2017-11-28T15:48:48+08:00 ] 122.224.109.234 /Public/admin/uploads/20171117/afb220073b96dda9e268d16fb1ec5b501627.jpg
INFO: [ app_init ] --START--
INFO: Run Behavior\BuildLiteBehavior [ RunTime:0.000016s ]
INFO: [ app_init ] --END-- [ RunTime:0.000101s ]
ERR: 无法加载模块:Public

[ 2017-11-28T15:48:50+08:00 ] 122.224.109.234 /Public/admin/uploads/20171117/afb220073b96dda9e268d16fb1ec5b501627.jpg
INFO: [ app_init ] --START--
INFO: Run Behavior\BuildLiteBehavior [ RunTime:0.000015s ]
INFO: [ app_init ] --END-- [ RunTime:0.000100s ]
ERR: 无法加载模块:Public

[ 2017-11-28T15:48:54+08:00 ] 122.224.109.234 /Public/admin/uploads/20171117/1cf846b7635293a9c62b343f6cfad33f9248.jpg
INFO: [ app_init ] --START--
INFO: Run Behavior\BuildLiteBehavior [ RunTime:0.000013s ]
INFO: [ app_init ] --END-- [ RunTime:0.000087s ]
ERR: 无法加载模块:Public

[ 2017-11-28T15:48:55+08:00 ] 122.224.109.234 /Public/admin/uploads/20171117/b0212bdda209c65c75fc72fbc3ff3e685706.jpg
INFO: [ app_init ] --START--
INFO: Run Behavior\BuildLiteBehavior [ RunTime:0.000013s ]
INFO: [ app_init ] --END-- [ RunTime:0.000084s ]
ERR: 无法加载模块:Public

[ 2017-11-28T15:48:55+08:00 ] 122.224.109.234 /Public/admin/uploads/20171117/4479ce35f37ba8ed54a1fd5e87ed14808161.jpg
INFO: [ app_init ] --START--
INFO: Run Behavior\BuildLiteBehavior [ RunTime:0.000015s ]
INFO: [ app_init ] --END-- [ RunTime:0.000137s ]
ERR: 无法加载模块:Public

[ 2017-11-28T15:48:55+08:00 ] 122.224.109.234 /Public/admin/uploads/20171117/1cf846b7635293a9c62b343f6cfad33f9248.jpg
INFO: [ app_init ] --START--
INFO: Run Behavior\BuildLiteBehavior [ RunTime:0.000013s ]
INFO: [ app_init ] --END-- [ RunTime:0.000084s ]
ERR: 无法加载模块:Public

[ 2017-11-28T15:48:58+08:00 ] 122.224.109.234 /Public/admin/uploads/20171117/4479ce35f37ba8ed54a1fd5e87ed14808161.jpg
INFO: [ app_init ] --START--
INFO: Run Behavior\BuildLiteBehavior [ RunTime:0.000013s ]
INFO: [ app_init ] --END-- [ RunTime:0.000108s ]
ERR: 无法加载模块:Public

[ 2017-11-28T15:49:05+08:00 ] 115.206.246.122 /Public/admin/uploads/20171128/5a1d14866e634.png
INFO: [ app_init ] --START--
INFO: Run Behavior\BuildLiteBehavior [ RunTime:0.000015s ]
INFO: [ app_init ] --END-- [ RunTime:0.000108s ]
ERR: 无法加载模块:Public

[ 2017-11-28T15:49:08+08:00 ] 122.224.109.234 /Public/admin/uploads/20171117/b0212bdda209c65c75fc72fbc3ff3e685706.jpg
INFO: [ app_init ] --START--
INFO: Run Behavior\BuildLiteBehavior [ RunTime:0.000016s ]
INFO: [ app_init ] --END-- [ RunTime:0.000103s ]
ERR: 无法加载模块:Public

[ 2017-11-28T15:49:08+08:00 ] 122.224.109.234 /Public/admin/uploads/20171117/14fc95ca5e283c4c414ae86bb18674185629.jpg
INFO: [ app_init ] --START--
INFO: Run Behavior\BuildLiteBehavior [ RunTime:0.000013s ]
INFO: [ app_init ] --END-- [ RunTime:0.000085s ]
ERR: 无法加载模块:Public

[ 2017-11-28T15:49:08+08:00 ] 122.224.109.234 /Public/admin/uploads/20171117/f87bd751607f5c59cdf7954616db32fd5289.jpg
INFO: [ app_init ] --START--
INFO: Run Behavior\BuildLiteBehavior [ RunTime:0.000013s ]
INFO: [ app_init ] --END-- [ RunTime:0.000085s ]
ERR: 无法加载模块:Public

[ 2017-11-28T15:49:08+08:00 ] 122.224.109.234 /Public/admin/uploads/20171117/afb220073b96dda9e268d16fb1ec5b501627.jpg
INFO: [ app_init ] --START--
INFO: Run Behavior\BuildLiteBehavior [ RunTime:0.000012s ]
INFO: [ app_init ] --END-- [ RunTime:0.000079s ]
ERR: 无法加载模块:Public

[ 2017-11-28T15:49:08+08:00 ] 122.224.109.234 /Public/admin/uploads/20171117/4479ce35f37ba8ed54a1fd5e87ed14808161.jpg
INFO: [ app_init ] --START--
INFO: Run Behavior\BuildLiteBehavior [ RunTime:0.000012s ]
INFO: [ app_init ] --END-- [ RunTime:0.000079s ]
ERR: 无法加载模块:Public

[ 2017-11-28T15:49:08+08:00 ] 122.224.109.234 /Public/admin/uploads/20171117/8b6212eb6d839233dd8d400dfc52d97b6100.jpg
INFO: [ app_init ] --START--
INFO: Run Behavior\BuildLiteBehavior [ RunTime:0.000012s ]
INFO: [ app_init ] --END-- [ RunTime:0.000081s ]
ERR: 无法加载模块:Public

[ 2017-11-28T15:49:08+08:00 ] 122.224.109.234 /Public/admin/uploads/20171117/eef48ca524fb72ef944a70c43754f30e5826.jpg
INFO: [ app_init ] --START--
INFO: Run Behavior\BuildLiteBehavior [ RunTime:0.000014s ]
INFO: [ app_init ] --END-- [ RunTime:0.000114s ]
ERR: 无法加载模块:Public

[ 2017-11-28T15:49:09+08:00 ] 122.224.109.234 /Public/admin/uploads/20171117/4553911af11c674b2bbe4a7a417712e57052.jpg
INFO: [ app_init ] --START--
INFO: Run Behavior\BuildLiteBehavior [ RunTime:0.000020s ]
INFO: [ app_init ] --END-- [ RunTime:0.000099s ]
ERR: 无法加载模块:Public

[ 2017-11-28T15:49:09+08:00 ] 122.224.109.234 /Public/admin/uploads/20171117/1cf846b7635293a9c62b343f6cfad33f9248.jpg
INFO: [ app_init ] --START--
INFO: Run Behavior\BuildLiteBehavior [ RunTime:0.000012s ]
INFO: [ app_init ] --END-- [ RunTime:0.000078s ]
ERR: 无法加载模块:Public

[ 2017-11-28T16:22:40+08:00 ] 122.224.109.234 /favicon.ico
INFO: [ app_init ] --START--
INFO: Run Behavior\BuildLiteBehavior [ RunTime:0.000019s ]
INFO: [ app_init ] --END-- [ RunTime:0.000150s ]
ERR: 无法加载模块:Favicon

[ 2017-11-28T16:42:50+08:00 ] 115.206.246.122 /Public/admin/uploads/20171128/5a1d21a3848f8.png
INFO: [ app_init ] --START--
INFO: Run Behavior\BuildLiteBehavior [ RunTime:0.000016s ]
INFO: [ app_init ] --END-- [ RunTime:0.000102s ]
ERR: 无法加载模块:Public

[ 2017-11-28T16:43:13+08:00 ] 115.206.246.122 /Public/admin/uploads/20171128/5a1d21a3848f8.png
INFO: [ app_init ] --START--
INFO: Run Behavior\BuildLiteBehavior [ RunTime:0.000012s ]
INFO: [ app_init ] --END-- [ RunTime:0.000081s ]
ERR: 无法加载模块:Public

[ 2017-11-28T16:43:22+08:00 ] 115.206.246.122 /Public/admin/uploads/20171117/b0212bdda209c65c75fc72fbc3ff3e685706.jpg
INFO: [ app_init ] --START--
INFO: Run Behavior\BuildLiteBehavior [ RunTime:0.000016s ]
INFO: [ app_init ] --END-- [ RunTime:0.000099s ]
ERR: 无法加载模块:Public

[ 2017-11-28T16:43:22+08:00 ] 115.206.246.122 /Public/admin/uploads/20171117/14fc95ca5e283c4c414ae86bb18674185629.jpg
INFO: [ app_init ] --START--
INFO: Run Behavior\BuildLiteBehavior [ RunTime:0.000016s ]
INFO: [ app_init ] --END-- [ RunTime:0.000120s ]
ERR: 无法加载模块:Public

[ 2017-11-28T16:43:22+08:00 ] 115.206.246.122 /Public/admin/uploads/20171117/afb220073b96dda9e268d16fb1ec5b501627.jpg
INFO: [ app_init ] --START--
INFO: Run Behavior\BuildLiteBehavior [ RunTime:0.000013s ]
INFO: [ app_init ] --END-- [ RunTime:0.000085s ]
ERR: 无法加载模块:Public

[ 2017-11-28T16:43:22+08:00 ] 115.206.246.122 /Public/admin/uploads/20171117/f87bd751607f5c59cdf7954616db32fd5289.jpg
INFO: [ app_init ] --START--
INFO: Run Behavior\BuildLiteBehavior [ RunTime:0.000015s ]
INFO: [ app_init ] --END-- [ RunTime:0.000117s ]
ERR: 无法加载模块:Public

[ 2017-11-28T16:43:22+08:00 ] 115.206.246.122 /Public/admin/uploads/20171117/4479ce35f37ba8ed54a1fd5e87ed14808161.jpg
INFO: [ app_init ] --START--
INFO: Run Behavior\BuildLiteBehavior [ RunTime:0.000013s ]
INFO: [ app_init ] --END-- [ RunTime:0.000083s ]
ERR: 无法加载模块:Public

[ 2017-11-28T16:43:22+08:00 ] 115.206.246.122 /Public/admin/uploads/20171117/eef48ca524fb72ef944a70c43754f30e5826.jpg
INFO: [ app_init ] --START--
INFO: Run Behavior\BuildLiteBehavior [ RunTime:0.000012s ]
INFO: [ app_init ] --END-- [ RunTime:0.000077s ]
ERR: 无法加载模块:Public

[ 2017-11-28T16:43:22+08:00 ] 115.206.246.122 /Public/admin/uploads/20171117/8b6212eb6d839233dd8d400dfc52d97b6100.jpg
INFO: [ app_init ] --START--
INFO: Run Behavior\BuildLiteBehavior [ RunTime:0.000012s ]
INFO: [ app_init ] --END-- [ RunTime:0.000078s ]
ERR: 无法加载模块:Public

[ 2017-11-28T16:43:22+08:00 ] 115.206.246.122 /Public/admin/uploads/20171117/4553911af11c674b2bbe4a7a417712e57052.jpg
INFO: [ app_init ] --START--
INFO: Run Behavior\BuildLiteBehavior [ RunTime:0.000012s ]
INFO: [ app_init ] --END-- [ RunTime:0.000078s ]
ERR: 无法加载模块:Public

[ 2017-11-28T16:43:22+08:00 ] 115.206.246.122 /Public/admin/uploads/20171117/1cf846b7635293a9c62b343f6cfad33f9248.jpg
INFO: [ app_init ] --START--
INFO: Run Behavior\BuildLiteBehavior [ RunTime:0.000012s ]
INFO: [ app_init ] --END-- [ RunTime:0.000078s ]
ERR: 无法加载模块:Public

[ 2017-11-28T16:43:22+08:00 ] 115.206.246.122 /Public/admin/uploads/20171128/5a1d1f16b30d6.png
INFO: [ app_init ] --START--
INFO: Run Behavior\BuildLiteBehavior [ RunTime:0.000011s ]
INFO: [ app_init ] --END-- [ RunTime:0.000078s ]
ERR: 无法加载模块:Public

[ 2017-11-28T16:44:57+08:00 ] 115.206.246.122 /Public/admin/uploads/20171117/b0212bdda209c65c75fc72fbc3ff3e685706.jpg
INFO: [ app_init ] --START--
INFO: Run Behavior\BuildLiteBehavior [ RunTime:0.000015s ]
INFO: [ app_init ] --END-- [ RunTime:0.000118s ]
ERR: 无法加载模块:Public

[ 2017-11-28T16:44:57+08:00 ] 115.206.246.122 /Public/admin/uploads/20171117/14fc95ca5e283c4c414ae86bb18674185629.jpg
INFO: [ app_init ] --START--
INFO: Run Behavior\BuildLiteBehavior [ RunTime:0.000015s ]
INFO: [ app_init ] --END-- [ RunTime:0.000118s ]
ERR: 无法加载模块:Public

[ 2017-11-28T16:44:57+08:00 ] 115.206.246.122 /Public/admin/uploads/20171117/f87bd751607f5c59cdf7954616db32fd5289.jpg
INFO: [ app_init ] --START--
INFO: Run Behavior\BuildLiteBehavior [ RunTime:0.000012s ]
INFO: [ app_init ] --END-- [ RunTime:0.000080s ]
ERR: 无法加载模块:Public

[ 2017-11-28T16:44:57+08:00 ] 115.206.246.122 /Public/admin/uploads/20171117/afb220073b96dda9e268d16fb1ec5b501627.jpg
INFO: [ app_init ] --START--
INFO: Run Behavior\BuildLiteBehavior [ RunTime:0.000013s ]
INFO: [ app_init ] --END-- [ RunTime:0.000081s ]
ERR: 无法加载模块:Public

[ 2017-11-28T16:44:57+08:00 ] 115.206.246.122 /Public/admin/uploads/20171117/4479ce35f37ba8ed54a1fd5e87ed14808161.jpg
INFO: [ app_init ] --START--
INFO: Run Behavior\BuildLiteBehavior [ RunTime:0.000012s ]
INFO: [ app_init ] --END-- [ RunTime:0.000078s ]
ERR: 无法加载模块:Public

[ 2017-11-28T16:44:57+08:00 ] 115.206.246.122 /Public/admin/uploads/20171117/eef48ca524fb72ef944a70c43754f30e5826.jpg
INFO: [ app_init ] --START--
INFO: Run Behavior\BuildLiteBehavior [ RunTime:0.000012s ]
INFO: [ app_init ] --END-- [ RunTime:0.000085s ]
ERR: 无法加载模块:Public

[ 2017-11-28T16:44:57+08:00 ] 115.206.246.122 /Public/admin/uploads/20171117/8b6212eb6d839233dd8d400dfc52d97b6100.jpg
INFO: [ app_init ] --START--
INFO: Run Behavior\BuildLiteBehavior [ RunTime:0.000013s ]
INFO: [ app_init ] --END-- [ RunTime:0.000079s ]
ERR: 无法加载模块:Public

[ 2017-11-28T16:44:57+08:00 ] 115.206.246.122 /Public/admin/uploads/20171117/4553911af11c674b2bbe4a7a417712e57052.jpg
INFO: [ app_init ] --START--
INFO: Run Behavior\BuildLiteBehavior [ RunTime:0.000012s ]
INFO: [ app_init ] --END-- [ RunTime:0.000090s ]
ERR: 无法加载模块:Public

[ 2017-11-28T16:44:57+08:00 ] 115.206.246.122 /Public/admin/uploads/20171117/1cf846b7635293a9c62b343f6cfad33f9248.jpg
INFO: [ app_init ] --START--
INFO: Run Behavior\BuildLiteBehavior [ RunTime:0.000011s ]
INFO: [ app_init ] --END-- [ RunTime:0.000079s ]
ERR: 无法加载模块:Public

[ 2017-11-28T16:44:57+08:00 ] 115.206.246.122 /Public/admin/uploads/20171128/5a1d1f16b30d6.png
INFO: [ app_init ] --START--
INFO: Run Behavior\BuildLiteBehavior [ RunTime:0.000012s ]
INFO: [ app_init ] --END-- [ RunTime:0.000079s ]
ERR: 无法加载模块:Public

[ 2017-11-28T16:45:15+08:00 ] 115.206.246.122 /Public/admin/uploads/20171117/b0212bdda209c65c75fc72fbc3ff3e685706.jpg
INFO: [ app_init ] --START--
INFO: Run Behavior\BuildLiteBehavior [ RunTime:0.000013s ]
INFO: [ app_init ] --END-- [ RunTime:0.000085s ]
ERR: 无法加载模块:Public

[ 2017-11-28T16:45:15+08:00 ] 115.206.246.122 /Public/admin/uploads/20171117/14fc95ca5e283c4c414ae86bb18674185629.jpg
INFO: [ app_init ] --START--
INFO: Run Behavior\BuildLiteBehavior [ RunTime:0.000013s ]
INFO: [ app_init ] --END-- [ RunTime:0.000083s ]
ERR: 无法加载模块:Public

[ 2017-11-28T16:45:15+08:00 ] 115.206.246.122 /Public/admin/uploads/20171117/f87bd751607f5c59cdf7954616db32fd5289.jpg
INFO: [ app_init ] --START--
INFO: Run Behavior\BuildLiteBehavior [ RunTime:0.000012s ]
INFO: [ app_init ] --END-- [ RunTime:0.000083s ]
ERR: 无法加载模块:Public

[ 2017-11-28T16:45:15+08:00 ] 115.206.246.122 /Public/admin/uploads/20171117/afb220073b96dda9e268d16fb1ec5b501627.jpg
INFO: [ app_init ] --START--
INFO: Run Behavior\BuildLiteBehavior [ RunTime:0.000012s ]
INFO: [ app_init ] --END-- [ RunTime:0.000083s ]
ERR: 无法加载模块:Public

[ 2017-11-28T16:45:15+08:00 ] 115.206.246.122 /Public/admin/uploads/20171117/4479ce35f37ba8ed54a1fd5e87ed14808161.jpg
INFO: [ app_init ] --START--
INFO: Run Behavior\BuildLiteBehavior [ RunTime:0.000015s ]
INFO: [ app_init ] --END-- [ RunTime:0.000117s ]
ERR: 无法加载模块:Public

[ 2017-11-28T16:45:15+08:00 ] 115.206.246.122 /Public/admin/uploads/20171117/eef48ca524fb72ef944a70c43754f30e5826.jpg
INFO: [ app_init ] --START--
INFO: Run Behavior\BuildLiteBehavior [ RunTime:0.000012s ]
INFO: [ app_init ] --END-- [ RunTime:0.000089s ]
ERR: 无法加载模块:Public

[ 2017-11-28T16:45:15+08:00 ] 115.206.246.122 /Public/admin/uploads/20171117/8b6212eb6d839233dd8d400dfc52d97b6100.jpg
INFO: [ app_init ] --START--
INFO: Run Behavior\BuildLiteBehavior [ RunTime:0.000012s ]
INFO: [ app_init ] --END-- [ RunTime:0.000092s ]
ERR: 无法加载模块:Public

[ 2017-11-28T16:45:15+08:00 ] 115.206.246.122 /Public/admin/uploads/20171117/4553911af11c674b2bbe4a7a417712e57052.jpg
INFO: [ app_init ] --START--
INFO: Run Behavior\BuildLiteBehavior [ RunTime:0.000012s ]
INFO: [ app_init ] --END-- [ RunTime:0.000078s ]
ERR: 无法加载模块:Public

[ 2017-11-28T16:45:15+08:00 ] 115.206.246.122 /Public/admin/uploads/20171117/1cf846b7635293a9c62b343f6cfad33f9248.jpg
INFO: [ app_init ] --START--
INFO: Run Behavior\BuildLiteBehavior [ RunTime:0.000012s ]
INFO: [ app_init ] --END-- [ RunTime:0.000095s ]
ERR: 无法加载模块:Public

[ 2017-11-28T16:45:15+08:00 ] 115.206.246.122 /Public/admin/uploads/20171128/5a1d1f16b30d6.png
INFO: [ app_init ] --START--
INFO: Run Behavior\BuildLiteBehavior [ RunTime:0.000012s ]
INFO: [ app_init ] --END-- [ RunTime:0.000080s ]
ERR: 无法加载模块:Public

[ 2017-11-28T17:00:44+08:00 ] 115.206.246.122 /Public/admin/uploads/20171128/5a1d21a3848f8.png
INFO: [ app_init ] --START--
INFO: Run Behavior\BuildLiteBehavior [ RunTime:0.000013s ]
INFO: [ app_init ] --END-- [ RunTime:0.000086s ]
ERR: 无法加载模块:Public

[ 2017-11-28T17:00:47+08:00 ] 115.206.246.122 /Public/admin/uploads/20171128/5a1d21a3848f8.png
INFO: [ app_init ] --START--
INFO: Run Behavior\BuildLiteBehavior [ RunTime:0.000015s ]
INFO: [ app_init ] --END-- [ RunTime:0.000098s ]
ERR: 无法加载模块:Public

[ 2017-11-28T17:01:13+08:00 ] 115.206.246.122 /Public/admin/uploads/20171117/14fc95ca5e283c4c414ae86bb18674185629.jpg
INFO: [ app_init ] --START--
INFO: Run Behavior\BuildLiteBehavior [ RunTime:0.000015s ]
INFO: [ app_init ] --END-- [ RunTime:0.000100s ]
ERR: 无法加载模块:Public

[ 2017-11-28T17:01:14+08:00 ] 115.206.246.122 /Public/admin/uploads/20171117/14fc95ca5e283c4c414ae86bb18674185629.jpg
INFO: [ app_init ] --START--
INFO: Run Behavior\BuildLiteBehavior [ RunTime:0.000016s ]
INFO: [ app_init ] --END-- [ RunTime:0.000116s ]
ERR: 无法加载模块:Public

[ 2017-11-28T17:02:03+08:00 ] 115.206.246.122 /Public/admin/uploads/20171117/14fc95ca5e283c4c414ae86bb18674185629.jpg
INFO: [ app_init ] --START--
INFO: Run Behavior\BuildLiteBehavior [ RunTime:0.000011s ]
INFO: [ app_init ] --END-- [ RunTime:0.000079s ]
ERR: 无法加载模块:Public

[ 2017-11-28T17:02:10+08:00 ] 115.206.246.122 /Public/admin/uploads/20171117/14fc95ca5e283c4c414ae86bb18674185629.jpg
INFO: [ app_init ] --START--
INFO: Run Behavior\BuildLiteBehavior [ RunTime:0.000012s ]
INFO: [ app_init ] --END-- [ RunTime:0.000078s ]
ERR: 无法加载模块:Public

[ 2017-11-28T17:03:45+08:00 ] 115.206.246.122 /Public/admin/uploads/20171117/14fc95ca5e283c4c414ae86bb18674185629.jpg
INFO: [ app_init ] --START--
INFO: Run Behavior\BuildLiteBehavior [ RunTime:0.000013s ]
INFO: [ app_init ] --END-- [ RunTime:0.000112s ]
ERR: 无法加载模块:Public

[ 2017-11-28T17:18:00+08:00 ] 122.224.109.234 /Public/admin/uploads/20171117/14fc95ca5e283c4c414ae86bb18674185629.jpg
INFO: [ app_init ] --START--
INFO: Run Behavior\BuildLiteBehavior [ RunTime:0.000013s ]
INFO: [ app_init ] --END-- [ RunTime:0.000082s ]
ERR: 无法加载模块:Public

[ 2017-11-28T17:18:01+08:00 ] 122.224.109.234 /Public/admin/uploads/20171117/14fc95ca5e283c4c414ae86bb18674185629.jpg
INFO: [ app_init ] --START--
INFO: Run Behavior\BuildLiteBehavior [ RunTime:0.000014s ]
INFO: [ app_init ] --END-- [ RunTime:0.000092s ]
ERR: 无法加载模块:Public

[ 2017-11-28T17:20:01+08:00 ] 122.224.109.234 /Public/admin/uploads/20171117/1cf846b7635293a9c62b343f6cfad33f9248.jpg
INFO: [ app_init ] --START--
INFO: Run Behavior\BuildLiteBehavior [ RunTime:0.000012s ]
INFO: [ app_init ] --END-- [ RunTime:0.000082s ]
ERR: 无法加载模块:Public

[ 2017-11-28T17:24:02+08:00 ] 122.224.109.234 /Public/admin/uploads/20171128/5a1d1f16b30d6.png
INFO: [ app_init ] --START--
INFO: Run Behavior\BuildLiteBehavior [ RunTime:0.000015s ]
INFO: [ app_init ] --END-- [ RunTime:0.000112s ]
ERR: 无法加载模块:Public

[ 2017-11-28T17:26:20+08:00 ] 115.206.246.122 /Public/admin/uploads/20171117/14fc95ca5e283c4c414ae86bb18674185629.jpg
INFO: [ app_init ] --START--
INFO: Run Behavior\BuildLiteBehavior [ RunTime:0.000016s ]
INFO: [ app_init ] --END-- [ RunTime:0.000131s ]
ERR: 无法加载模块:Public

[ 2017-11-28T17:30:01+08:00 ] 115.206.246.122 /Public/admin/uploads/20171117/14fc95ca5e283c4c414ae86bb18674185629.jpg
INFO: [ app_init ] --START--
INFO: Run Behavior\BuildLiteBehavior [ RunTime:0.000016s ]
INFO: [ app_init ] --END-- [ RunTime:0.000102s ]
ERR: 无法加载模块:Public

[ 2017-11-28T17:30:05+08:00 ] 115.206.246.122 /Public/admin/uploads/20171117/14fc95ca5e283c4c414ae86bb18674185629.jpg
INFO: [ app_init ] --START--
INFO: Run Behavior\BuildLiteBehavior [ RunTime:0.000024s ]
INFO: [ app_init ] --END-- [ RunTime:0.000107s ]
ERR: 无法加载模块:Public

[ 2017-11-28T17:30:08+08:00 ] 115.206.246.122 /Public/admin/uploads/20171117/14fc95ca5e283c4c414ae86bb18674185629.jpg
INFO: [ app_init ] --START--
INFO: Run Behavior\BuildLiteBehavior [ RunTime:0.000016s ]
INFO: [ app_init ] --END-- [ RunTime:0.000103s ]
ERR: 无法加载模块:Public

[ 2017-11-28T17:30:11+08:00 ] 115.206.246.122 /Public/admin/uploads/20171117/14fc95ca5e283c4c414ae86bb18674185629.jpg
INFO: [ app_init ] --START--
INFO: Run Behavior\BuildLiteBehavior [ RunTime:0.000016s ]
INFO: [ app_init ] --END-- [ RunTime:0.000102s ]
ERR: 无法加载模块:Public

[ 2017-11-28T17:30:17+08:00 ] 115.206.246.122 /Public/admin/uploads/20171117/14fc95ca5e283c4c414ae86bb18674185629.jpg
INFO: [ app_init ] --START--
INFO: Run Behavior\BuildLiteBehavior [ RunTime:0.000014s ]
INFO: [ app_init ] --END-- [ RunTime:0.000090s ]
ERR: 无法加载模块:Public

[ 2017-11-28T17:30:35+08:00 ] 115.206.246.122 /Public/admin/uploads/20171117/afb220073b96dda9e268d16fb1ec5b501627.jpg
INFO: [ app_init ] --START--
INFO: Run Behavior\BuildLiteBehavior [ RunTime:0.000017s ]
INFO: [ app_init ] --END-- [ RunTime:0.000113s ]
ERR: 无法加载模块:Public

[ 2017-11-28T18:00:57+08:00 ] 115.206.246.122 /Public/admin/uploads/20171117/afb220073b96dda9e268d16fb1ec5b501627.jpg
INFO: [ app_init ] --START--
INFO: Run Behavior\BuildLiteBehavior [ RunTime:0.000014s ]
INFO: [ app_init ] --END-- [ RunTime:0.000096s ]
ERR: 无法加载模块:Public

[ 2017-11-28T18:07:21+08:00 ] 115.206.246.122 /Public/admin/uploads/20171117/afb220073b96dda9e268d16fb1ec5b501627.jpg
INFO: [ app_init ] --START--
INFO: Run Behavior\BuildLiteBehavior [ RunTime:0.000015s ]
INFO: [ app_init ] --END-- [ RunTime:0.000106s ]
ERR: 无法加载模块:Public

[ 2017-11-28T18:19:31+08:00 ] 115.206.246.122 /Public/admin/uploads/20171117/afb220073b96dda9e268d16fb1ec5b501627.jpg
INFO: [ app_init ] --START--
INFO: Run Behavior\BuildLiteBehavior [ RunTime:0.000014s ]
INFO: [ app_init ] --END-- [ RunTime:0.000090s ]
ERR: 无法加载模块:Public

[ 2017-11-28T18:19:32+08:00 ] 115.206.246.122 /Public/admin/uploads/20171117/afb220073b96dda9e268d16fb1ec5b501627.jpg
INFO: [ app_init ] --START--
INFO: Run Behavior\BuildLiteBehavior [ RunTime:0.000016s ]
INFO: [ app_init ] --END-- [ RunTime:0.000117s ]
ERR: 无法加载模块:Public

[ 2017-11-28T18:19:33+08:00 ] 112.17.239.8 /Public/admin/uploads/20171117/afb220073b96dda9e268d16fb1ec5b501627.jpg
INFO: [ app_init ] --START--
INFO: Run Behavior\BuildLiteBehavior [ RunTime:0.000012s ]
INFO: [ app_init ] --END-- [ RunTime:0.000080s ]
ERR: 无法加载模块:Public

[ 2017-11-28T18:19:52+08:00 ] 115.196.128.30 /Public/admin/uploads/20171117/1cf846b7635293a9c62b343f6cfad33f9248.jpg
INFO: [ app_init ] --START--
INFO: Run Behavior\BuildLiteBehavior [ RunTime:0.000013s ]
INFO: [ app_init ] --END-- [ RunTime:0.000087s ]
ERR: 无法加载模块:Public

[ 2017-11-28T18:20:11+08:00 ] 112.17.239.8 /Public/admin/uploads/20171117/1cf846b7635293a9c62b343f6cfad33f9248.jpg
INFO: [ app_init ] --START--
INFO: Run Behavior\BuildLiteBehavior [ RunTime:0.000015s ]
INFO: [ app_init ] --END-- [ RunTime:0.000095s ]
ERR: 无法加载模块:Public

[ 2017-11-28T18:20:15+08:00 ] 112.17.239.8 /Public/admin/uploads/20171117/1cf846b7635293a9c62b343f6cfad33f9248.jpg
INFO: [ app_init ] --START--
INFO: Run Behavior\BuildLiteBehavior [ RunTime:0.000014s ]
INFO: [ app_init ] --END-- [ RunTime:0.000086s ]
ERR: 无法加载模块:Public

[ 2017-11-28T18:20:22+08:00 ] 112.17.239.8 /Public/admin/uploads/20171117/14fc95ca5e283c4c414ae86bb18674185629.jpg
INFO: [ app_init ] --START--
INFO: Run Behavior\BuildLiteBehavior [ RunTime:0.000017s ]
INFO: [ app_init ] --END-- [ RunTime:0.000114s ]
ERR: 无法加载模块:Public

[ 2017-11-28T18:21:23+08:00 ] 112.17.239.8 /Public/admin/uploads/20171117/afb220073b96dda9e268d16fb1ec5b501627.jpg
INFO: [ app_init ] --START--
INFO: Run Behavior\BuildLiteBehavior [ RunTime:0.000016s ]
INFO: [ app_init ] --END-- [ RunTime:0.000103s ]
ERR: 无法加载模块:Public

[ 2017-11-28T18:21:31+08:00 ] 112.17.239.8 /Public/admin/uploads/20171117/1cf846b7635293a9c62b343f6cfad33f9248.jpg
INFO: [ app_init ] --START--
INFO: Run Behavior\BuildLiteBehavior [ RunTime:0.000012s ]
INFO: [ app_init ] --END-- [ RunTime:0.000078s ]
ERR: 无法加载模块:Public

[ 2017-11-28T18:37:23+08:00 ] 115.206.246.122 /favicon.ico
INFO: [ app_init ] --START--
INFO: Run Behavior\BuildLiteBehavior [ RunTime:0.000017s ]
INFO: [ app_init ] --END-- [ RunTime:0.000108s ]
ERR: 无法加载模块:Favicon

[ 2017-11-28T18:38:09+08:00 ] 115.206.246.122 /favicon.ico
INFO: [ app_init ] --START--
INFO: Run Behavior\BuildLiteBehavior [ RunTime:0.000019s ]
INFO: [ app_init ] --END-- [ RunTime:0.000136s ]
ERR: 无法加载模块:Favicon

[ 2017-11-28T18:46:23+08:00 ] 115.206.246.122 /favicon.ico
INFO: [ app_init ] --START--
INFO: Run Behavior\BuildLiteBehavior [ RunTime:0.000016s ]
INFO: [ app_init ] --END-- [ RunTime:0.000103s ]
ERR: 无法加载模块:Favicon

[ 2017-11-28T19:09:37+08:00 ] 115.196.128.30 /Public/admin/uploads/20171128/5a1d41bba074a.png
INFO: [ app_init ] --START--
INFO: Run Behavior\BuildLiteBehavior [ RunTime:0.000016s ]
INFO: [ app_init ] --END-- [ RunTime:0.000103s ]
ERR: 无法加载模块:Public

[ 2017-11-28T19:10:02+08:00 ] 115.196.128.30 /Public/admin/uploads/20171128/5a1d41bba074a.png
INFO: [ app_init ] --START--
INFO: Run Behavior\BuildLiteBehavior [ RunTime:0.000018s ]
INFO: [ app_init ] --END-- [ RunTime:0.000127s ]
ERR: 无法加载模块:Public

[ 2017-11-28T19:10:06+08:00 ] 115.196.128.30 /Public/admin/uploads/20171128/5a1d41bba074a.png
INFO: [ app_init ] --START--
INFO: Run Behavior\BuildLiteBehavior [ RunTime:0.000013s ]
INFO: [ app_init ] --END-- [ RunTime:0.000096s ]
ERR: 无法加载模块:Public

[ 2017-11-28T19:16:36+08:00 ] 115.206.246.122 /Public/admin/uploads/20171128/5a1d45c054a37.png
INFO: [ app_init ] --START--
INFO: Run Behavior\BuildLiteBehavior [ RunTime:0.000014s ]
INFO: [ app_init ] --END-- [ RunTime:0.000103s ]
ERR: 无法加载模块:Public

[ 2017-11-28T19:16:37+08:00 ] 115.206.246.122 /Public/admin/uploads/20171128/5a1d45c055d4a.png
INFO: [ app_init ] --START--
INFO: Run Behavior\BuildLiteBehavior [ RunTime:0.000012s ]
INFO: [ app_init ] --END-- [ RunTime:0.000080s ]
ERR: 无法加载模块:Public

[ 2017-11-28T19:16:37+08:00 ] 115.206.246.122 /Public/admin/uploads/20171128/5a1d41bba074a.png
INFO: [ app_init ] --START--
INFO: Run Behavior\BuildLiteBehavior [ RunTime:0.000012s ]
INFO: [ app_init ] --END-- [ RunTime:0.000078s ]
ERR: 无法加载模块:Public

[ 2017-11-28T19:16:39+08:00 ] 115.206.246.122 /Public/admin/uploads/20171128/5a1d45c054a37.png
INFO: [ app_init ] --START--
INFO: Run Behavior\BuildLiteBehavior [ RunTime:0.000013s ]
INFO: [ app_init ] --END-- [ RunTime:0.000081s ]
ERR: 无法加载模块:Public

[ 2017-11-28T19:16:39+08:00 ] 115.206.246.122 /Public/admin/uploads/20171128/5a1d41bba074a.png
INFO: [ app_init ] --START--
INFO: Run Behavior\BuildLiteBehavior [ RunTime:0.000013s ]
INFO: [ app_init ] --END-- [ RunTime:0.000084s ]
ERR: 无法加载模块:Public

[ 2017-11-28T19:17:33+08:00 ] 115.206.246.122 /Public/admin/uploads/20171128/5a1d45c054a37.png
INFO: [ app_init ] --START--
INFO: Run Behavior\BuildLiteBehavior [ RunTime:0.000016s ]
INFO: [ app_init ] --END-- [ RunTime:0.000105s ]
ERR: 无法加载模块:Public

[ 2017-11-28T19:17:33+08:00 ] 115.206.246.122 /Public/admin/uploads/20171128/5a1d41bba074a.png
INFO: [ app_init ] --START--
INFO: Run Behavior\BuildLiteBehavior [ RunTime:0.000015s ]
INFO: [ app_init ] --END-- [ RunTime:0.000106s ]
ERR: 无法加载模块:Public

[ 2017-11-28T19:17:33+08:00 ] 115.206.246.122 /Public/admin/uploads/20171128/5a1d45c055d4a.png
INFO: [ app_init ] --START--
INFO: Run Behavior\BuildLiteBehavior [ RunTime:0.000012s ]
INFO: [ app_init ] --END-- [ RunTime:0.000083s ]
ERR: 无法加载模块:Public

[ 2017-11-28T19:17:37+08:00 ] 115.206.246.122 /Public/admin/uploads/20171128/5a1d41bba074a.png
INFO: [ app_init ] --START--
INFO: Run Behavior\BuildLiteBehavior [ RunTime:0.000015s ]
INFO: [ app_init ] --END-- [ RunTime:0.000093s ]
ERR: 无法加载模块:Public

[ 2017-11-28T19:17:37+08:00 ] 115.206.246.122 /Public/admin/uploads/20171128/5a1d45c054a37.png
INFO: [ app_init ] --START--
INFO: Run Behavior\BuildLiteBehavior [ RunTime:0.000013s ]
INFO: [ app_init ] --END-- [ RunTime:0.000095s ]
ERR: 无法加载模块:Public

[ 2017-11-28T19:18:02+08:00 ] 115.206.246.122 /Public/admin/uploads/20171128/5a1d45c054a37.png
INFO: [ app_init ] --START--
INFO: Run Behavior\BuildLiteBehavior [ RunTime:0.000015s ]
INFO: [ app_init ] --END-- [ RunTime:0.000092s ]
ERR: 无法加载模块:Public

[ 2017-11-28T19:18:02+08:00 ] 115.206.246.122 /Public/admin/uploads/20171128/5a1d41bba074a.png
INFO: [ app_init ] --START--
INFO: Run Behavior\BuildLiteBehavior [ RunTime:0.000014s ]
INFO: [ app_init ] --END-- [ RunTime:0.000090s ]
ERR: 无法加载模块:Public

[ 2017-11-28T19:22:18+08:00 ] 115.206.246.122 /Public/admin/uploads/20171128/5a1d45c054a37.png
INFO: [ app_init ] --START--
INFO: Run Behavior\BuildLiteBehavior [ RunTime:0.000016s ]
INFO: [ app_init ] --END-- [ RunTime:0.000099s ]
ERR: 无法加载模块:Public

[ 2017-11-28T19:22:18+08:00 ] 115.206.246.122 /Public/admin/uploads/20171128/5a1d45c055d4a.png
INFO: [ app_init ] --START--
INFO: Run Behavior\BuildLiteBehavior [ RunTime:0.000012s ]
INFO: [ app_init ] --END-- [ RunTime:0.000077s ]
ERR: 无法加载模块:Public

[ 2017-11-28T19:22:53+08:00 ] 115.206.246.122 /Public/admin/uploads/20171128/5a1d45c054a37.png
INFO: [ app_init ] --START--
INFO: Run Behavior\BuildLiteBehavior [ RunTime:0.000017s ]
INFO: [ app_init ] --END-- [ RunTime:0.000135s ]
ERR: 无法加载模块:Public

[ 2017-11-28T19:22:53+08:00 ] 115.206.246.122 /Public/admin/uploads/20171128/5a1d45c055d4a.png
INFO: [ app_init ] --START--
INFO: Run Behavior\BuildLiteBehavior [ RunTime:0.000013s ]
INFO: [ app_init ] --END-- [ RunTime:0.000081s ]
ERR: 无法加载模块:Public

[ 2017-11-28T19:22:54+08:00 ] 115.206.246.122 /Public/admin/uploads/20171128/5a1d41bba074a.png
INFO: [ app_init ] --START--
INFO: Run Behavior\BuildLiteBehavior [ RunTime:0.000020s ]
INFO: [ app_init ] --END-- [ RunTime:0.000144s ]
ERR: 无法加载模块:Public

[ 2017-11-28T19:22:54+08:00 ] 115.206.246.122 /Public/admin/uploads/20171128/5a1d45c054a37.png
INFO: [ app_init ] --START--
INFO: Run Behavior\BuildLiteBehavior [ RunTime:0.000011s ]
INFO: [ app_init ] --END-- [ RunTime:0.000086s ]
ERR: 无法加载模块:Public

[ 2017-11-28T19:22:54+08:00 ] 115.206.246.122 /Public/admin/uploads/20171128/5a1d45c055d4a.png
INFO: [ app_init ] --START--
INFO: Run Behavior\BuildLiteBehavior [ RunTime:0.000011s ]
INFO: [ app_init ] --END-- [ RunTime:0.000076s ]
ERR: 无法加载模块:Public

[ 2017-11-28T19:23:11+08:00 ] 115.206.246.122 /Public/admin/uploads/20171128/5a1d45c054a37.png
INFO: [ app_init ] --START--
INFO: Run Behavior\BuildLiteBehavior [ RunTime:0.000014s ]
INFO: [ app_init ] --END-- [ RunTime:0.000091s ]
ERR: 无法加载模块:Public

[ 2017-11-28T19:23:11+08:00 ] 115.206.246.122 /Public/admin/uploads/20171128/5a1d45c055d4a.png
INFO: [ app_init ] --START--
INFO: Run Behavior\BuildLiteBehavior [ RunTime:0.000012s ]
INFO: [ app_init ] --END-- [ RunTime:0.000075s ]
ERR: 无法加载模块:Public

[ 2017-11-28T19:23:11+08:00 ] 115.206.246.122 /Public/admin/uploads/20171128/5a1d41bba074a.png
INFO: [ app_init ] --START--
INFO: Run Behavior\BuildLiteBehavior [ RunTime:0.000011s ]
INFO: [ app_init ] --END-- [ RunTime:0.000076s ]
ERR: 无法加载模块:Public

[ 2017-11-28T19:23:15+08:00 ] 115.206.246.122 /Public/admin/uploads/20171128/5a1d41bba074a.png
INFO: [ app_init ] --START--
INFO: Run Behavior\BuildLiteBehavior [ RunTime:0.000013s ]
INFO: [ app_init ] --END-- [ RunTime:0.000083s ]
ERR: 无法加载模块:Public

[ 2017-11-28T19:24:14+08:00 ] 115.206.246.122 /Public/admin/uploads/20171128/5a1d41bba074a.png
INFO: [ app_init ] --START--
INFO: Run Behavior\BuildLiteBehavior [ RunTime:0.000011s ]
INFO: [ app_init ] --END-- [ RunTime:0.000080s ]
ERR: 无法加载模块:Public

[ 2017-11-28T19:24:34+08:00 ] 115.206.246.122 /Public/admin/uploads/20171128/5a1d41bba074a.png
INFO: [ app_init ] --START--
INFO: Run Behavior\BuildLiteBehavior [ RunTime:0.000015s ]
INFO: [ app_init ] --END-- [ RunTime:0.000093s ]
ERR: 无法加载模块:Public

[ 2017-11-28T19:26:35+08:00 ] 115.206.246.122 /Public/admin/uploads/20171128/5a1d41bba074a.png
INFO: [ app_init ] --START--
INFO: Run Behavior\BuildLiteBehavior [ RunTime:0.000013s ]
INFO: [ app_init ] --END-- [ RunTime:0.000099s ]
ERR: 无法加载模块:Public

[ 2017-11-28T19:27:32+08:00 ] 115.206.246.122 /Public/admin/uploads/20171128/5a1d41bba074a.png
INFO: [ app_init ] --START--
INFO: Run Behavior\BuildLiteBehavior [ RunTime:0.000012s ]
INFO: [ app_init ] --END-- [ RunTime:0.000081s ]
ERR: 无法加载模块:Public

[ 2017-11-28T19:27:37+08:00 ] 115.206.246.122 /Public/admin/uploads/20171128/5a1d41bba074a.png
INFO: [ app_init ] --START--
INFO: Run Behavior\BuildLiteBehavior [ RunTime:0.000013s ]
INFO: [ app_init ] --END-- [ RunTime:0.000090s ]
ERR: 无法加载模块:Public

[ 2017-11-28T19:32:09+08:00 ] 115.206.246.122 /Public/admin/uploads/20171128/5a1d4955673c3.png
INFO: [ app_init ] --START--
INFO: Run Behavior\BuildLiteBehavior [ RunTime:0.000038s ]
INFO: [ app_init ] --END-- [ RunTime:0.000116s ]
ERR: 无法加载模块:Public

[ 2017-11-28T19:32:09+08:00 ] 115.206.246.122 /Public/admin/uploads/20171128/5a1d41bba074a.png
INFO: [ app_init ] --START--
INFO: Run Behavior\BuildLiteBehavior [ RunTime:0.000012s ]
INFO: [ app_init ] --END-- [ RunTime:0.000079s ]
ERR: 无法加载模块:Public

[ 2017-11-28T19:32:29+08:00 ] 115.206.246.122 /Public/admin/uploads/20171128/5a1d4955673c3.png
INFO: [ app_init ] --START--
INFO: Run Behavior\BuildLiteBehavior [ RunTime:0.000014s ]
INFO: [ app_init ] --END-- [ RunTime:0.000088s ]
ERR: 无法加载模块:Public

[ 2017-11-28T19:32:29+08:00 ] 115.206.246.122 /Public/admin/uploads/20171128/5a1d41bba074a.png
INFO: [ app_init ] --START--
INFO: Run Behavior\BuildLiteBehavior [ RunTime:0.000012s ]
INFO: [ app_init ] --END-- [ RunTime:0.000077s ]
ERR: 无法加载模块:Public

[ 2017-11-28T19:32:29+08:00 ] 115.206.246.122 /Public/admin/uploads/20171128/5a1d4955673c3.png
INFO: [ app_init ] --START--
INFO: Run Behavior\BuildLiteBehavior [ RunTime:0.000013s ]
INFO: [ app_init ] --END-- [ RunTime:0.000080s ]
ERR: 无法加载模块:Public

[ 2017-11-28T19:32:39+08:00 ] 115.206.246.122 /Public/admin/uploads/20171128/5a1d41bba074a.png
INFO: [ app_init ] --START--
INFO: Run Behavior\BuildLiteBehavior [ RunTime:0.000013s ]
INFO: [ app_init ] --END-- [ RunTime:0.000081s ]
ERR: 无法加载模块:Public

[ 2017-11-28T19:35:44+08:00 ] 115.206.246.122 /Public/admin/uploads/20171128/5a1d4a0f15752.png
INFO: [ app_init ] --START--
INFO: Run Behavior\BuildLiteBehavior [ RunTime:0.000014s ]
INFO: [ app_init ] --END-- [ RunTime:0.000098s ]
ERR: 无法加载模块:Public

[ 2017-11-28T19:35:44+08:00 ] 115.206.246.122 /Public/admin/uploads/20171128/5a1d49ff5e69e.png
INFO: [ app_init ] --START--
INFO: Run Behavior\BuildLiteBehavior [ RunTime:0.000012s ]
INFO: [ app_init ] --END-- [ RunTime:0.000095s ]
ERR: 无法加载模块:Public

[ 2017-11-28T19:35:44+08:00 ] 115.206.246.122 /Public/admin/uploads/20171128/5a1d49d922921.png
INFO: [ app_init ] --START--
INFO: Run Behavior\BuildLiteBehavior [ RunTime:0.000013s ]
INFO: [ app_init ] --END-- [ RunTime:0.000085s ]
ERR: 无法加载模块:Public

[ 2017-11-28T19:35:44+08:00 ] 115.206.246.122 /Public/admin/uploads/20171128/5a1d49e88d61d.png
INFO: [ app_init ] --START--
INFO: Run Behavior\BuildLiteBehavior [ RunTime:0.000012s ]
INFO: [ app_init ] --END-- [ RunTime:0.000082s ]
ERR: 无法加载模块:Public

[ 2017-11-28T19:35:44+08:00 ] 115.206.246.122 /Public/admin/uploads/20171128/5a1d4a38e42aa.png
INFO: [ app_init ] --START--
INFO: Run Behavior\BuildLiteBehavior [ RunTime:0.000013s ]
INFO: [ app_init ] --END-- [ RunTime:0.000084s ]
ERR: 无法加载模块:Public

[ 2017-11-28T19:35:48+08:00 ] 115.206.246.122 /Public/admin/uploads/20171128/5a1d4a0f15752.png
INFO: [ app_init ] --START--
INFO: Run Behavior\BuildLiteBehavior [ RunTime:0.000013s ]
INFO: [ app_init ] --END-- [ RunTime:0.000080s ]
ERR: 无法加载模块:Public

[ 2017-11-28T19:35:48+08:00 ] 115.206.246.122 /Public/admin/uploads/20171128/5a1d49ff5e69e.png
INFO: [ app_init ] --START--
INFO: Run Behavior\BuildLiteBehavior [ RunTime:0.000013s ]
INFO: [ app_init ] --END-- [ RunTime:0.000098s ]
ERR: 无法加载模块:Public

[ 2017-11-28T19:35:48+08:00 ] 115.206.246.122 /Public/admin/uploads/20171128/5a1d49d922921.png
INFO: [ app_init ] --START--
INFO: Run Behavior\BuildLiteBehavior [ RunTime:0.000013s ]
INFO: [ app_init ] --END-- [ RunTime:0.000082s ]
ERR: 无法加载模块:Public

[ 2017-11-28T19:35:48+08:00 ] 115.206.246.122 /Public/admin/uploads/20171128/5a1d4a38e42aa.png
INFO: [ app_init ] --START--
INFO: Run Behavior\BuildLiteBehavior [ RunTime:0.000012s ]
INFO: [ app_init ] --END-- [ RunTime:0.000085s ]
ERR: 无法加载模块:Public

[ 2017-11-28T19:35:48+08:00 ] 115.206.246.122 /Public/admin/uploads/20171128/5a1d49e88d61d.png
INFO: [ app_init ] --START--
INFO: Run Behavior\BuildLiteBehavior [ RunTime:0.000012s ]
INFO: [ app_init ] --END-- [ RunTime:0.000082s ]
ERR: 无法加载模块:Public

[ 2017-11-28T19:35:50+08:00 ] 115.206.246.122 /Public/admin/uploads/20171128/5a1d4a0f15752.png
INFO: [ app_init ] --START--
INFO: Run Behavior\BuildLiteBehavior [ RunTime:0.000013s ]
INFO: [ app_init ] --END-- [ RunTime:0.000084s ]
ERR: 无法加载模块:Public

[ 2017-11-28T19:35:50+08:00 ] 115.206.246.122 /Public/admin/uploads/20171128/5a1d49ff5e69e.png
INFO: [ app_init ] --START--
INFO: Run Behavior\BuildLiteBehavior [ RunTime:0.000015s ]
INFO: [ app_init ] --END-- [ RunTime:0.000097s ]
ERR: 无法加载模块:Public

[ 2017-11-28T19:35:50+08:00 ] 115.206.246.122 /Public/admin/uploads/20171128/5a1d49d922921.png
INFO: [ app_init ] --START--
INFO: Run Behavior\BuildLiteBehavior [ RunTime:0.000013s ]
INFO: [ app_init ] --END-- [ RunTime:0.000088s ]
ERR: 无法加载模块:Public

[ 2017-11-28T19:35:50+08:00 ] 115.206.246.122 /Public/admin/uploads/20171128/5a1d49e88d61d.png
INFO: [ app_init ] --START--
INFO: Run Behavior\BuildLiteBehavior [ RunTime:0.000012s ]
INFO: [ app_init ] --END-- [ RunTime:0.000082s ]
ERR: 无法加载模块:Public

[ 2017-11-28T19:35:50+08:00 ] 115.206.246.122 /Public/admin/uploads/20171128/5a1d4a38e42aa.png
INFO: [ app_init ] --START--
INFO: Run Behavior\BuildLiteBehavior [ RunTime:0.000012s ]
INFO: [ app_init ] --END-- [ RunTime:0.000082s ]
ERR: 无法加载模块:Public

