[ 2017-11-27T15:31:09+08:00 ] 61.129.7.254 /Public/admin/dist/js/wx_index_text.js
INFO: [ app_init ] --START--
INFO: Run Behavior\BuildLiteBehavior [ RunTime:0.000014s ]
INFO: [ app_init ] --END-- [ RunTime:0.000086s ]
ERR: 无法加载模块:Public

[ 2017-11-27T15:31:35+08:00 ] 61.129.7.254 /Public/admin/dist/js/wx_index_text.js
INFO: [ app_init ] --START--
INFO: Run Behavior\BuildLiteBehavior [ RunTime:0.000015s ]
INFO: [ app_init ] --END-- [ RunTime:0.000095s ]
ERR: 无法加载模块:Public

[ 2017-11-27T15:47:05+08:00 ] 122.224.111.60 /Public/admin/dist/js/wx_index_text.js
INFO: [ app_init ] --START--
INFO: Run Behavior\BuildLiteBehavior [ RunTime:0.000016s ]
INFO: [ app_init ] --END-- [ RunTime:0.000136s ]
ERR: 无法加载模块:Public

[ 2017-11-27T15:47:05+08:00 ] 122.224.111.60 /Public/admin/dist/js/wx_index_text.js
INFO: [ app_init ] --START--
INFO: Run Behavior\BuildLiteBehavior [ RunTime:0.000016s ]
INFO: [ app_init ] --END-- [ RunTime:0.000139s ]
ERR: 无法加载模块:Public

[ 2017-11-27T15:52:35+08:00 ] 120.204.17.68 /Public/admin/dist/js/wx_index_text.js
INFO: [ app_init ] --START--
INFO: Run Behavior\BuildLiteBehavior [ RunTime:0.000016s ]
INFO: [ app_init ] --END-- [ RunTime:0.000116s ]
ERR: 无法加载模块:Public

[ 2017-11-27T15:52:42+08:00 ] 61.129.7.254 /Public/admin/dist/js/wx_index_text.js
INFO: [ app_init ] --START--
INFO: Run Behavior\BuildLiteBehavior [ RunTime:0.000015s ]
INFO: [ app_init ] --END-- [ RunTime:0.000096s ]
ERR: 无法加载模块:Public

[ 2017-11-27T15:53:08+08:00 ] 61.129.7.254 /Public/admin/dist/js/wx_index_text.js
INFO: [ app_init ] --START--
INFO: Run Behavior\BuildLiteBehavior [ RunTime:0.000016s ]
INFO: [ app_init ] --END-- [ RunTime:0.000104s ]
ERR: 无法加载模块:Public

[ 2017-11-27T15:53:28+08:00 ] 61.129.7.254 /Public/admin/dist/js/wx_index_text.js
INFO: [ app_init ] --START--
INFO: Run Behavior\BuildLiteBehavior [ RunTime:0.000017s ]
INFO: [ app_init ] --END-- [ RunTime:0.000113s ]
ERR: 无法加载模块:Public

[ 2017-11-27T15:54:14+08:00 ] 61.129.7.254 /Public/admin/dist/js/wx_index_text.js
INFO: [ app_init ] --START--
INFO: Run Behavior\BuildLiteBehavior [ RunTime:0.000015s ]
INFO: [ app_init ] --END-- [ RunTime:0.000089s ]
ERR: 无法加载模块:Public

[ 2017-11-27T15:54:21+08:00 ] 120.204.17.69 /Public/admin/dist/js/wx_index_text.js
INFO: [ app_init ] --START--
INFO: Run Behavior\BuildLiteBehavior [ RunTime:0.000016s ]
INFO: [ app_init ] --END-- [ RunTime:0.000099s ]
ERR: 无法加载模块:Public

[ 2017-11-27T15:54:50+08:00 ] 61.129.7.254 /Public/admin/dist/js/wx_index_text.js
INFO: [ app_init ] --START--
INFO: Run Behavior\BuildLiteBehavior [ RunTime:0.000017s ]
INFO: [ app_init ] --END-- [ RunTime:0.000105s ]
ERR: 无法加载模块:Public

[ 2017-11-27T15:55:13+08:00 ] 61.151.207.252 /Public/admin/dist/js/wx_index_text.js
INFO: [ app_init ] --START--
INFO: Run Behavior\BuildLiteBehavior [ RunTime:0.000017s ]
INFO: [ app_init ] --END-- [ RunTime:0.000115s ]
ERR: 无法加载模块:Public

[ 2017-11-27T16:00:31+08:00 ] 115.206.246.122 /Public/admin/dist/js/wx_index_text.js
INFO: [ app_init ] --START--
INFO: Run Behavior\BuildLiteBehavior [ RunTime:0.000017s ]
INFO: [ app_init ] --END-- [ RunTime:0.000128s ]
ERR: 无法加载模块:Public

[ 2017-11-27T16:00:40+08:00 ] 115.206.246.122 /Public/admin/dist/js/wx_index_text.js
INFO: [ app_init ] --START--
INFO: Run Behavior\BuildLiteBehavior [ RunTime:0.000016s ]
INFO: [ app_init ] --END-- [ RunTime:0.000101s ]
ERR: 无法加载模块:Public

[ 2017-11-27T16:01:11+08:00 ] 115.206.246.122 /Public/admin/dist/js/wx_index_text.js
INFO: [ app_init ] --START--
INFO: Run Behavior\BuildLiteBehavior [ RunTime:0.000016s ]
INFO: [ app_init ] --END-- [ RunTime:0.000104s ]
ERR: 无法加载模块:Public

[ 2017-11-27T16:01:47+08:00 ] 115.206.246.122 /Public/admin/dist/js/wx_index_text.js
INFO: [ app_init ] --START--
INFO: Run Behavior\BuildLiteBehavior [ RunTime:0.000016s ]
INFO: [ app_init ] --END-- [ RunTime:0.000099s ]
ERR: 无法加载模块:Public

[ 2017-11-27T16:03:18+08:00 ] 61.129.7.254 /Public/admin/dist/js/wx_index_text.js
INFO: [ app_init ] --START--
INFO: Run Behavior\BuildLiteBehavior [ RunTime:0.000017s ]
INFO: [ app_init ] --END-- [ RunTime:0.000142s ]
ERR: 无法加载模块:Public

[ 2017-11-27T16:05:38+08:00 ] 115.206.246.122 /Public/admin/dist/js/wx_index_text.js
INFO: [ app_init ] --START--
INFO: Run Behavior\BuildLiteBehavior [ RunTime:0.000018s ]
INFO: [ app_init ] --END-- [ RunTime:0.000110s ]
ERR: 无法加载模块:Public

[ 2017-11-27T16:07:12+08:00 ] 115.206.246.122 /Public/admin/dist/js/wx_index_text.js
INFO: [ app_init ] --START--
INFO: Run Behavior\BuildLiteBehavior [ RunTime:0.000016s ]
INFO: [ app_init ] --END-- [ RunTime:0.000103s ]
ERR: 无法加载模块:Public

[ 2017-11-27T16:07:23+08:00 ] 115.206.246.122 /Public/admin/dist/js/wx_index_text.js
INFO: [ app_init ] --START--
INFO: Run Behavior\BuildLiteBehavior [ RunTime:0.000014s ]
INFO: [ app_init ] --END-- [ RunTime:0.000094s ]
ERR: 无法加载模块:Public

[ 2017-11-27T16:08:05+08:00 ] 115.206.246.122 /Public/admin/dist/js/wx_index_text.js
INFO: [ app_init ] --START--
INFO: Run Behavior\BuildLiteBehavior [ RunTime:0.000016s ]
INFO: [ app_init ] --END-- [ RunTime:0.000102s ]
ERR: 无法加载模块:Public

[ 2017-11-27T16:08:14+08:00 ] 115.206.246.122 /Public/admin/dist/js/wx_index_text.js
INFO: [ app_init ] --START--
INFO: Run Behavior\BuildLiteBehavior [ RunTime:0.000014s ]
INFO: [ app_init ] --END-- [ RunTime:0.000096s ]
ERR: 无法加载模块:Public

[ 2017-11-27T16:10:32+08:00 ] 120.204.17.68 /Public/admin/dist/js/wx_index_text.js
INFO: [ app_init ] --START--
INFO: Run Behavior\BuildLiteBehavior [ RunTime:0.000017s ]
INFO: [ app_init ] --END-- [ RunTime:0.000107s ]
ERR: 无法加载模块:Public

[ 2017-11-27T16:10:45+08:00 ] 115.206.246.122 /Public/admin/dist/js/wx_index_text.js
INFO: [ app_init ] --START--
INFO: Run Behavior\BuildLiteBehavior [ RunTime:0.000016s ]
INFO: [ app_init ] --END-- [ RunTime:0.000101s ]
ERR: 无法加载模块:Public

[ 2017-11-27T16:14:11+08:00 ] 115.206.246.122 /Public/admin/dist/js/wx_index_text.js
INFO: [ app_init ] --START--
INFO: Run Behavior\BuildLiteBehavior [ RunTime:0.000018s ]
INFO: [ app_init ] --END-- [ RunTime:0.000113s ]
ERR: 无法加载模块:Public

[ 2017-11-27T16:14:15+08:00 ] 115.206.246.122 /Public/admin/dist/js/wx_index_text.js
INFO: [ app_init ] --START--
INFO: Run Behavior\BuildLiteBehavior [ RunTime:0.000012s ]
INFO: [ app_init ] --END-- [ RunTime:0.000084s ]
ERR: 无法加载模块:Public

[ 2017-11-27T16:14:18+08:00 ] 115.206.246.122 /Public/admin/dist/js/wx_index_text.js
INFO: [ app_init ] --START--
INFO: Run Behavior\BuildLiteBehavior [ RunTime:0.000014s ]
INFO: [ app_init ] --END-- [ RunTime:0.000089s ]
ERR: 无法加载模块:Public

[ 2017-11-27T16:15:17+08:00 ] 115.206.246.122 /Public/admin/dist/js/wx_index_text.js
INFO: [ app_init ] --START--
INFO: Run Behavior\BuildLiteBehavior [ RunTime:0.000014s ]
INFO: [ app_init ] --END-- [ RunTime:0.000086s ]
ERR: 无法加载模块:Public

[ 2017-11-27T16:15:20+08:00 ] 115.206.246.122 /Public/admin/dist/js/wx_index_text.js
INFO: [ app_init ] --START--
INFO: Run Behavior\BuildLiteBehavior [ RunTime:0.000013s ]
INFO: [ app_init ] --END-- [ RunTime:0.000092s ]
ERR: 无法加载模块:Public

[ 2017-11-27T16:15:23+08:00 ] 115.206.246.122 /Public/admin/dist/js/wx_index_text.js
INFO: [ app_init ] --START--
INFO: Run Behavior\BuildLiteBehavior [ RunTime:0.000013s ]
INFO: [ app_init ] --END-- [ RunTime:0.000088s ]
ERR: 无法加载模块:Public

[ 2017-11-27T16:15:27+08:00 ] 115.206.246.122 /Public/admin/dist/js/wx_index_text.js
INFO: [ app_init ] --START--
INFO: Run Behavior\BuildLiteBehavior [ RunTime:0.000013s ]
INFO: [ app_init ] --END-- [ RunTime:0.000086s ]
ERR: 无法加载模块:Public

[ 2017-11-27T16:17:00+08:00 ] 115.206.246.122 /Public/admin/dist/js/wx_index_text.js
INFO: [ app_init ] --START--
INFO: Run Behavior\BuildLiteBehavior [ RunTime:0.000017s ]
INFO: [ app_init ] --END-- [ RunTime:0.000103s ]
ERR: 无法加载模块:Public

[ 2017-11-27T16:17:04+08:00 ] 115.206.246.122 /Public/admin/dist/js/wx_index_text.js
INFO: [ app_init ] --START--
INFO: Run Behavior\BuildLiteBehavior [ RunTime:0.000014s ]
INFO: [ app_init ] --END-- [ RunTime:0.000094s ]
ERR: 无法加载模块:Public

[ 2017-11-27T16:17:07+08:00 ] 115.206.246.122 /Public/admin/dist/js/wx_index_text.js
INFO: [ app_init ] --START--
INFO: Run Behavior\BuildLiteBehavior [ RunTime:0.000014s ]
INFO: [ app_init ] --END-- [ RunTime:0.000095s ]
ERR: 无法加载模块:Public

[ 2017-11-27T16:30:31+08:00 ] 61.151.207.252 /Public/admin/dist/js/wx_index_text.js
INFO: [ app_init ] --START--
INFO: Run Behavior\BuildLiteBehavior [ RunTime:0.000015s ]
INFO: [ app_init ] --END-- [ RunTime:0.000098s ]
ERR: 无法加载模块:Public

[ 2017-11-27T16:31:46+08:00 ] 122.224.109.234 /Public/admin/dist/js/wx_index_text.js
INFO: [ app_init ] --START--
INFO: Run Behavior\BuildLiteBehavior [ RunTime:0.000015s ]
INFO: [ app_init ] --END-- [ RunTime:0.000096s ]
ERR: 无法加载模块:Public

[ 2017-11-27T16:33:57+08:00 ] 121.51.32.144 /Public/admin/dist/js/wx_index_text.js
INFO: [ app_init ] --START--
INFO: Run Behavior\BuildLiteBehavior [ RunTime:0.000017s ]
INFO: [ app_init ] --END-- [ RunTime:0.000109s ]
ERR: 无法加载模块:Public

[ 2017-11-27T16:51:03+08:00 ] 61.151.207.252 /Public/admin/dist/js/wx_index_text.js
INFO: [ app_init ] --START--
INFO: Run Behavior\BuildLiteBehavior [ RunTime:0.000018s ]
INFO: [ app_init ] --END-- [ RunTime:0.000116s ]
ERR: 无法加载模块:Public

[ 2017-11-27T16:59:59+08:00 ] 115.206.246.122 /Public/admin/uploads/20171124/5a18399e960a5.png
INFO: [ app_init ] --START--
INFO: Run Behavior\BuildLiteBehavior [ RunTime:0.000015s ]
INFO: [ app_init ] --END-- [ RunTime:0.000101s ]
ERR: 无法加载模块:Public

[ 2017-11-27T17:18:47+08:00 ] 111.206.221.97 /Public/admin/dist/js/wx_index_text.js
INFO: [ app_init ] --START--
INFO: Run Behavior\BuildLiteBehavior [ RunTime:0.000016s ]
INFO: [ app_init ] --END-- [ RunTime:0.000111s ]
ERR: 无法加载模块:Public

[ 2017-11-27T18:46:08+08:00 ] 115.206.246.122 /favicon.ico
INFO: [ app_init ] --START--
INFO: Run Behavior\BuildLiteBehavior [ RunTime:0.000019s ]
INFO: [ app_init ] --END-- [ RunTime:0.000123s ]
ERR: 无法加载模块:Favicon

[ 2017-11-27T18:55:35+08:00 ] 61.129.7.254 /Public/admin/dist/js/wx_index_text.js
INFO: [ app_init ] --START--
INFO: Run Behavior\BuildLiteBehavior [ RunTime:0.000015s ]
INFO: [ app_init ] --END-- [ RunTime:0.000100s ]
ERR: 无法加载模块:Public

[ 2017-11-27T18:56:09+08:00 ] 61.129.7.254 /Public/admin/dist/js/wx_index_text.js
INFO: [ app_init ] --START--
INFO: Run Behavior\BuildLiteBehavior [ RunTime:0.000015s ]
INFO: [ app_init ] --END-- [ RunTime:0.000096s ]
ERR: 无法加载模块:Public

[ 2017-11-27T18:56:43+08:00 ] 61.129.7.254 /Public/admin/dist/js/wx_index_text.js
INFO: [ app_init ] --START--
INFO: Run Behavior\BuildLiteBehavior [ RunTime:0.000017s ]
INFO: [ app_init ] --END-- [ RunTime:0.000131s ]
ERR: 无法加载模块:Public

[ 2017-11-27T18:56:52+08:00 ] 115.206.246.122 /Public/admin/uploads/20171117/b0212bdda209c65c75fc72fbc3ff3e685706.jpg
INFO: [ app_init ] --START--
INFO: Run Behavior\BuildLiteBehavior [ RunTime:0.000016s ]
INFO: [ app_init ] --END-- [ RunTime:0.000101s ]
ERR: 无法加载模块:Public

[ 2017-11-27T18:56:52+08:00 ] 115.206.246.122 /Public/admin/uploads/20171117/14fc95ca5e283c4c414ae86bb18674185629.jpg
INFO: [ app_init ] --START--
INFO: Run Behavior\BuildLiteBehavior [ RunTime:0.000014s ]
INFO: [ app_init ] --END-- [ RunTime:0.000084s ]
ERR: 无法加载模块:Public

[ 2017-11-27T18:56:52+08:00 ] 115.206.246.122 /Public/admin/uploads/20171117/f87bd751607f5c59cdf7954616db32fd5289.jpg
INFO: [ app_init ] --START--
INFO: Run Behavior\BuildLiteBehavior [ RunTime:0.000014s ]
INFO: [ app_init ] --END-- [ RunTime:0.000096s ]
ERR: 无法加载模块:Public

[ 2017-11-27T18:56:52+08:00 ] 115.206.246.122 /Public/admin/uploads/20171117/afb220073b96dda9e268d16fb1ec5b501627.jpg
INFO: [ app_init ] --START--
INFO: Run Behavior\BuildLiteBehavior [ RunTime:0.000015s ]
INFO: [ app_init ] --END-- [ RunTime:0.000094s ]
ERR: 无法加载模块:Public

[ 2017-11-27T18:56:52+08:00 ] 115.206.246.122 /Public/admin/uploads/20171117/4479ce35f37ba8ed54a1fd5e87ed14808161.jpg
INFO: [ app_init ] --START--
INFO: Run Behavior\BuildLiteBehavior [ RunTime:0.000012s ]
INFO: [ app_init ] --END-- [ RunTime:0.000095s ]
ERR: 无法加载模块:Public

[ 2017-11-27T18:56:52+08:00 ] 115.206.246.122 /Public/admin/uploads/20171117/eef48ca524fb72ef944a70c43754f30e5826.jpg
INFO: [ app_init ] --START--
INFO: Run Behavior\BuildLiteBehavior [ RunTime:0.000014s ]
INFO: [ app_init ] --END-- [ RunTime:0.000112s ]
ERR: 无法加载模块:Public

[ 2017-11-27T18:56:52+08:00 ] 115.206.246.122 /Public/admin/uploads/20171117/8b6212eb6d839233dd8d400dfc52d97b6100.jpg
INFO: [ app_init ] --START--
INFO: Run Behavior\BuildLiteBehavior [ RunTime:0.000012s ]
INFO: [ app_init ] --END-- [ RunTime:0.000080s ]
ERR: 无法加载模块:Public

[ 2017-11-27T18:56:52+08:00 ] 115.206.246.122 /Public/admin/uploads/20171117/4553911af11c674b2bbe4a7a417712e57052.jpg
INFO: [ app_init ] --START--
INFO: Run Behavior\BuildLiteBehavior [ RunTime:0.000012s ]
INFO: [ app_init ] --END-- [ RunTime:0.000079s ]
ERR: 无法加载模块:Public

[ 2017-11-27T18:56:52+08:00 ] 115.206.246.122 /Public/admin/uploads/20171117/1cf846b7635293a9c62b343f6cfad33f9248.jpg
INFO: [ app_init ] --START--
INFO: Run Behavior\BuildLiteBehavior [ RunTime:0.000012s ]
INFO: [ app_init ] --END-- [ RunTime:0.000084s ]
ERR: 无法加载模块:Public

[ 2017-11-27T19:09:59+08:00 ] 115.206.246.122 /Public/admin/dist/js/wx_index_text.js
INFO: [ app_init ] --START--
INFO: Run Behavior\BuildLiteBehavior [ RunTime:0.000018s ]
INFO: [ app_init ] --END-- [ RunTime:0.000116s ]
ERR: 无法加载模块:Public

[ 2017-11-27T19:09:59+08:00 ] 115.206.246.122 /Public/admin/dist/js/wx_index_text.js
INFO: [ app_init ] --START--
INFO: Run Behavior\BuildLiteBehavior [ RunTime:0.000016s ]
INFO: [ app_init ] --END-- [ RunTime:0.000106s ]
ERR: 无法加载模块:Public

[ 2017-11-27T19:10:15+08:00 ] 115.206.246.122 /favicon.ico
INFO: [ app_init ] --START--
INFO: Run Behavior\BuildLiteBehavior [ RunTime:0.000018s ]
INFO: [ app_init ] --END-- [ RunTime:0.000119s ]
ERR: 无法加载模块:Favicon

[ 2017-11-27T20:31:57+08:00 ] 61.129.7.254 /Public/admin/dist/js/wx_index_text.js
INFO: [ app_init ] --START--
INFO: Run Behavior\BuildLiteBehavior [ RunTime:0.000014s ]
INFO: [ app_init ] --END-- [ RunTime:0.000099s ]
ERR: 无法加载模块:Public

[ 2017-11-27T20:32:10+08:00 ] 61.129.7.254 /Public/admin/dist/js/wx_index_text.js
INFO: [ app_init ] --START--
INFO: Run Behavior\BuildLiteBehavior [ RunTime:0.000019s ]
INFO: [ app_init ] --END-- [ RunTime:0.000173s ]
ERR: 无法加载模块:Public

[ 2017-11-27T20:32:12+08:00 ] 61.129.7.254 /Public/admin/dist/js/wx_index_text.js
INFO: [ app_init ] --START--
INFO: Run Behavior\BuildLiteBehavior [ RunTime:0.000015s ]
INFO: [ app_init ] --END-- [ RunTime:0.000130s ]
ERR: 无法加载模块:Public

[ 2017-11-27T20:32:16+08:00 ] 61.129.7.254 /Public/admin/dist/js/wx_index_text.js
INFO: [ app_init ] --START--
INFO: Run Behavior\BuildLiteBehavior [ RunTime:0.000016s ]
INFO: [ app_init ] --END-- [ RunTime:0.000104s ]
ERR: 无法加载模块:Public

[ 2017-11-27T20:32:18+08:00 ] 61.129.7.254 /Public/admin/dist/js/wx_index_text.js
INFO: [ app_init ] --START--
INFO: Run Behavior\BuildLiteBehavior [ RunTime:0.000016s ]
INFO: [ app_init ] --END-- [ RunTime:0.000101s ]
ERR: 无法加载模块:Public

[ 2017-11-27T20:32:25+08:00 ] 61.129.7.254 /Public/admin/dist/js/wx_index_text.js
INFO: [ app_init ] --START--
INFO: Run Behavior\BuildLiteBehavior [ RunTime:0.000020s ]
INFO: [ app_init ] --END-- [ RunTime:0.000150s ]
ERR: 无法加载模块:Public

[ 2017-11-27T20:33:40+08:00 ] 61.129.7.254 /Public/admin/dist/js/wx_index_text.js
INFO: [ app_init ] --START--
INFO: Run Behavior\BuildLiteBehavior [ RunTime:0.000016s ]
INFO: [ app_init ] --END-- [ RunTime:0.000105s ]
ERR: 无法加载模块:Public

[ 2017-11-27T20:33:52+08:00 ] 61.129.7.254 /Public/admin/dist/js/wx_index_text.js
INFO: [ app_init ] --START--
INFO: Run Behavior\BuildLiteBehavior [ RunTime:0.000015s ]
INFO: [ app_init ] --END-- [ RunTime:0.000099s ]
ERR: 无法加载模块:Public

[ 2017-11-27T20:33:59+08:00 ] 61.129.7.254 /Public/admin/dist/js/wx_index_text.js
INFO: [ app_init ] --START--
INFO: Run Behavior\BuildLiteBehavior [ RunTime:0.000014s ]
INFO: [ app_init ] --END-- [ RunTime:0.000094s ]
ERR: 无法加载模块:Public

[ 2017-11-27T20:34:39+08:00 ] 115.206.246.122 /Public/admin/dist/js/wx_index_text.js
INFO: [ app_init ] --START--
INFO: Run Behavior\BuildLiteBehavior [ RunTime:0.000024s ]
INFO: [ app_init ] --END-- [ RunTime:0.000119s ]
ERR: 无法加载模块:Public

[ 2017-11-27T20:34:51+08:00 ] 115.206.246.122 /Public/admin/dist/js/wx_index_text.js
INFO: [ app_init ] --START--
INFO: Run Behavior\BuildLiteBehavior [ RunTime:0.000012s ]
INFO: [ app_init ] --END-- [ RunTime:0.000082s ]
ERR: 无法加载模块:Public

[ 2017-11-27T20:34:51+08:00 ] 115.206.246.122 /Public/admin/dist/js/wx_index_text.js?
INFO: [ app_init ] --START--
INFO: Run Behavior\BuildLiteBehavior [ RunTime:0.000018s ]
INFO: [ app_init ] --END-- [ RunTime:0.000129s ]
ERR: 无法加载模块:Public

[ 2017-11-27T20:35:13+08:00 ] 115.196.128.30 /Public/admin/dist/js/wx_index_text.js
INFO: [ app_init ] --START--
INFO: Run Behavior\BuildLiteBehavior [ RunTime:0.000014s ]
INFO: [ app_init ] --END-- [ RunTime:0.000093s ]
ERR: 无法加载模块:Public

[ 2017-11-27T20:35:13+08:00 ] 115.196.128.30 /Public/admin/dist/js/wx_index_text.js?
INFO: [ app_init ] --START--
INFO: Run Behavior\BuildLiteBehavior [ RunTime:0.000019s ]
INFO: [ app_init ] --END-- [ RunTime:0.000137s ]
ERR: 无法加载模块:Public

[ 2017-11-27T20:35:25+08:00 ] 115.196.128.30 /Public/admin/dist/js/wx_index_text.js
INFO: [ app_init ] --START--
INFO: Run Behavior\BuildLiteBehavior [ RunTime:0.000015s ]
INFO: [ app_init ] --END-- [ RunTime:0.000096s ]
ERR: 无法加载模块:Public

[ 2017-11-27T20:35:56+08:00 ] 61.129.7.254 /Public/admin/dist/js/wx_index_text.js
INFO: [ app_init ] --START--
INFO: Run Behavior\BuildLiteBehavior [ RunTime:0.000015s ]
INFO: [ app_init ] --END-- [ RunTime:0.000114s ]
ERR: 无法加载模块:Public

[ 2017-11-27T20:37:39+08:00 ] 61.129.7.254 /Public/admin/dist/js/wx_index_text.js
INFO: [ app_init ] --START--
INFO: Run Behavior\BuildLiteBehavior [ RunTime:0.000013s ]
INFO: [ app_init ] --END-- [ RunTime:0.000101s ]
ERR: 无法加载模块:Public

[ 2017-11-27T20:37:43+08:00 ] 61.129.7.254 /Public/admin/dist/js/wx_index_text.js
INFO: [ app_init ] --START--
INFO: Run Behavior\BuildLiteBehavior [ RunTime:0.000015s ]
INFO: [ app_init ] --END-- [ RunTime:0.000093s ]
ERR: 无法加载模块:Public

[ 2017-11-27T20:37:54+08:00 ] 61.129.7.254 /Public/admin/dist/js/wx_index_text.js
INFO: [ app_init ] --START--
INFO: Run Behavior\BuildLiteBehavior [ RunTime:0.000014s ]
INFO: [ app_init ] --END-- [ RunTime:0.000089s ]
ERR: 无法加载模块:Public

[ 2017-11-27T20:38:01+08:00 ] 61.129.7.254 /Public/admin/dist/js/wx_index_text.js
INFO: [ app_init ] --START--
INFO: Run Behavior\BuildLiteBehavior [ RunTime:0.000015s ]
INFO: [ app_init ] --END-- [ RunTime:0.000101s ]
ERR: 无法加载模块:Public

[ 2017-11-27T20:38:08+08:00 ] 61.129.7.254 /Public/admin/dist/js/wx_index_text.js
INFO: [ app_init ] --START--
INFO: Run Behavior\BuildLiteBehavior [ RunTime:0.000014s ]
INFO: [ app_init ] --END-- [ RunTime:0.000094s ]
ERR: 无法加载模块:Public

[ 2017-11-27T20:38:51+08:00 ] 61.129.7.254 /Public/admin/dist/js/wx_index_text.js
INFO: [ app_init ] --START--
INFO: Run Behavior\BuildLiteBehavior [ RunTime:0.000016s ]
INFO: [ app_init ] --END-- [ RunTime:0.000099s ]
ERR: 无法加载模块:Public

[ 2017-11-27T20:39:07+08:00 ] 61.129.7.254 /Public/admin/dist/js/wx_index_text.js
INFO: [ app_init ] --START--
INFO: Run Behavior\BuildLiteBehavior [ RunTime:0.000015s ]
INFO: [ app_init ] --END-- [ RunTime:0.000092s ]
ERR: 无法加载模块:Public

[ 2017-11-27T20:39:42+08:00 ] 61.129.7.254 /Public/admin/dist/js/wx_index_text.js
INFO: [ app_init ] --START--
INFO: Run Behavior\BuildLiteBehavior [ RunTime:0.000015s ]
INFO: [ app_init ] --END-- [ RunTime:0.000106s ]
ERR: 无法加载模块:Public

[ 2017-11-27T20:40:05+08:00 ] 61.129.7.254 /Public/admin/dist/js/wx_index_text.js
INFO: [ app_init ] --START--
INFO: Run Behavior\BuildLiteBehavior [ RunTime:0.000016s ]
INFO: [ app_init ] --END-- [ RunTime:0.000112s ]
ERR: 无法加载模块:Public

[ 2017-11-27T20:40:05+08:00 ] 61.129.7.254 /Public/admin/dist/js/wx_index_text.js
INFO: [ app_init ] --START--
INFO: Run Behavior\BuildLiteBehavior [ RunTime:0.000013s ]
INFO: [ app_init ] --END-- [ RunTime:0.000102s ]
ERR: 无法加载模块:Public

[ 2017-11-27T20:40:18+08:00 ] 61.129.7.254 /Public/admin/dist/js/wx_index_text.js
INFO: [ app_init ] --START--
INFO: Run Behavior\BuildLiteBehavior [ RunTime:0.000014s ]
INFO: [ app_init ] --END-- [ RunTime:0.000099s ]
ERR: 无法加载模块:Public

[ 2017-11-27T20:40:18+08:00 ] 61.129.7.254 /Public/admin/dist/js/wx_index_text.js
INFO: [ app_init ] --START--
INFO: Run Behavior\BuildLiteBehavior [ RunTime:0.000015s ]
INFO: [ app_init ] --END-- [ RunTime:0.000090s ]
ERR: 无法加载模块:Public

[ 2017-11-27T20:40:20+08:00 ] 61.129.10.43 /Public/admin/dist/js/wx_index_text.js
INFO: [ app_init ] --START--
INFO: Run Behavior\BuildLiteBehavior [ RunTime:0.000016s ]
INFO: [ app_init ] --END-- [ RunTime:0.000103s ]
ERR: 无法加载模块:Public

[ 2017-11-27T20:43:42+08:00 ] 61.129.7.254 /Public/admin/dist/js/wx_index_text.js
INFO: [ app_init ] --START--
INFO: Run Behavior\BuildLiteBehavior [ RunTime:0.000018s ]
INFO: [ app_init ] --END-- [ RunTime:0.000137s ]
ERR: 无法加载模块:Public

[ 2017-11-27T20:43:43+08:00 ] 61.129.7.254 /Public/admin/dist/js/wx_index_text.js
INFO: [ app_init ] --START--
INFO: Run Behavior\BuildLiteBehavior [ RunTime:0.000016s ]
INFO: [ app_init ] --END-- [ RunTime:0.000110s ]
ERR: 无法加载模块:Public

[ 2017-11-27T20:43:52+08:00 ] 61.129.7.254 /Public/admin/dist/js/wx_index_text.js
INFO: [ app_init ] --START--
INFO: Run Behavior\BuildLiteBehavior [ RunTime:0.000015s ]
INFO: [ app_init ] --END-- [ RunTime:0.000095s ]
ERR: 无法加载模块:Public

[ 2017-11-27T20:44:00+08:00 ] 61.129.7.254 /Public/admin/dist/js/wx_index_text.js
INFO: [ app_init ] --START--
INFO: Run Behavior\BuildLiteBehavior [ RunTime:0.000015s ]
INFO: [ app_init ] --END-- [ RunTime:0.000095s ]
ERR: 无法加载模块:Public

[ 2017-11-27T20:44:06+08:00 ] 61.129.7.254 /Public/admin/dist/js/wx_index_text.js
INFO: [ app_init ] --START--
INFO: Run Behavior\BuildLiteBehavior [ RunTime:0.000013s ]
INFO: [ app_init ] --END-- [ RunTime:0.000092s ]
ERR: 无法加载模块:Public

[ 2017-11-27T20:44:06+08:00 ] 61.129.7.254 /Public/admin/dist/js/wx_index_text.js
INFO: [ app_init ] --START--
INFO: Run Behavior\BuildLiteBehavior [ RunTime:0.000015s ]
INFO: [ app_init ] --END-- [ RunTime:0.000097s ]
ERR: 无法加载模块:Public

[ 2017-11-27T20:44:18+08:00 ] 61.129.7.254 /Public/admin/dist/js/wx_index_text.js
INFO: [ app_init ] --START--
INFO: Run Behavior\BuildLiteBehavior [ RunTime:0.000015s ]
INFO: [ app_init ] --END-- [ RunTime:0.000099s ]
ERR: 无法加载模块:Public

[ 2017-11-27T20:45:00+08:00 ] 115.196.128.30 /Public/admin/dist/js/wx_index_text.js
INFO: [ app_init ] --START--
INFO: Run Behavior\BuildLiteBehavior [ RunTime:0.000014s ]
INFO: [ app_init ] --END-- [ RunTime:0.000102s ]
ERR: 无法加载模块:Public

[ 2017-11-27T20:45:01+08:00 ] 115.196.128.30 /Public/admin/dist/js/wx_index_text.js?
INFO: [ app_init ] --START--
INFO: Run Behavior\BuildLiteBehavior [ RunTime:0.000014s ]
INFO: [ app_init ] --END-- [ RunTime:0.000091s ]
ERR: 无法加载模块:Public

[ 2017-11-27T20:45:07+08:00 ] 115.196.128.30 /Public/admin/dist/js/wx_index_text.js
INFO: [ app_init ] --START--
INFO: Run Behavior\BuildLiteBehavior [ RunTime:0.000014s ]
INFO: [ app_init ] --END-- [ RunTime:0.000098s ]
ERR: 无法加载模块:Public

[ 2017-11-27T20:45:12+08:00 ] 115.196.128.30 /Public/admin/dist/js/wx_index_text.js
INFO: [ app_init ] --START--
INFO: Run Behavior\BuildLiteBehavior [ RunTime:0.000014s ]
INFO: [ app_init ] --END-- [ RunTime:0.000099s ]
ERR: 无法加载模块:Public

[ 2017-11-27T20:45:16+08:00 ] 115.196.128.30 /Public/admin/dist/js/wx_index_text.js
INFO: [ app_init ] --START--
INFO: Run Behavior\BuildLiteBehavior [ RunTime:0.000014s ]
INFO: [ app_init ] --END-- [ RunTime:0.000102s ]
ERR: 无法加载模块:Public

[ 2017-11-27T20:45:47+08:00 ] 36.23.60.211 /Public/admin/dist/js/wx_index_text.js
INFO: [ app_init ] --START--
INFO: Run Behavior\BuildLiteBehavior [ RunTime:0.000028s ]
INFO: [ app_init ] --END-- [ RunTime:0.000117s ]
ERR: 无法加载模块:Public

